
=INFO REPORT==== 27-Aug-2012::12:42:30 ===
Starting Boss in development mode....

=INFO REPORT==== 27-Aug-2012::12:42:30 ===
Starting master services on 'speiseplan@Ulf-Angermann-s-MacBook-Pro'

=INFO REPORT==== 27-Aug-2012::12:42:30 ===
SSL:[]

=INFO REPORT==== 27-Aug-2012::12:42:30 ===
Loading routes from "/Users/ulfangermann/projects/erlang/speiseplan/priv/speiseplan.routes" ....

=INFO REPORT==== 27-Aug-2012::12:42:32 ===
Loading routes from "/Users/ulfangermann/projects/erlang/speiseplan/priv/speiseplan.routes" ....

=ERROR REPORT==== 27-Aug-2012::12:42:32 ===
{{badmatch,{redirect,"/eater/login"}},
 [{user_lib,require_login,2,
            [{file,"/Users/ulfangermann/projects/erlang/speiseplan/src/lib/user_lib.erl"},
             {line,26}]},
  {boss_web_controller,execute_action,5,
                       [{file,"src/boss/boss_web_controller.erl"},{line,693}]},
  {boss_web_controller,process_request,5,
                       [{file,"src/boss/boss_web_controller.erl"},{line,460}]},
  {timer,tc,3,[{file,"timer.erl"},{line,194}]},
  {boss_web_controller,handle_request,3,
                       [{file,"src/boss/boss_web_controller.erl"},{line,388}]},
  {mochiweb_http,headers,5,[{file,"src/mochiweb_http.erl"},{line,90}]},
  {proc_lib,init_p_do_apply,3,[{file,"proc_lib.erl"},{line,227}]}]}

=ERROR REPORT==== 27-Aug-2012::12:42:32 ===
GET /admin/index [speiseplan] 500 68ms

=INFO REPORT==== 27-Aug-2012::12:42:34 ===
Loading routes from "/Users/ulfangermann/projects/erlang/speiseplan/priv/speiseplan.routes" ....

=ERROR REPORT==== 27-Aug-2012::12:42:34 ===
{{badmatch,{redirect,"/eater/login"}},
 [{user_lib,require_login,2,
            [{file,"/Users/ulfangermann/projects/erlang/speiseplan/src/lib/user_lib.erl"},
             {line,26}]},
  {boss_web_controller,execute_action,5,
                       [{file,"src/boss/boss_web_controller.erl"},{line,693}]},
  {boss_web_controller,process_request,5,
                       [{file,"src/boss/boss_web_controller.erl"},{line,460}]},
  {timer,tc,3,[{file,"timer.erl"},{line,194}]},
  {boss_web_controller,handle_request,3,
                       [{file,"src/boss/boss_web_controller.erl"},{line,388}]},
  {mochiweb_http,headers,5,[{file,"src/mochiweb_http.erl"},{line,90}]},
  {proc_lib,init_p_do_apply,3,[{file,"proc_lib.erl"},{line,227}]}]}

=ERROR REPORT==== 27-Aug-2012::12:42:34 ===
GET /admin/index [speiseplan] 500 76ms

=INFO REPORT==== 27-Aug-2012::12:42:41 ===
Loading routes from "/Users/ulfangermann/projects/erlang/speiseplan/priv/speiseplan.routes" ....

=INFO REPORT==== 27-Aug-2012::12:42:41 ===
GET /eater/login [speiseplan] 200 80ms

=INFO REPORT==== 27-Aug-2012::12:42:45 ===
Loading routes from "/Users/ulfangermann/projects/erlang/speiseplan/priv/speiseplan.routes" ....

=INFO REPORT==== 27-Aug-2012::12:42:45 ===
GET /eater/list [speiseplan] 200 83ms

=INFO REPORT==== 27-Aug-2012::12:42:52 ===
Loading routes from "/Users/ulfangermann/projects/erlang/speiseplan/priv/speiseplan.routes" ....

=INFO REPORT==== 27-Aug-2012::12:42:52 ===
POST /eater/create [speiseplan] 302 80ms

=INFO REPORT==== 27-Aug-2012::12:42:52 ===
Loading routes from "/Users/ulfangermann/projects/erlang/speiseplan/priv/speiseplan.routes" ....

=INFO REPORT==== 27-Aug-2012::12:42:52 ===
GET /eater/list [speiseplan] 200 78ms

=INFO REPORT==== 27-Aug-2012::12:42:59 ===
Loading routes from "/Users/ulfangermann/projects/erlang/speiseplan/priv/speiseplan.routes" ....

=INFO REPORT==== 27-Aug-2012::12:43:00 ===
POST /eater/create [speiseplan] 302 80ms

=INFO REPORT==== 27-Aug-2012::12:43:00 ===
Loading routes from "/Users/ulfangermann/projects/erlang/speiseplan/priv/speiseplan.routes" ....

=INFO REPORT==== 27-Aug-2012::12:43:00 ===
GET /eater/list [speiseplan] 200 77ms

=INFO REPORT==== 27-Aug-2012::12:43:01 ===
Loading routes from "/Users/ulfangermann/projects/erlang/speiseplan/priv/speiseplan.routes" ....

=INFO REPORT==== 27-Aug-2012::12:43:01 ===
GET /eater/login [speiseplan] 200 82ms

=INFO REPORT==== 27-Aug-2012::12:43:05 ===
Loading routes from "/Users/ulfangermann/projects/erlang/speiseplan/priv/speiseplan.routes" ....

=INFO REPORT==== 27-Aug-2012::12:43:05 ===
POST /eater/login [speiseplan] 302 80ms

=INFO REPORT==== 27-Aug-2012::12:43:05 ===
Loading routes from "/Users/ulfangermann/projects/erlang/speiseplan/priv/speiseplan.routes" ....

=INFO REPORT==== 27-Aug-2012::12:43:05 ===
GET /mahlzeiten/index [speiseplan] 200 78ms

=INFO REPORT==== 27-Aug-2012::12:43:08 ===
Loading routes from "/Users/ulfangermann/projects/erlang/speiseplan/priv/speiseplan.routes" ....

=INFO REPORT==== 27-Aug-2012::12:43:08 ===
GET /admin/index [speiseplan] 200 83ms

=INFO REPORT==== 27-Aug-2012::12:43:14 ===
Loading routes from "/Users/ulfangermann/projects/erlang/speiseplan/priv/speiseplan.routes" ....

=INFO REPORT==== 27-Aug-2012::12:43:15 ===
POST /admin/create [speiseplan] 302 78ms

=INFO REPORT==== 27-Aug-2012::12:43:15 ===
Loading routes from "/Users/ulfangermann/projects/erlang/speiseplan/priv/speiseplan.routes" ....

=INFO REPORT==== 27-Aug-2012::12:43:15 ===
GET /admin/index [speiseplan] 200 76ms

=INFO REPORT==== 27-Aug-2012::12:43:30 ===
Loading routes from "/Users/ulfangermann/projects/erlang/speiseplan/priv/speiseplan.routes" ....

=INFO REPORT==== 27-Aug-2012::12:43:30 ===
GET /admin/index [speiseplan] 200 105ms

=INFO REPORT==== 27-Aug-2012::12:43:54 ===
Loading routes from "/Users/ulfangermann/projects/erlang/speiseplan/priv/speiseplan.routes" ....

=INFO REPORT==== 27-Aug-2012::12:43:54 ===
GET /admin/index [speiseplan] 200 106ms

=INFO REPORT==== 27-Aug-2012::12:44:07 ===
Loading routes from "/Users/ulfangermann/projects/erlang/speiseplan/priv/speiseplan.routes" ....

=INFO REPORT==== 27-Aug-2012::12:44:07 ===
GET /admin/index [speiseplan] 200 108ms

=INFO REPORT==== 27-Aug-2012::12:44:38 ===
Loading routes from "/Users/ulfangermann/projects/erlang/speiseplan/priv/speiseplan.routes" ....

=INFO REPORT==== 27-Aug-2012::12:44:38 ===
GET /admin/index [speiseplan] 200 107ms

=INFO REPORT==== 27-Aug-2012::12:46:07 ===
Loading routes from "/Users/ulfangermann/projects/erlang/speiseplan/priv/speiseplan.routes" ....

=ERROR REPORT==== 27-Aug-2012::12:46:07 ===
{function_clause,
    [{booking,id,[{booking,"booking-4","2012-08-01","mahlzeit-3",[]}],[]},
     {speiseplan_view_admin_index_html,'-render_internal/4-fun-0-',2,[]},
     {lists,mapfoldl,3,[{file,"lists.erl"},{line,1278}]},
     {erlydtl_runtime,forloop,3,[{file,"src/erlydtl_runtime.erl"},{line,228}]},
     {speiseplan_view_admin_index_html,render_internal,4,[]},
     {speiseplan_view_admin_index_html,render,2,[]},
     {boss_web_controller,render_view,6,
         [{file,"src/boss/boss_web_controller.erl"},{line,843}]},
     {boss_web_controller,execute_action,5,
         [{file,"src/boss/boss_web_controller.erl"},{line,734}]}]}

=ERROR REPORT==== 27-Aug-2012::12:46:07 ===
GET /admin/index [speiseplan] 500 106ms
