
=INFO REPORT==== 1-Sep-2012::08:22:20 ===
Starting Boss in development mode....

=INFO REPORT==== 1-Sep-2012::08:22:20 ===
Starting master services on 'speiseplan@Ulf-Angermann-s-MacBook-Pro'

=INFO REPORT==== 1-Sep-2012::08:22:20 ===
SSL:[]

=INFO REPORT==== 1-Sep-2012::08:22:20 ===
Loading routes from "/Users/ulfangermann/projects/erlang/speiseplan/priv/speiseplan.routes" ....

=INFO REPORT==== 1-Sep-2012::08:22:34 ===
Loading routes from "/Users/ulfangermann/projects/erlang/speiseplan/priv/speiseplan.routes" ....

=INFO REPORT==== 1-Sep-2012::08:22:34 ===
GET /eater/ [speiseplan] 200 107ms

=INFO REPORT==== 1-Sep-2012::08:23:42 ===
Loading routes from "/Users/ulfangermann/projects/erlang/speiseplan/priv/speiseplan.routes" ....

=INFO REPORT==== 1-Sep-2012::08:23:42 ===
POST /eater/create [speiseplan] 302 146ms

=INFO REPORT==== 1-Sep-2012::08:23:42 ===
Loading routes from "/Users/ulfangermann/projects/erlang/speiseplan/priv/speiseplan.routes" ....

=INFO REPORT==== 1-Sep-2012::08:23:42 ===
GET /eater/index [speiseplan] 200 123ms

=INFO REPORT==== 1-Sep-2012::08:23:48 ===
Loading routes from "/Users/ulfangermann/projects/erlang/speiseplan/priv/speiseplan.routes" ....

=INFO REPORT==== 1-Sep-2012::08:23:48 ===
GET /eater/login [speiseplan] 200 123ms

=INFO REPORT==== 1-Sep-2012::08:23:55 ===
Loading routes from "/Users/ulfangermann/projects/erlang/speiseplan/priv/speiseplan.routes" ....

=INFO REPORT==== 1-Sep-2012::08:23:55 ===
POST /eater/login [speiseplan] 200 123ms

=INFO REPORT==== 1-Sep-2012::08:23:57 ===
Loading routes from "/Users/ulfangermann/projects/erlang/speiseplan/priv/speiseplan.routes" ....

=INFO REPORT==== 1-Sep-2012::08:23:57 ===
GET /registration [speiseplan] 200 124ms

=INFO REPORT==== 1-Sep-2012::08:24:05 ===
Loading routes from "/Users/ulfangermann/projects/erlang/speiseplan/priv/speiseplan.routes" ....

=INFO REPORT==== 1-Sep-2012::08:24:06 ===
POST /registration/create [speiseplan] 302 117ms

=INFO REPORT==== 1-Sep-2012::08:24:06 ===
Loading routes from "/Users/ulfangermann/projects/erlang/speiseplan/priv/speiseplan.routes" ....

=INFO REPORT==== 1-Sep-2012::08:24:06 ===
GET /registration/index [speiseplan] 200 116ms

=INFO REPORT==== 1-Sep-2012::08:24:08 ===
Loading routes from "/Users/ulfangermann/projects/erlang/speiseplan/priv/speiseplan.routes" ....

=INFO REPORT==== 1-Sep-2012::08:24:08 ===
GET /eater/login [speiseplan] 200 125ms

=INFO REPORT==== 1-Sep-2012::08:24:14 ===
Loading routes from "/Users/ulfangermann/projects/erlang/speiseplan/priv/speiseplan.routes" ....

=INFO REPORT==== 1-Sep-2012::08:24:14 ===
POST /eater/login [speiseplan] 302 118ms

=INFO REPORT==== 1-Sep-2012::08:24:14 ===
Loading routes from "/Users/ulfangermann/projects/erlang/speiseplan/priv/speiseplan.routes" ....

=INFO REPORT==== 1-Sep-2012::08:24:14 ===
GET /booking/index [speiseplan] 200 115ms

=INFO REPORT==== 1-Sep-2012::08:24:24 ===
Loading routes from "/Users/ulfangermann/projects/erlang/speiseplan/priv/speiseplan.routes" ....

=INFO REPORT==== 1-Sep-2012::08:24:24 ===
POST /eater/login [speiseplan] 302 125ms

=INFO REPORT==== 1-Sep-2012::08:24:24 ===
Loading routes from "/Users/ulfangermann/projects/erlang/speiseplan/priv/speiseplan.routes" ....

=INFO REPORT==== 1-Sep-2012::08:24:24 ===
GET /booking/index [speiseplan] 200 118ms

=INFO REPORT==== 1-Sep-2012::08:24:27 ===
Loading routes from "/Users/ulfangermann/projects/erlang/speiseplan/priv/speiseplan.routes" ....

=INFO REPORT==== 1-Sep-2012::08:24:27 ===
GET /admin/index [speiseplan] 200 123ms

=INFO REPORT==== 1-Sep-2012::08:24:39 ===
Loading routes from "/Users/ulfangermann/projects/erlang/speiseplan/priv/speiseplan.routes" ....

=INFO REPORT==== 1-Sep-2012::08:24:39 ===
POST /admin/create [speiseplan] 302 117ms

=INFO REPORT==== 1-Sep-2012::08:24:39 ===
Loading routes from "/Users/ulfangermann/projects/erlang/speiseplan/priv/speiseplan.routes" ....

=INFO REPORT==== 1-Sep-2012::08:24:39 ===
GET /admin/index [speiseplan] 200 116ms

=INFO REPORT==== 1-Sep-2012::08:24:55 ===
Loading routes from "/Users/ulfangermann/projects/erlang/speiseplan/priv/speiseplan.routes" ....

=INFO REPORT==== 1-Sep-2012::08:24:55 ===
GET /eater/login [speiseplan] 200 124ms

=INFO REPORT==== 1-Sep-2012::08:25:01 ===
Loading routes from "/Users/ulfangermann/projects/erlang/speiseplan/priv/speiseplan.routes" ....

=INFO REPORT==== 1-Sep-2012::08:25:01 ===
POST /eater/login [speiseplan] 302 124ms

=INFO REPORT==== 1-Sep-2012::08:25:01 ===
Loading routes from "/Users/ulfangermann/projects/erlang/speiseplan/priv/speiseplan.routes" ....

=INFO REPORT==== 1-Sep-2012::08:25:01 ===
GET /booking/index [speiseplan] 200 118ms

=INFO REPORT==== 1-Sep-2012::08:25:06 ===
Loading routes from "/Users/ulfangermann/projects/erlang/speiseplan/priv/speiseplan.routes" ....

=INFO REPORT==== 1-Sep-2012::08:25:06 ===
POST /booking/book [speiseplan] 302 115ms

=INFO REPORT==== 1-Sep-2012::08:25:06 ===
Loading routes from "/Users/ulfangermann/projects/erlang/speiseplan/priv/speiseplan.routes" ....

=INFO REPORT==== 1-Sep-2012::08:25:06 ===
GET /booking/index [speiseplan] 200 121ms

=INFO REPORT==== 1-Sep-2012::08:25:12 ===
Loading routes from "/Users/ulfangermann/projects/erlang/speiseplan/priv/speiseplan.routes" ....

=INFO REPORT==== 1-Sep-2012::08:25:12 ===
GET /eater/login [speiseplan] 200 123ms

=INFO REPORT==== 1-Sep-2012::08:25:16 ===
Loading routes from "/Users/ulfangermann/projects/erlang/speiseplan/priv/speiseplan.routes" ....

=INFO REPORT==== 1-Sep-2012::08:25:16 ===
POST /eater/login [speiseplan] 302 120ms

=INFO REPORT==== 1-Sep-2012::08:25:16 ===
Loading routes from "/Users/ulfangermann/projects/erlang/speiseplan/priv/speiseplan.routes" ....

=INFO REPORT==== 1-Sep-2012::08:25:16 ===
GET /booking/index [speiseplan] 200 118ms

=INFO REPORT==== 1-Sep-2012::08:25:31 ===
Loading routes from "/Users/ulfangermann/projects/erlang/speiseplan/priv/speiseplan.routes" ....

=INFO REPORT==== 1-Sep-2012::08:25:31 ===
GET /admin/index [speiseplan] 200 124ms

=INFO REPORT==== 1-Sep-2012::08:25:37 ===
Loading routes from "/Users/ulfangermann/projects/erlang/speiseplan/priv/speiseplan.routes" ....

=INFO REPORT==== 1-Sep-2012::08:25:37 ===
GET /admin/detail/menu-4 [speiseplan] 200 123ms

=INFO REPORT==== 1-Sep-2012::08:26:08 ===
Loading routes from "/Users/ulfangermann/projects/erlang/speiseplan/priv/speiseplan.routes" ....

=INFO REPORT==== 1-Sep-2012::08:26:08 ===
GET /admin/detail/menu-4 [speiseplan] 200 119ms

=INFO REPORT==== 1-Sep-2012::08:26:15 ===
Loading routes from "/Users/ulfangermann/projects/erlang/speiseplan/priv/speiseplan.routes" ....

=INFO REPORT==== 1-Sep-2012::08:26:15 ===
GET /admin/edit/menu-4 [speiseplan] 200 120ms

=INFO REPORT==== 1-Sep-2012::08:26:20 ===
Loading routes from "/Users/ulfangermann/projects/erlang/speiseplan/priv/speiseplan.routes" ....

=INFO REPORT==== 1-Sep-2012::08:26:21 ===
POST /admin/update/menu-4 [speiseplan] 302 121ms

=INFO REPORT==== 1-Sep-2012::08:26:21 ===
Loading routes from "/Users/ulfangermann/projects/erlang/speiseplan/priv/speiseplan.routes" ....

=INFO REPORT==== 1-Sep-2012::08:26:21 ===
GET /admin/index [speiseplan] 200 118ms

=INFO REPORT==== 1-Sep-2012::08:50:35 ===
Loading routes from "/Users/ulfangermann/projects/erlang/speiseplan/priv/speiseplan.routes" ....

=ERROR REPORT==== 1-Sep-2012::08:50:35 ===
** Generic server boss_db_mock terminating 
** Last message in was {find,eater,[],all,0,id,ascending}
** When Server state == [{{dict,5,16,16,8,80,48,
                           {[],[],[],[],[],[],[],[],[],[],[],[],[],[],[],[]},
                           {{[],[],[],[],[],
                             [["menu-4"|
                               {menu,"menu-4","2012-09-07","dish-3","2"}]],
                             [["booking-5"|
                               {booking,"booking-5","2012-9-1",undefined,
                                "eater-2","menu-4"}]],
                             [],[],[],
                             [["eater-1"|
                               {eater,"eater-1","aa",
                                "ce9ba51802f7f6daa5d81d1a58d4a911","Anja",
                                "Angermann","true",3,"true"}]],
                             [],[],[],[],
                             [["eater-2"|
                               {eater,"eater-2","ua",
                                "598f04fd6e3586a93d27aa1ddcf5f2e6","Ulf",
                                "Angermann","true",3,"true"}],
                              ["dish-3"|
                               {dish,"dish-3","Curray","wurst",undefined}]]}}},
                          8}]
** Reason for termination == 
** {function_clause,
       [{eater,id,
            [{eater,"eater-1","aa","ce9ba51802f7f6daa5d81d1a58d4a911","Anja",
                 "Angermann","true",3,"true"}],
            []},
        {boss_db_mock_controller,sortable_attribute,2,
            [{file,"src/boss_db_mock_controller.erl"},{line,164}]},
        {boss_db_mock_controller,'-do_find/7-fun-0-',4,
            [{file,"src/boss_db_mock_controller.erl"},{line,94}]},
        {lists,sort,2,[{file,"lists.erl"},{line,902}]},
        {boss_db_mock_controller,do_find,7,
            [{file,"src/boss_db_mock_controller.erl"},{line,93}]},
        {boss_db_mock_controller,handle_call,3,
            [{file,"src/boss_db_mock_controller.erl"},{line,24}]},
        {gen_server,handle_msg,5,[{file,"gen_server.erl"},{line,578}]},
        {proc_lib,init_p_do_apply,3,[{file,"proc_lib.erl"},{line,227}]}]}

=ERROR REPORT==== 1-Sep-2012::08:50:35 ===
** Generic server <0.68.0> terminating 
** Last message in was {find,eater,[],all,0,id,ascending}
** When Server state == {state,boss_db_adapter_mock,undefined,[],
                               {dict,0,16,16,8,80,48,
                                     {[],[],[],[],[],[],[],[],[],[],[],[],[],
                                      [],[],[]},
                                     {{[],[],[],[],[],[],[],[],[],[],[],[],[],
                                       [],[],[]}}},
                               false,60,db,0}
** Reason for termination == 
** {{function_clause,
        [{eater,id,
             [{eater,"eater-1","aa","ce9ba51802f7f6daa5d81d1a58d4a911",
                  "Anja","Angermann","true",3,"true"}],
             []},
         {boss_db_mock_controller,sortable_attribute,2,
             [{file,"src/boss_db_mock_controller.erl"},{line,164}]},
         {boss_db_mock_controller,'-do_find/7-fun-0-',4,
             [{file,"src/boss_db_mock_controller.erl"},{line,94}]},
         {lists,sort,2,[{file,"lists.erl"},{line,902}]},
         {boss_db_mock_controller,do_find,7,
             [{file,"src/boss_db_mock_controller.erl"},{line,93}]},
         {boss_db_mock_controller,handle_call,3,
             [{file,"src/boss_db_mock_controller.erl"},{line,24}]},
         {gen_server,handle_msg,5,[{file,"gen_server.erl"},{line,578}]},
         {proc_lib,init_p_do_apply,3,[{file,"proc_lib.erl"},{line,227}]}]},
    {gen_server,call,
        [{global,boss_db_mock},{find,eater,[],all,0,id,ascending}]}}

=ERROR REPORT==== 1-Sep-2012::08:50:35 ===
{{{function_clause,
      [{eater,id,
           [{eater,"eater-1","aa","ce9ba51802f7f6daa5d81d1a58d4a911","Anja",
                "Angermann","true",3,"true"}],
           []},
       {boss_db_mock_controller,sortable_attribute,2,
           [{file,"src/boss_db_mock_controller.erl"},{line,164}]},
       {boss_db_mock_controller,'-do_find/7-fun-0-',4,
           [{file,"src/boss_db_mock_controller.erl"},{line,94}]},
       {lists,sort,2,[{file,"lists.erl"},{line,902}]},
       {boss_db_mock_controller,do_find,7,
           [{file,"src/boss_db_mock_controller.erl"},{line,93}]},
       {boss_db_mock_controller,handle_call,3,
           [{file,"src/boss_db_mock_controller.erl"},{line,24}]},
       {gen_server,handle_msg,5,[{file,"gen_server.erl"},{line,578}]},
       {proc_lib,init_p_do_apply,3,[{file,"proc_lib.erl"},{line,227}]}]},
  {gen_server,call,
      [{global,boss_db_mock},{find,eater,[],all,0,id,ascending}]}},
 {gen_server,call,[<0.68.0>,{find,eater,[],all,0,id,ascending},30000]}}

=ERROR REPORT==== 1-Sep-2012::08:50:35 ===
GET /eater/ [speiseplan] 500 119ms

=INFO REPORT==== 1-Sep-2012::08:50:42 ===
Loading routes from "/Users/ulfangermann/projects/erlang/speiseplan/priv/speiseplan.routes" ....

=INFO REPORT==== 1-Sep-2012::08:50:42 ===
GET /eater/index [speiseplan] 200 152ms

=INFO REPORT==== 1-Sep-2012::08:50:57 ===
Loading routes from "/Users/ulfangermann/projects/erlang/speiseplan/priv/speiseplan.routes" ....

=ERROR REPORT==== 1-Sep-2012::08:50:57 ===
{undef,
    [{eater,new,
         [id,"ff","5fc5a1cfbfb1ac2e9864a2dec3b3fada","ff",[],undefined,"0.0",
          undefined],
         []},
     {speiseplan_eater_controller,create,3,
         [{file,
              "/Users/ulfangermann/projects/erlang/speiseplan/src/controller/speiseplan_eater_controller.erl"},
          {line,50}]},
     {boss_web_controller,execute_action,5,
         [{file,"src/boss/boss_web_controller.erl"},{line,711}]},
     {boss_web_controller,process_request,5,
         [{file,"src/boss/boss_web_controller.erl"},{line,460}]},
     {timer,tc,3,[{file,"timer.erl"},{line,194}]},
     {boss_web_controller,handle_request,3,
         [{file,"src/boss/boss_web_controller.erl"},{line,388}]},
     {mochiweb_http,headers,5,[{file,"src/mochiweb_http.erl"},{line,90}]},
     {proc_lib,init_p_do_apply,3,[{file,"proc_lib.erl"},{line,227}]}]}

=ERROR REPORT==== 1-Sep-2012::08:50:57 ===
POST /eater/create [speiseplan] 500 121ms

=INFO REPORT==== 1-Sep-2012::08:51:59 ===
Loading routes from "/Users/ulfangermann/projects/erlang/speiseplan/priv/speiseplan.routes" ....

=INFO REPORT==== 1-Sep-2012::08:51:59 ===
POST /eater/create [speiseplan] 302 122ms

=INFO REPORT==== 1-Sep-2012::08:52:00 ===
Loading routes from "/Users/ulfangermann/projects/erlang/speiseplan/priv/speiseplan.routes" ....

=INFO REPORT==== 1-Sep-2012::08:52:00 ===
GET /eater/index [speiseplan] 200 130ms

=INFO REPORT==== 1-Sep-2012::08:52:36 ===
Loading routes from "/Users/ulfangermann/projects/erlang/speiseplan/priv/speiseplan.routes" ....

=INFO REPORT==== 1-Sep-2012::08:52:36 ===
GET /eater/index [speiseplan] 200 162ms

=INFO REPORT==== 1-Sep-2012::08:56:29 ===
Loading routes from "/Users/ulfangermann/projects/erlang/speiseplan/priv/speiseplan.routes" ....

=INFO REPORT==== 1-Sep-2012::08:56:29 ===
GET /admin/ [speiseplan] 302 128ms

=INFO REPORT==== 1-Sep-2012::08:56:29 ===
Loading routes from "/Users/ulfangermann/projects/erlang/speiseplan/priv/speiseplan.routes" ....

=INFO REPORT==== 1-Sep-2012::08:56:29 ===
GET /eater/login [speiseplan] 200 125ms

=INFO REPORT==== 1-Sep-2012::08:56:34 ===
Loading routes from "/Users/ulfangermann/projects/erlang/speiseplan/priv/speiseplan.routes" ....

=INFO REPORT==== 1-Sep-2012::08:56:34 ===
POST /eater/login [speiseplan] 200 131ms
