
=INFO REPORT==== 29-Aug-2012::10:36:41 ===
Starting Boss in development mode....

=INFO REPORT==== 29-Aug-2012::10:36:41 ===
Starting master services on 'speiseplan@Ulf-Angermann-s-MacBook-Pro'

=INFO REPORT==== 29-Aug-2012::10:36:41 ===
SSL:[]

=INFO REPORT==== 29-Aug-2012::10:36:41 ===
Loading routes from "/Users/ulfangermann/projects/erlang/speiseplan/priv/speiseplan.routes" ....

=INFO REPORT==== 29-Aug-2012::12:54:49 ===
Loading routes from "/Users/ulfangermann/projects/erlang/speiseplan/priv/speiseplan.routes" ....

=ERROR REPORT==== 29-Aug-2012::12:54:50 ===
{{badmatch,{redirect,"/eater/login"}},
 [{user_lib,require_login,2,
            [{file,"/Users/ulfangermann/projects/erlang/speiseplan/src/lib/user_lib.erl"},
             {line,26}]},
  {boss_web_controller,execute_action,5,
                       [{file,"src/boss/boss_web_controller.erl"},{line,693}]},
  {boss_web_controller,process_request,5,
                       [{file,"src/boss/boss_web_controller.erl"},{line,460}]},
  {timer,tc,3,[{file,"timer.erl"},{line,194}]},
  {boss_web_controller,handle_request,3,
                       [{file,"src/boss/boss_web_controller.erl"},{line,388}]},
  {mochiweb_http,headers,5,[{file,"src/mochiweb_http.erl"},{line,90}]},
  {proc_lib,init_p_do_apply,3,[{file,"proc_lib.erl"},{line,227}]}]}

=ERROR REPORT==== 29-Aug-2012::12:54:50 ===
GET /admin/index [speiseplan] 500 600ms

=INFO REPORT==== 29-Aug-2012::12:55:00 ===
Loading routes from "/Users/ulfangermann/projects/erlang/speiseplan/priv/speiseplan.routes" ....

=INFO REPORT==== 29-Aug-2012::12:55:00 ===
GET /eater/login [speiseplan] 200 222ms

=INFO REPORT==== 29-Aug-2012::12:55:05 ===
Loading routes from "/Users/ulfangermann/projects/erlang/speiseplan/priv/speiseplan.routes" ....

=INFO REPORT==== 29-Aug-2012::12:55:05 ===
POST /eater/login [speiseplan] 200 119ms

=INFO REPORT==== 29-Aug-2012::12:55:12 ===
Loading routes from "/Users/ulfangermann/projects/erlang/speiseplan/priv/speiseplan.routes" ....

=INFO REPORT==== 29-Aug-2012::12:55:12 ===
POST /eater/login [speiseplan] 200 100ms

=INFO REPORT==== 29-Aug-2012::12:56:52 ===
Loading routes from "/Users/ulfangermann/projects/erlang/speiseplan/priv/speiseplan.routes" ....

=INFO REPORT==== 29-Aug-2012::12:56:52 ===
POST /eater/login [speiseplan] 200 126ms

=INFO REPORT==== 29-Aug-2012::12:57:35 ===
Loading routes from "/Users/ulfangermann/projects/erlang/speiseplan/priv/speiseplan.routes" ....

=INFO REPORT==== 29-Aug-2012::12:57:35 ===
POST /eater/login [speiseplan] 200 113ms

=INFO REPORT==== 29-Aug-2012::12:57:40 ===
Loading routes from "/Users/ulfangermann/projects/erlang/speiseplan/priv/speiseplan.routes" ....

=INFO REPORT==== 29-Aug-2012::12:57:41 ===
POST /eater/login [speiseplan] 200 127ms

=INFO REPORT==== 29-Aug-2012::12:58:10 ===
Loading routes from "/Users/ulfangermann/projects/erlang/speiseplan/priv/speiseplan.routes" ....

=INFO REPORT==== 29-Aug-2012::12:58:10 ===
POST /eater/login [speiseplan] 200 103ms

=INFO REPORT==== 29-Aug-2012::12:58:15 ===
Loading routes from "/Users/ulfangermann/projects/erlang/speiseplan/priv/speiseplan.routes" ....

=INFO REPORT==== 29-Aug-2012::12:58:15 ===
GET /eater [speiseplan] 200 175ms

=INFO REPORT==== 29-Aug-2012::12:58:17 ===
Loading routes from "/Users/ulfangermann/projects/erlang/speiseplan/priv/speiseplan.routes" ....

=INFO REPORT==== 29-Aug-2012::12:58:17 ===
GET /eater/login [speiseplan] 200 127ms

=INFO REPORT==== 29-Aug-2012::12:58:25 ===
Loading routes from "/Users/ulfangermann/projects/erlang/speiseplan/priv/speiseplan.routes" ....

=ERROR REPORT==== 29-Aug-2012::12:58:25 ===
GET /eater/registration [speiseplan] 404 99ms
