
=INFO REPORT==== 28-Aug-2012::18:27:30 ===
Starting Boss in development mode....

=INFO REPORT==== 28-Aug-2012::18:27:30 ===
Starting master services on 'speiseplan@Ulf-Angermann-s-MacBook-Pro'

=INFO REPORT==== 28-Aug-2012::18:27:30 ===
SSL:[]

=INFO REPORT==== 28-Aug-2012::18:27:30 ===
Loading routes from "/Users/ulfangermann/projects/erlang/speiseplan/priv/speiseplan.routes" ....

=INFO REPORT==== 28-Aug-2012::18:41:51 ===
GET /doc/dish [speiseplan] 200 39ms

=INFO REPORT==== 28-Aug-2012::18:42:22 ===
GET /doc/dish [speiseplan] 200 288ms

=ERROR REPORT==== 28-Aug-2012::18:42:22 ===
GET /doc/stylesheet.css [speiseplan] 404 0ms

=ERROR REPORT==== 28-Aug-2012::18:42:22 ===
GET /doc/erlang.png [speiseplan] 404 0ms

=INFO REPORT==== 28-Aug-2012::18:45:05 ===
GET /doc/menu [speiseplan] 200 69ms

=ERROR REPORT==== 28-Aug-2012::18:45:05 ===
GET /doc/stylesheet.css [speiseplan] 404 0ms

=ERROR REPORT==== 28-Aug-2012::18:45:05 ===
GET /doc/erlang.png [speiseplan] 404 0ms

=INFO REPORT==== 28-Aug-2012::18:48:41 ===
GET /doc/menu [speiseplan] 200 66ms

=ERROR REPORT==== 28-Aug-2012::18:48:41 ===
GET /doc/stylesheet.css [speiseplan] 404 0ms

=ERROR REPORT==== 28-Aug-2012::18:48:41 ===
GET /doc/erlang.png [speiseplan] 404 0ms

=INFO REPORT==== 28-Aug-2012::18:49:07 ===
Loading routes from "/Users/ulfangermann/projects/erlang/speiseplan/priv/speiseplan.routes" ....

=INFO REPORT==== 28-Aug-2012::18:49:07 ===
GET /eater/ [speiseplan] 200 111ms

=INFO REPORT==== 28-Aug-2012::18:49:14 ===
Loading routes from "/Users/ulfangermann/projects/erlang/speiseplan/priv/speiseplan.routes" ....

=INFO REPORT==== 28-Aug-2012::18:49:14 ===
POST /eater/create [speiseplan] 302 125ms

=INFO REPORT==== 28-Aug-2012::18:49:14 ===
Loading routes from "/Users/ulfangermann/projects/erlang/speiseplan/priv/speiseplan.routes" ....

=INFO REPORT==== 28-Aug-2012::18:49:14 ===
GET /eater/index [speiseplan] 200 99ms

=INFO REPORT==== 28-Aug-2012::18:49:19 ===
Loading routes from "/Users/ulfangermann/projects/erlang/speiseplan/priv/speiseplan.routes" ....

=INFO REPORT==== 28-Aug-2012::18:49:19 ===
GET /eater/login [speiseplan] 200 99ms

=INFO REPORT==== 28-Aug-2012::18:49:23 ===
Loading routes from "/Users/ulfangermann/projects/erlang/speiseplan/priv/speiseplan.routes" ....

=INFO REPORT==== 28-Aug-2012::18:49:23 ===
POST /eater/login [speiseplan] 302 97ms

=INFO REPORT==== 28-Aug-2012::18:49:23 ===
Loading routes from "/Users/ulfangermann/projects/erlang/speiseplan/priv/speiseplan.routes" ....

=INFO REPORT==== 28-Aug-2012::18:49:23 ===
GET /booking/index [speiseplan] 200 94ms

=INFO REPORT==== 28-Aug-2012::18:49:25 ===
Loading routes from "/Users/ulfangermann/projects/erlang/speiseplan/priv/speiseplan.routes" ....

=INFO REPORT==== 28-Aug-2012::18:49:25 ===
GET /admin/index [speiseplan] 200 101ms

=INFO REPORT==== 28-Aug-2012::18:49:38 ===
Loading routes from "/Users/ulfangermann/projects/erlang/speiseplan/priv/speiseplan.routes" ....

=INFO REPORT==== 28-Aug-2012::18:49:38 ===
POST /admin/create [speiseplan] 302 95ms

=INFO REPORT==== 28-Aug-2012::18:49:38 ===
Loading routes from "/Users/ulfangermann/projects/erlang/speiseplan/priv/speiseplan.routes" ....

=INFO REPORT==== 28-Aug-2012::18:49:38 ===
GET /admin/index [speiseplan] 200 96ms

=INFO REPORT==== 28-Aug-2012::18:49:43 ===
Loading routes from "/Users/ulfangermann/projects/erlang/speiseplan/priv/speiseplan.routes" ....

=INFO REPORT==== 28-Aug-2012::18:49:43 ===
GET /booking [speiseplan] 200 99ms

=INFO REPORT==== 28-Aug-2012::18:49:46 ===
Loading routes from "/Users/ulfangermann/projects/erlang/speiseplan/priv/speiseplan.routes" ....

=INFO REPORT==== 28-Aug-2012::18:49:46 ===
POST /booking/book [speiseplan] 302 93ms

=INFO REPORT==== 28-Aug-2012::18:49:46 ===
Loading routes from "/Users/ulfangermann/projects/erlang/speiseplan/priv/speiseplan.routes" ....

=INFO REPORT==== 28-Aug-2012::18:49:46 ===
GET /booking/index [speiseplan] 200 96ms

=INFO REPORT==== 28-Aug-2012::18:50:28 ===
Loading routes from "/Users/ulfangermann/projects/erlang/speiseplan/priv/speiseplan.routes" ....

=ERROR REPORT==== 28-Aug-2012::18:50:28 ===
{function_clause,
    [{menu,get_v_count,
         [[{booking,"booking-4","2012-8-28","true","eater-1","menu-3"}],
          {menu,"menu-3","2012-08-01","dish-2","1"}],
         [{file,
              "/Users/ulfangermann/projects/erlang/speiseplan/src/model/menu.erl"},
          {line,10}]},
     {speiseplan_view_booking_index_html,'-render_internal/4-fun-4-',4,[]},
     {lists,mapfoldl,3,[{file,"lists.erl"},{line,1278}]},
     {erlydtl_runtime,forloop,3,[{file,"src/erlydtl_runtime.erl"},{line,228}]},
     {speiseplan_view_booking_index_html,render_internal,4,[]},
     {speiseplan_view_booking_index_html,render,2,[]},
     {boss_web_controller,render_view,6,
         [{file,"src/boss/boss_web_controller.erl"},{line,843}]},
     {boss_web_controller,execute_action,5,
         [{file,"src/boss/boss_web_controller.erl"},{line,734}]}]}

=ERROR REPORT==== 28-Aug-2012::18:50:28 ===
GET /booking [speiseplan] 500 179ms

=INFO REPORT==== 28-Aug-2012::19:06:29 ===
GET /doc/menu [speiseplan] 200 64ms

=ERROR REPORT==== 28-Aug-2012::19:06:29 ===
GET /doc/stylesheet.css [speiseplan] 404 0ms

=ERROR REPORT==== 28-Aug-2012::19:06:29 ===
GET /doc/erlang.png [speiseplan] 404 0ms

=INFO REPORT==== 28-Aug-2012::19:12:31 ===
GET /doc/menu [speiseplan] 200 64ms

=ERROR REPORT==== 28-Aug-2012::19:12:31 ===
GET /doc/stylesheet.css [speiseplan] 404 0ms

=ERROR REPORT==== 28-Aug-2012::19:12:31 ===
GET /doc/erlang.png [speiseplan] 404 0ms

=INFO REPORT==== 28-Aug-2012::19:13:34 ===
GET /doc/booking [speiseplan] 200 64ms

=ERROR REPORT==== 28-Aug-2012::19:13:34 ===
GET /doc/stylesheet.css [speiseplan] 404 0ms

=ERROR REPORT==== 28-Aug-2012::19:13:34 ===
GET /doc/erlang.png [speiseplan] 404 0ms

=INFO REPORT==== 28-Aug-2012::19:15:11 ===
GET /doc/menu [speiseplan] 200 66ms

=ERROR REPORT==== 28-Aug-2012::19:15:11 ===
GET /doc/stylesheet.css [speiseplan] 404 0ms

=ERROR REPORT==== 28-Aug-2012::19:15:11 ===
GET /doc/erlang.png [speiseplan] 404 0ms

=INFO REPORT==== 28-Aug-2012::19:15:13 ===
GET /doc/menu [speiseplan] 200 70ms

=ERROR REPORT==== 28-Aug-2012::19:15:13 ===
GET /doc/stylesheet.css [speiseplan] 404 0ms

=ERROR REPORT==== 28-Aug-2012::19:15:13 ===
GET /doc/erlang.png [speiseplan] 404 0ms

=INFO REPORT==== 28-Aug-2012::19:15:13 ===
GET /doc/menu [speiseplan] 200 67ms

=ERROR REPORT==== 28-Aug-2012::19:15:13 ===
GET /doc/stylesheet.css [speiseplan] 404 0ms

=ERROR REPORT==== 28-Aug-2012::19:15:13 ===
GET /doc/erlang.png [speiseplan] 404 0ms

=INFO REPORT==== 28-Aug-2012::19:15:14 ===
GET /doc/menu [speiseplan] 200 67ms

=ERROR REPORT==== 28-Aug-2012::19:15:14 ===
GET /doc/stylesheet.css [speiseplan] 404 0ms

=ERROR REPORT==== 28-Aug-2012::19:15:14 ===
GET /doc/erlang.png [speiseplan] 404 0ms

=INFO REPORT==== 28-Aug-2012::19:23:35 ===
GET /doc/menu [speiseplan] 200 42ms

=INFO REPORT==== 28-Aug-2012::19:24:21 ===
GET /doc/menu [speiseplan] 200 65ms

=ERROR REPORT==== 28-Aug-2012::19:24:21 ===
GET /doc/stylesheet.css [speiseplan] 404 0ms

=ERROR REPORT==== 28-Aug-2012::19:24:21 ===
GET /doc/erlang.png [speiseplan] 404 0ms

=INFO REPORT==== 28-Aug-2012::19:26:44 ===
GET /doc/booking [speiseplan] 200 66ms

=ERROR REPORT==== 28-Aug-2012::19:26:44 ===
GET /doc/stylesheet.css [speiseplan] 404 0ms

=ERROR REPORT==== 28-Aug-2012::19:26:44 ===
GET /doc/erlang.png [speiseplan] 404 0ms

=INFO REPORT==== 28-Aug-2012::19:29:34 ===
GET /doc/menu [speiseplan] 200 67ms

=ERROR REPORT==== 28-Aug-2012::19:29:34 ===
GET /doc/stylesheet.css [speiseplan] 404 0ms

=ERROR REPORT==== 28-Aug-2012::19:29:34 ===
GET /doc/erlang.png [speiseplan] 404 0ms

=INFO REPORT==== 28-Aug-2012::19:29:36 ===
GET /doc/menu [speiseplan] 200 72ms

=ERROR REPORT==== 28-Aug-2012::19:29:36 ===
GET /doc/stylesheet.css [speiseplan] 404 0ms

=ERROR REPORT==== 28-Aug-2012::19:29:36 ===
GET /doc/erlang.png [speiseplan] 404 0ms

=INFO REPORT==== 28-Aug-2012::19:32:28 ===
GET /doc/menu [speiseplan] 200 66ms

=ERROR REPORT==== 28-Aug-2012::19:32:28 ===
GET /doc/stylesheet.css [speiseplan] 404 0ms

=ERROR REPORT==== 28-Aug-2012::19:32:28 ===
GET /doc/erlang.png [speiseplan] 404 0ms

=INFO REPORT==== 28-Aug-2012::19:32:29 ===
GET /doc/menu [speiseplan] 200 69ms

=ERROR REPORT==== 28-Aug-2012::19:32:29 ===
GET /doc/stylesheet.css [speiseplan] 404 0ms

=ERROR REPORT==== 28-Aug-2012::19:32:29 ===
GET /doc/erlang.png [speiseplan] 404 0ms

=INFO REPORT==== 28-Aug-2012::19:39:51 ===
GET /doc/menu [speiseplan] 200 64ms

=ERROR REPORT==== 28-Aug-2012::19:39:51 ===
GET /doc/stylesheet.css [speiseplan] 404 0ms

=ERROR REPORT==== 28-Aug-2012::19:39:51 ===
GET /doc/erlang.png [speiseplan] 404 0ms

=INFO REPORT==== 28-Aug-2012::19:42:44 ===
GET /doc/menu [speiseplan] 200 65ms

=ERROR REPORT==== 28-Aug-2012::19:42:44 ===
GET /doc/stylesheet.css [speiseplan] 404 0ms

=ERROR REPORT==== 28-Aug-2012::19:42:44 ===
GET /doc/erlang.png [speiseplan] 404 0ms

=INFO REPORT==== 28-Aug-2012::19:44:51 ===
Loading routes from "/Users/ulfangermann/projects/erlang/speiseplan/priv/speiseplan.routes" ....

=INFO REPORT==== 28-Aug-2012::19:44:51 ===
GET /booking [speiseplan] 200 112ms

=INFO REPORT==== 28-Aug-2012::19:44:54 ===
Loading routes from "/Users/ulfangermann/projects/erlang/speiseplan/priv/speiseplan.routes" ....

=INFO REPORT==== 28-Aug-2012::19:44:54 ===
POST /booking/delete/booking-4 [speiseplan] 302 90ms

=INFO REPORT==== 28-Aug-2012::19:44:54 ===
Loading routes from "/Users/ulfangermann/projects/erlang/speiseplan/priv/speiseplan.routes" ....

=ERROR REPORT==== 28-Aug-2012::19:44:54 ===
{function_clause,
    [{menu,get_v_count,
         [[],{menu,"menu-3","2012-08-01","dish-2","1"}],
         [{file,
              "/Users/ulfangermann/projects/erlang/speiseplan/src/model/menu.erl"},
          {line,10}]},
     {speiseplan_view_booking_index_html,'-render_internal/4-fun-4-',4,[]},
     {lists,mapfoldl,3,[{file,"lists.erl"},{line,1278}]},
     {erlydtl_runtime,forloop,3,[{file,"src/erlydtl_runtime.erl"},{line,228}]},
     {speiseplan_view_booking_index_html,render_internal,4,[]},
     {speiseplan_view_booking_index_html,render,2,[]},
     {boss_web_controller,render_view,6,
         [{file,"src/boss/boss_web_controller.erl"},{line,843}]},
     {boss_web_controller,execute_action,5,
         [{file,"src/boss/boss_web_controller.erl"},{line,734}]}]}

=ERROR REPORT==== 28-Aug-2012::19:44:54 ===
GET /booking/index [speiseplan] 500 91ms

=INFO REPORT==== 28-Aug-2012::19:44:56 ===
Loading routes from "/Users/ulfangermann/projects/erlang/speiseplan/priv/speiseplan.routes" ....

=ERROR REPORT==== 28-Aug-2012::19:44:56 ===
{function_clause,
    [{menu,get_v_count,
         [[],{menu,"menu-3","2012-08-01","dish-2","1"}],
         [{file,
              "/Users/ulfangermann/projects/erlang/speiseplan/src/model/menu.erl"},
          {line,10}]},
     {speiseplan_view_booking_index_html,'-render_internal/4-fun-4-',4,[]},
     {lists,mapfoldl,3,[{file,"lists.erl"},{line,1278}]},
     {erlydtl_runtime,forloop,3,[{file,"src/erlydtl_runtime.erl"},{line,228}]},
     {speiseplan_view_booking_index_html,render_internal,4,[]},
     {speiseplan_view_booking_index_html,render,2,[]},
     {boss_web_controller,render_view,6,
         [{file,"src/boss/boss_web_controller.erl"},{line,843}]},
     {boss_web_controller,execute_action,5,
         [{file,"src/boss/boss_web_controller.erl"},{line,734}]}]}

=ERROR REPORT==== 28-Aug-2012::19:44:56 ===
GET /booking [speiseplan] 500 98ms

=INFO REPORT==== 28-Aug-2012::19:45:01 ===
Loading routes from "/Users/ulfangermann/projects/erlang/speiseplan/priv/speiseplan.routes" ....

=ERROR REPORT==== 28-Aug-2012::19:45:01 ===
{function_clause,
    [{menu,get_v_count,
         [[],{menu,"menu-3","2012-08-01","dish-2","1"}],
         [{file,
              "/Users/ulfangermann/projects/erlang/speiseplan/src/model/menu.erl"},
          {line,10}]},
     {speiseplan_view_booking_index_html,'-render_internal/4-fun-4-',4,[]},
     {lists,mapfoldl,3,[{file,"lists.erl"},{line,1278}]},
     {erlydtl_runtime,forloop,3,[{file,"src/erlydtl_runtime.erl"},{line,228}]},
     {speiseplan_view_booking_index_html,render_internal,4,[]},
     {speiseplan_view_booking_index_html,render,2,[]},
     {boss_web_controller,render_view,6,
         [{file,"src/boss/boss_web_controller.erl"},{line,843}]},
     {boss_web_controller,execute_action,5,
         [{file,"src/boss/boss_web_controller.erl"},{line,734}]}]}

=ERROR REPORT==== 28-Aug-2012::19:45:01 ===
GET /booking [speiseplan] 500 100ms

=INFO REPORT==== 28-Aug-2012::19:45:58 ===
Loading routes from "/Users/ulfangermann/projects/erlang/speiseplan/priv/speiseplan.routes" ....

=ERROR REPORT==== 28-Aug-2012::19:45:58 ===
{function_clause,
    [{menu,get_v_count,
         [[],{menu,"menu-3","2012-08-01","dish-2","1"}],
         [{file,
              "/Users/ulfangermann/projects/erlang/speiseplan/src/model/menu.erl"},
          {line,10}]},
     {speiseplan_view_booking_index_html,'-render_internal/4-fun-4-',4,[]},
     {lists,mapfoldl,3,[{file,"lists.erl"},{line,1278}]},
     {erlydtl_runtime,forloop,3,[{file,"src/erlydtl_runtime.erl"},{line,228}]},
     {speiseplan_view_booking_index_html,render_internal,4,[]},
     {speiseplan_view_booking_index_html,render,2,[]},
     {boss_web_controller,render_view,6,
         [{file,"src/boss/boss_web_controller.erl"},{line,843}]},
     {boss_web_controller,execute_action,5,
         [{file,"src/boss/boss_web_controller.erl"},{line,734}]}]}

=ERROR REPORT==== 28-Aug-2012::19:45:58 ===
GET /booking [speiseplan] 500 101ms

=INFO REPORT==== 28-Aug-2012::19:46:39 ===
Loading routes from "/Users/ulfangermann/projects/erlang/speiseplan/priv/speiseplan.routes" ....

=INFO REPORT==== 28-Aug-2012::19:46:39 ===
GET /booking [speiseplan] 200 100ms

=INFO REPORT==== 28-Aug-2012::19:46:42 ===
Loading routes from "/Users/ulfangermann/projects/erlang/speiseplan/priv/speiseplan.routes" ....

=INFO REPORT==== 28-Aug-2012::19:46:42 ===
POST /booking/book [speiseplan] 302 95ms

=INFO REPORT==== 28-Aug-2012::19:46:42 ===
Loading routes from "/Users/ulfangermann/projects/erlang/speiseplan/priv/speiseplan.routes" ....

=INFO REPORT==== 28-Aug-2012::19:46:42 ===
GET /booking/index [speiseplan] 200 96ms

=INFO REPORT==== 28-Aug-2012::19:46:46 ===
Loading routes from "/Users/ulfangermann/projects/erlang/speiseplan/priv/speiseplan.routes" ....

=INFO REPORT==== 28-Aug-2012::19:46:46 ===
POST /booking/delete/booking-5 [speiseplan] 302 97ms

=INFO REPORT==== 28-Aug-2012::19:46:46 ===
Loading routes from "/Users/ulfangermann/projects/erlang/speiseplan/priv/speiseplan.routes" ....

=INFO REPORT==== 28-Aug-2012::19:46:46 ===
GET /booking/index [speiseplan] 200 99ms

=INFO REPORT==== 28-Aug-2012::19:46:50 ===
Loading routes from "/Users/ulfangermann/projects/erlang/speiseplan/priv/speiseplan.routes" ....

=INFO REPORT==== 28-Aug-2012::19:46:50 ===
POST /booking/book [speiseplan] 302 98ms

=INFO REPORT==== 28-Aug-2012::19:46:50 ===
Loading routes from "/Users/ulfangermann/projects/erlang/speiseplan/priv/speiseplan.routes" ....

=INFO REPORT==== 28-Aug-2012::19:46:50 ===
GET /booking/index [speiseplan] 200 100ms

=INFO REPORT==== 28-Aug-2012::19:46:52 ===
Loading routes from "/Users/ulfangermann/projects/erlang/speiseplan/priv/speiseplan.routes" ....

=INFO REPORT==== 28-Aug-2012::19:46:52 ===
POST /booking/delete/booking-6 [speiseplan] 302 99ms

=INFO REPORT==== 28-Aug-2012::19:46:52 ===
Loading routes from "/Users/ulfangermann/projects/erlang/speiseplan/priv/speiseplan.routes" ....

=INFO REPORT==== 28-Aug-2012::19:46:52 ===
GET /booking/index [speiseplan] 200 100ms

=INFO REPORT==== 28-Aug-2012::19:47:48 ===
Loading routes from "/Users/ulfangermann/projects/erlang/speiseplan/priv/speiseplan.routes" ....

=INFO REPORT==== 28-Aug-2012::19:47:48 ===
POST /booking/book [speiseplan] 302 99ms

=INFO REPORT==== 28-Aug-2012::19:47:48 ===
Loading routes from "/Users/ulfangermann/projects/erlang/speiseplan/priv/speiseplan.routes" ....

=INFO REPORT==== 28-Aug-2012::19:47:48 ===
GET /booking/index [speiseplan] 200 98ms

=INFO REPORT==== 28-Aug-2012::19:48:56 ===
Loading routes from "/Users/ulfangermann/projects/erlang/speiseplan/priv/speiseplan.routes" ....

=INFO REPORT==== 28-Aug-2012::19:48:56 ===
POST /booking/delete/booking-7 [speiseplan] 302 97ms

=INFO REPORT==== 28-Aug-2012::19:48:56 ===
Loading routes from "/Users/ulfangermann/projects/erlang/speiseplan/priv/speiseplan.routes" ....

=INFO REPORT==== 28-Aug-2012::19:48:56 ===
GET /booking/index [speiseplan] 200 99ms

=INFO REPORT==== 28-Aug-2012::19:48:58 ===
Loading routes from "/Users/ulfangermann/projects/erlang/speiseplan/priv/speiseplan.routes" ....

=INFO REPORT==== 28-Aug-2012::19:48:58 ===
POST /booking/book [speiseplan] 302 95ms

=INFO REPORT==== 28-Aug-2012::19:48:58 ===
Loading routes from "/Users/ulfangermann/projects/erlang/speiseplan/priv/speiseplan.routes" ....

=INFO REPORT==== 28-Aug-2012::19:48:58 ===
GET /booking/index [speiseplan] 200 100ms

=INFO REPORT==== 28-Aug-2012::19:49:01 ===
Loading routes from "/Users/ulfangermann/projects/erlang/speiseplan/priv/speiseplan.routes" ....

=INFO REPORT==== 28-Aug-2012::19:49:01 ===
POST /booking/delete/booking-8 [speiseplan] 302 96ms

=INFO REPORT==== 28-Aug-2012::19:49:01 ===
Loading routes from "/Users/ulfangermann/projects/erlang/speiseplan/priv/speiseplan.routes" ....

=INFO REPORT==== 28-Aug-2012::19:49:01 ===
GET /booking/index [speiseplan] 200 98ms

=INFO REPORT==== 28-Aug-2012::19:49:03 ===
Loading routes from "/Users/ulfangermann/projects/erlang/speiseplan/priv/speiseplan.routes" ....

=INFO REPORT==== 28-Aug-2012::19:49:03 ===
POST /booking/book [speiseplan] 302 99ms

=INFO REPORT==== 28-Aug-2012::19:49:03 ===
Loading routes from "/Users/ulfangermann/projects/erlang/speiseplan/priv/speiseplan.routes" ....

=INFO REPORT==== 28-Aug-2012::19:49:03 ===
GET /booking/index [speiseplan] 200 98ms

=INFO REPORT==== 28-Aug-2012::19:49:06 ===
Loading routes from "/Users/ulfangermann/projects/erlang/speiseplan/priv/speiseplan.routes" ....

=INFO REPORT==== 28-Aug-2012::19:49:06 ===
GET /admin/index [speiseplan] 200 104ms

=INFO REPORT==== 28-Aug-2012::19:50:21 ===
Loading routes from "/Users/ulfangermann/projects/erlang/speiseplan/priv/speiseplan.routes" ....

=INFO REPORT==== 28-Aug-2012::19:50:21 ===
POST /booking/delete/booking-9 [speiseplan] 302 95ms

=INFO REPORT==== 28-Aug-2012::19:50:21 ===
Loading routes from "/Users/ulfangermann/projects/erlang/speiseplan/priv/speiseplan.routes" ....

=INFO REPORT==== 28-Aug-2012::19:50:21 ===
GET /booking/index [speiseplan] 200 98ms

=INFO REPORT==== 28-Aug-2012::19:50:24 ===
Loading routes from "/Users/ulfangermann/projects/erlang/speiseplan/priv/speiseplan.routes" ....

=INFO REPORT==== 28-Aug-2012::19:50:24 ===
GET /admin/index [speiseplan] 200 101ms

=INFO REPORT==== 28-Aug-2012::19:50:38 ===
Loading routes from "/Users/ulfangermann/projects/erlang/speiseplan/priv/speiseplan.routes" ....

=INFO REPORT==== 28-Aug-2012::19:50:39 ===
POST /admin/create [speiseplan] 302 91ms

=INFO REPORT==== 28-Aug-2012::19:50:39 ===
Loading routes from "/Users/ulfangermann/projects/erlang/speiseplan/priv/speiseplan.routes" ....

=INFO REPORT==== 28-Aug-2012::19:50:39 ===
GET /admin/index [speiseplan] 200 93ms

=INFO REPORT==== 28-Aug-2012::19:50:45 ===
Loading routes from "/Users/ulfangermann/projects/erlang/speiseplan/priv/speiseplan.routes" ....

=INFO REPORT==== 28-Aug-2012::19:50:45 ===
GET /booking [speiseplan] 200 102ms

=INFO REPORT==== 28-Aug-2012::19:50:50 ===
Loading routes from "/Users/ulfangermann/projects/erlang/speiseplan/priv/speiseplan.routes" ....

=INFO REPORT==== 28-Aug-2012::19:50:50 ===
POST /booking/book [speiseplan] 302 93ms

=INFO REPORT==== 28-Aug-2012::19:50:50 ===
Loading routes from "/Users/ulfangermann/projects/erlang/speiseplan/priv/speiseplan.routes" ....

=INFO REPORT==== 28-Aug-2012::19:50:50 ===
GET /booking/index [speiseplan] 200 98ms

=INFO REPORT==== 28-Aug-2012::19:50:53 ===
Loading routes from "/Users/ulfangermann/projects/erlang/speiseplan/priv/speiseplan.routes" ....

=INFO REPORT==== 28-Aug-2012::19:50:53 ===
POST /booking/book [speiseplan] 302 95ms

=INFO REPORT==== 28-Aug-2012::19:50:53 ===
Loading routes from "/Users/ulfangermann/projects/erlang/speiseplan/priv/speiseplan.routes" ....

=INFO REPORT==== 28-Aug-2012::19:50:53 ===
GET /booking/index [speiseplan] 200 97ms

=INFO REPORT==== 28-Aug-2012::19:50:55 ===
Loading routes from "/Users/ulfangermann/projects/erlang/speiseplan/priv/speiseplan.routes" ....

=INFO REPORT==== 28-Aug-2012::19:50:55 ===
POST /booking/delete/booking-13 [speiseplan] 302 93ms

=INFO REPORT==== 28-Aug-2012::19:50:55 ===
Loading routes from "/Users/ulfangermann/projects/erlang/speiseplan/priv/speiseplan.routes" ....

=INFO REPORT==== 28-Aug-2012::19:50:55 ===
GET /booking/index [speiseplan] 200 96ms

=INFO REPORT==== 28-Aug-2012::19:50:56 ===
Loading routes from "/Users/ulfangermann/projects/erlang/speiseplan/priv/speiseplan.routes" ....

=INFO REPORT==== 28-Aug-2012::19:50:56 ===
POST /booking/delete/booking-12 [speiseplan] 302 96ms

=INFO REPORT==== 28-Aug-2012::19:50:56 ===
Loading routes from "/Users/ulfangermann/projects/erlang/speiseplan/priv/speiseplan.routes" ....

=INFO REPORT==== 28-Aug-2012::19:50:56 ===
GET /booking/index [speiseplan] 200 96ms

=INFO REPORT==== 28-Aug-2012::19:51:28 ===
Loading routes from "/Users/ulfangermann/projects/erlang/speiseplan/priv/speiseplan.routes" ....

=INFO REPORT==== 28-Aug-2012::19:51:28 ===
GET /admin/index [speiseplan] 200 103ms

=INFO REPORT==== 28-Aug-2012::19:52:18 ===
Loading routes from "/Users/ulfangermann/projects/erlang/speiseplan/priv/speiseplan.routes" ....

=INFO REPORT==== 28-Aug-2012::19:52:18 ===
GET /booking [speiseplan] 200 179ms

=INFO REPORT==== 28-Aug-2012::19:52:25 ===
Loading routes from "/Users/ulfangermann/projects/erlang/speiseplan/priv/speiseplan.routes" ....

=INFO REPORT==== 28-Aug-2012::19:52:25 ===
POST /booking/book [speiseplan] 302 93ms

=INFO REPORT==== 28-Aug-2012::19:52:25 ===
Loading routes from "/Users/ulfangermann/projects/erlang/speiseplan/priv/speiseplan.routes" ....

=INFO REPORT==== 28-Aug-2012::19:52:25 ===
GET /booking/index [speiseplan] 200 99ms

=INFO REPORT==== 28-Aug-2012::19:52:32 ===
Loading routes from "/Users/ulfangermann/projects/erlang/speiseplan/priv/speiseplan.routes" ....

=INFO REPORT==== 28-Aug-2012::19:52:32 ===
GET /booking [speiseplan] 200 105ms

=INFO REPORT==== 28-Aug-2012::19:52:38 ===
Loading routes from "/Users/ulfangermann/projects/erlang/speiseplan/priv/speiseplan.routes" ....

=INFO REPORT==== 28-Aug-2012::19:52:39 ===
POST /booking/delete/booking-14 [speiseplan] 302 96ms

=INFO REPORT==== 28-Aug-2012::19:52:39 ===
Loading routes from "/Users/ulfangermann/projects/erlang/speiseplan/priv/speiseplan.routes" ....

=INFO REPORT==== 28-Aug-2012::19:52:39 ===
GET /booking/index [speiseplan] 200 98ms

=INFO REPORT==== 28-Aug-2012::19:52:41 ===
Loading routes from "/Users/ulfangermann/projects/erlang/speiseplan/priv/speiseplan.routes" ....

=INFO REPORT==== 28-Aug-2012::19:52:41 ===
POST /booking/book [speiseplan] 302 93ms

=INFO REPORT==== 28-Aug-2012::19:52:41 ===
Loading routes from "/Users/ulfangermann/projects/erlang/speiseplan/priv/speiseplan.routes" ....

=INFO REPORT==== 28-Aug-2012::19:52:41 ===
GET /booking/index [speiseplan] 200 96ms

=INFO REPORT==== 28-Aug-2012::19:52:45 ===
Loading routes from "/Users/ulfangermann/projects/erlang/speiseplan/priv/speiseplan.routes" ....

=INFO REPORT==== 28-Aug-2012::19:52:45 ===
GET /booking [speiseplan] 200 104ms

=INFO REPORT==== 28-Aug-2012::19:52:49 ===
Loading routes from "/Users/ulfangermann/projects/erlang/speiseplan/priv/speiseplan.routes" ....

=INFO REPORT==== 28-Aug-2012::19:52:50 ===
POST /booking/delete/booking-15 [speiseplan] 302 90ms

=INFO REPORT==== 28-Aug-2012::19:52:50 ===
Loading routes from "/Users/ulfangermann/projects/erlang/speiseplan/priv/speiseplan.routes" ....

=INFO REPORT==== 28-Aug-2012::19:52:50 ===
GET /booking/index [speiseplan] 200 96ms

=INFO REPORT==== 28-Aug-2012::19:52:53 ===
Loading routes from "/Users/ulfangermann/projects/erlang/speiseplan/priv/speiseplan.routes" ....

=INFO REPORT==== 28-Aug-2012::19:52:53 ===
GET /booking [speiseplan] 200 97ms

=INFO REPORT==== 28-Aug-2012::19:52:58 ===
Loading routes from "/Users/ulfangermann/projects/erlang/speiseplan/priv/speiseplan.routes" ....

=INFO REPORT==== 28-Aug-2012::19:52:58 ===
POST /booking/book [speiseplan] 302 93ms

=INFO REPORT==== 28-Aug-2012::19:52:58 ===
Loading routes from "/Users/ulfangermann/projects/erlang/speiseplan/priv/speiseplan.routes" ....

=INFO REPORT==== 28-Aug-2012::19:52:59 ===
GET /booking/index [speiseplan] 200 97ms

=INFO REPORT==== 28-Aug-2012::19:53:02 ===
Loading routes from "/Users/ulfangermann/projects/erlang/speiseplan/priv/speiseplan.routes" ....

=INFO REPORT==== 28-Aug-2012::19:53:02 ===
POST /booking/delete/booking-16 [speiseplan] 302 96ms

=INFO REPORT==== 28-Aug-2012::19:53:02 ===
Loading routes from "/Users/ulfangermann/projects/erlang/speiseplan/priv/speiseplan.routes" ....

=INFO REPORT==== 28-Aug-2012::19:53:02 ===
GET /booking/index [speiseplan] 200 96ms

=INFO REPORT==== 28-Aug-2012::19:57:47 ===
Loading routes from "/Users/ulfangermann/projects/erlang/speiseplan/priv/speiseplan.routes" ....

=INFO REPORT==== 28-Aug-2012::19:57:47 ===
POST /booking/book [speiseplan] 302 90ms

=INFO REPORT==== 28-Aug-2012::19:57:47 ===
Loading routes from "/Users/ulfangermann/projects/erlang/speiseplan/priv/speiseplan.routes" ....

=INFO REPORT==== 28-Aug-2012::19:57:47 ===
GET /booking/index [speiseplan] 200 93ms

=INFO REPORT==== 28-Aug-2012::19:57:49 ===
Loading routes from "/Users/ulfangermann/projects/erlang/speiseplan/priv/speiseplan.routes" ....

=INFO REPORT==== 28-Aug-2012::19:57:49 ===
POST /booking/delete/booking-17 [speiseplan] 302 91ms

=INFO REPORT==== 28-Aug-2012::19:57:49 ===
Loading routes from "/Users/ulfangermann/projects/erlang/speiseplan/priv/speiseplan.routes" ....

=INFO REPORT==== 28-Aug-2012::19:57:49 ===
GET /booking/index [speiseplan] 200 95ms

=INFO REPORT==== 28-Aug-2012::20:00:32 ===
Loading routes from "/Users/ulfangermann/projects/erlang/speiseplan/priv/speiseplan.routes" ....

=INFO REPORT==== 28-Aug-2012::20:00:32 ===
POST /booking/book [speiseplan] 302 90ms

=INFO REPORT==== 28-Aug-2012::20:00:32 ===
Loading routes from "/Users/ulfangermann/projects/erlang/speiseplan/priv/speiseplan.routes" ....

=INFO REPORT==== 28-Aug-2012::20:00:32 ===
GET /booking/index [speiseplan] 200 92ms

=INFO REPORT==== 28-Aug-2012::20:00:34 ===
Loading routes from "/Users/ulfangermann/projects/erlang/speiseplan/priv/speiseplan.routes" ....

=INFO REPORT==== 28-Aug-2012::20:00:35 ===
POST /booking/delete/booking-18 [speiseplan] 302 94ms

=INFO REPORT==== 28-Aug-2012::20:00:35 ===
Loading routes from "/Users/ulfangermann/projects/erlang/speiseplan/priv/speiseplan.routes" ....

=INFO REPORT==== 28-Aug-2012::20:00:35 ===
GET /booking/index [speiseplan] 200 96ms

=INFO REPORT==== 28-Aug-2012::20:01:08 ===
Loading routes from "/Users/ulfangermann/projects/erlang/speiseplan/priv/speiseplan.routes" ....

=INFO REPORT==== 28-Aug-2012::20:01:08 ===
POST /booking/book [speiseplan] 302 91ms

=INFO REPORT==== 28-Aug-2012::20:01:08 ===
Loading routes from "/Users/ulfangermann/projects/erlang/speiseplan/priv/speiseplan.routes" ....

=INFO REPORT==== 28-Aug-2012::20:01:08 ===
GET /booking/index [speiseplan] 200 96ms

=INFO REPORT==== 28-Aug-2012::20:01:10 ===
Loading routes from "/Users/ulfangermann/projects/erlang/speiseplan/priv/speiseplan.routes" ....

=INFO REPORT==== 28-Aug-2012::20:01:10 ===
POST /booking/delete/booking-19 [speiseplan] 302 92ms

=INFO REPORT==== 28-Aug-2012::20:01:10 ===
Loading routes from "/Users/ulfangermann/projects/erlang/speiseplan/priv/speiseplan.routes" ....

=INFO REPORT==== 28-Aug-2012::20:01:10 ===
GET /booking/index [speiseplan] 200 96ms

=INFO REPORT==== 28-Aug-2012::20:01:12 ===
Loading routes from "/Users/ulfangermann/projects/erlang/speiseplan/priv/speiseplan.routes" ....

=INFO REPORT==== 28-Aug-2012::20:01:12 ===
POST /booking/book [speiseplan] 302 91ms

=INFO REPORT==== 28-Aug-2012::20:01:12 ===
Loading routes from "/Users/ulfangermann/projects/erlang/speiseplan/priv/speiseplan.routes" ....

=INFO REPORT==== 28-Aug-2012::20:01:12 ===
GET /booking/index [speiseplan] 200 95ms

=INFO REPORT==== 28-Aug-2012::20:01:13 ===
Loading routes from "/Users/ulfangermann/projects/erlang/speiseplan/priv/speiseplan.routes" ....

=INFO REPORT==== 28-Aug-2012::20:01:13 ===
POST /booking/delete/booking-20 [speiseplan] 302 91ms

=INFO REPORT==== 28-Aug-2012::20:01:13 ===
Loading routes from "/Users/ulfangermann/projects/erlang/speiseplan/priv/speiseplan.routes" ....

=INFO REPORT==== 28-Aug-2012::20:01:14 ===
GET /booking/index [speiseplan] 200 93ms

=INFO REPORT==== 28-Aug-2012::20:02:45 ===
Loading routes from "/Users/ulfangermann/projects/erlang/speiseplan/priv/speiseplan.routes" ....

=INFO REPORT==== 28-Aug-2012::20:02:45 ===
GET /booking [speiseplan] 200 175ms

=INFO REPORT==== 28-Aug-2012::20:02:47 ===
Loading routes from "/Users/ulfangermann/projects/erlang/speiseplan/priv/speiseplan.routes" ....

=INFO REPORT==== 28-Aug-2012::20:02:47 ===
GET /booking [speiseplan] 200 103ms

=INFO REPORT==== 28-Aug-2012::20:03:28 ===
Loading routes from "/Users/ulfangermann/projects/erlang/speiseplan/priv/speiseplan.routes" ....

=INFO REPORT==== 28-Aug-2012::20:03:28 ===
GET /booking [speiseplan] 200 176ms

=INFO REPORT==== 28-Aug-2012::20:03:32 ===
Loading routes from "/Users/ulfangermann/projects/erlang/speiseplan/priv/speiseplan.routes" ....

=INFO REPORT==== 28-Aug-2012::20:03:32 ===
POST /booking/book [speiseplan] 302 93ms

=INFO REPORT==== 28-Aug-2012::20:03:32 ===
Loading routes from "/Users/ulfangermann/projects/erlang/speiseplan/priv/speiseplan.routes" ....

=INFO REPORT==== 28-Aug-2012::20:03:32 ===
GET /booking/index [speiseplan] 200 101ms

=INFO REPORT==== 28-Aug-2012::20:03:34 ===
Loading routes from "/Users/ulfangermann/projects/erlang/speiseplan/priv/speiseplan.routes" ....

=INFO REPORT==== 28-Aug-2012::20:03:34 ===
POST /booking/delete/booking-21 [speiseplan] 302 97ms

=INFO REPORT==== 28-Aug-2012::20:03:34 ===
Loading routes from "/Users/ulfangermann/projects/erlang/speiseplan/priv/speiseplan.routes" ....

=INFO REPORT==== 28-Aug-2012::20:03:35 ===
GET /booking/index [speiseplan] 200 101ms

=INFO REPORT==== 28-Aug-2012::20:05:03 ===
Loading routes from "/Users/ulfangermann/projects/erlang/speiseplan/priv/speiseplan.routes" ....

=INFO REPORT==== 28-Aug-2012::20:05:03 ===
GET /booking [speiseplan] 200 176ms

=INFO REPORT==== 28-Aug-2012::20:06:48 ===
Loading routes from "/Users/ulfangermann/projects/erlang/speiseplan/priv/speiseplan.routes" ....

=INFO REPORT==== 28-Aug-2012::20:06:48 ===
GET /booking [speiseplan] 200 173ms
