
=INFO REPORT==== 27-Aug-2012::12:46:39 ===
Starting Boss in development mode....

=INFO REPORT==== 27-Aug-2012::12:46:39 ===
Starting master services on 'speiseplan@Ulf-Angermann-s-MacBook-Pro'

=INFO REPORT==== 27-Aug-2012::12:46:39 ===
SSL:[]

=INFO REPORT==== 27-Aug-2012::12:46:39 ===
Loading routes from "/Users/ulfangermann/projects/erlang/speiseplan/priv/speiseplan.routes" ....

=INFO REPORT==== 27-Aug-2012::12:46:51 ===
Loading routes from "/Users/ulfangermann/projects/erlang/speiseplan/priv/speiseplan.routes" ....

=ERROR REPORT==== 27-Aug-2012::12:46:51 ===
GET /eater/index [speiseplan] 404 67ms

=INFO REPORT==== 27-Aug-2012::12:46:58 ===
Loading routes from "/Users/ulfangermann/projects/erlang/speiseplan/priv/speiseplan.routes" ....

=INFO REPORT==== 27-Aug-2012::12:46:58 ===
GET /eater/list [speiseplan] 200 84ms

=INFO REPORT==== 27-Aug-2012::12:47:06 ===
Loading routes from "/Users/ulfangermann/projects/erlang/speiseplan/priv/speiseplan.routes" ....

=INFO REPORT==== 27-Aug-2012::12:47:06 ===
POST /eater/create [speiseplan] 302 80ms

=INFO REPORT==== 27-Aug-2012::12:47:06 ===
Loading routes from "/Users/ulfangermann/projects/erlang/speiseplan/priv/speiseplan.routes" ....

=INFO REPORT==== 27-Aug-2012::12:47:06 ===
GET /eater/list [speiseplan] 200 81ms

=INFO REPORT==== 27-Aug-2012::12:47:10 ===
Loading routes from "/Users/ulfangermann/projects/erlang/speiseplan/priv/speiseplan.routes" ....

=ERROR REPORT==== 27-Aug-2012::12:47:10 ===
{{badmatch,{redirect,"/eater/login"}},
 [{user_lib,require_login,2,
            [{file,"/Users/ulfangermann/projects/erlang/speiseplan/src/lib/user_lib.erl"},
             {line,26}]},
  {boss_web_controller,execute_action,5,
                       [{file,"src/boss/boss_web_controller.erl"},{line,693}]},
  {boss_web_controller,process_request,5,
                       [{file,"src/boss/boss_web_controller.erl"},{line,460}]},
  {timer,tc,3,[{file,"timer.erl"},{line,194}]},
  {boss_web_controller,handle_request,3,
                       [{file,"src/boss/boss_web_controller.erl"},{line,388}]},
  {mochiweb_http,headers,5,[{file,"src/mochiweb_http.erl"},{line,90}]},
  {proc_lib,init_p_do_apply,3,[{file,"proc_lib.erl"},{line,227}]}]}

=ERROR REPORT==== 27-Aug-2012::12:47:10 ===
GET /admin/index [speiseplan] 500 83ms

=INFO REPORT==== 27-Aug-2012::12:47:12 ===
Loading routes from "/Users/ulfangermann/projects/erlang/speiseplan/priv/speiseplan.routes" ....

=INFO REPORT==== 27-Aug-2012::12:47:12 ===
GET /eater/login [speiseplan] 200 85ms

=INFO REPORT==== 27-Aug-2012::12:47:15 ===
Loading routes from "/Users/ulfangermann/projects/erlang/speiseplan/priv/speiseplan.routes" ....

=INFO REPORT==== 27-Aug-2012::12:47:15 ===
POST /eater/login [speiseplan] 302 84ms

=INFO REPORT==== 27-Aug-2012::12:47:15 ===
Loading routes from "/Users/ulfangermann/projects/erlang/speiseplan/priv/speiseplan.routes" ....

=INFO REPORT==== 27-Aug-2012::12:47:16 ===
GET /mahlzeiten/index [speiseplan] 200 86ms

=INFO REPORT==== 27-Aug-2012::12:47:17 ===
Loading routes from "/Users/ulfangermann/projects/erlang/speiseplan/priv/speiseplan.routes" ....

=INFO REPORT==== 27-Aug-2012::12:47:17 ===
GET /admin/index [speiseplan] 200 90ms

=INFO REPORT==== 27-Aug-2012::12:47:35 ===
Loading routes from "/Users/ulfangermann/projects/erlang/speiseplan/priv/speiseplan.routes" ....

=INFO REPORT==== 27-Aug-2012::12:47:35 ===
POST /admin/create [speiseplan] 302 82ms

=INFO REPORT==== 27-Aug-2012::12:47:35 ===
Loading routes from "/Users/ulfangermann/projects/erlang/speiseplan/priv/speiseplan.routes" ....

=INFO REPORT==== 27-Aug-2012::12:47:35 ===
GET /admin/index [speiseplan] 200 80ms
