
=INFO REPORT==== 26-Aug-2012::18:41:15 ===
Starting Boss in development mode....

=INFO REPORT==== 26-Aug-2012::18:41:16 ===
Starting master services on speiseplan@noname

=INFO REPORT==== 26-Aug-2012::18:41:16 ===
SSL:[]

=INFO REPORT==== 26-Aug-2012::18:41:16 ===
Loading routes from "/Users/ulfangermann/projects/erlang/speiseplan/priv/speiseplan.routes" ....

=INFO REPORT==== 26-Aug-2012::18:41:33 ===
Loading routes from "/Users/ulfangermann/projects/erlang/speiseplan/priv/speiseplan.routes" ....

=INFO REPORT==== 26-Aug-2012::18:41:33 ===
GET /eater/login [speiseplan] 200 62ms

=INFO REPORT==== 26-Aug-2012::18:42:17 ===
Loading routes from "/Users/ulfangermann/projects/erlang/speiseplan/priv/speiseplan.routes" ....

=INFO REPORT==== 26-Aug-2012::18:42:17 ===
GET /eater/list [speiseplan] 200 87ms

=INFO REPORT==== 26-Aug-2012::18:42:29 ===
Loading routes from "/Users/ulfangermann/projects/erlang/speiseplan/priv/speiseplan.routes" ....

=INFO REPORT==== 26-Aug-2012::18:42:29 ===
POST /eater/create [speiseplan] 302 91ms

=INFO REPORT==== 26-Aug-2012::18:42:29 ===
Loading routes from "/Users/ulfangermann/projects/erlang/speiseplan/priv/speiseplan.routes" ....

=INFO REPORT==== 26-Aug-2012::18:42:29 ===
GET /eater/list [speiseplan] 200 70ms

=INFO REPORT==== 26-Aug-2012::18:42:40 ===
Loading routes from "/Users/ulfangermann/projects/erlang/speiseplan/priv/speiseplan.routes" ....

=INFO REPORT==== 26-Aug-2012::18:42:40 ===
GET /eater/login [speiseplan] 200 70ms

=INFO REPORT==== 26-Aug-2012::18:42:49 ===
Loading routes from "/Users/ulfangermann/projects/erlang/speiseplan/priv/speiseplan.routes" ....

=INFO REPORT==== 26-Aug-2012::18:42:49 ===
POST /eater/login [speiseplan] 200 71ms

=INFO REPORT==== 26-Aug-2012::18:43:07 ===
Loading routes from "/Users/ulfangermann/projects/erlang/speiseplan/priv/speiseplan.routes" ....

=INFO REPORT==== 26-Aug-2012::18:43:07 ===
GET /eater/list [speiseplan] 200 73ms
