
=INFO REPORT==== 29-Aug-2012::19:05:54 ===
Starting Boss in development mode....

=INFO REPORT==== 29-Aug-2012::19:05:54 ===
Starting master services on 'speiseplan@Ulf-Angermann-s-MacBook-Pro'

=INFO REPORT==== 29-Aug-2012::19:05:54 ===
SSL:[]

=INFO REPORT==== 29-Aug-2012::19:05:54 ===
Loading routes from "/Users/ulfangermann/projects/erlang/speiseplan/priv/speiseplan.routes" ....

=INFO REPORT==== 29-Aug-2012::19:06:34 ===
Loading routes from "/Users/ulfangermann/projects/erlang/speiseplan/priv/speiseplan.routes" ....

=INFO REPORT==== 29-Aug-2012::19:06:35 ===
GET /booking [speiseplan] 302 83ms

=INFO REPORT==== 29-Aug-2012::19:06:35 ===
Loading routes from "/Users/ulfangermann/projects/erlang/speiseplan/priv/speiseplan.routes" ....

=INFO REPORT==== 29-Aug-2012::19:06:35 ===
GET /eater/login [speiseplan] 200 99ms

=INFO REPORT==== 29-Aug-2012::19:13:03 ===
Loading routes from "/Users/ulfangermann/projects/erlang/speiseplan/priv/speiseplan.routes" ....

=ERROR REPORT==== 29-Aug-2012::19:13:03 ===
** Generic server <0.125.0> terminating 
** Last message in was {route,"/registration"}
** When Server state == {state,speiseplan,
                               ["speiseplan_admin_controller",
                                "speiseplan_booking_controller",
                                "speiseplan_dish_controller",
                                "speiseplan_eater_controller",
                                "speiseplan_registration_controller"],
                               28695,32792}
** Reason for termination == 
** {'module could not be loaded',
       [{speiseplan_registration_controller,module_info,[attributes],[]},
        {boss_router_controller,default_action,2,
            [{file,"src/boss/boss_router_controller.erl"},{line,181}]},
        {boss_router_controller,handle_call,3,
            [{file,"src/boss/boss_router_controller.erl"},{line,60}]},
        {gen_server,handle_msg,5,[{file,"gen_server.erl"},{line,578}]},
        {proc_lib,init_p_do_apply,3,[{file,"proc_lib.erl"},{line,227}]}]}

=INFO REPORT==== 29-Aug-2012::19:13:03 ===
Loading routes from "/Users/ulfangermann/projects/erlang/speiseplan/priv/speiseplan.routes" ....
