
=INFO REPORT==== 7-Sep-2012::11:49:32 ===
Starting Boss in development mode....

=INFO REPORT==== 7-Sep-2012::11:49:32 ===
Starting master services on 'speiseplan@Ulf-Angermann-s-MacBook-Pro'

=INFO REPORT==== 7-Sep-2012::11:49:32 ===
SSL:[]

=INFO REPORT==== 7-Sep-2012::11:49:32 ===
Loading routes from "/Users/ulfangermann/projects/erlang/speiseplan/priv/speiseplan.routes" ....

=INFO REPORT==== 7-Sep-2012::11:49:42 ===
Loading routes from "/Users/ulfangermann/projects/erlang/speiseplan/priv/speiseplan.routes" ....

=INFO REPORT==== 7-Sep-2012::11:49:42 ===
GET /booking [speiseplan] 302 113ms

=INFO REPORT==== 7-Sep-2012::11:49:42 ===
Loading routes from "/Users/ulfangermann/projects/erlang/speiseplan/priv/speiseplan.routes" ....

=INFO REPORT==== 7-Sep-2012::11:49:42 ===
GET /eater/login [speiseplan] 302 126ms

=INFO REPORT==== 7-Sep-2012::11:49:42 ===
Loading routes from "/Users/ulfangermann/projects/erlang/speiseplan/priv/speiseplan.routes" ....

=INFO REPORT==== 7-Sep-2012::11:49:42 ===
GET /eater/login [speiseplan] 302 130ms

=INFO REPORT==== 7-Sep-2012::11:49:42 ===
Loading routes from "/Users/ulfangermann/projects/erlang/speiseplan/priv/speiseplan.routes" ....

=INFO REPORT==== 7-Sep-2012::11:49:42 ===
GET /eater/login [speiseplan] 302 130ms

=INFO REPORT==== 7-Sep-2012::11:49:42 ===
Loading routes from "/Users/ulfangermann/projects/erlang/speiseplan/priv/speiseplan.routes" ....

=INFO REPORT==== 7-Sep-2012::11:49:43 ===
GET /eater/login [speiseplan] 302 135ms

=INFO REPORT==== 7-Sep-2012::11:49:43 ===
Loading routes from "/Users/ulfangermann/projects/erlang/speiseplan/priv/speiseplan.routes" ....

=INFO REPORT==== 7-Sep-2012::11:49:43 ===
GET /eater/login [speiseplan] 302 134ms

=INFO REPORT==== 7-Sep-2012::11:49:43 ===
Loading routes from "/Users/ulfangermann/projects/erlang/speiseplan/priv/speiseplan.routes" ....

=INFO REPORT==== 7-Sep-2012::11:49:43 ===
GET /eater/login [speiseplan] 302 131ms

=INFO REPORT==== 7-Sep-2012::11:49:43 ===
Loading routes from "/Users/ulfangermann/projects/erlang/speiseplan/priv/speiseplan.routes" ....

=INFO REPORT==== 7-Sep-2012::11:49:43 ===
GET /eater/login [speiseplan] 302 128ms

=INFO REPORT==== 7-Sep-2012::11:49:43 ===
Loading routes from "/Users/ulfangermann/projects/erlang/speiseplan/priv/speiseplan.routes" ....

=INFO REPORT==== 7-Sep-2012::11:49:43 ===
GET /eater/login [speiseplan] 302 128ms

=INFO REPORT==== 7-Sep-2012::11:49:43 ===
Loading routes from "/Users/ulfangermann/projects/erlang/speiseplan/priv/speiseplan.routes" ....

=INFO REPORT==== 7-Sep-2012::11:49:43 ===
GET /eater/login [speiseplan] 302 130ms

=INFO REPORT==== 7-Sep-2012::11:49:43 ===
Loading routes from "/Users/ulfangermann/projects/erlang/speiseplan/priv/speiseplan.routes" ....

=INFO REPORT==== 7-Sep-2012::11:49:43 ===
GET /eater/login [speiseplan] 302 129ms

=INFO REPORT==== 7-Sep-2012::11:49:43 ===
Loading routes from "/Users/ulfangermann/projects/erlang/speiseplan/priv/speiseplan.routes" ....

=INFO REPORT==== 7-Sep-2012::11:49:43 ===
GET /eater/login [speiseplan] 302 133ms

=INFO REPORT==== 7-Sep-2012::11:49:43 ===
Loading routes from "/Users/ulfangermann/projects/erlang/speiseplan/priv/speiseplan.routes" ....

=INFO REPORT==== 7-Sep-2012::11:49:44 ===
GET /eater/login [speiseplan] 302 131ms

=INFO REPORT==== 7-Sep-2012::11:49:44 ===
Loading routes from "/Users/ulfangermann/projects/erlang/speiseplan/priv/speiseplan.routes" ....

=INFO REPORT==== 7-Sep-2012::11:49:44 ===
GET /eater/login [speiseplan] 302 133ms

=INFO REPORT==== 7-Sep-2012::11:49:44 ===
Loading routes from "/Users/ulfangermann/projects/erlang/speiseplan/priv/speiseplan.routes" ....

=INFO REPORT==== 7-Sep-2012::11:49:44 ===
GET /eater/login [speiseplan] 302 128ms

=INFO REPORT==== 7-Sep-2012::11:49:44 ===
Loading routes from "/Users/ulfangermann/projects/erlang/speiseplan/priv/speiseplan.routes" ....

=INFO REPORT==== 7-Sep-2012::11:49:44 ===
GET /eater/login [speiseplan] 302 136ms

=INFO REPORT==== 7-Sep-2012::11:49:44 ===
Loading routes from "/Users/ulfangermann/projects/erlang/speiseplan/priv/speiseplan.routes" ....

=INFO REPORT==== 7-Sep-2012::11:49:44 ===
GET /eater/login [speiseplan] 302 135ms

=INFO REPORT==== 7-Sep-2012::11:49:44 ===
Loading routes from "/Users/ulfangermann/projects/erlang/speiseplan/priv/speiseplan.routes" ....

=INFO REPORT==== 7-Sep-2012::11:49:44 ===
GET /eater/login [speiseplan] 302 136ms

=INFO REPORT==== 7-Sep-2012::11:49:44 ===
Loading routes from "/Users/ulfangermann/projects/erlang/speiseplan/priv/speiseplan.routes" ....

=INFO REPORT==== 7-Sep-2012::11:49:44 ===
GET /eater/login [speiseplan] 302 136ms

=INFO REPORT==== 7-Sep-2012::11:49:44 ===
Loading routes from "/Users/ulfangermann/projects/erlang/speiseplan/priv/speiseplan.routes" ....

=INFO REPORT==== 7-Sep-2012::11:49:45 ===
GET /eater/login [speiseplan] 302 140ms

=INFO REPORT==== 7-Sep-2012::11:49:45 ===
Loading routes from "/Users/ulfangermann/projects/erlang/speiseplan/priv/speiseplan.routes" ....

=INFO REPORT==== 7-Sep-2012::11:49:45 ===
GET /eater/login [speiseplan] 302 138ms

=INFO REPORT==== 7-Sep-2012::11:49:58 ===
Loading routes from "/Users/ulfangermann/projects/erlang/speiseplan/priv/speiseplan.routes" ....

=ERROR REPORT==== 7-Sep-2012::11:49:58 ===
{{badmatch,{redirect,"/eater/login"}},
 [{user_lib,require_login,2,
            [{file,"/Users/ulfangermann/projects/erlang/speiseplan/src/lib/user_lib.erl"},
             {line,26}]},
  {boss_web_controller,execute_action,5,
                       [{file,"src/boss/boss_web_controller.erl"},{line,693}]},
  {boss_web_controller,process_request,5,
                       [{file,"src/boss/boss_web_controller.erl"},{line,460}]},
  {timer,tc,3,[{file,"timer.erl"},{line,194}]},
  {boss_web_controller,handle_request,3,
                       [{file,"src/boss/boss_web_controller.erl"},{line,388}]},
  {mochiweb_http,headers,5,[{file,"src/mochiweb_http.erl"},{line,90}]},
  {proc_lib,init_p_do_apply,3,[{file,"proc_lib.erl"},{line,227}]}]}

=ERROR REPORT==== 7-Sep-2012::11:49:58 ===
GET /admin/ [speiseplan] 500 138ms

=INFO REPORT==== 7-Sep-2012::11:50:11 ===
Loading routes from "/Users/ulfangermann/projects/erlang/speiseplan/priv/speiseplan.routes" ....

=INFO REPORT==== 7-Sep-2012::11:50:11 ===
GET /eater/login [speiseplan] 302 130ms

=INFO REPORT==== 7-Sep-2012::11:50:11 ===
Loading routes from "/Users/ulfangermann/projects/erlang/speiseplan/priv/speiseplan.routes" ....

=INFO REPORT==== 7-Sep-2012::11:50:11 ===
GET /eater/login [speiseplan] 302 135ms

=INFO REPORT==== 7-Sep-2012::11:50:11 ===
Loading routes from "/Users/ulfangermann/projects/erlang/speiseplan/priv/speiseplan.routes" ....

=INFO REPORT==== 7-Sep-2012::11:50:12 ===
GET /eater/login [speiseplan] 302 130ms

=INFO REPORT==== 7-Sep-2012::11:50:12 ===
Loading routes from "/Users/ulfangermann/projects/erlang/speiseplan/priv/speiseplan.routes" ....

=INFO REPORT==== 7-Sep-2012::11:50:12 ===
GET /eater/login [speiseplan] 302 136ms

=INFO REPORT==== 7-Sep-2012::11:50:12 ===
Loading routes from "/Users/ulfangermann/projects/erlang/speiseplan/priv/speiseplan.routes" ....

=INFO REPORT==== 7-Sep-2012::11:50:12 ===
GET /eater/login [speiseplan] 302 133ms

=INFO REPORT==== 7-Sep-2012::11:50:12 ===
Loading routes from "/Users/ulfangermann/projects/erlang/speiseplan/priv/speiseplan.routes" ....

=INFO REPORT==== 7-Sep-2012::11:50:12 ===
GET /eater/login [speiseplan] 302 129ms

=INFO REPORT==== 7-Sep-2012::11:50:12 ===
Loading routes from "/Users/ulfangermann/projects/erlang/speiseplan/priv/speiseplan.routes" ....

=INFO REPORT==== 7-Sep-2012::11:50:12 ===
GET /eater/login [speiseplan] 302 136ms

=INFO REPORT==== 7-Sep-2012::11:50:12 ===
Loading routes from "/Users/ulfangermann/projects/erlang/speiseplan/priv/speiseplan.routes" ....

=INFO REPORT==== 7-Sep-2012::11:50:12 ===
GET /eater/login [speiseplan] 302 131ms

=INFO REPORT==== 7-Sep-2012::11:50:12 ===
Loading routes from "/Users/ulfangermann/projects/erlang/speiseplan/priv/speiseplan.routes" ....

=INFO REPORT==== 7-Sep-2012::11:50:12 ===
GET /eater/login [speiseplan] 302 130ms

=INFO REPORT==== 7-Sep-2012::11:50:12 ===
Loading routes from "/Users/ulfangermann/projects/erlang/speiseplan/priv/speiseplan.routes" ....

=INFO REPORT==== 7-Sep-2012::11:50:13 ===
GET /eater/login [speiseplan] 302 131ms

=INFO REPORT==== 7-Sep-2012::11:50:13 ===
Loading routes from "/Users/ulfangermann/projects/erlang/speiseplan/priv/speiseplan.routes" ....

=INFO REPORT==== 7-Sep-2012::11:50:13 ===
GET /eater/login [speiseplan] 302 132ms

=INFO REPORT==== 7-Sep-2012::11:50:13 ===
Loading routes from "/Users/ulfangermann/projects/erlang/speiseplan/priv/speiseplan.routes" ....

=INFO REPORT==== 7-Sep-2012::11:50:13 ===
GET /eater/login [speiseplan] 302 131ms

=INFO REPORT==== 7-Sep-2012::11:50:13 ===
Loading routes from "/Users/ulfangermann/projects/erlang/speiseplan/priv/speiseplan.routes" ....

=INFO REPORT==== 7-Sep-2012::11:50:13 ===
GET /eater/login [speiseplan] 302 130ms

=INFO REPORT==== 7-Sep-2012::11:50:13 ===
Loading routes from "/Users/ulfangermann/projects/erlang/speiseplan/priv/speiseplan.routes" ....

=INFO REPORT==== 7-Sep-2012::11:50:13 ===
GET /eater/login [speiseplan] 302 131ms

=INFO REPORT==== 7-Sep-2012::11:50:13 ===
Loading routes from "/Users/ulfangermann/projects/erlang/speiseplan/priv/speiseplan.routes" ....

=INFO REPORT==== 7-Sep-2012::11:50:13 ===
GET /eater/login [speiseplan] 302 135ms

=INFO REPORT==== 7-Sep-2012::11:50:13 ===
Loading routes from "/Users/ulfangermann/projects/erlang/speiseplan/priv/speiseplan.routes" ....

=INFO REPORT==== 7-Sep-2012::11:50:13 ===
GET /eater/login [speiseplan] 302 132ms

=INFO REPORT==== 7-Sep-2012::11:50:13 ===
Loading routes from "/Users/ulfangermann/projects/erlang/speiseplan/priv/speiseplan.routes" ....

=INFO REPORT==== 7-Sep-2012::11:50:14 ===
GET /eater/login [speiseplan] 302 136ms

=INFO REPORT==== 7-Sep-2012::11:50:14 ===
Loading routes from "/Users/ulfangermann/projects/erlang/speiseplan/priv/speiseplan.routes" ....

=INFO REPORT==== 7-Sep-2012::11:50:14 ===
GET /eater/login [speiseplan] 302 133ms

=INFO REPORT==== 7-Sep-2012::11:50:14 ===
Loading routes from "/Users/ulfangermann/projects/erlang/speiseplan/priv/speiseplan.routes" ....

=INFO REPORT==== 7-Sep-2012::11:50:14 ===
GET /eater/login [speiseplan] 302 131ms

=INFO REPORT==== 7-Sep-2012::11:50:14 ===
Loading routes from "/Users/ulfangermann/projects/erlang/speiseplan/priv/speiseplan.routes" ....

=INFO REPORT==== 7-Sep-2012::11:50:14 ===
GET /eater/login [speiseplan] 302 130ms

=INFO REPORT==== 7-Sep-2012::11:50:14 ===
Loading routes from "/Users/ulfangermann/projects/erlang/speiseplan/priv/speiseplan.routes" ....

=INFO REPORT==== 7-Sep-2012::11:50:14 ===
GET /eater/login [speiseplan] 302 127ms

=INFO REPORT==== 7-Sep-2012::11:50:14 ===
Loading routes from "/Users/ulfangermann/projects/erlang/speiseplan/priv/speiseplan.routes" ....

=INFO REPORT==== 7-Sep-2012::11:50:14 ===
GET /eater/create [speiseplan] 302 129ms

=INFO REPORT==== 7-Sep-2012::11:50:14 ===
Loading routes from "/Users/ulfangermann/projects/erlang/speiseplan/priv/speiseplan.routes" ....

=INFO REPORT==== 7-Sep-2012::11:50:14 ===
GET /eater/login [speiseplan] 302 129ms

=INFO REPORT==== 7-Sep-2012::11:50:14 ===
Loading routes from "/Users/ulfangermann/projects/erlang/speiseplan/priv/speiseplan.routes" ....

=INFO REPORT==== 7-Sep-2012::11:50:15 ===
GET /eater/login [speiseplan] 302 133ms

=INFO REPORT==== 7-Sep-2012::11:50:15 ===
Loading routes from "/Users/ulfangermann/projects/erlang/speiseplan/priv/speiseplan.routes" ....

=INFO REPORT==== 7-Sep-2012::11:50:15 ===
GET /eater/login [speiseplan] 302 132ms

=INFO REPORT==== 7-Sep-2012::11:50:15 ===
Loading routes from "/Users/ulfangermann/projects/erlang/speiseplan/priv/speiseplan.routes" ....

=INFO REPORT==== 7-Sep-2012::11:50:15 ===
GET /eater/login [speiseplan] 302 128ms

=INFO REPORT==== 7-Sep-2012::11:50:15 ===
Loading routes from "/Users/ulfangermann/projects/erlang/speiseplan/priv/speiseplan.routes" ....

=INFO REPORT==== 7-Sep-2012::11:50:15 ===
GET /eater/login [speiseplan] 302 132ms

=INFO REPORT==== 7-Sep-2012::11:50:15 ===
Loading routes from "/Users/ulfangermann/projects/erlang/speiseplan/priv/speiseplan.routes" ....

=INFO REPORT==== 7-Sep-2012::11:50:15 ===
GET /eater/login [speiseplan] 302 135ms

=INFO REPORT==== 7-Sep-2012::11:50:15 ===
Loading routes from "/Users/ulfangermann/projects/erlang/speiseplan/priv/speiseplan.routes" ....

=INFO REPORT==== 7-Sep-2012::11:50:15 ===
GET /eater/login [speiseplan] 302 134ms

=INFO REPORT==== 7-Sep-2012::11:50:15 ===
Loading routes from "/Users/ulfangermann/projects/erlang/speiseplan/priv/speiseplan.routes" ....

=INFO REPORT==== 7-Sep-2012::11:50:15 ===
GET /eater/login [speiseplan] 302 135ms

=INFO REPORT==== 7-Sep-2012::11:50:15 ===
Loading routes from "/Users/ulfangermann/projects/erlang/speiseplan/priv/speiseplan.routes" ....

=INFO REPORT==== 7-Sep-2012::11:50:15 ===
GET /eater/login [speiseplan] 302 134ms

=INFO REPORT==== 7-Sep-2012::11:50:15 ===
Loading routes from "/Users/ulfangermann/projects/erlang/speiseplan/priv/speiseplan.routes" ....

=INFO REPORT==== 7-Sep-2012::11:50:16 ===
GET /eater/login [speiseplan] 302 132ms

=INFO REPORT==== 7-Sep-2012::11:50:16 ===
Loading routes from "/Users/ulfangermann/projects/erlang/speiseplan/priv/speiseplan.routes" ....

=INFO REPORT==== 7-Sep-2012::11:50:16 ===
GET /eater/login [speiseplan] 302 131ms

=INFO REPORT==== 7-Sep-2012::11:50:16 ===
Loading routes from "/Users/ulfangermann/projects/erlang/speiseplan/priv/speiseplan.routes" ....

=INFO REPORT==== 7-Sep-2012::11:50:16 ===
GET /eater/login [speiseplan] 302 126ms

=INFO REPORT==== 7-Sep-2012::11:50:16 ===
Loading routes from "/Users/ulfangermann/projects/erlang/speiseplan/priv/speiseplan.routes" ....

=INFO REPORT==== 7-Sep-2012::11:50:16 ===
GET /eater/login [speiseplan] 302 129ms

=INFO REPORT==== 7-Sep-2012::11:50:16 ===
Loading routes from "/Users/ulfangermann/projects/erlang/speiseplan/priv/speiseplan.routes" ....

=INFO REPORT==== 7-Sep-2012::11:50:16 ===
GET /eater/login [speiseplan] 302 135ms

=INFO REPORT==== 7-Sep-2012::11:50:16 ===
Loading routes from "/Users/ulfangermann/projects/erlang/speiseplan/priv/speiseplan.routes" ....

=INFO REPORT==== 7-Sep-2012::11:50:16 ===
GET /eater/login [speiseplan] 302 132ms

=INFO REPORT==== 7-Sep-2012::11:50:16 ===
Loading routes from "/Users/ulfangermann/projects/erlang/speiseplan/priv/speiseplan.routes" ....

=INFO REPORT==== 7-Sep-2012::11:50:16 ===
GET /eater/login [speiseplan] 302 127ms

=INFO REPORT==== 7-Sep-2012::11:50:16 ===
Loading routes from "/Users/ulfangermann/projects/erlang/speiseplan/priv/speiseplan.routes" ....

=INFO REPORT==== 7-Sep-2012::11:50:17 ===
GET /eater/login [speiseplan] 302 140ms

=INFO REPORT==== 7-Sep-2012::11:50:17 ===
Loading routes from "/Users/ulfangermann/projects/erlang/speiseplan/priv/speiseplan.routes" ....

=INFO REPORT==== 7-Sep-2012::11:50:17 ===
GET /eater/login [speiseplan] 302 130ms

=INFO REPORT==== 7-Sep-2012::11:50:17 ===
Loading routes from "/Users/ulfangermann/projects/erlang/speiseplan/priv/speiseplan.routes" ....

=INFO REPORT==== 7-Sep-2012::11:50:17 ===
GET /eater/login [speiseplan] 302 128ms

=INFO REPORT==== 7-Sep-2012::11:50:17 ===
Loading routes from "/Users/ulfangermann/projects/erlang/speiseplan/priv/speiseplan.routes" ....

=INFO REPORT==== 7-Sep-2012::11:50:17 ===
GET /eater/login [speiseplan] 302 134ms

=INFO REPORT==== 7-Sep-2012::11:51:01 ===
Loading routes from "/Users/ulfangermann/projects/erlang/speiseplan/priv/speiseplan.routes" ....

=INFO REPORT==== 7-Sep-2012::11:51:01 ===
GET /eater/login [speiseplan] 302 138ms

=INFO REPORT==== 7-Sep-2012::11:51:01 ===
Loading routes from "/Users/ulfangermann/projects/erlang/speiseplan/priv/speiseplan.routes" ....

=INFO REPORT==== 7-Sep-2012::11:51:01 ===
GET /eater/login [speiseplan] 302 136ms

=INFO REPORT==== 7-Sep-2012::11:51:01 ===
Loading routes from "/Users/ulfangermann/projects/erlang/speiseplan/priv/speiseplan.routes" ....

=INFO REPORT==== 7-Sep-2012::11:51:01 ===
GET /eater/login [speiseplan] 302 135ms

=INFO REPORT==== 7-Sep-2012::11:51:01 ===
Loading routes from "/Users/ulfangermann/projects/erlang/speiseplan/priv/speiseplan.routes" ....

=INFO REPORT==== 7-Sep-2012::11:51:01 ===
GET /eater/login [speiseplan] 302 139ms

=INFO REPORT==== 7-Sep-2012::11:51:01 ===
Loading routes from "/Users/ulfangermann/projects/erlang/speiseplan/priv/speiseplan.routes" ....

=INFO REPORT==== 7-Sep-2012::11:51:02 ===
GET /eater/login [speiseplan] 302 137ms

=INFO REPORT==== 7-Sep-2012::11:51:02 ===
Loading routes from "/Users/ulfangermann/projects/erlang/speiseplan/priv/speiseplan.routes" ....

=INFO REPORT==== 7-Sep-2012::11:51:02 ===
GET /eater/login [speiseplan] 302 135ms

=INFO REPORT==== 7-Sep-2012::11:51:02 ===
Loading routes from "/Users/ulfangermann/projects/erlang/speiseplan/priv/speiseplan.routes" ....

=INFO REPORT==== 7-Sep-2012::11:51:02 ===
GET /eater/login [speiseplan] 302 136ms

=INFO REPORT==== 7-Sep-2012::11:51:02 ===
Loading routes from "/Users/ulfangermann/projects/erlang/speiseplan/priv/speiseplan.routes" ....

=INFO REPORT==== 7-Sep-2012::11:51:02 ===
GET /eater/login [speiseplan] 302 137ms

=INFO REPORT==== 7-Sep-2012::11:51:02 ===
Loading routes from "/Users/ulfangermann/projects/erlang/speiseplan/priv/speiseplan.routes" ....

=INFO REPORT==== 7-Sep-2012::11:51:02 ===
GET /eater/login [speiseplan] 302 137ms

=INFO REPORT==== 7-Sep-2012::11:51:02 ===
Loading routes from "/Users/ulfangermann/projects/erlang/speiseplan/priv/speiseplan.routes" ....

=INFO REPORT==== 7-Sep-2012::11:51:02 ===
GET /eater/login [speiseplan] 302 140ms

=INFO REPORT==== 7-Sep-2012::11:51:02 ===
Loading routes from "/Users/ulfangermann/projects/erlang/speiseplan/priv/speiseplan.routes" ....

=INFO REPORT==== 7-Sep-2012::11:51:02 ===
GET /eater/login [speiseplan] 302 140ms

=INFO REPORT==== 7-Sep-2012::11:51:02 ===
Loading routes from "/Users/ulfangermann/projects/erlang/speiseplan/priv/speiseplan.routes" ....

=INFO REPORT==== 7-Sep-2012::11:51:02 ===
GET /eater/login [speiseplan] 302 136ms

=INFO REPORT==== 7-Sep-2012::11:51:02 ===
Loading routes from "/Users/ulfangermann/projects/erlang/speiseplan/priv/speiseplan.routes" ....

=INFO REPORT==== 7-Sep-2012::11:51:03 ===
GET /eater/login [speiseplan] 302 132ms

=INFO REPORT==== 7-Sep-2012::11:51:03 ===
Loading routes from "/Users/ulfangermann/projects/erlang/speiseplan/priv/speiseplan.routes" ....

=INFO REPORT==== 7-Sep-2012::11:51:03 ===
GET /eater/login [speiseplan] 302 137ms

=INFO REPORT==== 7-Sep-2012::11:51:03 ===
Loading routes from "/Users/ulfangermann/projects/erlang/speiseplan/priv/speiseplan.routes" ....

=INFO REPORT==== 7-Sep-2012::11:51:03 ===
GET /eater/login [speiseplan] 302 138ms

=INFO REPORT==== 7-Sep-2012::11:51:03 ===
Loading routes from "/Users/ulfangermann/projects/erlang/speiseplan/priv/speiseplan.routes" ....

=INFO REPORT==== 7-Sep-2012::11:51:03 ===
GET /eater/login [speiseplan] 302 139ms

=INFO REPORT==== 7-Sep-2012::11:51:03 ===
Loading routes from "/Users/ulfangermann/projects/erlang/speiseplan/priv/speiseplan.routes" ....

=INFO REPORT==== 7-Sep-2012::11:51:03 ===
GET /eater/login [speiseplan] 302 137ms

=INFO REPORT==== 7-Sep-2012::11:51:03 ===
Loading routes from "/Users/ulfangermann/projects/erlang/speiseplan/priv/speiseplan.routes" ....

=INFO REPORT==== 7-Sep-2012::11:51:03 ===
GET /eater/login [speiseplan] 302 142ms

=INFO REPORT==== 7-Sep-2012::11:51:03 ===
Loading routes from "/Users/ulfangermann/projects/erlang/speiseplan/priv/speiseplan.routes" ....

=INFO REPORT==== 7-Sep-2012::11:51:03 ===
GET /eater/login [speiseplan] 302 137ms

=INFO REPORT==== 7-Sep-2012::11:51:03 ===
Loading routes from "/Users/ulfangermann/projects/erlang/speiseplan/priv/speiseplan.routes" ....

=INFO REPORT==== 7-Sep-2012::11:51:04 ===
GET /eater/login [speiseplan] 302 135ms

=INFO REPORT==== 7-Sep-2012::11:51:04 ===
Loading routes from "/Users/ulfangermann/projects/erlang/speiseplan/priv/speiseplan.routes" ....

=INFO REPORT==== 7-Sep-2012::11:51:04 ===
GET /eater/login [speiseplan] 302 134ms
