
=INFO REPORT==== 24-Aug-2012::14:43:58 ===
Starting Boss in development mode....

=INFO REPORT==== 24-Aug-2012::14:43:58 ===
Starting master services on speiseplan@noname

=INFO REPORT==== 24-Aug-2012::14:43:58 ===
SSL:[]

=INFO REPORT==== 24-Aug-2012::14:43:58 ===
Loading routes from "/Users/ulfangermann/projects/erlang/speiseplan/priv/speiseplan.routes" ....

=INFO REPORT==== 24-Aug-2012::14:44:05 ===
Loading routes from "/Users/ulfangermann/projects/erlang/speiseplan/priv/speiseplan.routes" ....

=ERROR REPORT==== 24-Aug-2012::14:44:05 ===
{function_clause,
    [{erlydtl_runtime,init_counter_stats,
         [undefined,undefined],
         [{file,"src/erlydtl_runtime.erl"},{line,208}]},
     {speiseplan_view_mahlzeiten_index_html,render_internal,4,[]},
     {speiseplan_view_mahlzeiten_index_html,render,2,[]},
     {boss_web_controller,render_view,6,
         [{file,"src/boss/boss_web_controller.erl"},{line,843}]},
     {boss_web_controller,execute_action,5,
         [{file,"src/boss/boss_web_controller.erl"},{line,732}]},
     {boss_web_controller,process_request,5,
         [{file,"src/boss/boss_web_controller.erl"},{line,460}]},
     {timer,tc,3,[{file,"timer.erl"},{line,194}]},
     {boss_web_controller,handle_request,3,
         [{file,"src/boss/boss_web_controller.erl"},{line,388}]}]}

=ERROR REPORT==== 24-Aug-2012::14:44:05 ===
GET /mahlzeiten/index [speiseplan] 500 24ms

=INFO REPORT==== 24-Aug-2012::14:44:22 ===
Loading routes from "/Users/ulfangermann/projects/erlang/speiseplan/priv/speiseplan.routes" ....

=INFO REPORT==== 24-Aug-2012::14:44:22 ===
GET /mahlzeiten/list [speiseplan] 200 32ms
