
=INFO REPORT==== 3-Sep-2012::16:33:24 ===
Starting Boss in development mode....

=INFO REPORT==== 3-Sep-2012::16:33:25 ===
Starting master services on 'speiseplan@Ulf-Angermann-s-MacBook-Pro'

=INFO REPORT==== 3-Sep-2012::16:33:25 ===
SSL:[]

=INFO REPORT==== 3-Sep-2012::16:33:25 ===
Loading routes from "/Users/ulfangermann/projects/erlang/speiseplan/priv/speiseplan.routes" ....

=INFO REPORT==== 3-Sep-2012::16:33:25 ===
    application: mnesia
    exited: stopped
    type: temporary

=INFO REPORT==== 3-Sep-2012::16:34:00 ===
Loading routes from "/Users/ulfangermann/projects/erlang/speiseplan/priv/speiseplan.routes" ....

=ERROR REPORT==== 3-Sep-2012::16:34:01 ===
** Generic server <0.80.0> terminating 
** Last message in was {save_record,
                           {eater,id,"ua","598f04fd6e3586a93d27aa1ddcf5f2e6",
                               "Ulf","Angermann",undefined,5,false,
                               "ua@innoq.com"}}
** When Server state == {state,boss_db_adapter_mnesia,undefined,[],
                               {dict,0,16,16,8,80,48,
                                     {[],[],[],[],[],[],[],[],[],[],[],[],[],
                                      [],[],[]},
                                     {{[],[],[],[],[],[],[],[],[],[],[],[],[],
                                       [],[],[]}}},
                               false,60,db,0}
** Reason for termination == 
** {aborted,{combine_error,'_ids_',update_counter}}

=ERROR REPORT==== 3-Sep-2012::16:34:01 ===
{{aborted,{combine_error,'_ids_',update_counter}},
 {gen_server,call,
             [<0.80.0>,
              {save_record,{eater,id,"ua","598f04fd6e3586a93d27aa1ddcf5f2e6",
                                  "Ulf","Angermann",undefined,5,false,
                                  "ua@innoq.com"}},
              30000]}}

=ERROR REPORT==== 3-Sep-2012::16:34:01 ===
POST /registration/create [speiseplan] 500 121ms
