
=INFO REPORT==== 24-Aug-2012::17:52:09 ===
Starting Boss in development mode....

=INFO REPORT==== 24-Aug-2012::17:52:09 ===
Starting master services on speiseplan@noname

=INFO REPORT==== 24-Aug-2012::17:52:09 ===
SSL:[]

=INFO REPORT==== 24-Aug-2012::17:52:09 ===
Loading routes from "/Users/ulfangermann/projects/erlang/speiseplan/priv/speiseplan.routes" ....

=INFO REPORT==== 24-Aug-2012::17:52:17 ===
Loading routes from "/Users/ulfangermann/projects/erlang/speiseplan/priv/speiseplan.routes" ....

=ERROR REPORT==== 24-Aug-2012::17:52:17 ===
** Generic server <0.125.0> terminating 
** Last message in was {unroute,"eater","create",[]}
** When Server state == {state,speiseplan,
                               ["speiseplan_eater_controller",
                                "speiseplan_mahlzeiten_controller"],
                               28695,32792}
** Reason for termination == 
** {'module could not be loaded',
       [{speiseplan_eater_controller,module_info,[exports],[]},
        {boss_controller_lib,convert_params_to_tokens,3,
            [{file,"src/boss/boss_controller_lib.erl"},{line,5}]},
        {boss_router_controller,handle_call,3,
            [{file,"src/boss/boss_router_controller.erl"},{line,95}]},
        {gen_server,handle_msg,5,[{file,"gen_server.erl"},{line,578}]},
        {proc_lib,init_p_do_apply,3,[{file,"proc_lib.erl"},{line,227}]}]}

=ERROR REPORT==== 24-Aug-2012::17:52:17 ===
{{undef,[{speiseplan_eater_controller,module_info,[exports],[]},
         {boss_controller_lib,convert_params_to_tokens,3,
                              [{file,"src/boss/boss_controller_lib.erl"},
                               {line,5}]},
         {boss_router_controller,handle_call,3,
                                 [{file,"src/boss/boss_router_controller.erl"},
                                  {line,95}]},
         {gen_server,handle_msg,5,[{file,"gen_server.erl"},{line,578}]},
         {proc_lib,init_p_do_apply,3,[{file,"proc_lib.erl"},{line,227}]}]},
 {gen_server,call,[<0.125.0>,{unroute,"eater","create",[]}]}}

=INFO REPORT==== 24-Aug-2012::17:52:17 ===
Loading routes from "/Users/ulfangermann/projects/erlang/speiseplan/priv/speiseplan.routes" ....

=INFO REPORT==== 24-Aug-2012::17:53:48 ===
Loading routes from "/Users/ulfangermann/projects/erlang/speiseplan/priv/speiseplan.routes" ....

=ERROR REPORT==== 24-Aug-2012::17:53:48 ===
** Generic server <0.159.0> terminating 
** Last message in was {unroute,"eater","create",[]}
** When Server state == {state,speiseplan,
                               ["speiseplan_eater_controller",
                                "speiseplan_mahlzeiten_controller"],
                               36888,40983}
** Reason for termination == 
** {'module could not be loaded',
       [{speiseplan_eater_controller,module_info,[exports],[]},
        {boss_controller_lib,convert_params_to_tokens,3,
            [{file,"src/boss/boss_controller_lib.erl"},{line,5}]},
        {boss_router_controller,handle_call,3,
            [{file,"src/boss/boss_router_controller.erl"},{line,95}]},
        {gen_server,handle_msg,5,[{file,"gen_server.erl"},{line,578}]},
        {proc_lib,init_p_do_apply,3,[{file,"proc_lib.erl"},{line,227}]}]}

=ERROR REPORT==== 24-Aug-2012::17:53:48 ===
{{undef,[{speiseplan_eater_controller,module_info,[exports],[]},
         {boss_controller_lib,convert_params_to_tokens,3,
                              [{file,"src/boss/boss_controller_lib.erl"},
                               {line,5}]},
         {boss_router_controller,handle_call,3,
                                 [{file,"src/boss/boss_router_controller.erl"},
                                  {line,95}]},
         {gen_server,handle_msg,5,[{file,"gen_server.erl"},{line,578}]},
         {proc_lib,init_p_do_apply,3,[{file,"proc_lib.erl"},{line,227}]}]},
 {gen_server,call,[<0.159.0>,{unroute,"eater","create",[]}]}}

=INFO REPORT==== 24-Aug-2012::17:53:48 ===
Loading routes from "/Users/ulfangermann/projects/erlang/speiseplan/priv/speiseplan.routes" ....
