
=INFO REPORT==== 31-Aug-2012::17:35:38 ===
Starting Boss in development mode....

=INFO REPORT==== 31-Aug-2012::17:35:38 ===
Starting master services on 'speiseplan@Ulf-Angermann-s-MacBook-Pro'

=INFO REPORT==== 31-Aug-2012::17:35:38 ===
SSL:[]

=INFO REPORT==== 31-Aug-2012::17:35:38 ===
Loading routes from "/Users/ulfangermann/projects/erlang/speiseplan/priv/speiseplan.routes" ....

=INFO REPORT==== 31-Aug-2012::17:35:44 ===
Loading routes from "/Users/ulfangermann/projects/erlang/speiseplan/priv/speiseplan.routes" ....

=ERROR REPORT==== 31-Aug-2012::17:35:44 ===
{{badmatch,{redirect,"/eater/login"}},
 [{user_lib,require_login,2,
            [{file,"/Users/ulfangermann/projects/erlang/speiseplan/src/lib/user_lib.erl"},
             {line,26}]},
  {boss_web_controller,execute_action,5,
                       [{file,"src/boss/boss_web_controller.erl"},{line,693}]},
  {boss_web_controller,process_request,5,
                       [{file,"src/boss/boss_web_controller.erl"},{line,460}]},
  {timer,tc,3,[{file,"timer.erl"},{line,194}]},
  {boss_web_controller,handle_request,3,
                       [{file,"src/boss/boss_web_controller.erl"},{line,388}]},
  {mochiweb_http,headers,5,[{file,"src/mochiweb_http.erl"},{line,90}]},
  {proc_lib,init_p_do_apply,3,[{file,"proc_lib.erl"},{line,227}]}]}

=ERROR REPORT==== 31-Aug-2012::17:35:44 ===
GET /admin/ [speiseplan] 500 106ms

=INFO REPORT==== 31-Aug-2012::17:36:05 ===
Loading routes from "/Users/ulfangermann/projects/erlang/speiseplan/priv/speiseplan.routes" ....

=ERROR REPORT==== 31-Aug-2012::17:36:05 ===
{{badmatch,{redirect,"/eater/login"}},
 [{user_lib,require_login,2,
            [{file,"/Users/ulfangermann/projects/erlang/speiseplan/src/lib/user_lib.erl"},
             {line,26}]},
  {boss_web_controller,execute_action,5,
                       [{file,"src/boss/boss_web_controller.erl"},{line,693}]},
  {boss_web_controller,process_request,5,
                       [{file,"src/boss/boss_web_controller.erl"},{line,460}]},
  {timer,tc,3,[{file,"timer.erl"},{line,194}]},
  {boss_web_controller,handle_request,3,
                       [{file,"src/boss/boss_web_controller.erl"},{line,388}]},
  {mochiweb_http,headers,5,[{file,"src/mochiweb_http.erl"},{line,90}]},
  {proc_lib,init_p_do_apply,3,[{file,"proc_lib.erl"},{line,227}]}]}

=ERROR REPORT==== 31-Aug-2012::17:36:05 ===
GET /admin/ [speiseplan] 500 114ms

=INFO REPORT==== 31-Aug-2012::17:36:17 ===
Loading routes from "/Users/ulfangermann/projects/erlang/speiseplan/priv/speiseplan.routes" ....

=ERROR REPORT==== 31-Aug-2012::17:36:17 ===
{function_clause,
    [{speiseplan_eater_controller,create,
         ['GET',[],
          {speiseplan_eater_controller,
              {simple_bridge_request_wrapper,mochiweb_request_bridge,
                  {mochiweb_request,#Port<0.11616>,'GET',"/eater/create",
                      {1,1},
                      {7,
                       {"host",
                        {'Host',"localhost:8001"},
                        {"accept",
                         {'Accept',
                             "text/html,application/xhtml+xml,application/xml;q=0.9,*/*;q=0.8"},
                         nil,
                         {"accept-language",
                          {'Accept-Language',"en-us"},
                          {"accept-encoding",
                           {'Accept-Encoding',"gzip, deflate"},
                           nil,nil},
                          {"cookie",
                           {'Cookie',
                               "_boss_session=49a4464cd55d7977deac8d369e6f13b40ef8f9ab; session_id=3e0b0dce7a329e269e6ec49f345c7621; user_id=eater-1"},
                           {"connection",{'Connection',"keep-alive"},nil,nil},
                           nil}}},
                        {"user-agent",
                         {'User-Agent',
                             "Mozilla/5.0 (Macintosh; Intel Mac OS X 10_7_4) AppleWebKit/536.25 (KHTML, like Gecko) Version/6.0 Safari/536.25"},
                         nil,nil}}}},
                  false,[],[],none}}],
         [{file,
              "/Users/ulfangermann/projects/erlang/speiseplan/src/controller/speiseplan_eater_controller.erl"},
          {line,43}]},
     {boss_web_controller,execute_action,5,
         [{file,"src/boss/boss_web_controller.erl"},{line,711}]},
     {boss_web_controller,process_request,5,
         [{file,"src/boss/boss_web_controller.erl"},{line,460}]},
     {timer,tc,3,[{file,"timer.erl"},{line,194}]},
     {boss_web_controller,handle_request,3,
         [{file,"src/boss/boss_web_controller.erl"},{line,388}]},
     {mochiweb_http,headers,5,[{file,"src/mochiweb_http.erl"},{line,90}]},
     {proc_lib,init_p_do_apply,3,[{file,"proc_lib.erl"},{line,227}]}]}

=ERROR REPORT==== 31-Aug-2012::17:36:17 ===
GET /eater/create [speiseplan] 500 117ms

=INFO REPORT==== 31-Aug-2012::17:36:20 ===
Loading routes from "/Users/ulfangermann/projects/erlang/speiseplan/priv/speiseplan.routes" ....

=INFO REPORT==== 31-Aug-2012::17:36:20 ===
GET /eater/ [speiseplan] 200 125ms

=INFO REPORT==== 31-Aug-2012::17:36:55 ===
Loading routes from "/Users/ulfangermann/projects/erlang/speiseplan/priv/speiseplan.routes" ....

=ERROR REPORT==== 31-Aug-2012::17:36:55 ===
{{badmatch,{redirect,"/eater/index"}},
 [{user_lib,require_login,2,
            [{file,"/Users/ulfangermann/projects/erlang/speiseplan/src/lib/user_lib.erl"},
             {line,26}]},
  {boss_web_controller,execute_action,5,
                       [{file,"src/boss/boss_web_controller.erl"},{line,693}]},
  {boss_web_controller,process_request,5,
                       [{file,"src/boss/boss_web_controller.erl"},{line,460}]},
  {timer,tc,3,[{file,"timer.erl"},{line,194}]},
  {boss_web_controller,handle_request,3,
                       [{file,"src/boss/boss_web_controller.erl"},{line,388}]},
  {mochiweb_http,headers,5,[{file,"src/mochiweb_http.erl"},{line,90}]},
  {proc_lib,init_p_do_apply,3,[{file,"proc_lib.erl"},{line,227}]}]}

=ERROR REPORT==== 31-Aug-2012::17:36:55 ===
GET /admin/ [speiseplan] 500 118ms

=INFO REPORT==== 31-Aug-2012::17:37:05 ===
Loading routes from "/Users/ulfangermann/projects/erlang/speiseplan/priv/speiseplan.routes" ....

=ERROR REPORT==== 31-Aug-2012::17:37:05 ===
{{badmatch,{redirect,"/eater"}},
 [{user_lib,require_login,2,
            [{file,"/Users/ulfangermann/projects/erlang/speiseplan/src/lib/user_lib.erl"},
             {line,26}]},
  {boss_web_controller,execute_action,5,
                       [{file,"src/boss/boss_web_controller.erl"},{line,693}]},
  {boss_web_controller,process_request,5,
                       [{file,"src/boss/boss_web_controller.erl"},{line,460}]},
  {timer,tc,3,[{file,"timer.erl"},{line,194}]},
  {boss_web_controller,handle_request,3,
                       [{file,"src/boss/boss_web_controller.erl"},{line,388}]},
  {mochiweb_http,headers,5,[{file,"src/mochiweb_http.erl"},{line,90}]},
  {proc_lib,init_p_do_apply,3,[{file,"proc_lib.erl"},{line,227}]}]}

=ERROR REPORT==== 31-Aug-2012::17:37:05 ===
GET /admin/ [speiseplan] 500 120ms

=INFO REPORT==== 31-Aug-2012::17:37:05 ===
Loading routes from "/Users/ulfangermann/projects/erlang/speiseplan/priv/speiseplan.routes" ....

=ERROR REPORT==== 31-Aug-2012::17:37:05 ===
{{badmatch,{redirect,"/eater"}},
 [{user_lib,require_login,2,
            [{file,"/Users/ulfangermann/projects/erlang/speiseplan/src/lib/user_lib.erl"},
             {line,26}]},
  {boss_web_controller,execute_action,5,
                       [{file,"src/boss/boss_web_controller.erl"},{line,693}]},
  {boss_web_controller,process_request,5,
                       [{file,"src/boss/boss_web_controller.erl"},{line,460}]},
  {timer,tc,3,[{file,"timer.erl"},{line,194}]},
  {boss_web_controller,handle_request,3,
                       [{file,"src/boss/boss_web_controller.erl"},{line,388}]},
  {mochiweb_http,headers,5,[{file,"src/mochiweb_http.erl"},{line,90}]},
  {proc_lib,init_p_do_apply,3,[{file,"proc_lib.erl"},{line,227}]}]}

=ERROR REPORT==== 31-Aug-2012::17:37:05 ===
GET /admin/ [speiseplan] 500 120ms

=INFO REPORT==== 31-Aug-2012::17:37:05 ===
Loading routes from "/Users/ulfangermann/projects/erlang/speiseplan/priv/speiseplan.routes" ....

=ERROR REPORT==== 31-Aug-2012::17:37:06 ===
{{badmatch,{redirect,"/eater"}},
 [{user_lib,require_login,2,
            [{file,"/Users/ulfangermann/projects/erlang/speiseplan/src/lib/user_lib.erl"},
             {line,26}]},
  {boss_web_controller,execute_action,5,
                       [{file,"src/boss/boss_web_controller.erl"},{line,693}]},
  {boss_web_controller,process_request,5,
                       [{file,"src/boss/boss_web_controller.erl"},{line,460}]},
  {timer,tc,3,[{file,"timer.erl"},{line,194}]},
  {boss_web_controller,handle_request,3,
                       [{file,"src/boss/boss_web_controller.erl"},{line,388}]},
  {mochiweb_http,headers,5,[{file,"src/mochiweb_http.erl"},{line,90}]},
  {proc_lib,init_p_do_apply,3,[{file,"proc_lib.erl"},{line,227}]}]}

=ERROR REPORT==== 31-Aug-2012::17:37:06 ===
GET /admin/ [speiseplan] 500 119ms

=INFO REPORT==== 31-Aug-2012::17:37:38 ===
Loading routes from "/Users/ulfangermann/projects/erlang/speiseplan/priv/speiseplan.routes" ....

=INFO REPORT==== 31-Aug-2012::17:37:38 ===
GET /eater/login [speiseplan] 200 119ms

=INFO REPORT==== 31-Aug-2012::17:37:41 ===
Loading routes from "/Users/ulfangermann/projects/erlang/speiseplan/priv/speiseplan.routes" ....

=INFO REPORT==== 31-Aug-2012::17:37:41 ===
GET /registration [speiseplan] 200 124ms

=INFO REPORT==== 31-Aug-2012::17:37:52 ===
Loading routes from "/Users/ulfangermann/projects/erlang/speiseplan/priv/speiseplan.routes" ....

=INFO REPORT==== 31-Aug-2012::17:37:52 ===
POST /registration/create [speiseplan] 302 117ms

=INFO REPORT==== 31-Aug-2012::17:37:52 ===
Loading routes from "/Users/ulfangermann/projects/erlang/speiseplan/priv/speiseplan.routes" ....

=INFO REPORT==== 31-Aug-2012::17:37:52 ===
GET /registration/index [speiseplan] 200 119ms

=INFO REPORT==== 31-Aug-2012::17:37:52 ===
Loading routes from "/Users/ulfangermann/projects/erlang/speiseplan/priv/speiseplan.routes" ....

=ERROR REPORT==== 31-Aug-2012::17:37:52 ===
GET /registration/favicon.ico [speiseplan] 404 126ms

=INFO REPORT==== 31-Aug-2012::17:37:56 ===
Loading routes from "/Users/ulfangermann/projects/erlang/speiseplan/priv/speiseplan.routes" ....

=INFO REPORT==== 31-Aug-2012::17:37:56 ===
GET /eater/login [speiseplan] 200 124ms

=INFO REPORT==== 31-Aug-2012::17:37:59 ===
Loading routes from "/Users/ulfangermann/projects/erlang/speiseplan/priv/speiseplan.routes" ....

=INFO REPORT==== 31-Aug-2012::17:37:59 ===
POST /eater/login [speiseplan] 302 123ms

=INFO REPORT==== 31-Aug-2012::17:37:59 ===
Loading routes from "/Users/ulfangermann/projects/erlang/speiseplan/priv/speiseplan.routes" ....

=INFO REPORT==== 31-Aug-2012::17:38:00 ===
GET /booking/index [speiseplan] 200 120ms

=INFO REPORT==== 31-Aug-2012::17:38:01 ===
Loading routes from "/Users/ulfangermann/projects/erlang/speiseplan/priv/speiseplan.routes" ....

=INFO REPORT==== 31-Aug-2012::17:38:02 ===
GET /admin/index [speiseplan] 200 125ms

=INFO REPORT==== 31-Aug-2012::17:38:11 ===
Loading routes from "/Users/ulfangermann/projects/erlang/speiseplan/priv/speiseplan.routes" ....

=INFO REPORT==== 31-Aug-2012::17:38:11 ===
POST /admin/create [speiseplan] 302 119ms

=INFO REPORT==== 31-Aug-2012::17:38:11 ===
Loading routes from "/Users/ulfangermann/projects/erlang/speiseplan/priv/speiseplan.routes" ....

=INFO REPORT==== 31-Aug-2012::17:38:11 ===
GET /admin/index [speiseplan] 200 119ms

=INFO REPORT==== 31-Aug-2012::17:38:21 ===
Loading routes from "/Users/ulfangermann/projects/erlang/speiseplan/priv/speiseplan.routes" ....

=INFO REPORT==== 31-Aug-2012::17:38:21 ===
POST /admin/edit/menu-3 [speiseplan] 200 117ms

=INFO REPORT==== 31-Aug-2012::17:38:25 ===
Loading routes from "/Users/ulfangermann/projects/erlang/speiseplan/priv/speiseplan.routes" ....

=ERROR REPORT==== 31-Aug-2012::17:38:25 ===
{function_clause,
    [{speiseplan_admin_controller,detail,
         ['GET',
          ["menu-3"],
          {eater,"eater-1","aa","ce9ba51802f7f6daa5d81d1a58d4a911",
              "aadasdsa","aa","true",3,"true"},
          {speiseplan_admin_controller,
              {simple_bridge_request_wrapper,mochiweb_request_bridge,
                  {mochiweb_request,#Port<0.11616>,'GET',
                      "/admin/detail/menu-3",
                      {1,1},
                      {8,
                       {"host",
                        {'Host',"localhost:8001"},
                        {"accept",
                         {'Accept',
                             "text/html,application/xhtml+xml,application/xml;q=0.9,*/*;q=0.8"},
                         nil,
                         {"accept-language",
                          {'Accept-Language',"en-us"},
                          {"accept-encoding",
                           {'Accept-Encoding',"gzip, deflate"},
                           nil,nil},
                          {"cookie",
                           {'Cookie',
                               "_boss_session=49a4464cd55d7977deac8d369e6f13b40ef8f9ab; session_id=3e0b0dce7a329e269e6ec49f345c7621; user_id=eater-1"},
                           {"connection",{'Connection',"keep-alive"},nil,nil},
                           nil}}},
                        {"user-agent",
                         {'User-Agent',
                             "Mozilla/5.0 (Macintosh; Intel Mac OS X 10_7_4) AppleWebKit/536.25 (KHTML, like Gecko) Version/6.0 Safari/536.25"},
                         {"referer",
                          {'Referer',"http://localhost:8001/admin/index"},
                          nil,nil},
                         nil}}}},
                  false,[],[],none}}],
         []},
     {boss_web_controller,execute_action,5,
         [{file,"src/boss/boss_web_controller.erl"},{line,714}]},
     {boss_web_controller,process_request,5,
         [{file,"src/boss/boss_web_controller.erl"},{line,460}]},
     {timer,tc,3,[{file,"timer.erl"},{line,194}]},
     {boss_web_controller,handle_request,3,
         [{file,"src/boss/boss_web_controller.erl"},{line,388}]},
     {mochiweb_http,headers,5,[{file,"src/mochiweb_http.erl"},{line,90}]},
     {proc_lib,init_p_do_apply,3,[{file,"proc_lib.erl"},{line,227}]}]}

=ERROR REPORT==== 31-Aug-2012::17:38:25 ===
GET /admin/detail/menu-3 [speiseplan] 500 118ms

=INFO REPORT==== 31-Aug-2012::17:38:51 ===
Loading routes from "/Users/ulfangermann/projects/erlang/speiseplan/priv/speiseplan.routes" ....

=INFO REPORT==== 31-Aug-2012::17:38:51 ===
GET /admin/index [speiseplan] 200 125ms

=INFO REPORT==== 31-Aug-2012::17:38:53 ===
Loading routes from "/Users/ulfangermann/projects/erlang/speiseplan/priv/speiseplan.routes" ....

=INFO REPORT==== 31-Aug-2012::17:38:53 ===
GET /admin/detail/menu-3 [speiseplan] 200 127ms

=INFO REPORT==== 31-Aug-2012::17:38:57 ===
Loading routes from "/Users/ulfangermann/projects/erlang/speiseplan/priv/speiseplan.routes" ....

=INFO REPORT==== 31-Aug-2012::17:38:57 ===
POST /admin/edit/menu-3 [speiseplan] 200 122ms

=INFO REPORT==== 31-Aug-2012::17:39:46 ===
Loading routes from "/Users/ulfangermann/projects/erlang/speiseplan/priv/speiseplan.routes" ....

=INFO REPORT==== 31-Aug-2012::17:39:46 ===
GET /admin/index [speiseplan] 200 126ms

=INFO REPORT==== 31-Aug-2012::17:41:23 ===
Loading routes from "/Users/ulfangermann/projects/erlang/speiseplan/priv/speiseplan.routes" ....

=INFO REPORT==== 31-Aug-2012::17:41:23 ===
GET /admin/index [speiseplan] 200 127ms

=INFO REPORT==== 31-Aug-2012::17:41:25 ===
Loading routes from "/Users/ulfangermann/projects/erlang/speiseplan/priv/speiseplan.routes" ....

=ERROR REPORT==== 31-Aug-2012::17:41:25 ===
{undef,
    [{io,fomrat,["1.. : ~p~n",[{menu,"menu-3","2012-08-01","dish-2","1"}]],[]},
     {speiseplan_admin_controller,edit,3,
         [{file,
              "/Users/ulfangermann/projects/erlang/speiseplan/src/controller/speiseplan_admin_controller.erl"},
          {line,16}]},
     {boss_web_controller,execute_action,5,
         [{file,"src/boss/boss_web_controller.erl"},{line,711}]},
     {boss_web_controller,process_request,5,
         [{file,"src/boss/boss_web_controller.erl"},{line,460}]},
     {timer,tc,3,[{file,"timer.erl"},{line,194}]},
     {boss_web_controller,handle_request,3,
         [{file,"src/boss/boss_web_controller.erl"},{line,388}]},
     {mochiweb_http,headers,5,[{file,"src/mochiweb_http.erl"},{line,90}]},
     {proc_lib,init_p_do_apply,3,[{file,"proc_lib.erl"},{line,227}]}]}

=ERROR REPORT==== 31-Aug-2012::17:41:25 ===
POST /admin/edit/menu-3 [speiseplan] 500 124ms

=INFO REPORT==== 31-Aug-2012::17:41:52 ===
Loading routes from "/Users/ulfangermann/projects/erlang/speiseplan/priv/speiseplan.routes" ....

=INFO REPORT==== 31-Aug-2012::17:41:52 ===
GET /admin/index [speiseplan] 200 120ms

=INFO REPORT==== 31-Aug-2012::17:41:53 ===
Loading routes from "/Users/ulfangermann/projects/erlang/speiseplan/priv/speiseplan.routes" ....

=INFO REPORT==== 31-Aug-2012::17:41:53 ===
POST /admin/edit/menu-3 [speiseplan] 200 124ms

=INFO REPORT==== 31-Aug-2012::17:42:08 ===
Loading routes from "/Users/ulfangermann/projects/erlang/speiseplan/priv/speiseplan.routes" ....

=INFO REPORT==== 31-Aug-2012::17:42:08 ===
GET /admin/index [speiseplan] 200 129ms

=INFO REPORT==== 31-Aug-2012::17:44:53 ===
Loading routes from "/Users/ulfangermann/projects/erlang/speiseplan/priv/speiseplan.routes" ....

=INFO REPORT==== 31-Aug-2012::17:44:53 ===
GET /admin/index [speiseplan] 200 121ms

=INFO REPORT==== 31-Aug-2012::17:44:55 ===
Loading routes from "/Users/ulfangermann/projects/erlang/speiseplan/priv/speiseplan.routes" ....

=INFO REPORT==== 31-Aug-2012::17:44:55 ===
POST /admin/edit/menu-3 [speiseplan] 200 150ms

=INFO REPORT==== 31-Aug-2012::17:45:50 ===
Loading routes from "/Users/ulfangermann/projects/erlang/speiseplan/priv/speiseplan.routes" ....

=INFO REPORT==== 31-Aug-2012::17:45:50 ===
GET /admin/index [speiseplan] 200 125ms

=INFO REPORT==== 31-Aug-2012::17:45:52 ===
Loading routes from "/Users/ulfangermann/projects/erlang/speiseplan/priv/speiseplan.routes" ....

=INFO REPORT==== 31-Aug-2012::17:45:52 ===
POST /admin/edit/menu-3 [speiseplan] 200 152ms

=INFO REPORT==== 31-Aug-2012::17:46:15 ===
Loading routes from "/Users/ulfangermann/projects/erlang/speiseplan/priv/speiseplan.routes" ....

=ERROR REPORT==== 31-Aug-2012::17:46:15 ===
{function_clause,
    [{speiseplan_eater_controller,create,
         ['GET',[],
          {speiseplan_eater_controller,
              {simple_bridge_request_wrapper,mochiweb_request_bridge,
                  {mochiweb_request,#Port<0.13757>,'GET',"/eater/create",
                      {1,1},
                      {7,
                       {"host",
                        {'Host',"localhost:8001"},
                        {"accept",
                         {'Accept',
                             "text/html,application/xhtml+xml,application/xml;q=0.9,*/*;q=0.8"},
                         nil,
                         {"accept-language",
                          {'Accept-Language',"en-us"},
                          {"accept-encoding",
                           {'Accept-Encoding',"gzip, deflate"},
                           nil,nil},
                          {"cookie",
                           {'Cookie',
                               "_boss_session=49a4464cd55d7977deac8d369e6f13b40ef8f9ab; session_id=3e0b0dce7a329e269e6ec49f345c7621; user_id=eater-1"},
                           {"connection",{'Connection',"keep-alive"},nil,nil},
                           nil}}},
                        {"user-agent",
                         {'User-Agent',
                             "Mozilla/5.0 (Macintosh; Intel Mac OS X 10_7_4) AppleWebKit/536.25 (KHTML, like Gecko) Version/6.0 Safari/536.25"},
                         nil,nil}}}},
                  false,[],[],none}}],
         [{file,
              "/Users/ulfangermann/projects/erlang/speiseplan/src/controller/speiseplan_eater_controller.erl"},
          {line,43}]},
     {boss_web_controller,execute_action,5,
         [{file,"src/boss/boss_web_controller.erl"},{line,711}]},
     {boss_web_controller,process_request,5,
         [{file,"src/boss/boss_web_controller.erl"},{line,460}]},
     {timer,tc,3,[{file,"timer.erl"},{line,194}]},
     {boss_web_controller,handle_request,3,
         [{file,"src/boss/boss_web_controller.erl"},{line,388}]},
     {mochiweb_http,headers,5,[{file,"src/mochiweb_http.erl"},{line,90}]},
     {proc_lib,init_p_do_apply,3,[{file,"proc_lib.erl"},{line,227}]}]}

=ERROR REPORT==== 31-Aug-2012::17:46:15 ===
GET /eater/create [speiseplan] 500 126ms

=INFO REPORT==== 31-Aug-2012::17:46:19 ===
Loading routes from "/Users/ulfangermann/projects/erlang/speiseplan/priv/speiseplan.routes" ....

=INFO REPORT==== 31-Aug-2012::17:46:19 ===
GET /eater/ [speiseplan] 200 127ms

=INFO REPORT==== 31-Aug-2012::17:46:28 ===
Loading routes from "/Users/ulfangermann/projects/erlang/speiseplan/priv/speiseplan.routes" ....

=INFO REPORT==== 31-Aug-2012::17:46:28 ===
POST /eater/create [speiseplan] 302 120ms

=INFO REPORT==== 31-Aug-2012::17:46:28 ===
Loading routes from "/Users/ulfangermann/projects/erlang/speiseplan/priv/speiseplan.routes" ....

=INFO REPORT==== 31-Aug-2012::17:46:28 ===
GET /eater/index [speiseplan] 200 122ms

=INFO REPORT==== 31-Aug-2012::17:46:31 ===
Loading routes from "/Users/ulfangermann/projects/erlang/speiseplan/priv/speiseplan.routes" ....

=INFO REPORT==== 31-Aug-2012::17:46:31 ===
GET /eater/login [speiseplan] 200 124ms

=INFO REPORT==== 31-Aug-2012::17:46:35 ===
Loading routes from "/Users/ulfangermann/projects/erlang/speiseplan/priv/speiseplan.routes" ....

=INFO REPORT==== 31-Aug-2012::17:46:35 ===
POST /eater/login [speiseplan] 302 121ms

=INFO REPORT==== 31-Aug-2012::17:46:35 ===
Loading routes from "/Users/ulfangermann/projects/erlang/speiseplan/priv/speiseplan.routes" ....

=INFO REPORT==== 31-Aug-2012::17:46:36 ===
GET /booking/index [speiseplan] 200 122ms

=INFO REPORT==== 31-Aug-2012::17:46:44 ===
Loading routes from "/Users/ulfangermann/projects/erlang/speiseplan/priv/speiseplan.routes" ....

=INFO REPORT==== 31-Aug-2012::17:46:44 ===
GET /admin/index [speiseplan] 200 125ms

=INFO REPORT==== 31-Aug-2012::17:46:46 ===
Loading routes from "/Users/ulfangermann/projects/erlang/speiseplan/priv/speiseplan.routes" ....

=INFO REPORT==== 31-Aug-2012::17:46:46 ===
POST /admin/edit/menu-3 [speiseplan] 200 123ms

=INFO REPORT==== 31-Aug-2012::17:47:40 ===
Loading routes from "/Users/ulfangermann/projects/erlang/speiseplan/priv/speiseplan.routes" ....

=INFO REPORT==== 31-Aug-2012::17:47:40 ===
GET /admin/index [speiseplan] 200 130ms

=INFO REPORT==== 31-Aug-2012::17:48:19 ===
Loading routes from "/Users/ulfangermann/projects/erlang/speiseplan/priv/speiseplan.routes" ....

=INFO REPORT==== 31-Aug-2012::17:48:19 ===
GET /admin/index [speiseplan] 200 160ms

=INFO REPORT==== 31-Aug-2012::17:48:21 ===
Loading routes from "/Users/ulfangermann/projects/erlang/speiseplan/priv/speiseplan.routes" ....

=ERROR REPORT==== 31-Aug-2012::17:48:21 ===
{function_clause,
    [{speiseplan_admin_controller,edit,
         ['POST',
          ["menu-3"],
          {eater,"eater-4","ua","598f04fd6e3586a93d27aa1ddcf5f2e6",[],[],
              undefined,5,"true"},
          {speiseplan_admin_controller,
              {simple_bridge_request_wrapper,mochiweb_request_bridge,
                  {mochiweb_request,#Port<0.14250>,'POST',
                      "/admin/edit/menu-3",
                      {1,1},
                      {11,
                       {"host",
                        {'Host',"localhost:8001"},
                        {"content-length",
                         {'Content-Length',"0"},
                         {"accept",
                          {'Accept',"*/*"},
                          nil,
                          {"accept-language",
                           {'Accept-Language',"en-us"},
                           {"accept-encoding",
                            {'Accept-Encoding',"gzip, deflate"},
                            nil,nil},
                           {"connection",
                            {'Connection',"keep-alive"},
                            nil,nil}}},
                         {"cookie",
                          {'Cookie',
                              "_boss_session=49a4464cd55d7977deac8d369e6f13b40ef8f9ab; session_id=7ebeaba741a708b853f08e0a8766c579; user_id=eater-4"},
                          nil,nil}},
                        {"user-agent",
                         {'User-Agent',
                             "Mozilla/5.0 (Macintosh; Intel Mac OS X 10_7_4) AppleWebKit/536.25 (KHTML, like Gecko) Version/6.0 Safari/536.25"},
                         {"origin",
                          {"Origin","http://localhost:8001"},
                          nil,
                          {"referer",
                           {'Referer',"http://localhost:8001/admin/index"},
                           nil,nil}},
                         {"x-requested-with",
                          {"X-Requested-With","XMLHttpRequest"},
                          nil,nil}}}}},
                  false,[],[],none}}],
         []},
     {boss_web_controller,execute_action,5,
         [{file,"src/boss/boss_web_controller.erl"},{line,714}]},
     {boss_web_controller,process_request,5,
         [{file,"src/boss/boss_web_controller.erl"},{line,460}]},
     {timer,tc,3,[{file,"timer.erl"},{line,194}]},
     {boss_web_controller,handle_request,3,
         [{file,"src/boss/boss_web_controller.erl"},{line,388}]},
     {mochiweb_http,headers,5,[{file,"src/mochiweb_http.erl"},{line,90}]},
     {proc_lib,init_p_do_apply,3,[{file,"proc_lib.erl"},{line,227}]}]}

=ERROR REPORT==== 31-Aug-2012::17:48:21 ===
POST /admin/edit/menu-3 [speiseplan] 500 125ms

=INFO REPORT==== 31-Aug-2012::17:49:06 ===
Loading routes from "/Users/ulfangermann/projects/erlang/speiseplan/priv/speiseplan.routes" ....

=INFO REPORT==== 31-Aug-2012::17:49:07 ===
GET /admin/index [speiseplan] 200 128ms

=INFO REPORT==== 31-Aug-2012::17:49:07 ===
Loading routes from "/Users/ulfangermann/projects/erlang/speiseplan/priv/speiseplan.routes" ....

=INFO REPORT==== 31-Aug-2012::17:49:07 ===
GET /admin/index [speiseplan] 200 130ms

=INFO REPORT==== 31-Aug-2012::17:49:13 ===
Loading routes from "/Users/ulfangermann/projects/erlang/speiseplan/priv/speiseplan.routes" ....

=ERROR REPORT==== 31-Aug-2012::17:49:13 ===
{function_clause,
    [{speiseplan_admin_controller,edit,
         ['POST',
          ["menu-3"],
          {eater,"eater-4","ua","598f04fd6e3586a93d27aa1ddcf5f2e6",[],[],
              undefined,5,"true"},
          {speiseplan_admin_controller,
              {simple_bridge_request_wrapper,mochiweb_request_bridge,
                  {mochiweb_request,#Port<0.14250>,'POST',
                      "/admin/edit/menu-3",
                      {1,1},
                      {11,
                       {"host",
                        {'Host',"localhost:8001"},
                        {"content-length",
                         {'Content-Length',"0"},
                         {"accept",
                          {'Accept',"*/*"},
                          nil,
                          {"accept-language",
                           {'Accept-Language',"en-us"},
                           {"accept-encoding",
                            {'Accept-Encoding',"gzip, deflate"},
                            nil,nil},
                           {"connection",
                            {'Connection',"keep-alive"},
                            nil,nil}}},
                         {"cookie",
                          {'Cookie',
                              "_boss_session=49a4464cd55d7977deac8d369e6f13b40ef8f9ab; session_id=7ebeaba741a708b853f08e0a8766c579; user_id=eater-4"},
                          nil,nil}},
                        {"user-agent",
                         {'User-Agent',
                             "Mozilla/5.0 (Macintosh; Intel Mac OS X 10_7_4) AppleWebKit/536.25 (KHTML, like Gecko) Version/6.0 Safari/536.25"},
                         {"origin",
                          {"Origin","http://localhost:8001"},
                          nil,
                          {"referer",
                           {'Referer',"http://localhost:8001/admin/index"},
                           nil,nil}},
                         {"x-requested-with",
                          {"X-Requested-With","XMLHttpRequest"},
                          nil,nil}}}}},
                  false,[],[],none}}],
         []},
     {boss_web_controller,execute_action,5,
         [{file,"src/boss/boss_web_controller.erl"},{line,714}]},
     {boss_web_controller,process_request,5,
         [{file,"src/boss/boss_web_controller.erl"},{line,460}]},
     {timer,tc,3,[{file,"timer.erl"},{line,194}]},
     {boss_web_controller,handle_request,3,
         [{file,"src/boss/boss_web_controller.erl"},{line,388}]},
     {mochiweb_http,headers,5,[{file,"src/mochiweb_http.erl"},{line,90}]},
     {proc_lib,init_p_do_apply,3,[{file,"proc_lib.erl"},{line,227}]}]}

=ERROR REPORT==== 31-Aug-2012::17:49:13 ===
POST /admin/edit/menu-3 [speiseplan] 500 121ms

=INFO REPORT==== 31-Aug-2012::17:49:46 ===
Loading routes from "/Users/ulfangermann/projects/erlang/speiseplan/priv/speiseplan.routes" ....

=INFO REPORT==== 31-Aug-2012::17:49:46 ===
GET /admin/edit/menu-3 [speiseplan] 200 123ms

=INFO REPORT==== 31-Aug-2012::17:49:46 ===
Loading routes from "/Users/ulfangermann/projects/erlang/speiseplan/priv/speiseplan.routes" ....

=INFO REPORT==== 31-Aug-2012::17:49:46 ===
GET /admin/edit/favicon.ico [speiseplan] 200 130ms

=INFO REPORT==== 31-Aug-2012::17:50:40 ===
Loading routes from "/Users/ulfangermann/projects/erlang/speiseplan/priv/speiseplan.routes" ....

=INFO REPORT==== 31-Aug-2012::17:50:40 ===
GET /admin/edit/menu-3 [speiseplan] 200 154ms

=INFO REPORT==== 31-Aug-2012::17:50:41 ===
Loading routes from "/Users/ulfangermann/projects/erlang/speiseplan/priv/speiseplan.routes" ....

=INFO REPORT==== 31-Aug-2012::17:50:41 ===
GET /admin/edit/menu-3 [speiseplan] 200 129ms

=INFO REPORT==== 31-Aug-2012::17:50:41 ===
Loading routes from "/Users/ulfangermann/projects/erlang/speiseplan/priv/speiseplan.routes" ....

=INFO REPORT==== 31-Aug-2012::17:50:41 ===
GET /admin/edit/menu-3 [speiseplan] 200 128ms

=INFO REPORT==== 31-Aug-2012::17:50:42 ===
Loading routes from "/Users/ulfangermann/projects/erlang/speiseplan/priv/speiseplan.routes" ....

=INFO REPORT==== 31-Aug-2012::17:50:42 ===
GET /admin/edit/menu-3 [speiseplan] 200 131ms

=INFO REPORT==== 31-Aug-2012::17:53:37 ===
Loading routes from "/Users/ulfangermann/projects/erlang/speiseplan/priv/speiseplan.routes" ....

=INFO REPORT==== 31-Aug-2012::17:53:38 ===
GET /admin/edit/menu-3 [speiseplan] 200 155ms

=INFO REPORT==== 31-Aug-2012::17:55:07 ===
Loading routes from "/Users/ulfangermann/projects/erlang/speiseplan/priv/speiseplan.routes" ....

=INFO REPORT==== 31-Aug-2012::17:55:07 ===
GET /admin/index [speiseplan] 200 124ms

=INFO REPORT==== 31-Aug-2012::17:55:20 ===
Loading routes from "/Users/ulfangermann/projects/erlang/speiseplan/priv/speiseplan.routes" ....

=INFO REPORT==== 31-Aug-2012::17:55:20 ===
GET /admin/edit/menu-3 [speiseplan] 200 127ms

=INFO REPORT==== 31-Aug-2012::17:55:36 ===
Loading routes from "/Users/ulfangermann/projects/erlang/speiseplan/priv/speiseplan.routes" ....

=INFO REPORT==== 31-Aug-2012::17:55:36 ===
GET /admin/edit/menu-3 [speiseplan] 200 148ms

=INFO REPORT==== 31-Aug-2012::17:55:46 ===
Loading routes from "/Users/ulfangermann/projects/erlang/speiseplan/priv/speiseplan.routes" ....

=INFO REPORT==== 31-Aug-2012::17:55:46 ===
GET /admin/edit/menu-3 [speiseplan] 200 152ms

=INFO REPORT==== 31-Aug-2012::17:56:12 ===
Loading routes from "/Users/ulfangermann/projects/erlang/speiseplan/priv/speiseplan.routes" ....

=INFO REPORT==== 31-Aug-2012::17:56:12 ===
GET /admin/edit/menu-3 [speiseplan] 200 151ms

=INFO REPORT==== 31-Aug-2012::17:56:26 ===
Loading routes from "/Users/ulfangermann/projects/erlang/speiseplan/priv/speiseplan.routes" ....

=INFO REPORT==== 31-Aug-2012::17:56:26 ===
GET /admin/edit/menu-3 [speiseplan] 200 154ms

=INFO REPORT==== 31-Aug-2012::17:56:38 ===
Loading routes from "/Users/ulfangermann/projects/erlang/speiseplan/priv/speiseplan.routes" ....

=INFO REPORT==== 31-Aug-2012::17:56:38 ===
GET /admin/edit/menu-3 [speiseplan] 200 153ms

=INFO REPORT==== 31-Aug-2012::17:56:55 ===
Loading routes from "/Users/ulfangermann/projects/erlang/speiseplan/priv/speiseplan.routes" ....

=INFO REPORT==== 31-Aug-2012::17:56:56 ===
GET /admin/edit/menu-3 [speiseplan] 200 154ms

=INFO REPORT==== 31-Aug-2012::17:57:45 ===
Loading routes from "/Users/ulfangermann/projects/erlang/speiseplan/priv/speiseplan.routes" ....

=INFO REPORT==== 31-Aug-2012::17:57:46 ===
GET /admin/edit/menu-3 [speiseplan] 200 153ms

=INFO REPORT==== 31-Aug-2012::17:58:03 ===
Loading routes from "/Users/ulfangermann/projects/erlang/speiseplan/priv/speiseplan.routes" ....

=INFO REPORT==== 31-Aug-2012::17:58:03 ===
GET /admin/edit/menu-3 [speiseplan] 200 157ms

=INFO REPORT==== 31-Aug-2012::17:58:06 ===
Loading routes from "/Users/ulfangermann/projects/erlang/speiseplan/priv/speiseplan.routes" ....

=INFO REPORT==== 31-Aug-2012::17:58:06 ===
GET /admin/edit/menu-3 [speiseplan] 200 125ms

=INFO REPORT==== 31-Aug-2012::17:58:25 ===
Loading routes from "/Users/ulfangermann/projects/erlang/speiseplan/priv/speiseplan.routes" ....

=INFO REPORT==== 31-Aug-2012::17:58:25 ===
GET /admin/edit/menu-3 [speiseplan] 200 152ms

=INFO REPORT==== 31-Aug-2012::17:58:37 ===
Loading routes from "/Users/ulfangermann/projects/erlang/speiseplan/priv/speiseplan.routes" ....

=INFO REPORT==== 31-Aug-2012::17:58:37 ===
GET /admin/edit/menu-3 [speiseplan] 200 155ms

=INFO REPORT==== 31-Aug-2012::17:58:55 ===
Loading routes from "/Users/ulfangermann/projects/erlang/speiseplan/priv/speiseplan.routes" ....

=INFO REPORT==== 31-Aug-2012::17:58:55 ===
GET /admin/edit/menu-3 [speiseplan] 200 160ms

=INFO REPORT==== 31-Aug-2012::17:59:05 ===
Loading routes from "/Users/ulfangermann/projects/erlang/speiseplan/priv/speiseplan.routes" ....

=INFO REPORT==== 31-Aug-2012::17:59:05 ===
GET /admin/ [speiseplan] 200 132ms

=INFO REPORT==== 31-Aug-2012::17:59:09 ===
Loading routes from "/Users/ulfangermann/projects/erlang/speiseplan/priv/speiseplan.routes" ....

=INFO REPORT==== 31-Aug-2012::17:59:09 ===
GET /admin/detail/menu-3 [speiseplan] 200 133ms

=INFO REPORT==== 31-Aug-2012::17:59:38 ===
Loading routes from "/Users/ulfangermann/projects/erlang/speiseplan/priv/speiseplan.routes" ....

=INFO REPORT==== 31-Aug-2012::17:59:38 ===
GET /admin/detail/menu-3 [speiseplan] 200 154ms

=INFO REPORT==== 31-Aug-2012::17:59:48 ===
Loading routes from "/Users/ulfangermann/projects/erlang/speiseplan/priv/speiseplan.routes" ....

=INFO REPORT==== 31-Aug-2012::17:59:48 ===
GET /admin/detail/menu-3 [speiseplan] 200 156ms

=INFO REPORT==== 31-Aug-2012::18:00:09 ===
GET /doc/ [speiseplan] 200 91ms

=INFO REPORT==== 31-Aug-2012::18:01:24 ===
Loading routes from "/Users/ulfangermann/projects/erlang/speiseplan/priv/speiseplan.routes" ....

=INFO REPORT==== 31-Aug-2012::18:01:24 ===
GET /admin/detail/menu-3 [speiseplan] 200 125ms

=INFO REPORT==== 31-Aug-2012::18:01:34 ===
Loading routes from "/Users/ulfangermann/projects/erlang/speiseplan/priv/speiseplan.routes" ....

=INFO REPORT==== 31-Aug-2012::18:01:34 ===
GET /admin/edit/menu-3 [speiseplan] 200 129ms

=INFO REPORT==== 31-Aug-2012::18:01:56 ===
Loading routes from "/Users/ulfangermann/projects/erlang/speiseplan/priv/speiseplan.routes" ....

=ERROR REPORT==== 31-Aug-2012::18:01:56 ===
{function_clause,
    [{speiseplan_admin_controller,update,
         ['POST',[],
          {speiseplan_admin_controller,
              {simple_bridge_request_wrapper,mochiweb_request_bridge,
                  {mochiweb_request,#Port<0.15412>,'POST',"/admin/update",
                      {1,1},
                      {11,
                       {"host",
                        {'Host',"localhost:8001"},
                        {"content-length",
                         {'Content-Length',"46"},
                         {"accept",
                          {'Accept',
                              "text/html,application/xhtml+xml,application/xml;q=0.9,*/*;q=0.8"},
                          nil,
                          {"accept-language",
                           {'Accept-Language',"en-us"},
                           {"accept-encoding",
                            {'Accept-Encoding',"gzip, deflate"},
                            nil,nil},
                           {"connection",
                            {'Connection',"keep-alive"},
                            nil,nil}}},
                         {"content-type",
                          {'Content-Type',"application/x-www-form-urlencoded"},
                          nil,
                          {"cookie",
                           {'Cookie',
                               "_boss_session=49a4464cd55d7977deac8d369e6f13b40ef8f9ab; session_id=7ebeaba741a708b853f08e0a8766c579; user_id=eater-4"},
                           nil,nil}}},
                        {"user-agent",
                         {'User-Agent',
                             "Mozilla/5.0 (Macintosh; Intel Mac OS X 10_7_4) AppleWebKit/536.25 (KHTML, like Gecko) Version/6.0 Safari/536.25"},
                         {"origin",
                          {"Origin","http://localhost:8001"},
                          nil,
                          {"referer",
                           {'Referer',
                               "http://localhost:8001/admin/edit/menu-3"},
                           nil,nil}},
                         nil}}}},
                  false,[],[],none}}],
         []},
     {boss_web_controller,execute_action,5,
         [{file,"src/boss/boss_web_controller.erl"},{line,711}]},
     {boss_web_controller,process_request,5,
         [{file,"src/boss/boss_web_controller.erl"},{line,460}]},
     {timer,tc,3,[{file,"timer.erl"},{line,194}]},
     {boss_web_controller,handle_request,3,
         [{file,"src/boss/boss_web_controller.erl"},{line,388}]},
     {mochiweb_http,headers,5,[{file,"src/mochiweb_http.erl"},{line,90}]},
     {proc_lib,init_p_do_apply,3,[{file,"proc_lib.erl"},{line,227}]}]}

=ERROR REPORT==== 31-Aug-2012::18:01:56 ===
POST /admin/update [speiseplan] 500 123ms

=INFO REPORT==== 31-Aug-2012::18:03:24 ===
Loading routes from "/Users/ulfangermann/projects/erlang/speiseplan/priv/speiseplan.routes" ....

=INFO REPORT==== 31-Aug-2012::18:03:25 ===
GET /admin/edit/menu-3 [speiseplan] 200 156ms

=INFO REPORT==== 31-Aug-2012::18:03:29 ===
Loading routes from "/Users/ulfangermann/projects/erlang/speiseplan/priv/speiseplan.routes" ....

=INFO REPORT==== 31-Aug-2012::18:03:29 ===
POST /admin/update/menu-3 [speiseplan] 302 128ms

=INFO REPORT==== 31-Aug-2012::18:03:29 ===
Loading routes from "/Users/ulfangermann/projects/erlang/speiseplan/priv/speiseplan.routes" ....

=INFO REPORT==== 31-Aug-2012::18:03:29 ===
GET /admin/index [speiseplan] 200 129ms

=INFO REPORT==== 31-Aug-2012::18:03:42 ===
Loading routes from "/Users/ulfangermann/projects/erlang/speiseplan/priv/speiseplan.routes" ....

=INFO REPORT==== 31-Aug-2012::18:03:42 ===
POST /admin/update/menu-3 [speiseplan] 302 127ms

=INFO REPORT==== 31-Aug-2012::18:03:42 ===
Loading routes from "/Users/ulfangermann/projects/erlang/speiseplan/priv/speiseplan.routes" ....

=INFO REPORT==== 31-Aug-2012::18:03:42 ===
GET /admin/index [speiseplan] 200 128ms

=INFO REPORT==== 31-Aug-2012::18:03:44 ===
Loading routes from "/Users/ulfangermann/projects/erlang/speiseplan/priv/speiseplan.routes" ....

=INFO REPORT==== 31-Aug-2012::18:03:44 ===
GET /admin/index [speiseplan] 200 135ms

=INFO REPORT==== 31-Aug-2012::18:03:50 ===
Loading routes from "/Users/ulfangermann/projects/erlang/speiseplan/priv/speiseplan.routes" ....

=INFO REPORT==== 31-Aug-2012::18:03:50 ===
GET /admin/detail/menu-3 [speiseplan] 200 131ms

=INFO REPORT==== 31-Aug-2012::18:05:02 ===
Loading routes from "/Users/ulfangermann/projects/erlang/speiseplan/priv/speiseplan.routes" ....

=INFO REPORT==== 31-Aug-2012::18:05:02 ===
GET /admin/edit/menu-3 [speiseplan] 200 57ms

=INFO REPORT==== 31-Aug-2012::18:05:11 ===
Loading routes from "/Users/ulfangermann/projects/erlang/speiseplan/priv/speiseplan.routes" ....

=INFO REPORT==== 31-Aug-2012::18:05:11 ===
GET /admin/edit/menu-3 [speiseplan] 200 128ms

=INFO REPORT==== 31-Aug-2012::18:05:11 ===
Loading routes from "/Users/ulfangermann/projects/erlang/speiseplan/priv/speiseplan.routes" ....

=INFO REPORT==== 31-Aug-2012::18:05:11 ===
GET /admin/edit/favicon.ico [speiseplan] 200 132ms

=INFO REPORT==== 31-Aug-2012::18:05:18 ===
Loading routes from "/Users/ulfangermann/projects/erlang/speiseplan/priv/speiseplan.routes" ....

=INFO REPORT==== 31-Aug-2012::18:05:18 ===
POST /admin/update/menu-3 [speiseplan] 302 128ms

=INFO REPORT==== 31-Aug-2012::18:05:18 ===
Loading routes from "/Users/ulfangermann/projects/erlang/speiseplan/priv/speiseplan.routes" ....

=INFO REPORT==== 31-Aug-2012::18:05:18 ===
GET /admin/index [speiseplan] 200 133ms

=INFO REPORT==== 31-Aug-2012::18:07:00 ===
Loading routes from "/Users/ulfangermann/projects/erlang/speiseplan/priv/speiseplan.routes" ....

=INFO REPORT==== 31-Aug-2012::18:07:00 ===
GET /admin/index [speiseplan] 200 128ms

=INFO REPORT==== 31-Aug-2012::18:07:07 ===
Loading routes from "/Users/ulfangermann/projects/erlang/speiseplan/priv/speiseplan.routes" ....

=INFO REPORT==== 31-Aug-2012::18:07:07 ===
GET /admin/edit/menu-3 [speiseplan] 200 130ms

=INFO REPORT==== 31-Aug-2012::18:07:14 ===
Loading routes from "/Users/ulfangermann/projects/erlang/speiseplan/priv/speiseplan.routes" ....

=INFO REPORT==== 31-Aug-2012::18:07:14 ===
POST /admin/update/menu-3 [speiseplan] 302 131ms

=INFO REPORT==== 31-Aug-2012::18:07:14 ===
Loading routes from "/Users/ulfangermann/projects/erlang/speiseplan/priv/speiseplan.routes" ....

=INFO REPORT==== 31-Aug-2012::18:07:14 ===
GET /admin/index [speiseplan] 200 129ms

=INFO REPORT==== 31-Aug-2012::18:07:33 ===
Loading routes from "/Users/ulfangermann/projects/erlang/speiseplan/priv/speiseplan.routes" ....

=INFO REPORT==== 31-Aug-2012::18:07:33 ===
POST /admin/update/menu-3 [speiseplan] 302 131ms

=INFO REPORT==== 31-Aug-2012::18:07:33 ===
Loading routes from "/Users/ulfangermann/projects/erlang/speiseplan/priv/speiseplan.routes" ....

=INFO REPORT==== 31-Aug-2012::18:07:33 ===
GET /admin/index [speiseplan] 200 128ms

=INFO REPORT==== 31-Aug-2012::18:07:38 ===
Loading routes from "/Users/ulfangermann/projects/erlang/speiseplan/priv/speiseplan.routes" ....

=ERROR REPORT==== 31-Aug-2012::18:07:39 ===
{function_clause,
    [{speiseplan_admin_controller,edit,
         ['POST',
          ["menu-3"],
          {eater,"eater-4","ua","598f04fd6e3586a93d27aa1ddcf5f2e6",[],[],
              undefined,5,"true"},
          {speiseplan_admin_controller,
              {simple_bridge_request_wrapper,mochiweb_request_bridge,
                  {mochiweb_request,#Port<0.16539>,'POST',
                      "/admin/edit/menu-3",
                      {1,1},
                      {11,
                       {"host",
                        {'Host',"localhost:8001"},
                        {"content-length",
                         {'Content-Length',"0"},
                         {"accept",
                          {'Accept',"*/*"},
                          nil,
                          {"accept-language",
                           {'Accept-Language',"en-us"},
                           {"accept-encoding",
                            {'Accept-Encoding',"gzip, deflate"},
                            nil,nil},
                           {"connection",
                            {'Connection',"keep-alive"},
                            nil,nil}}},
                         {"cookie",
                          {'Cookie',
                              "_boss_session=49a4464cd55d7977deac8d369e6f13b40ef8f9ab; session_id=7ebeaba741a708b853f08e0a8766c579; user_id=eater-4"},
                          nil,nil}},
                        {"user-agent",
                         {'User-Agent',
                             "Mozilla/5.0 (Macintosh; Intel Mac OS X 10_7_4) AppleWebKit/536.25 (KHTML, like Gecko) Version/6.0 Safari/536.25"},
                         {"origin",
                          {"Origin","http://localhost:8001"},
                          nil,
                          {"referer",
                           {'Referer',"http://localhost:8001/admin/index"},
                           nil,nil}},
                         {"x-requested-with",
                          {"X-Requested-With","XMLHttpRequest"},
                          nil,nil}}}}},
                  false,[],[],none}}],
         []},
     {boss_web_controller,execute_action,5,
         [{file,"src/boss/boss_web_controller.erl"},{line,714}]},
     {boss_web_controller,process_request,5,
         [{file,"src/boss/boss_web_controller.erl"},{line,460}]},
     {timer,tc,3,[{file,"timer.erl"},{line,194}]},
     {boss_web_controller,handle_request,3,
         [{file,"src/boss/boss_web_controller.erl"},{line,388}]},
     {mochiweb_http,headers,5,[{file,"src/mochiweb_http.erl"},{line,90}]},
     {proc_lib,init_p_do_apply,3,[{file,"proc_lib.erl"},{line,227}]}]}

=ERROR REPORT==== 31-Aug-2012::18:07:39 ===
POST /admin/edit/menu-3 [speiseplan] 500 120ms

=INFO REPORT==== 31-Aug-2012::18:07:40 ===
Loading routes from "/Users/ulfangermann/projects/erlang/speiseplan/priv/speiseplan.routes" ....

=INFO REPORT==== 31-Aug-2012::18:07:40 ===
GET /admin/index [speiseplan] 200 123ms

=INFO REPORT==== 31-Aug-2012::18:07:48 ===
Loading routes from "/Users/ulfangermann/projects/erlang/speiseplan/priv/speiseplan.routes" ....

=INFO REPORT==== 31-Aug-2012::18:07:48 ===
GET /admin/detail/menu-3 [speiseplan] 200 126ms

=INFO REPORT==== 31-Aug-2012::18:07:55 ===
Loading routes from "/Users/ulfangermann/projects/erlang/speiseplan/priv/speiseplan.routes" ....

=INFO REPORT==== 31-Aug-2012::18:07:56 ===
POST /admin/update/menu-3 [speiseplan] 302 120ms

=INFO REPORT==== 31-Aug-2012::18:07:56 ===
Loading routes from "/Users/ulfangermann/projects/erlang/speiseplan/priv/speiseplan.routes" ....

=INFO REPORT==== 31-Aug-2012::18:07:56 ===
GET /admin/index [speiseplan] 200 124ms

=INFO REPORT==== 31-Aug-2012::18:07:59 ===
Loading routes from "/Users/ulfangermann/projects/erlang/speiseplan/priv/speiseplan.routes" ....

=INFO REPORT==== 31-Aug-2012::18:07:59 ===
GET /admin/detail/menu-3 [speiseplan] 200 128ms

=INFO REPORT==== 31-Aug-2012::18:10:32 ===
Loading routes from "/Users/ulfangermann/projects/erlang/speiseplan/priv/speiseplan.routes" ....

=INFO REPORT==== 31-Aug-2012::18:10:32 ===
GET /admin/detail/menu-3 [speiseplan] 200 126ms

=INFO REPORT==== 31-Aug-2012::18:10:33 ===
Loading routes from "/Users/ulfangermann/projects/erlang/speiseplan/priv/speiseplan.routes" ....

=INFO REPORT==== 31-Aug-2012::18:10:33 ===
GET /admin/detail/menu-3 [speiseplan] 200 125ms

=INFO REPORT==== 31-Aug-2012::18:10:34 ===
Loading routes from "/Users/ulfangermann/projects/erlang/speiseplan/priv/speiseplan.routes" ....

=INFO REPORT==== 31-Aug-2012::18:10:34 ===
GET /admin/detail/menu-3 [speiseplan] 200 136ms

=INFO REPORT==== 31-Aug-2012::18:10:53 ===
Loading routes from "/Users/ulfangermann/projects/erlang/speiseplan/priv/speiseplan.routes" ....

=INFO REPORT==== 31-Aug-2012::18:10:53 ===
GET /admin/detail/menu-3 [speiseplan] 200 151ms

=INFO REPORT==== 31-Aug-2012::18:10:53 ===
Loading routes from "/Users/ulfangermann/projects/erlang/speiseplan/priv/speiseplan.routes" ....

=INFO REPORT==== 31-Aug-2012::18:10:53 ===
GET /admin/detail/menu-3 [speiseplan] 200 130ms

=INFO REPORT==== 31-Aug-2012::18:11:39 ===
Loading routes from "/Users/ulfangermann/projects/erlang/speiseplan/priv/speiseplan.routes" ....

=INFO REPORT==== 31-Aug-2012::18:11:39 ===
GET /admin/detail/menu-3 [speiseplan] 200 127ms

=INFO REPORT==== 31-Aug-2012::18:11:53 ===
Loading routes from "/Users/ulfangermann/projects/erlang/speiseplan/priv/speiseplan.routes" ....

=INFO REPORT==== 31-Aug-2012::18:11:53 ===
GET /admin/detail/menu-3 [speiseplan] 200 133ms
