
=INFO REPORT==== 27-Aug-2012::11:56:03 ===
Starting Boss in development mode....

=INFO REPORT==== 27-Aug-2012::11:56:03 ===
Starting master services on 'speiseplan@Ulf-Angermann-s-MacBook-Pro'

=INFO REPORT==== 27-Aug-2012::11:56:03 ===
SSL:[]

=INFO REPORT==== 27-Aug-2012::11:56:03 ===
Loading routes from "/Users/ulfangermann/projects/erlang/speiseplan/priv/speiseplan.routes" ....

=INFO REPORT==== 27-Aug-2012::11:56:22 ===
Loading routes from "/Users/ulfangermann/projects/erlang/speiseplan/priv/speiseplan.routes" ....

=ERROR REPORT==== 27-Aug-2012::11:56:22 ===
{{badmatch,{redirect,"/eater/login"}},
 [{user_lib,require_login,2,
            [{file,"/Users/ulfangermann/projects/erlang/speiseplan/src/lib/user_lib.erl"},
             {line,26}]},
  {boss_web_controller,execute_action,5,
                       [{file,"src/boss/boss_web_controller.erl"},{line,693}]},
  {boss_web_controller,process_request,5,
                       [{file,"src/boss/boss_web_controller.erl"},{line,460}]},
  {timer,tc,3,[{file,"timer.erl"},{line,194}]},
  {boss_web_controller,handle_request,3,
                       [{file,"src/boss/boss_web_controller.erl"},{line,388}]},
  {mochiweb_http,headers,5,[{file,"src/mochiweb_http.erl"},{line,90}]},
  {proc_lib,init_p_do_apply,3,[{file,"proc_lib.erl"},{line,227}]}]}

=ERROR REPORT==== 27-Aug-2012::11:56:22 ===
GET /admin/index [speiseplan] 500 64ms

=INFO REPORT==== 27-Aug-2012::11:56:37 ===
Loading routes from "/Users/ulfangermann/projects/erlang/speiseplan/priv/speiseplan.routes" ....

=INFO REPORT==== 27-Aug-2012::11:56:37 ===
GET /eater/login [speiseplan] 200 84ms

=INFO REPORT==== 27-Aug-2012::11:56:44 ===
Loading routes from "/Users/ulfangermann/projects/erlang/speiseplan/priv/speiseplan.routes" ....

=INFO REPORT==== 27-Aug-2012::11:56:44 ===
GET /eater/list [speiseplan] 200 87ms

=INFO REPORT==== 27-Aug-2012::11:56:55 ===
Loading routes from "/Users/ulfangermann/projects/erlang/speiseplan/priv/speiseplan.routes" ....

=INFO REPORT==== 27-Aug-2012::11:56:56 ===
POST /eater/create [speiseplan] 302 81ms

=INFO REPORT==== 27-Aug-2012::11:56:56 ===
Loading routes from "/Users/ulfangermann/projects/erlang/speiseplan/priv/speiseplan.routes" ....

=INFO REPORT==== 27-Aug-2012::11:56:56 ===
GET /eater/list [speiseplan] 200 79ms

=INFO REPORT==== 27-Aug-2012::11:56:58 ===
Loading routes from "/Users/ulfangermann/projects/erlang/speiseplan/priv/speiseplan.routes" ....

=INFO REPORT==== 27-Aug-2012::11:56:58 ===
GET /admin/index [speiseplan] 200 85ms

=INFO REPORT==== 27-Aug-2012::11:57:09 ===
Loading routes from "/Users/ulfangermann/projects/erlang/speiseplan/priv/speiseplan.routes" ....

=INFO REPORT==== 27-Aug-2012::11:57:09 ===
POST /admin/create [speiseplan] 302 84ms

=INFO REPORT==== 27-Aug-2012::11:57:09 ===
Loading routes from "/Users/ulfangermann/projects/erlang/speiseplan/priv/speiseplan.routes" ....

=INFO REPORT==== 27-Aug-2012::11:57:09 ===
GET /admin/index [speiseplan] 200 82ms

=INFO REPORT==== 27-Aug-2012::11:58:13 ===
GET /doc/booking [speiseplan] 200 188ms

=ERROR REPORT==== 27-Aug-2012::11:58:13 ===
GET /doc/stylesheet.css [speiseplan] 404 0ms

=ERROR REPORT==== 27-Aug-2012::11:58:13 ===
GET /doc/erlang.png [speiseplan] 404 0ms

=INFO REPORT==== 27-Aug-2012::12:00:18 ===
Loading routes from "/Users/ulfangermann/projects/erlang/speiseplan/priv/speiseplan.routes" ....

=INFO REPORT==== 27-Aug-2012::12:00:18 ===
GET /admin/index [speiseplan] 200 109ms

=INFO REPORT==== 27-Aug-2012::12:04:08 ===
Loading routes from "/Users/ulfangermann/projects/erlang/speiseplan/priv/speiseplan.routes" ....

=ERROR REPORT==== 27-Aug-2012::12:04:08 ===
Call to tuple fun {error,invalid_id}.

Tuple funs are deprecated and will be removed in R16. Use "fun M:F/A" instead, for example "fun error:invalid_id/1".

(This warning will only be shown the first time a tuple fun is called.)


=ERROR REPORT==== 27-Aug-2012::12:04:08 ===
{undef,[{error,invalid_id,[title],[]},
        {speiseplan_view_admin_index_html,'-render_internal/4-fun-0-',3,[]},
        {lists,mapfoldl,3,[{file,"lists.erl"},{line,1278}]},
        {erlydtl_runtime,forloop,3,
                         [{file,"src/erlydtl_runtime.erl"},{line,228}]},
        {speiseplan_view_admin_index_html,render_internal,4,[]},
        {speiseplan_view_admin_index_html,render,2,[]},
        {boss_web_controller,render_view,6,
                             [{file,"src/boss/boss_web_controller.erl"},
                              {line,843}]},
        {boss_web_controller,execute_action,5,
                             [{file,"src/boss/boss_web_controller.erl"},
                              {line,734}]}]}

=ERROR REPORT==== 27-Aug-2012::12:04:08 ===
GET /admin/index [speiseplan] 500 109ms

=INFO REPORT==== 27-Aug-2012::12:05:02 ===
Loading routes from "/Users/ulfangermann/projects/erlang/speiseplan/priv/speiseplan.routes" ....

=ERROR REPORT==== 27-Aug-2012::12:05:02 ===
{undef,[{error,invalid_id,[title],[]},
        {speiseplan_view_admin_index_html,'-render_internal/4-fun-0-',2,[]},
        {lists,mapfoldl,3,[{file,"lists.erl"},{line,1278}]},
        {erlydtl_runtime,forloop,3,
                         [{file,"src/erlydtl_runtime.erl"},{line,228}]},
        {speiseplan_view_admin_index_html,render_internal,4,[]},
        {speiseplan_view_admin_index_html,render,2,[]},
        {boss_web_controller,render_view,6,
                             [{file,"src/boss/boss_web_controller.erl"},
                              {line,843}]},
        {boss_web_controller,execute_action,5,
                             [{file,"src/boss/boss_web_controller.erl"},
                              {line,734}]}]}

=ERROR REPORT==== 27-Aug-2012::12:05:02 ===
GET /admin/index [speiseplan] 500 113ms

=INFO REPORT==== 27-Aug-2012::12:05:03 ===
Loading routes from "/Users/ulfangermann/projects/erlang/speiseplan/priv/speiseplan.routes" ....

=ERROR REPORT==== 27-Aug-2012::12:05:03 ===
{undef,[{error,invalid_id,[title],[]},
        {speiseplan_view_admin_index_html,'-render_internal/4-fun-0-',2,[]},
        {lists,mapfoldl,3,[{file,"lists.erl"},{line,1278}]},
        {erlydtl_runtime,forloop,3,
                         [{file,"src/erlydtl_runtime.erl"},{line,228}]},
        {speiseplan_view_admin_index_html,render_internal,4,[]},
        {speiseplan_view_admin_index_html,render,2,[]},
        {boss_web_controller,render_view,6,
                             [{file,"src/boss/boss_web_controller.erl"},
                              {line,843}]},
        {boss_web_controller,execute_action,5,
                             [{file,"src/boss/boss_web_controller.erl"},
                              {line,734}]}]}

=ERROR REPORT==== 27-Aug-2012::12:05:03 ===
GET /admin/index [speiseplan] 500 83ms

=INFO REPORT==== 27-Aug-2012::12:05:21 ===
Loading routes from "/Users/ulfangermann/projects/erlang/speiseplan/priv/speiseplan.routes" ....

=ERROR REPORT==== 27-Aug-2012::12:05:21 ===
{undef,[{error,invalid_id,[title],[]},
        {speiseplan_view_admin_index_html,'-render_internal/4-fun-0-',2,[]},
        {lists,mapfoldl,3,[{file,"lists.erl"},{line,1278}]},
        {erlydtl_runtime,forloop,3,
                         [{file,"src/erlydtl_runtime.erl"},{line,228}]},
        {speiseplan_view_admin_index_html,render_internal,4,[]},
        {speiseplan_view_admin_index_html,render,2,[]},
        {boss_web_controller,render_view,6,
                             [{file,"src/boss/boss_web_controller.erl"},
                              {line,843}]},
        {boss_web_controller,execute_action,5,
                             [{file,"src/boss/boss_web_controller.erl"},
                              {line,734}]}]}

=ERROR REPORT==== 27-Aug-2012::12:05:21 ===
GET /admin/index [speiseplan] 500 110ms

=INFO REPORT==== 27-Aug-2012::12:05:30 ===
Loading routes from "/Users/ulfangermann/projects/erlang/speiseplan/priv/speiseplan.routes" ....

=INFO REPORT==== 27-Aug-2012::12:05:31 ===
GET /admin/index [speiseplan] 200 109ms

=INFO REPORT==== 27-Aug-2012::12:05:40 ===
Loading routes from "/Users/ulfangermann/projects/erlang/speiseplan/priv/speiseplan.routes" ....

=ERROR REPORT==== 27-Aug-2012::12:05:40 ===
{undef,[{error,invalid_id,[],[]},
        {erlydtl_filters,format_number,1,
                         [{file,"src/erlydtl_filters.erl"},{line,335}]},
        {speiseplan_view_admin_index_html,'-render_internal/4-fun-0-',2,[]},
        {lists,mapfoldl,3,[{file,"lists.erl"},{line,1278}]},
        {erlydtl_runtime,forloop,3,
                         [{file,"src/erlydtl_runtime.erl"},{line,228}]},
        {speiseplan_view_admin_index_html,render_internal,4,[]},
        {speiseplan_view_admin_index_html,render,2,[]},
        {boss_web_controller,render_view,6,
                             [{file,"src/boss/boss_web_controller.erl"},
                              {line,843}]}]}

=ERROR REPORT==== 27-Aug-2012::12:05:40 ===
GET /admin/index [speiseplan] 500 112ms

=INFO REPORT==== 27-Aug-2012::12:05:45 ===
Loading routes from "/Users/ulfangermann/projects/erlang/speiseplan/priv/speiseplan.routes" ....

=INFO REPORT==== 27-Aug-2012::12:05:46 ===
GET /admin/index [speiseplan] 200 86ms

=INFO REPORT==== 27-Aug-2012::12:06:57 ===
GET /doc/booking [speiseplan] 200 53ms

=ERROR REPORT==== 27-Aug-2012::12:06:57 ===
GET /doc/stylesheet.css [speiseplan] 404 0ms

=ERROR REPORT==== 27-Aug-2012::12:06:57 ===
GET /doc/erlang.png [speiseplan] 404 0ms

=INFO REPORT==== 27-Aug-2012::12:07:10 ===
Loading routes from "/Users/ulfangermann/projects/erlang/speiseplan/priv/speiseplan.routes" ....

=INFO REPORT==== 27-Aug-2012::12:07:10 ===
GET /admin/index [speiseplan] 200 109ms

=INFO REPORT==== 27-Aug-2012::12:07:36 ===
GET /doc/booking [speiseplan] 200 51ms

=ERROR REPORT==== 27-Aug-2012::12:07:36 ===
GET /doc/stylesheet.css [speiseplan] 404 0ms

=ERROR REPORT==== 27-Aug-2012::12:07:36 ===
GET /doc/erlang.png [speiseplan] 404 0ms

=INFO REPORT==== 27-Aug-2012::12:07:41 ===
Loading routes from "/Users/ulfangermann/projects/erlang/speiseplan/priv/speiseplan.routes" ....

=ERROR REPORT==== 27-Aug-2012::12:07:41 ===
{undef,[{error,invalid_id,[],[]},
        {erlydtl_filters,format_number,1,
                         [{file,"src/erlydtl_filters.erl"},{line,335}]},
        {speiseplan_view_admin_index_html,'-render_internal/4-fun-0-',2,[]},
        {lists,mapfoldl,3,[{file,"lists.erl"},{line,1278}]},
        {erlydtl_runtime,forloop,3,
                         [{file,"src/erlydtl_runtime.erl"},{line,228}]},
        {speiseplan_view_admin_index_html,render_internal,4,[]},
        {speiseplan_view_admin_index_html,render,2,[]},
        {boss_web_controller,render_view,6,
                             [{file,"src/boss/boss_web_controller.erl"},
                              {line,843}]}]}

=ERROR REPORT==== 27-Aug-2012::12:07:41 ===
GET /admin/index [speiseplan] 500 113ms

=INFO REPORT==== 27-Aug-2012::12:08:08 ===
Loading routes from "/Users/ulfangermann/projects/erlang/speiseplan/priv/speiseplan.routes" ....

=INFO REPORT==== 27-Aug-2012::12:08:08 ===
GET /admin/index [speiseplan] 200 110ms

=INFO REPORT==== 27-Aug-2012::12:08:31 ===
GET /doc/booking [speiseplan] 200 56ms

=ERROR REPORT==== 27-Aug-2012::12:08:31 ===
GET /doc/stylesheet.css [speiseplan] 404 0ms

=ERROR REPORT==== 27-Aug-2012::12:08:31 ===
GET /doc/erlang.png [speiseplan] 404 0ms

=INFO REPORT==== 27-Aug-2012::12:08:33 ===
Loading routes from "/Users/ulfangermann/projects/erlang/speiseplan/priv/speiseplan.routes" ....

=INFO REPORT==== 27-Aug-2012::12:08:33 ===
GET /admin/index [speiseplan] 200 109ms

=INFO REPORT==== 27-Aug-2012::12:14:43 ===
Loading routes from "/Users/ulfangermann/projects/erlang/speiseplan/priv/speiseplan.routes" ....

=INFO REPORT==== 27-Aug-2012::12:14:44 ===
POST /admin/create [speiseplan] 302 77ms

=INFO REPORT==== 27-Aug-2012::12:14:44 ===
Loading routes from "/Users/ulfangermann/projects/erlang/speiseplan/priv/speiseplan.routes" ....

=INFO REPORT==== 27-Aug-2012::12:14:44 ===
GET /admin/index [speiseplan] 200 77ms

=INFO REPORT==== 27-Aug-2012::12:42:09 ===
Loading routes from "/Users/ulfangermann/projects/erlang/speiseplan/priv/speiseplan.routes" ....

=ERROR REPORT==== 27-Aug-2012::12:42:09 ===
{undef,[{error,invalid_id,[],[]},
        {erlydtl_filters,format_number,1,
                         [{file,"src/erlydtl_filters.erl"},{line,335}]},
        {speiseplan_view_admin_index_html,'-render_internal/4-fun-0-',2,[]},
        {lists,mapfoldl,3,[{file,"lists.erl"},{line,1278}]},
        {erlydtl_runtime,forloop,3,
                         [{file,"src/erlydtl_runtime.erl"},{line,228}]},
        {speiseplan_view_admin_index_html,render_internal,4,[]},
        {speiseplan_view_admin_index_html,render,2,[]},
        {boss_web_controller,render_view,6,
                             [{file,"src/boss/boss_web_controller.erl"},
                              {line,843}]}]}

=ERROR REPORT==== 27-Aug-2012::12:42:09 ===
GET /admin/index [speiseplan] 500 110ms
