
=INFO REPORT==== 4-Sep-2012::18:33:33 ===
Starting Boss in development mode....

=INFO REPORT==== 4-Sep-2012::18:33:33 ===
Starting master services on 'speiseplan@Ulf-Angermann-s-MacBook-Pro'

=INFO REPORT==== 4-Sep-2012::18:33:33 ===
SSL:[]

=INFO REPORT==== 4-Sep-2012::18:33:33 ===
Loading routes from "/Users/ulfangermann/projects/erlang/speiseplan/priv/speiseplan.routes" ....

=INFO REPORT==== 4-Sep-2012::18:33:56 ===
Loading routes from "/Users/ulfangermann/projects/erlang/speiseplan/priv/speiseplan.routes" ....

=INFO REPORT==== 4-Sep-2012::18:33:56 ===
GET /booking [speiseplan] 200 153ms

=INFO REPORT==== 4-Sep-2012::18:34:01 ===
Loading routes from "/Users/ulfangermann/projects/erlang/speiseplan/priv/speiseplan.routes" ....

=INFO REPORT==== 4-Sep-2012::18:34:01 ===
POST /booking/delete [speiseplan] 302 148ms

=INFO REPORT==== 4-Sep-2012::18:34:01 ===
Loading routes from "/Users/ulfangermann/projects/erlang/speiseplan/priv/speiseplan.routes" ....

=INFO REPORT==== 4-Sep-2012::18:34:01 ===
GET /booking/index [speiseplan] 200 153ms

=INFO REPORT==== 4-Sep-2012::18:34:02 ===
Loading routes from "/Users/ulfangermann/projects/erlang/speiseplan/priv/speiseplan.routes" ....

=INFO REPORT==== 4-Sep-2012::18:34:02 ===
POST /booking/book [speiseplan] 302 147ms

=INFO REPORT==== 4-Sep-2012::18:34:02 ===
Loading routes from "/Users/ulfangermann/projects/erlang/speiseplan/priv/speiseplan.routes" ....

=INFO REPORT==== 4-Sep-2012::18:34:02 ===
GET /booking/index [speiseplan] 200 152ms

=INFO REPORT==== 4-Sep-2012::18:34:05 ===
Loading routes from "/Users/ulfangermann/projects/erlang/speiseplan/priv/speiseplan.routes" ....

=INFO REPORT==== 4-Sep-2012::18:34:06 ===
POST /booking/book [speiseplan] 302 146ms

=INFO REPORT==== 4-Sep-2012::18:34:06 ===
Loading routes from "/Users/ulfangermann/projects/erlang/speiseplan/priv/speiseplan.routes" ....

=INFO REPORT==== 4-Sep-2012::18:34:06 ===
GET /booking/index [speiseplan] 200 149ms

=INFO REPORT==== 4-Sep-2012::18:34:18 ===
Loading routes from "/Users/ulfangermann/projects/erlang/speiseplan/priv/speiseplan.routes" ....

=INFO REPORT==== 4-Sep-2012::18:34:18 ===
GET /admin/index [speiseplan] 200 157ms

=INFO REPORT==== 4-Sep-2012::18:34:19 ===
Loading routes from "/Users/ulfangermann/projects/erlang/speiseplan/priv/speiseplan.routes" ....

=ERROR REPORT==== 4-Sep-2012::18:34:19 ===
GET /admin/favicon.ico [speiseplan] 404 153ms

=INFO REPORT==== 4-Sep-2012::18:34:42 ===
Loading routes from "/Users/ulfangermann/projects/erlang/speiseplan/priv/speiseplan.routes" ....

=INFO REPORT==== 4-Sep-2012::18:34:42 ===
GET /admin/detail/menu-2 [speiseplan] 200 156ms

=INFO REPORT==== 4-Sep-2012::18:34:42 ===
Loading routes from "/Users/ulfangermann/projects/erlang/speiseplan/priv/speiseplan.routes" ....

=ERROR REPORT==== 4-Sep-2012::18:34:42 ===
{undef,[{error,module_info,[exports],[]},
        {erlydtl_runtime,find_value,2,
                         [{file,"src/erlydtl_runtime.erl"},{line,44}]},
        {speiseplan_view_admin_detail_html,render_internal,4,[]},
        {speiseplan_view_admin_detail_html,render,2,[]},
        {boss_web_controller,render_view,6,
                             [{file,"src/boss/boss_web_controller.erl"},
                              {line,843}]},
        {boss_web_controller,execute_action,5,
                             [{file,"src/boss/boss_web_controller.erl"},
                              {line,734}]},
        {boss_web_controller,process_request,5,
                             [{file,"src/boss/boss_web_controller.erl"},
                              {line,460}]},
        {timer,tc,3,[{file,"timer.erl"},{line,194}]}]}

=ERROR REPORT==== 4-Sep-2012::18:34:42 ===
GET /admin/detail/favicon.ico [speiseplan] 500 160ms

=INFO REPORT==== 4-Sep-2012::18:34:46 ===
Loading routes from "/Users/ulfangermann/projects/erlang/speiseplan/priv/speiseplan.routes" ....

=INFO REPORT==== 4-Sep-2012::18:34:46 ===
GET /admin/detail/menu-2 [speiseplan] 200 161ms

=INFO REPORT==== 4-Sep-2012::18:34:46 ===
Loading routes from "/Users/ulfangermann/projects/erlang/speiseplan/priv/speiseplan.routes" ....

=ERROR REPORT==== 4-Sep-2012::18:34:46 ===
{undef,[{error,module_info,[exports],[]},
        {erlydtl_runtime,find_value,2,
                         [{file,"src/erlydtl_runtime.erl"},{line,44}]},
        {speiseplan_view_admin_detail_html,render_internal,4,[]},
        {speiseplan_view_admin_detail_html,render,2,[]},
        {boss_web_controller,render_view,6,
                             [{file,"src/boss/boss_web_controller.erl"},
                              {line,843}]},
        {boss_web_controller,execute_action,5,
                             [{file,"src/boss/boss_web_controller.erl"},
                              {line,734}]},
        {boss_web_controller,process_request,5,
                             [{file,"src/boss/boss_web_controller.erl"},
                              {line,460}]},
        {timer,tc,3,[{file,"timer.erl"},{line,194}]}]}

=ERROR REPORT==== 4-Sep-2012::18:34:46 ===
GET /admin/detail/favicon.ico [speiseplan] 500 160ms

=INFO REPORT==== 4-Sep-2012::18:35:04 ===
Loading routes from "/Users/ulfangermann/projects/erlang/speiseplan/priv/speiseplan.routes" ....

=INFO REPORT==== 4-Sep-2012::18:35:04 ===
GET /admin/edit/menu-2 [speiseplan] 200 157ms

=INFO REPORT==== 4-Sep-2012::18:35:04 ===
Loading routes from "/Users/ulfangermann/projects/erlang/speiseplan/priv/speiseplan.routes" ....

=ERROR REPORT==== 4-Sep-2012::18:35:04 ===
{undef,[{error,module_info,[exports],[]},
        {erlydtl_runtime,find_value,2,
                         [{file,"src/erlydtl_runtime.erl"},{line,44}]},
        {speiseplan_view_admin_edit_html,render_internal,4,[]},
        {speiseplan_view_admin_edit_html,render,2,[]},
        {boss_web_controller,render_view,6,
                             [{file,"src/boss/boss_web_controller.erl"},
                              {line,843}]},
        {boss_web_controller,execute_action,5,
                             [{file,"src/boss/boss_web_controller.erl"},
                              {line,734}]},
        {boss_web_controller,process_request,5,
                             [{file,"src/boss/boss_web_controller.erl"},
                              {line,460}]},
        {timer,tc,3,[{file,"timer.erl"},{line,194}]}]}

=ERROR REPORT==== 4-Sep-2012::18:35:04 ===
GET /admin/edit/favicon.ico [speiseplan] 500 155ms

=INFO REPORT==== 4-Sep-2012::18:35:08 ===
Loading routes from "/Users/ulfangermann/projects/erlang/speiseplan/priv/speiseplan.routes" ....

=INFO REPORT==== 4-Sep-2012::18:35:08 ===
POST /admin/update/menu-2 [speiseplan] 302 151ms

=INFO REPORT==== 4-Sep-2012::18:35:08 ===
Loading routes from "/Users/ulfangermann/projects/erlang/speiseplan/priv/speiseplan.routes" ....

=INFO REPORT==== 4-Sep-2012::18:35:08 ===
GET /admin/index [speiseplan] 200 157ms

=INFO REPORT==== 4-Sep-2012::18:35:08 ===
Loading routes from "/Users/ulfangermann/projects/erlang/speiseplan/priv/speiseplan.routes" ....

=ERROR REPORT==== 4-Sep-2012::18:35:08 ===
GET /admin/favicon.ico [speiseplan] 404 150ms

=INFO REPORT==== 4-Sep-2012::18:35:25 ===
Loading routes from "/Users/ulfangermann/projects/erlang/speiseplan/priv/speiseplan.routes" ....

=INFO REPORT==== 4-Sep-2012::18:35:25 ===
GET /eater/index [speiseplan] 200 155ms

=INFO REPORT==== 4-Sep-2012::18:35:25 ===
Loading routes from "/Users/ulfangermann/projects/erlang/speiseplan/priv/speiseplan.routes" ....

=ERROR REPORT==== 4-Sep-2012::18:35:25 ===
GET /eater/favicon.ico [speiseplan] 404 159ms

=INFO REPORT==== 4-Sep-2012::18:35:29 ===
Loading routes from "/Users/ulfangermann/projects/erlang/speiseplan/priv/speiseplan.routes" ....

=INFO REPORT==== 4-Sep-2012::18:35:29 ===
POST /eater/edit/eater-1 [speiseplan] 200 154ms

=INFO REPORT==== 4-Sep-2012::18:35:29 ===
Loading routes from "/Users/ulfangermann/projects/erlang/speiseplan/priv/speiseplan.routes" ....

=ERROR REPORT==== 4-Sep-2012::18:35:29 ===
{function_clause,
    [{speiseplan_eater_controller,edit,
         ['GET',
          ["favicon.ico"],
          {eater,"eater-1","ua","598f04fd6e3586a93d27aa1ddcf5f2e6","Ulf",
              "Angermann",true,5,true,"ua@innoq.com"},
          {speiseplan_eater_controller,
              {simple_bridge_request_wrapper,mochiweb_request_bridge,
                  {mochiweb_request,#Port<0.13380>,'GET',
                      "/eater/edit/favicon.ico",
                      {1,1},
                      {8,
                       {"host",
                        {'Host',"localhost:8001"},
                        {"connection",
                         {'Connection',"keep-alive"},
                         {"accept",
                          {'Accept',"*/*"},
                          nil,
                          {"accept-encoding",
                           {'Accept-Encoding',"gzip,deflate,sdch"},
                           {"accept-charset",
                            {'Accept-Charset',
                                "ISO-8859-1,utf-8;q=0.7,*;q=0.3"},
                            nil,nil},
                           {"accept-language",
                            {'Accept-Language',"en-US,en;q=0.8,de;q=0.6"},
                            nil,nil}}},
                         {"cookie",
                          {'Cookie',
                              "plushContainerWidth=100%25; plushNoTopMenu=0; user_id=eater-1; session_id=3e0b0dce7a329e269e6ec49f345c7621; _boss_session=1235fff11f565f48eaa95ebdb35ce8f7bd9f1674"},
                          nil,nil}},
                        {"user-agent",
                         {'User-Agent',
                             "Mozilla/5.0 (Macintosh; Intel Mac OS X 10_7_3) AppleWebKit/537.1 (KHTML, like Gecko) Chrome/21.0.1180.89 Safari/537.1"},
                         nil,nil}}}},
                  false,[],[],none}}],
         []},
     {boss_web_controller,execute_action,5,
         [{file,"src/boss/boss_web_controller.erl"},{line,714}]},
     {boss_web_controller,process_request,5,
         [{file,"src/boss/boss_web_controller.erl"},{line,460}]},
     {timer,tc,3,[{file,"timer.erl"},{line,194}]},
     {boss_web_controller,handle_request,3,
         [{file,"src/boss/boss_web_controller.erl"},{line,388}]},
     {mochiweb_http,headers,5,[{file,"src/mochiweb_http.erl"},{line,90}]},
     {proc_lib,init_p_do_apply,3,[{file,"proc_lib.erl"},{line,227}]}]}

=ERROR REPORT==== 4-Sep-2012::18:35:29 ===
GET /eater/edit/favicon.ico [speiseplan] 500 150ms

=INFO REPORT==== 4-Sep-2012::18:35:31 ===
Loading routes from "/Users/ulfangermann/projects/erlang/speiseplan/priv/speiseplan.routes" ....

=ERROR REPORT==== 4-Sep-2012::18:35:32 ===
GET /eater/favicon.ico [speiseplan] 404 154ms

=INFO REPORT==== 4-Sep-2012::18:35:55 ===
Loading routes from "/Users/ulfangermann/projects/erlang/speiseplan/priv/speiseplan.routes" ....

=INFO REPORT==== 4-Sep-2012::18:35:55 ===
POST /eater/create [speiseplan] 302 153ms

=INFO REPORT==== 4-Sep-2012::18:35:55 ===
Loading routes from "/Users/ulfangermann/projects/erlang/speiseplan/priv/speiseplan.routes" ....

=INFO REPORT==== 4-Sep-2012::18:35:55 ===
GET /eater/index [speiseplan] 200 151ms

=INFO REPORT==== 4-Sep-2012::18:35:56 ===
Loading routes from "/Users/ulfangermann/projects/erlang/speiseplan/priv/speiseplan.routes" ....

=ERROR REPORT==== 4-Sep-2012::18:35:56 ===
GET /eater/favicon.ico [speiseplan] 404 151ms

=INFO REPORT==== 4-Sep-2012::18:36:02 ===
Loading routes from "/Users/ulfangermann/projects/erlang/speiseplan/priv/speiseplan.routes" ....

=INFO REPORT==== 4-Sep-2012::18:36:03 ===
GET /eater/login [speiseplan] 200 155ms

=INFO REPORT==== 4-Sep-2012::18:36:12 ===
Loading routes from "/Users/ulfangermann/projects/erlang/speiseplan/priv/speiseplan.routes" ....

=INFO REPORT==== 4-Sep-2012::18:36:12 ===
POST /eater/login [speiseplan] 200 151ms

=INFO REPORT==== 4-Sep-2012::18:36:14 ===
Loading routes from "/Users/ulfangermann/projects/erlang/speiseplan/priv/speiseplan.routes" ....

=INFO REPORT==== 4-Sep-2012::18:36:14 ===
GET /registration [speiseplan] 200 152ms

=INFO REPORT==== 4-Sep-2012::18:36:20 ===
Loading routes from "/Users/ulfangermann/projects/erlang/speiseplan/priv/speiseplan.routes" ....

=INFO REPORT==== 4-Sep-2012::18:36:20 ===
POST /eater/login [speiseplan] 302 146ms

=INFO REPORT==== 4-Sep-2012::18:36:20 ===
Loading routes from "/Users/ulfangermann/projects/erlang/speiseplan/priv/speiseplan.routes" ....

=INFO REPORT==== 4-Sep-2012::18:36:20 ===
GET /booking/index [speiseplan] 200 151ms

=INFO REPORT==== 4-Sep-2012::18:36:20 ===
Loading routes from "/Users/ulfangermann/projects/erlang/speiseplan/priv/speiseplan.routes" ....

=ERROR REPORT==== 4-Sep-2012::18:36:20 ===
GET /booking/favicon.ico [speiseplan] 404 151ms

=INFO REPORT==== 4-Sep-2012::18:36:27 ===
Loading routes from "/Users/ulfangermann/projects/erlang/speiseplan/priv/speiseplan.routes" ....

=INFO REPORT==== 4-Sep-2012::18:36:27 ===
POST /booking/book [speiseplan] 302 152ms

=INFO REPORT==== 4-Sep-2012::18:36:27 ===
Loading routes from "/Users/ulfangermann/projects/erlang/speiseplan/priv/speiseplan.routes" ....

=INFO REPORT==== 4-Sep-2012::18:36:28 ===
GET /booking/index [speiseplan] 200 154ms

=INFO REPORT==== 4-Sep-2012::18:36:36 ===
Loading routes from "/Users/ulfangermann/projects/erlang/speiseplan/priv/speiseplan.routes" ....

=INFO REPORT==== 4-Sep-2012::18:36:36 ===
POST /eater/login [speiseplan] 302 149ms

=INFO REPORT==== 4-Sep-2012::18:36:36 ===
Loading routes from "/Users/ulfangermann/projects/erlang/speiseplan/priv/speiseplan.routes" ....

=INFO REPORT==== 4-Sep-2012::18:36:36 ===
GET /eater/login [speiseplan] 302 145ms

=INFO REPORT==== 4-Sep-2012::18:36:36 ===
Loading routes from "/Users/ulfangermann/projects/erlang/speiseplan/priv/speiseplan.routes" ....

=INFO REPORT==== 4-Sep-2012::18:36:37 ===
GET /eater/login [speiseplan] 302 147ms

=INFO REPORT==== 4-Sep-2012::18:36:37 ===
Loading routes from "/Users/ulfangermann/projects/erlang/speiseplan/priv/speiseplan.routes" ....

=INFO REPORT==== 4-Sep-2012::18:36:37 ===
GET /eater/login [speiseplan] 302 147ms

=INFO REPORT==== 4-Sep-2012::18:36:37 ===
Loading routes from "/Users/ulfangermann/projects/erlang/speiseplan/priv/speiseplan.routes" ....

=INFO REPORT==== 4-Sep-2012::18:36:37 ===
GET /eater/login [speiseplan] 302 147ms

=INFO REPORT==== 4-Sep-2012::18:36:37 ===
Loading routes from "/Users/ulfangermann/projects/erlang/speiseplan/priv/speiseplan.routes" ....

=INFO REPORT==== 4-Sep-2012::18:36:37 ===
GET /eater/login [speiseplan] 302 146ms

=INFO REPORT==== 4-Sep-2012::18:36:37 ===
Loading routes from "/Users/ulfangermann/projects/erlang/speiseplan/priv/speiseplan.routes" ....

=INFO REPORT==== 4-Sep-2012::18:36:37 ===
GET /eater/login [speiseplan] 302 143ms

=INFO REPORT==== 4-Sep-2012::18:36:37 ===
Loading routes from "/Users/ulfangermann/projects/erlang/speiseplan/priv/speiseplan.routes" ....

=INFO REPORT==== 4-Sep-2012::18:36:37 ===
GET /eater/login [speiseplan] 302 146ms

=INFO REPORT==== 4-Sep-2012::18:36:37 ===
Loading routes from "/Users/ulfangermann/projects/erlang/speiseplan/priv/speiseplan.routes" ....

=INFO REPORT==== 4-Sep-2012::18:36:38 ===
GET /eater/login [speiseplan] 302 147ms

=INFO REPORT==== 4-Sep-2012::18:36:38 ===
Loading routes from "/Users/ulfangermann/projects/erlang/speiseplan/priv/speiseplan.routes" ....

=INFO REPORT==== 4-Sep-2012::18:36:38 ===
GET /eater/login [speiseplan] 302 146ms

=INFO REPORT==== 4-Sep-2012::18:36:38 ===
Loading routes from "/Users/ulfangermann/projects/erlang/speiseplan/priv/speiseplan.routes" ....

=INFO REPORT==== 4-Sep-2012::18:36:38 ===
GET /eater/login [speiseplan] 302 148ms

=INFO REPORT==== 4-Sep-2012::18:36:38 ===
Loading routes from "/Users/ulfangermann/projects/erlang/speiseplan/priv/speiseplan.routes" ....

=INFO REPORT==== 4-Sep-2012::18:36:38 ===
GET /eater/login [speiseplan] 302 147ms

=INFO REPORT==== 4-Sep-2012::18:36:38 ===
Loading routes from "/Users/ulfangermann/projects/erlang/speiseplan/priv/speiseplan.routes" ....

=INFO REPORT==== 4-Sep-2012::18:36:38 ===
GET /eater/login [speiseplan] 302 148ms

=INFO REPORT==== 4-Sep-2012::18:36:38 ===
Loading routes from "/Users/ulfangermann/projects/erlang/speiseplan/priv/speiseplan.routes" ....

=INFO REPORT==== 4-Sep-2012::18:36:38 ===
GET /eater/login [speiseplan] 302 148ms

=INFO REPORT==== 4-Sep-2012::18:36:38 ===
Loading routes from "/Users/ulfangermann/projects/erlang/speiseplan/priv/speiseplan.routes" ....

=INFO REPORT==== 4-Sep-2012::18:36:38 ===
GET /eater/login [speiseplan] 302 146ms

=INFO REPORT==== 4-Sep-2012::18:36:38 ===
Loading routes from "/Users/ulfangermann/projects/erlang/speiseplan/priv/speiseplan.routes" ....

=INFO REPORT==== 4-Sep-2012::18:36:39 ===
GET /eater/login [speiseplan] 302 146ms

=INFO REPORT==== 4-Sep-2012::18:36:39 ===
Loading routes from "/Users/ulfangermann/projects/erlang/speiseplan/priv/speiseplan.routes" ....

=INFO REPORT==== 4-Sep-2012::18:36:39 ===
GET /eater/login [speiseplan] 302 146ms

=INFO REPORT==== 4-Sep-2012::18:36:39 ===
Loading routes from "/Users/ulfangermann/projects/erlang/speiseplan/priv/speiseplan.routes" ....

=INFO REPORT==== 4-Sep-2012::18:36:39 ===
GET /eater/login [speiseplan] 302 145ms

=INFO REPORT==== 4-Sep-2012::18:36:39 ===
Loading routes from "/Users/ulfangermann/projects/erlang/speiseplan/priv/speiseplan.routes" ....

=INFO REPORT==== 4-Sep-2012::18:36:39 ===
GET /eater/login [speiseplan] 302 149ms

=INFO REPORT==== 4-Sep-2012::18:36:39 ===
Loading routes from "/Users/ulfangermann/projects/erlang/speiseplan/priv/speiseplan.routes" ....

=INFO REPORT==== 4-Sep-2012::18:36:39 ===
GET /eater/login [speiseplan] 302 147ms

=INFO REPORT==== 4-Sep-2012::18:36:39 ===
Loading routes from "/Users/ulfangermann/projects/erlang/speiseplan/priv/speiseplan.routes" ....

=INFO REPORT==== 4-Sep-2012::18:36:39 ===
GET /eater/login [speiseplan] 302 149ms

=INFO REPORT==== 4-Sep-2012::18:36:56 ===
Loading routes from "/Users/ulfangermann/projects/erlang/speiseplan/priv/speiseplan.routes" ....

=INFO REPORT==== 4-Sep-2012::18:36:56 ===
POST /eater/login [speiseplan] 302 150ms

=INFO REPORT==== 4-Sep-2012::18:36:56 ===
Loading routes from "/Users/ulfangermann/projects/erlang/speiseplan/priv/speiseplan.routes" ....

=INFO REPORT==== 4-Sep-2012::18:36:56 ===
GET /eater/login [speiseplan] 302 152ms

=INFO REPORT==== 4-Sep-2012::18:36:56 ===
Loading routes from "/Users/ulfangermann/projects/erlang/speiseplan/priv/speiseplan.routes" ....

=INFO REPORT==== 4-Sep-2012::18:36:56 ===
GET /eater/login [speiseplan] 302 151ms

=INFO REPORT==== 4-Sep-2012::18:36:56 ===
Loading routes from "/Users/ulfangermann/projects/erlang/speiseplan/priv/speiseplan.routes" ....

=INFO REPORT==== 4-Sep-2012::18:36:56 ===
GET /eater/login [speiseplan] 302 151ms

=INFO REPORT==== 4-Sep-2012::18:36:56 ===
Loading routes from "/Users/ulfangermann/projects/erlang/speiseplan/priv/speiseplan.routes" ....

=INFO REPORT==== 4-Sep-2012::18:36:57 ===
GET /eater/login [speiseplan] 302 149ms

=INFO REPORT==== 4-Sep-2012::18:36:57 ===
Loading routes from "/Users/ulfangermann/projects/erlang/speiseplan/priv/speiseplan.routes" ....

=INFO REPORT==== 4-Sep-2012::18:36:57 ===
GET /eater/login [speiseplan] 302 151ms

=INFO REPORT==== 4-Sep-2012::18:36:57 ===
Loading routes from "/Users/ulfangermann/projects/erlang/speiseplan/priv/speiseplan.routes" ....

=INFO REPORT==== 4-Sep-2012::18:36:57 ===
GET /eater/login [speiseplan] 302 147ms

=INFO REPORT==== 4-Sep-2012::18:36:57 ===
Loading routes from "/Users/ulfangermann/projects/erlang/speiseplan/priv/speiseplan.routes" ....

=INFO REPORT==== 4-Sep-2012::18:36:57 ===
GET /eater/login [speiseplan] 302 151ms

=INFO REPORT==== 4-Sep-2012::18:36:57 ===
Loading routes from "/Users/ulfangermann/projects/erlang/speiseplan/priv/speiseplan.routes" ....

=INFO REPORT==== 4-Sep-2012::18:36:57 ===
GET /eater/login [speiseplan] 302 154ms

=INFO REPORT==== 4-Sep-2012::18:36:57 ===
Loading routes from "/Users/ulfangermann/projects/erlang/speiseplan/priv/speiseplan.routes" ....

=INFO REPORT==== 4-Sep-2012::18:36:57 ===
GET /eater/login [speiseplan] 302 145ms

=INFO REPORT==== 4-Sep-2012::18:36:57 ===
Loading routes from "/Users/ulfangermann/projects/erlang/speiseplan/priv/speiseplan.routes" ....

=INFO REPORT==== 4-Sep-2012::18:36:58 ===
GET /eater/login [speiseplan] 302 153ms

=INFO REPORT==== 4-Sep-2012::18:36:58 ===
Loading routes from "/Users/ulfangermann/projects/erlang/speiseplan/priv/speiseplan.routes" ....

=INFO REPORT==== 4-Sep-2012::18:36:58 ===
GET /eater/login [speiseplan] 302 151ms

=INFO REPORT==== 4-Sep-2012::18:36:58 ===
Loading routes from "/Users/ulfangermann/projects/erlang/speiseplan/priv/speiseplan.routes" ....

=INFO REPORT==== 4-Sep-2012::18:36:58 ===
GET /eater/login [speiseplan] 302 150ms

=INFO REPORT==== 4-Sep-2012::18:36:58 ===
Loading routes from "/Users/ulfangermann/projects/erlang/speiseplan/priv/speiseplan.routes" ....

=INFO REPORT==== 4-Sep-2012::18:36:58 ===
GET /eater/login [speiseplan] 302 151ms

=INFO REPORT==== 4-Sep-2012::18:36:58 ===
Loading routes from "/Users/ulfangermann/projects/erlang/speiseplan/priv/speiseplan.routes" ....

=INFO REPORT==== 4-Sep-2012::18:36:58 ===
GET /eater/login [speiseplan] 302 153ms

=INFO REPORT==== 4-Sep-2012::18:36:58 ===
Loading routes from "/Users/ulfangermann/projects/erlang/speiseplan/priv/speiseplan.routes" ....

=INFO REPORT==== 4-Sep-2012::18:36:58 ===
GET /eater/login [speiseplan] 302 152ms

=INFO REPORT==== 4-Sep-2012::18:36:58 ===
Loading routes from "/Users/ulfangermann/projects/erlang/speiseplan/priv/speiseplan.routes" ....

=INFO REPORT==== 4-Sep-2012::18:36:58 ===
GET /eater/login [speiseplan] 302 150ms

=INFO REPORT==== 4-Sep-2012::18:36:58 ===
Loading routes from "/Users/ulfangermann/projects/erlang/speiseplan/priv/speiseplan.routes" ....

=INFO REPORT==== 4-Sep-2012::18:36:59 ===
GET /eater/login [speiseplan] 302 150ms

=INFO REPORT==== 4-Sep-2012::18:36:59 ===
Loading routes from "/Users/ulfangermann/projects/erlang/speiseplan/priv/speiseplan.routes" ....

=INFO REPORT==== 4-Sep-2012::18:36:59 ===
GET /eater/login [speiseplan] 302 150ms

=INFO REPORT==== 4-Sep-2012::18:36:59 ===
Loading routes from "/Users/ulfangermann/projects/erlang/speiseplan/priv/speiseplan.routes" ....

=INFO REPORT==== 4-Sep-2012::18:36:59 ===
GET /eater/login [speiseplan] 302 153ms

=INFO REPORT==== 4-Sep-2012::18:36:59 ===
Loading routes from "/Users/ulfangermann/projects/erlang/speiseplan/priv/speiseplan.routes" ....

=INFO REPORT==== 4-Sep-2012::18:36:59 ===
GET /eater/login [speiseplan] 302 151ms

=INFO REPORT==== 4-Sep-2012::18:37:08 ===
Loading routes from "/Users/ulfangermann/projects/erlang/speiseplan/priv/speiseplan.routes" ....

=INFO REPORT==== 4-Sep-2012::18:37:08 ===
GET /eater/login [speiseplan] 302 150ms

=INFO REPORT==== 4-Sep-2012::18:37:08 ===
Loading routes from "/Users/ulfangermann/projects/erlang/speiseplan/priv/speiseplan.routes" ....

=INFO REPORT==== 4-Sep-2012::18:37:08 ===
GET /eater/login [speiseplan] 302 150ms

=INFO REPORT==== 4-Sep-2012::18:37:08 ===
Loading routes from "/Users/ulfangermann/projects/erlang/speiseplan/priv/speiseplan.routes" ....

=INFO REPORT==== 4-Sep-2012::18:37:08 ===
GET /eater/login [speiseplan] 302 152ms

=INFO REPORT==== 4-Sep-2012::18:37:08 ===
Loading routes from "/Users/ulfangermann/projects/erlang/speiseplan/priv/speiseplan.routes" ....

=INFO REPORT==== 4-Sep-2012::18:37:08 ===
GET /eater/login [speiseplan] 302 149ms

=INFO REPORT==== 4-Sep-2012::18:37:08 ===
Loading routes from "/Users/ulfangermann/projects/erlang/speiseplan/priv/speiseplan.routes" ....

=INFO REPORT==== 4-Sep-2012::18:37:09 ===
GET /eater/login [speiseplan] 302 149ms

=INFO REPORT==== 4-Sep-2012::18:37:09 ===
Loading routes from "/Users/ulfangermann/projects/erlang/speiseplan/priv/speiseplan.routes" ....

=INFO REPORT==== 4-Sep-2012::18:37:09 ===
GET /eater/login [speiseplan] 302 147ms

=INFO REPORT==== 4-Sep-2012::18:37:09 ===
Loading routes from "/Users/ulfangermann/projects/erlang/speiseplan/priv/speiseplan.routes" ....

=INFO REPORT==== 4-Sep-2012::18:37:09 ===
GET /eater/login [speiseplan] 302 155ms

=INFO REPORT==== 4-Sep-2012::18:37:09 ===
Loading routes from "/Users/ulfangermann/projects/erlang/speiseplan/priv/speiseplan.routes" ....

=INFO REPORT==== 4-Sep-2012::18:37:09 ===
GET /eater/login [speiseplan] 302 149ms

=INFO REPORT==== 4-Sep-2012::18:37:09 ===
Loading routes from "/Users/ulfangermann/projects/erlang/speiseplan/priv/speiseplan.routes" ....

=INFO REPORT==== 4-Sep-2012::18:37:09 ===
GET /eater/login [speiseplan] 302 150ms

=INFO REPORT==== 4-Sep-2012::18:37:09 ===
Loading routes from "/Users/ulfangermann/projects/erlang/speiseplan/priv/speiseplan.routes" ....

=INFO REPORT==== 4-Sep-2012::18:37:09 ===
GET /eater/login [speiseplan] 302 154ms

=INFO REPORT==== 4-Sep-2012::18:37:09 ===
Loading routes from "/Users/ulfangermann/projects/erlang/speiseplan/priv/speiseplan.routes" ....

=INFO REPORT==== 4-Sep-2012::18:37:09 ===
GET /eater/login [speiseplan] 302 151ms

=INFO REPORT==== 4-Sep-2012::18:37:09 ===
Loading routes from "/Users/ulfangermann/projects/erlang/speiseplan/priv/speiseplan.routes" ....

=INFO REPORT==== 4-Sep-2012::18:37:10 ===
GET /eater/login [speiseplan] 302 150ms

=INFO REPORT==== 4-Sep-2012::18:37:10 ===
Loading routes from "/Users/ulfangermann/projects/erlang/speiseplan/priv/speiseplan.routes" ....

=INFO REPORT==== 4-Sep-2012::18:37:10 ===
GET /eater/login [speiseplan] 302 147ms

=INFO REPORT==== 4-Sep-2012::18:37:10 ===
Loading routes from "/Users/ulfangermann/projects/erlang/speiseplan/priv/speiseplan.routes" ....

=INFO REPORT==== 4-Sep-2012::18:37:10 ===
GET /eater/login [speiseplan] 302 155ms

=INFO REPORT==== 4-Sep-2012::18:37:10 ===
Loading routes from "/Users/ulfangermann/projects/erlang/speiseplan/priv/speiseplan.routes" ....

=INFO REPORT==== 4-Sep-2012::18:37:10 ===
GET /eater/login [speiseplan] 302 150ms

=INFO REPORT==== 4-Sep-2012::18:37:10 ===
Loading routes from "/Users/ulfangermann/projects/erlang/speiseplan/priv/speiseplan.routes" ....

=INFO REPORT==== 4-Sep-2012::18:37:10 ===
GET /eater/login [speiseplan] 302 153ms

=INFO REPORT==== 4-Sep-2012::18:37:10 ===
Loading routes from "/Users/ulfangermann/projects/erlang/speiseplan/priv/speiseplan.routes" ....

=INFO REPORT==== 4-Sep-2012::18:37:10 ===
GET /eater/login [speiseplan] 302 148ms

=INFO REPORT==== 4-Sep-2012::18:37:10 ===
Loading routes from "/Users/ulfangermann/projects/erlang/speiseplan/priv/speiseplan.routes" ....

=INFO REPORT==== 4-Sep-2012::18:37:11 ===
GET /eater/login [speiseplan] 302 148ms

=INFO REPORT==== 4-Sep-2012::18:37:11 ===
Loading routes from "/Users/ulfangermann/projects/erlang/speiseplan/priv/speiseplan.routes" ....

=INFO REPORT==== 4-Sep-2012::18:37:11 ===
GET /eater/login [speiseplan] 302 149ms

=INFO REPORT==== 4-Sep-2012::18:37:11 ===
Loading routes from "/Users/ulfangermann/projects/erlang/speiseplan/priv/speiseplan.routes" ....

=INFO REPORT==== 4-Sep-2012::18:37:11 ===
GET /eater/login [speiseplan] 302 149ms

=INFO REPORT==== 4-Sep-2012::18:37:11 ===
Loading routes from "/Users/ulfangermann/projects/erlang/speiseplan/priv/speiseplan.routes" ....

=INFO REPORT==== 4-Sep-2012::18:37:11 ===
GET /eater/login [speiseplan] 302 151ms
