
=INFO REPORT==== 2-Sep-2012::06:59:56 ===
Starting Boss in development mode....

=INFO REPORT==== 2-Sep-2012::06:59:57 ===
Starting master services on speiseplan@noname

=INFO REPORT==== 2-Sep-2012::06:59:58 ===
SSL:[]

=INFO REPORT==== 2-Sep-2012::06:59:58 ===
Loading routes from "/Users/ulfangermann/projects/erlang/speiseplan/priv/speiseplan.routes" ....

=INFO REPORT==== 2-Sep-2012::06:59:59 ===
    application: mnesia
    exited: stopped
    type: temporary

=INFO REPORT==== 2-Sep-2012::07:02:26 ===
Loading routes from "/Users/ulfangermann/projects/erlang/speiseplan/priv/speiseplan.routes" ....

=INFO REPORT==== 2-Sep-2012::07:02:26 ===
GET /eater/login [speiseplan] 200 112ms

=INFO REPORT==== 2-Sep-2012::07:02:27 ===
Loading routes from "/Users/ulfangermann/projects/erlang/speiseplan/priv/speiseplan.routes" ....

=INFO REPORT==== 2-Sep-2012::07:02:27 ===
GET /registration [speiseplan] 200 151ms

=INFO REPORT==== 2-Sep-2012::07:02:41 ===
Loading routes from "/Users/ulfangermann/projects/erlang/speiseplan/priv/speiseplan.routes" ....

=INFO REPORT==== 2-Sep-2012::07:02:41 ===
POST /registration/create [speiseplan] 200 155ms

=INFO REPORT==== 2-Sep-2012::07:02:45 ===
Loading routes from "/Users/ulfangermann/projects/erlang/speiseplan/priv/speiseplan.routes" ....

=INFO REPORT==== 2-Sep-2012::07:02:45 ===
POST /registration/create [speiseplan] 200 130ms

=INFO REPORT==== 2-Sep-2012::07:02:47 ===
Loading routes from "/Users/ulfangermann/projects/erlang/speiseplan/priv/speiseplan.routes" ....

=INFO REPORT==== 2-Sep-2012::07:02:48 ===
POST /registration/create [speiseplan] 302 142ms

=INFO REPORT==== 2-Sep-2012::07:02:48 ===
Loading routes from "/Users/ulfangermann/projects/erlang/speiseplan/priv/speiseplan.routes" ....

=INFO REPORT==== 2-Sep-2012::07:02:48 ===
GET /eater/login [speiseplan] 200 125ms

=INFO REPORT==== 2-Sep-2012::07:02:56 ===
Loading routes from "/Users/ulfangermann/projects/erlang/speiseplan/priv/speiseplan.routes" ....

=INFO REPORT==== 2-Sep-2012::07:02:56 ===
POST /eater/login [speiseplan] 200 131ms

=INFO REPORT==== 2-Sep-2012::07:03:13 ===
Loading routes from "/Users/ulfangermann/projects/erlang/speiseplan/priv/speiseplan.routes" ....

=INFO REPORT==== 2-Sep-2012::07:03:13 ===
GET /eater/ [speiseplan] 200 129ms

=INFO REPORT==== 2-Sep-2012::07:03:26 ===
Loading routes from "/Users/ulfangermann/projects/erlang/speiseplan/priv/speiseplan.routes" ....

=INFO REPORT==== 2-Sep-2012::07:03:26 ===
POST /eater/delete/eater-1 [speiseplan] 302 125ms

=INFO REPORT==== 2-Sep-2012::07:03:26 ===
Loading routes from "/Users/ulfangermann/projects/erlang/speiseplan/priv/speiseplan.routes" ....

=INFO REPORT==== 2-Sep-2012::07:03:26 ===
GET /eater/index [speiseplan] 200 126ms

=INFO REPORT==== 2-Sep-2012::07:03:27 ===
Loading routes from "/Users/ulfangermann/projects/erlang/speiseplan/priv/speiseplan.routes" ....

=INFO REPORT==== 2-Sep-2012::07:03:27 ===
POST /eater/delete/eater-10 [speiseplan] 302 124ms

=INFO REPORT==== 2-Sep-2012::07:03:27 ===
Loading routes from "/Users/ulfangermann/projects/erlang/speiseplan/priv/speiseplan.routes" ....

=INFO REPORT==== 2-Sep-2012::07:03:27 ===
GET /eater/index [speiseplan] 200 124ms

=INFO REPORT==== 2-Sep-2012::07:03:28 ===
Loading routes from "/Users/ulfangermann/projects/erlang/speiseplan/priv/speiseplan.routes" ....

=INFO REPORT==== 2-Sep-2012::07:03:28 ===
POST /eater/delete/eater-9 [speiseplan] 302 123ms

=INFO REPORT==== 2-Sep-2012::07:03:28 ===
Loading routes from "/Users/ulfangermann/projects/erlang/speiseplan/priv/speiseplan.routes" ....

=INFO REPORT==== 2-Sep-2012::07:03:28 ===
GET /eater/index [speiseplan] 200 125ms

=INFO REPORT==== 2-Sep-2012::07:04:13 ===
Loading routes from "/Users/ulfangermann/projects/erlang/speiseplan/priv/speiseplan.routes" ....

=INFO REPORT==== 2-Sep-2012::07:04:13 ===
POST /eater/create [speiseplan] 302 120ms

=INFO REPORT==== 2-Sep-2012::07:04:13 ===
Loading routes from "/Users/ulfangermann/projects/erlang/speiseplan/priv/speiseplan.routes" ....

=INFO REPORT==== 2-Sep-2012::07:04:13 ===
GET /eater/index [speiseplan] 200 121ms

=INFO REPORT==== 2-Sep-2012::07:06:38 ===
Loading routes from "/Users/ulfangermann/projects/erlang/speiseplan/priv/speiseplan.routes" ....

=INFO REPORT==== 2-Sep-2012::07:06:39 ===
GET /eater/login [speiseplan] 200 523ms

=INFO REPORT==== 2-Sep-2012::07:06:44 ===
Loading routes from "/Users/ulfangermann/projects/erlang/speiseplan/priv/speiseplan.routes" ....

=INFO REPORT==== 2-Sep-2012::07:06:44 ===
POST /eater/login [speiseplan] 302 131ms

=INFO REPORT==== 2-Sep-2012::07:06:44 ===
Loading routes from "/Users/ulfangermann/projects/erlang/speiseplan/priv/speiseplan.routes" ....

=INFO REPORT==== 2-Sep-2012::07:06:44 ===
GET /booking/index [speiseplan] 200 454ms

=INFO REPORT==== 2-Sep-2012::07:06:46 ===
Loading routes from "/Users/ulfangermann/projects/erlang/speiseplan/priv/speiseplan.routes" ....

=INFO REPORT==== 2-Sep-2012::07:06:46 ===
GET /admin/index [speiseplan] 200 181ms

=INFO REPORT==== 2-Sep-2012::07:10:36 ===
Loading routes from "/Users/ulfangermann/projects/erlang/speiseplan/priv/speiseplan.routes" ....

=INFO REPORT==== 2-Sep-2012::07:10:36 ===
GET /booking [speiseplan] 200 508ms

=INFO REPORT==== 2-Sep-2012::07:11:02 ===
Loading routes from "/Users/ulfangermann/projects/erlang/speiseplan/priv/speiseplan.routes" ....

=INFO REPORT==== 2-Sep-2012::07:11:02 ===
GET /booking [speiseplan] 200 409ms

=INFO REPORT==== 2-Sep-2012::07:11:14 ===
Loading routes from "/Users/ulfangermann/projects/erlang/speiseplan/priv/speiseplan.routes" ....

=INFO REPORT==== 2-Sep-2012::07:11:14 ===
GET /booking [speiseplan] 200 216ms

=INFO REPORT==== 2-Sep-2012::07:11:31 ===
Loading routes from "/Users/ulfangermann/projects/erlang/speiseplan/priv/speiseplan.routes" ....

=INFO REPORT==== 2-Sep-2012::07:11:31 ===
GET /booking [speiseplan] 200 217ms

=INFO REPORT==== 2-Sep-2012::07:11:38 ===
Loading routes from "/Users/ulfangermann/projects/erlang/speiseplan/priv/speiseplan.routes" ....

=INFO REPORT==== 2-Sep-2012::07:11:38 ===
GET /booking [speiseplan] 200 206ms

=INFO REPORT==== 2-Sep-2012::07:16:06 ===
Loading routes from "/Users/ulfangermann/projects/erlang/speiseplan/priv/speiseplan.routes" ....

=INFO REPORT==== 2-Sep-2012::07:16:06 ===
GET /eater/login [speiseplan] 200 459ms

=INFO REPORT==== 2-Sep-2012::07:16:08 ===
Loading routes from "/Users/ulfangermann/projects/erlang/speiseplan/priv/speiseplan.routes" ....

=INFO REPORT==== 2-Sep-2012::07:16:09 ===
GET /registration [speiseplan] 200 185ms

=INFO REPORT==== 2-Sep-2012::07:16:29 ===
Loading routes from "/Users/ulfangermann/projects/erlang/speiseplan/priv/speiseplan.routes" ....

=INFO REPORT==== 2-Sep-2012::07:16:30 ===
POST /registration/create [speiseplan] 302 346ms

=INFO REPORT==== 2-Sep-2012::07:16:30 ===
Loading routes from "/Users/ulfangermann/projects/erlang/speiseplan/priv/speiseplan.routes" ....

=INFO REPORT==== 2-Sep-2012::07:16:30 ===
GET /eater/login [speiseplan] 200 142ms

=INFO REPORT==== 2-Sep-2012::07:16:35 ===
Loading routes from "/Users/ulfangermann/projects/erlang/speiseplan/priv/speiseplan.routes" ....

=INFO REPORT==== 2-Sep-2012::07:16:35 ===
POST /eater/login [speiseplan] 302 134ms

=INFO REPORT==== 2-Sep-2012::07:16:35 ===
Loading routes from "/Users/ulfangermann/projects/erlang/speiseplan/priv/speiseplan.routes" ....

=INFO REPORT==== 2-Sep-2012::07:16:35 ===
GET /booking/index [speiseplan] 200 172ms

=INFO REPORT==== 2-Sep-2012::07:21:22 ===
Loading routes from "/Users/ulfangermann/projects/erlang/speiseplan/priv/speiseplan.routes" ....

=INFO REPORT==== 2-Sep-2012::07:21:23 ===
GET /eater/login [speiseplan] 200 977ms

=INFO REPORT==== 2-Sep-2012::07:21:27 ===
Loading routes from "/Users/ulfangermann/projects/erlang/speiseplan/priv/speiseplan.routes" ....

=INFO REPORT==== 2-Sep-2012::07:21:27 ===
POST /eater/login [speiseplan] 302 132ms

=INFO REPORT==== 2-Sep-2012::07:21:28 ===
Loading routes from "/Users/ulfangermann/projects/erlang/speiseplan/priv/speiseplan.routes" ....

=INFO REPORT==== 2-Sep-2012::07:21:28 ===
GET /booking/index [speiseplan] 200 351ms

=INFO REPORT==== 2-Sep-2012::07:21:50 ===
Loading routes from "/Users/ulfangermann/projects/erlang/speiseplan/priv/speiseplan.routes" ....

=INFO REPORT==== 2-Sep-2012::07:21:51 ===
GET /eater/login [speiseplan] 200 490ms

=INFO REPORT==== 2-Sep-2012::07:21:55 ===
Loading routes from "/Users/ulfangermann/projects/erlang/speiseplan/priv/speiseplan.routes" ....

=INFO REPORT==== 2-Sep-2012::07:21:55 ===
POST /eater/login [speiseplan] 302 144ms

=INFO REPORT==== 2-Sep-2012::07:21:55 ===
Loading routes from "/Users/ulfangermann/projects/erlang/speiseplan/priv/speiseplan.routes" ....

=INFO REPORT==== 2-Sep-2012::07:21:56 ===
GET /booking/index [speiseplan] 200 264ms

=INFO REPORT==== 2-Sep-2012::07:22:50 ===
Loading routes from "/Users/ulfangermann/projects/erlang/speiseplan/priv/speiseplan.routes" ....

=INFO REPORT==== 2-Sep-2012::07:22:51 ===
GET /registration [speiseplan] 200 398ms

=INFO REPORT==== 2-Sep-2012::07:23:01 ===
Loading routes from "/Users/ulfangermann/projects/erlang/speiseplan/priv/speiseplan.routes" ....

=INFO REPORT==== 2-Sep-2012::07:23:01 ===
POST /registration/create [speiseplan] 302 321ms

=INFO REPORT==== 2-Sep-2012::07:23:01 ===
Loading routes from "/Users/ulfangermann/projects/erlang/speiseplan/priv/speiseplan.routes" ....

=INFO REPORT==== 2-Sep-2012::07:23:01 ===
GET /eater/login [speiseplan] 200 150ms

=INFO REPORT==== 2-Sep-2012::07:24:21 ===
Loading routes from "/Users/ulfangermann/projects/erlang/speiseplan/priv/speiseplan.routes" ....

=INFO REPORT==== 2-Sep-2012::07:24:22 ===
GET /eater/login [speiseplan] 200 464ms

=INFO REPORT==== 2-Sep-2012::07:24:23 ===
Loading routes from "/Users/ulfangermann/projects/erlang/speiseplan/priv/speiseplan.routes" ....

=INFO REPORT==== 2-Sep-2012::07:24:23 ===
GET /registration [speiseplan] 200 156ms

=INFO REPORT==== 2-Sep-2012::07:24:30 ===
Loading routes from "/Users/ulfangermann/projects/erlang/speiseplan/priv/speiseplan.routes" ....

=INFO REPORT==== 2-Sep-2012::07:24:31 ===
POST /registration/create [speiseplan] 302 132ms

=INFO REPORT==== 2-Sep-2012::07:24:31 ===
Loading routes from "/Users/ulfangermann/projects/erlang/speiseplan/priv/speiseplan.routes" ....

=INFO REPORT==== 2-Sep-2012::07:24:31 ===
GET /eater/login [speiseplan] 200 135ms

=INFO REPORT==== 2-Sep-2012::07:25:14 ===
Loading routes from "/Users/ulfangermann/projects/erlang/speiseplan/priv/speiseplan.routes" ....

=INFO REPORT==== 2-Sep-2012::07:25:14 ===
GET /eater/ [speiseplan] 200 462ms

=INFO REPORT==== 2-Sep-2012::07:25:16 ===
Loading routes from "/Users/ulfangermann/projects/erlang/speiseplan/priv/speiseplan.routes" ....

=INFO REPORT==== 2-Sep-2012::07:25:16 ===
POST /eater/delete/eater-11 [speiseplan] 302 127ms

=INFO REPORT==== 2-Sep-2012::07:25:16 ===
Loading routes from "/Users/ulfangermann/projects/erlang/speiseplan/priv/speiseplan.routes" ....

=INFO REPORT==== 2-Sep-2012::07:25:16 ===
GET /eater/index [speiseplan] 200 130ms

=INFO REPORT==== 2-Sep-2012::07:25:16 ===
Loading routes from "/Users/ulfangermann/projects/erlang/speiseplan/priv/speiseplan.routes" ....

=INFO REPORT==== 2-Sep-2012::07:25:16 ===
POST /eater/delete/eater-12 [speiseplan] 302 141ms

=INFO REPORT==== 2-Sep-2012::07:25:16 ===
Loading routes from "/Users/ulfangermann/projects/erlang/speiseplan/priv/speiseplan.routes" ....

=INFO REPORT==== 2-Sep-2012::07:25:17 ===
GET /eater/index [speiseplan] 200 133ms

=INFO REPORT==== 2-Sep-2012::07:25:18 ===
Loading routes from "/Users/ulfangermann/projects/erlang/speiseplan/priv/speiseplan.routes" ....

=INFO REPORT==== 2-Sep-2012::07:25:18 ===
POST /eater/delete/eater-13 [speiseplan] 302 127ms

=INFO REPORT==== 2-Sep-2012::07:25:18 ===
Loading routes from "/Users/ulfangermann/projects/erlang/speiseplan/priv/speiseplan.routes" ....

=INFO REPORT==== 2-Sep-2012::07:25:18 ===
GET /eater/index [speiseplan] 200 130ms

=INFO REPORT==== 2-Sep-2012::07:25:19 ===
Loading routes from "/Users/ulfangermann/projects/erlang/speiseplan/priv/speiseplan.routes" ....

=INFO REPORT==== 2-Sep-2012::07:25:19 ===
POST /eater/delete/eater-14 [speiseplan] 302 133ms

=INFO REPORT==== 2-Sep-2012::07:25:19 ===
Loading routes from "/Users/ulfangermann/projects/erlang/speiseplan/priv/speiseplan.routes" ....

=INFO REPORT==== 2-Sep-2012::07:25:19 ===
GET /eater/index [speiseplan] 200 143ms

=INFO REPORT==== 2-Sep-2012::07:25:31 ===
Loading routes from "/Users/ulfangermann/projects/erlang/speiseplan/priv/speiseplan.routes" ....

=INFO REPORT==== 2-Sep-2012::07:25:32 ===
POST /eater/create [speiseplan] 302 373ms

=INFO REPORT==== 2-Sep-2012::07:25:32 ===
Loading routes from "/Users/ulfangermann/projects/erlang/speiseplan/priv/speiseplan.routes" ....

=INFO REPORT==== 2-Sep-2012::07:25:32 ===
GET /eater/index [speiseplan] 200 177ms
