
=INFO REPORT==== 8-Sep-2012::10:11:59 ===
Starting Boss in development mode....

=INFO REPORT==== 8-Sep-2012::10:11:59 ===
Starting master services on speiseplan@noname

=INFO REPORT==== 8-Sep-2012::10:11:59 ===
SSL:[]

=INFO REPORT==== 8-Sep-2012::10:11:59 ===
Loading routes from "/Users/ulfangermann/projects/erlang/speiseplan/priv/speiseplan.routes" ....

=INFO REPORT==== 8-Sep-2012::10:12:00 ===
Loading routes from "../cb_admin/priv/cb_admin.routes" ....

=INFO REPORT==== 8-Sep-2012::10:12:06 ===
Loading routes from "/Users/ulfangermann/projects/erlang/speiseplan/priv/speiseplan.routes" ....

=INFO REPORT==== 8-Sep-2012::10:12:06 ===
POST /login/index [speiseplan] 200 123ms

=INFO REPORT==== 8-Sep-2012::10:12:35 ===
Loading routes from "/Users/ulfangermann/projects/erlang/speiseplan/priv/speiseplan.routes" ....

=INFO REPORT==== 8-Sep-2012::10:12:35 ===
POST /login/index [speiseplan] 200 144ms

=INFO REPORT==== 8-Sep-2012::11:40:45 ===
Loading routes from "/Users/ulfangermann/projects/erlang/speiseplan/priv/speiseplan.routes" ....

=INFO REPORT==== 8-Sep-2012::11:40:46 ===
POST /login/index [speiseplan] 200 141ms
