
=INFO REPORT==== 29-Aug-2012::18:46:47 ===
Starting Boss in development mode....

=INFO REPORT==== 29-Aug-2012::18:46:47 ===
Starting master services on 'speiseplan@Ulf-Angermann-s-MacBook-Pro'

=INFO REPORT==== 29-Aug-2012::18:46:47 ===
SSL:[]

=INFO REPORT==== 29-Aug-2012::18:46:47 ===
Loading routes from "/Users/ulfangermann/projects/erlang/speiseplan/priv/speiseplan.routes" ....

=INFO REPORT==== 29-Aug-2012::18:47:09 ===
Loading routes from "/Users/ulfangermann/projects/erlang/speiseplan/priv/speiseplan.routes" ....

=INFO REPORT==== 29-Aug-2012::18:47:09 ===
GET /eater [speiseplan] 200 87ms

=INFO REPORT==== 29-Aug-2012::18:47:25 ===
Loading routes from "/Users/ulfangermann/projects/erlang/speiseplan/priv/speiseplan.routes" ....

=INFO REPORT==== 29-Aug-2012::18:47:25 ===
POST /eater/create [speiseplan] 302 133ms

=INFO REPORT==== 29-Aug-2012::18:47:25 ===
Loading routes from "/Users/ulfangermann/projects/erlang/speiseplan/priv/speiseplan.routes" ....

=INFO REPORT==== 29-Aug-2012::18:47:25 ===
GET /eater/index [speiseplan] 200 105ms

=INFO REPORT==== 29-Aug-2012::18:47:25 ===
Loading routes from "/Users/ulfangermann/projects/erlang/speiseplan/priv/speiseplan.routes" ....

=ERROR REPORT==== 29-Aug-2012::18:47:25 ===
GET /eater/favicon.ico [speiseplan] 404 102ms

=INFO REPORT==== 29-Aug-2012::18:47:28 ===
Loading routes from "/Users/ulfangermann/projects/erlang/speiseplan/priv/speiseplan.routes" ....

=INFO REPORT==== 29-Aug-2012::18:47:28 ===
GET /eater/login [speiseplan] 200 107ms

=INFO REPORT==== 29-Aug-2012::18:47:36 ===
Loading routes from "/Users/ulfangermann/projects/erlang/speiseplan/priv/speiseplan.routes" ....

=INFO REPORT==== 29-Aug-2012::18:47:36 ===
POST /eater/login [speiseplan] 302 97ms

=INFO REPORT==== 29-Aug-2012::18:47:37 ===
Loading routes from "/Users/ulfangermann/projects/erlang/speiseplan/priv/speiseplan.routes" ....

=INFO REPORT==== 29-Aug-2012::18:47:37 ===
GET /booking/index [speiseplan] 200 105ms

=INFO REPORT==== 29-Aug-2012::18:47:37 ===
Loading routes from "/Users/ulfangermann/projects/erlang/speiseplan/priv/speiseplan.routes" ....

=ERROR REPORT==== 29-Aug-2012::18:47:37 ===
GET /booking/favicon.ico [speiseplan] 404 104ms

=INFO REPORT==== 29-Aug-2012::18:47:51 ===
Loading routes from "/Users/ulfangermann/projects/erlang/speiseplan/priv/speiseplan.routes" ....

=INFO REPORT==== 29-Aug-2012::18:47:51 ===
GET /admin/index [speiseplan] 200 107ms

=INFO REPORT==== 29-Aug-2012::18:47:51 ===
Loading routes from "/Users/ulfangermann/projects/erlang/speiseplan/priv/speiseplan.routes" ....

=ERROR REPORT==== 29-Aug-2012::18:47:51 ===
GET /admin/favicon.ico [speiseplan] 404 105ms

=INFO REPORT==== 29-Aug-2012::18:48:13 ===
Loading routes from "/Users/ulfangermann/projects/erlang/speiseplan/priv/speiseplan.routes" ....

=INFO REPORT==== 29-Aug-2012::18:48:13 ===
POST /admin/create [speiseplan] 302 101ms

=INFO REPORT==== 29-Aug-2012::18:48:13 ===
Loading routes from "/Users/ulfangermann/projects/erlang/speiseplan/priv/speiseplan.routes" ....

=INFO REPORT==== 29-Aug-2012::18:48:13 ===
GET /admin/index [speiseplan] 200 102ms

=INFO REPORT==== 29-Aug-2012::18:48:54 ===
Loading routes from "/Users/ulfangermann/projects/erlang/speiseplan/priv/speiseplan.routes" ....

=INFO REPORT==== 29-Aug-2012::18:48:54 ===
GET /booking [speiseplan] 200 107ms

=INFO REPORT==== 29-Aug-2012::18:48:56 ===
Loading routes from "/Users/ulfangermann/projects/erlang/speiseplan/priv/speiseplan.routes" ....

=INFO REPORT==== 29-Aug-2012::18:48:56 ===
POST /booking/book [speiseplan] 302 100ms

=INFO REPORT==== 29-Aug-2012::18:48:56 ===
Loading routes from "/Users/ulfangermann/projects/erlang/speiseplan/priv/speiseplan.routes" ....

=INFO REPORT==== 29-Aug-2012::18:48:56 ===
GET /booking/index [speiseplan] 200 102ms

=INFO REPORT==== 29-Aug-2012::18:48:57 ===
Loading routes from "/Users/ulfangermann/projects/erlang/speiseplan/priv/speiseplan.routes" ....

=INFO REPORT==== 29-Aug-2012::18:48:57 ===
POST /booking/delete/booking-4 [speiseplan] 302 102ms

=INFO REPORT==== 29-Aug-2012::18:48:57 ===
Loading routes from "/Users/ulfangermann/projects/erlang/speiseplan/priv/speiseplan.routes" ....

=INFO REPORT==== 29-Aug-2012::18:48:57 ===
GET /booking/index [speiseplan] 200 100ms

=INFO REPORT==== 29-Aug-2012::18:49:59 ===
Loading routes from "/Users/ulfangermann/projects/erlang/speiseplan/priv/speiseplan.routes" ....

=INFO REPORT==== 29-Aug-2012::18:49:59 ===
POST /booking/book [speiseplan] 302 100ms

=INFO REPORT==== 29-Aug-2012::18:49:59 ===
Loading routes from "/Users/ulfangermann/projects/erlang/speiseplan/priv/speiseplan.routes" ....

=INFO REPORT==== 29-Aug-2012::18:49:59 ===
GET /booking/index [speiseplan] 200 103ms

=INFO REPORT==== 29-Aug-2012::18:50:02 ===
Loading routes from "/Users/ulfangermann/projects/erlang/speiseplan/priv/speiseplan.routes" ....

=INFO REPORT==== 29-Aug-2012::18:50:02 ===
GET /booking [speiseplan] 200 110ms
