
=INFO REPORT==== 4-Sep-2012::10:46:55 ===
Starting Boss in development mode....

=INFO REPORT==== 4-Sep-2012::10:46:55 ===
Starting master services on 'speiseplan@Ulf-Angermann-s-MacBook-Pro'

=INFO REPORT==== 4-Sep-2012::10:46:55 ===
SSL:[]

=INFO REPORT==== 4-Sep-2012::10:46:55 ===
Loading routes from "/Users/ulfangermann/projects/erlang/speiseplan/priv/speiseplan.routes" ....

=INFO REPORT==== 4-Sep-2012::10:50:18 ===
Loading routes from "/Users/ulfangermann/projects/erlang/speiseplan/priv/speiseplan.routes" ....

=INFO REPORT==== 4-Sep-2012::10:50:18 ===
GET /admin/index [speiseplan] 200 132ms

=INFO REPORT==== 4-Sep-2012::10:50:19 ===
Loading routes from "/Users/ulfangermann/projects/erlang/speiseplan/priv/speiseplan.routes" ....

=ERROR REPORT==== 4-Sep-2012::10:50:19 ===
GET /admin/favicon.ico [speiseplan] 404 145ms

=INFO REPORT==== 4-Sep-2012::10:52:06 ===
Loading routes from "/Users/ulfangermann/projects/erlang/speiseplan/priv/speiseplan.routes" ....

=INFO REPORT==== 4-Sep-2012::10:52:06 ===
GET /admin/index [speiseplan] 200 180ms

=INFO REPORT==== 4-Sep-2012::10:52:06 ===
Loading routes from "/Users/ulfangermann/projects/erlang/speiseplan/priv/speiseplan.routes" ....

=ERROR REPORT==== 4-Sep-2012::10:52:06 ===
GET /admin/favicon.ico [speiseplan] 404 144ms

=INFO REPORT==== 4-Sep-2012::10:53:56 ===
Loading routes from "/Users/ulfangermann/projects/erlang/speiseplan/priv/speiseplan.routes" ....

=INFO REPORT==== 4-Sep-2012::10:53:57 ===
GET /admin/index [speiseplan] 200 156ms

=INFO REPORT==== 4-Sep-2012::10:53:57 ===
Loading routes from "/Users/ulfangermann/projects/erlang/speiseplan/priv/speiseplan.routes" ....

=ERROR REPORT==== 4-Sep-2012::10:53:57 ===
GET /admin/favicon.ico [speiseplan] 404 153ms

=INFO REPORT==== 4-Sep-2012::10:54:00 ===
Loading routes from "/Users/ulfangermann/projects/erlang/speiseplan/priv/speiseplan.routes" ....

=INFO REPORT==== 4-Sep-2012::10:54:00 ===
POST /admin/storno [speiseplan] 302 148ms

=INFO REPORT==== 4-Sep-2012::10:54:00 ===
Loading routes from "/Users/ulfangermann/projects/erlang/speiseplan/priv/speiseplan.routes" ....

=INFO REPORT==== 4-Sep-2012::10:54:00 ===
GET /admin/index [speiseplan] 200 157ms

=INFO REPORT==== 4-Sep-2012::10:58:36 ===
Loading routes from "/Users/ulfangermann/projects/erlang/speiseplan/priv/speiseplan.routes" ....

=INFO REPORT==== 4-Sep-2012::10:58:36 ===
GET /eater/index [speiseplan] 200 159ms

=INFO REPORT==== 4-Sep-2012::10:58:36 ===
Loading routes from "/Users/ulfangermann/projects/erlang/speiseplan/priv/speiseplan.routes" ....

=ERROR REPORT==== 4-Sep-2012::10:58:36 ===
GET /eater/favicon.ico [speiseplan] 404 159ms

=INFO REPORT==== 4-Sep-2012::10:58:45 ===
Loading routes from "/Users/ulfangermann/projects/erlang/speiseplan/priv/speiseplan.routes" ....

=INFO REPORT==== 4-Sep-2012::10:58:45 ===
GET /admin/index [speiseplan] 200 163ms

=INFO REPORT==== 4-Sep-2012::10:58:45 ===
Loading routes from "/Users/ulfangermann/projects/erlang/speiseplan/priv/speiseplan.routes" ....

=ERROR REPORT==== 4-Sep-2012::10:58:45 ===
GET /admin/favicon.ico [speiseplan] 404 161ms

=INFO REPORT==== 4-Sep-2012::10:58:50 ===
Loading routes from "/Users/ulfangermann/projects/erlang/speiseplan/priv/speiseplan.routes" ....

=INFO REPORT==== 4-Sep-2012::10:58:50 ===
GET /admin/detail/menu-1 [speiseplan] 200 162ms

=INFO REPORT==== 4-Sep-2012::10:58:50 ===
Loading routes from "/Users/ulfangermann/projects/erlang/speiseplan/priv/speiseplan.routes" ....

=ERROR REPORT==== 4-Sep-2012::10:58:50 ===
{undef,[{error,module_info,[exports],[]},
        {erlydtl_runtime,find_value,2,
                         [{file,"src/erlydtl_runtime.erl"},{line,44}]},
        {speiseplan_view_admin_detail_html,render_internal,4,[]},
        {speiseplan_view_admin_detail_html,render,2,[]},
        {boss_web_controller,render_view,6,
                             [{file,"src/boss/boss_web_controller.erl"},
                              {line,843}]},
        {boss_web_controller,execute_action,5,
                             [{file,"src/boss/boss_web_controller.erl"},
                              {line,734}]},
        {boss_web_controller,process_request,5,
                             [{file,"src/boss/boss_web_controller.erl"},
                              {line,460}]},
        {timer,tc,3,[{file,"timer.erl"},{line,194}]}]}

=ERROR REPORT==== 4-Sep-2012::10:58:50 ===
GET /admin/detail/favicon.ico [speiseplan] 500 162ms

=INFO REPORT==== 4-Sep-2012::10:58:53 ===
Loading routes from "/Users/ulfangermann/projects/erlang/speiseplan/priv/speiseplan.routes" ....

=ERROR REPORT==== 4-Sep-2012::10:58:53 ===
GET /admin/favicon.ico [speiseplan] 404 160ms

=INFO REPORT==== 4-Sep-2012::10:58:54 ===
Loading routes from "/Users/ulfangermann/projects/erlang/speiseplan/priv/speiseplan.routes" ....

=INFO REPORT==== 4-Sep-2012::10:58:55 ===
POST /admin/storno [speiseplan] 302 153ms

=INFO REPORT==== 4-Sep-2012::10:58:55 ===
Loading routes from "/Users/ulfangermann/projects/erlang/speiseplan/priv/speiseplan.routes" ....

=INFO REPORT==== 4-Sep-2012::10:58:55 ===
GET /admin/index [speiseplan] 200 158ms

=INFO REPORT==== 4-Sep-2012::11:01:59 ===
Loading routes from "/Users/ulfangermann/projects/erlang/speiseplan/priv/speiseplan.routes" ....

=ERROR REPORT==== 4-Sep-2012::11:01:59 ===
Call to tuple fun {unbound_var,'Eaters'}.

Tuple funs are deprecated and will be removed in R16. Use "fun M:F/A" instead, for example "fun unbound_var:'Eaters'/0".

(This warning will only be shown the first time a tuple fun is called.)


=ERROR REPORT==== 4-Sep-2012::11:01:59 ===
{undef,[{unbound_var,'Eaters',[],[]},
        {erlydtl_filters,format_number,1,
                         [{file,"src/erlydtl_filters.erl"},{line,335}]},
        {boss_html_error_template,'-render_internal/4-fun-0-',2,[]},
        {lists,mapfoldl,3,[{file,"lists.erl"},{line,1278}]},
        {erlydtl_runtime,forloop,3,
                         [{file,"src/erlydtl_runtime.erl"},{line,228}]},
        {boss_html_error_template,'-render_internal/4-fun-2-',2,[]},
        {lists,mapfoldl,3,[{file,"lists.erl"},{line,1278}]},
        {erlydtl_runtime,forloop,3,
                         [{file,"src/erlydtl_runtime.erl"},{line,228}]}]}

=ERROR REPORT==== 4-Sep-2012::11:01:59 ===
GET /admin/index [speiseplan] 500 71ms

=INFO REPORT==== 4-Sep-2012::11:02:13 ===
Loading routes from "/Users/ulfangermann/projects/erlang/speiseplan/priv/speiseplan.routes" ....

=INFO REPORT==== 4-Sep-2012::11:02:13 ===
GET /admin/index [speiseplan] 200 161ms

=INFO REPORT==== 4-Sep-2012::11:02:13 ===
Loading routes from "/Users/ulfangermann/projects/erlang/speiseplan/priv/speiseplan.routes" ....

=ERROR REPORT==== 4-Sep-2012::11:02:13 ===
GET /admin/favicon.ico [speiseplan] 404 152ms

=INFO REPORT==== 4-Sep-2012::11:02:15 ===
Loading routes from "/Users/ulfangermann/projects/erlang/speiseplan/priv/speiseplan.routes" ....

=INFO REPORT==== 4-Sep-2012::11:02:15 ===
POST /admin/storno [speiseplan] 302 156ms

=INFO REPORT==== 4-Sep-2012::11:02:15 ===
Loading routes from "/Users/ulfangermann/projects/erlang/speiseplan/priv/speiseplan.routes" ....

=INFO REPORT==== 4-Sep-2012::11:02:15 ===
GET /admin/index [speiseplan] 200 159ms

=INFO REPORT==== 4-Sep-2012::11:05:30 ===
Loading routes from "/Users/ulfangermann/projects/erlang/speiseplan/priv/speiseplan.routes" ....

=INFO REPORT==== 4-Sep-2012::11:05:30 ===
GET /admin/index [speiseplan] 200 165ms

=INFO REPORT==== 4-Sep-2012::11:05:30 ===
Loading routes from "/Users/ulfangermann/projects/erlang/speiseplan/priv/speiseplan.routes" ....

=ERROR REPORT==== 4-Sep-2012::11:05:30 ===
GET /admin/favicon.ico [speiseplan] 404 158ms

=INFO REPORT==== 4-Sep-2012::11:05:32 ===
Loading routes from "/Users/ulfangermann/projects/erlang/speiseplan/priv/speiseplan.routes" ....

=INFO REPORT==== 4-Sep-2012::11:05:32 ===
POST /admin/storno [speiseplan] 302 160ms

=INFO REPORT==== 4-Sep-2012::11:05:32 ===
Loading routes from "/Users/ulfangermann/projects/erlang/speiseplan/priv/speiseplan.routes" ....

=INFO REPORT==== 4-Sep-2012::11:05:32 ===
GET /admin/index [speiseplan] 200 163ms

=INFO REPORT==== 4-Sep-2012::11:05:35 ===
Loading routes from "/Users/ulfangermann/projects/erlang/speiseplan/priv/speiseplan.routes" ....

=INFO REPORT==== 4-Sep-2012::11:05:35 ===
GET /admin/index [speiseplan] 200 161ms

=INFO REPORT==== 4-Sep-2012::11:05:35 ===
Loading routes from "/Users/ulfangermann/projects/erlang/speiseplan/priv/speiseplan.routes" ....

=ERROR REPORT==== 4-Sep-2012::11:05:35 ===
GET /admin/favicon.ico [speiseplan] 404 159ms

=INFO REPORT==== 4-Sep-2012::11:06:04 ===
Loading routes from "/Users/ulfangermann/projects/erlang/speiseplan/priv/speiseplan.routes" ....

=INFO REPORT==== 4-Sep-2012::11:06:04 ===
POST /admin/create [speiseplan] 302 157ms

=INFO REPORT==== 4-Sep-2012::11:06:04 ===
Loading routes from "/Users/ulfangermann/projects/erlang/speiseplan/priv/speiseplan.routes" ....

=INFO REPORT==== 4-Sep-2012::11:06:04 ===
GET /admin/index [speiseplan] 200 160ms

=INFO REPORT==== 4-Sep-2012::11:06:04 ===
Loading routes from "/Users/ulfangermann/projects/erlang/speiseplan/priv/speiseplan.routes" ....

=ERROR REPORT==== 4-Sep-2012::11:06:04 ===
GET /admin/favicon.ico [speiseplan] 404 164ms

=INFO REPORT==== 4-Sep-2012::11:06:09 ===
Loading routes from "/Users/ulfangermann/projects/erlang/speiseplan/priv/speiseplan.routes" ....

=INFO REPORT==== 4-Sep-2012::11:06:09 ===
GET /admin/detail/menu-4 [speiseplan] 200 149ms

=INFO REPORT==== 4-Sep-2012::11:06:09 ===
Loading routes from "/Users/ulfangermann/projects/erlang/speiseplan/priv/speiseplan.routes" ....

=ERROR REPORT==== 4-Sep-2012::11:06:09 ===
{undef,[{error,module_info,[exports],[]},
        {erlydtl_runtime,find_value,2,
                         [{file,"src/erlydtl_runtime.erl"},{line,44}]},
        {speiseplan_view_admin_detail_html,render_internal,4,[]},
        {speiseplan_view_admin_detail_html,render,2,[]},
        {boss_web_controller,render_view,6,
                             [{file,"src/boss/boss_web_controller.erl"},
                              {line,843}]},
        {boss_web_controller,execute_action,5,
                             [{file,"src/boss/boss_web_controller.erl"},
                              {line,734}]},
        {boss_web_controller,process_request,5,
                             [{file,"src/boss/boss_web_controller.erl"},
                              {line,460}]},
        {timer,tc,3,[{file,"timer.erl"},{line,194}]}]}

=ERROR REPORT==== 4-Sep-2012::11:06:09 ===
GET /admin/detail/favicon.ico [speiseplan] 500 157ms

=INFO REPORT==== 4-Sep-2012::11:06:11 ===
Loading routes from "/Users/ulfangermann/projects/erlang/speiseplan/priv/speiseplan.routes" ....

=ERROR REPORT==== 4-Sep-2012::11:06:12 ===
GET /admin/favicon.ico [speiseplan] 404 150ms

=INFO REPORT==== 4-Sep-2012::11:06:14 ===
Loading routes from "/Users/ulfangermann/projects/erlang/speiseplan/priv/speiseplan.routes" ....

=INFO REPORT==== 4-Sep-2012::11:06:14 ===
GET /admin/edit/menu-4 [speiseplan] 200 155ms

=INFO REPORT==== 4-Sep-2012::11:06:14 ===
Loading routes from "/Users/ulfangermann/projects/erlang/speiseplan/priv/speiseplan.routes" ....

=ERROR REPORT==== 4-Sep-2012::11:06:14 ===
{undef,[{error,module_info,[exports],[]},
        {erlydtl_runtime,find_value,2,
                         [{file,"src/erlydtl_runtime.erl"},{line,44}]},
        {speiseplan_view_admin_edit_html,render_internal,4,[]},
        {speiseplan_view_admin_edit_html,render,2,[]},
        {boss_web_controller,render_view,6,
                             [{file,"src/boss/boss_web_controller.erl"},
                              {line,843}]},
        {boss_web_controller,execute_action,5,
                             [{file,"src/boss/boss_web_controller.erl"},
                              {line,734}]},
        {boss_web_controller,process_request,5,
                             [{file,"src/boss/boss_web_controller.erl"},
                              {line,460}]},
        {timer,tc,3,[{file,"timer.erl"},{line,194}]}]}

=ERROR REPORT==== 4-Sep-2012::11:06:14 ===
GET /admin/edit/favicon.ico [speiseplan] 500 157ms

=INFO REPORT==== 4-Sep-2012::11:06:20 ===
Loading routes from "/Users/ulfangermann/projects/erlang/speiseplan/priv/speiseplan.routes" ....

=INFO REPORT==== 4-Sep-2012::11:06:21 ===
POST /admin/update/menu-4 [speiseplan] 302 152ms

=INFO REPORT==== 4-Sep-2012::11:06:21 ===
Loading routes from "/Users/ulfangermann/projects/erlang/speiseplan/priv/speiseplan.routes" ....

=INFO REPORT==== 4-Sep-2012::11:06:21 ===
GET /admin/index [speiseplan] 200 151ms

=INFO REPORT==== 4-Sep-2012::11:06:21 ===
Loading routes from "/Users/ulfangermann/projects/erlang/speiseplan/priv/speiseplan.routes" ....

=ERROR REPORT==== 4-Sep-2012::11:06:21 ===
GET /admin/favicon.ico [speiseplan] 404 154ms

=INFO REPORT==== 4-Sep-2012::13:52:27 ===
Loading routes from "/Users/ulfangermann/projects/erlang/speiseplan/priv/speiseplan.routes" ....

=INFO REPORT==== 4-Sep-2012::13:52:27 ===
GET /booking [speiseplan] 200 297ms

=INFO REPORT==== 4-Sep-2012::13:53:14 ===
Loading routes from "/Users/ulfangermann/projects/erlang/speiseplan/priv/speiseplan.routes" ....

=INFO REPORT==== 4-Sep-2012::13:53:14 ===
GET /booking [speiseplan] 200 209ms

=INFO REPORT==== 4-Sep-2012::13:54:17 ===
Loading routes from "/Users/ulfangermann/projects/erlang/speiseplan/priv/speiseplan.routes" ....

=INFO REPORT==== 4-Sep-2012::13:54:18 ===
GET /booking [speiseplan] 200 197ms

=INFO REPORT==== 4-Sep-2012::13:54:20 ===
Loading routes from "/Users/ulfangermann/projects/erlang/speiseplan/priv/speiseplan.routes" ....

=INFO REPORT==== 4-Sep-2012::13:54:20 ===
POST /booking/delete [speiseplan] 302 156ms

=INFO REPORT==== 4-Sep-2012::13:54:20 ===
Loading routes from "/Users/ulfangermann/projects/erlang/speiseplan/priv/speiseplan.routes" ....

=INFO REPORT==== 4-Sep-2012::13:54:21 ===
GET /booking/index [speiseplan] 200 162ms

=INFO REPORT==== 4-Sep-2012::13:54:22 ===
Loading routes from "/Users/ulfangermann/projects/erlang/speiseplan/priv/speiseplan.routes" ....

=INFO REPORT==== 4-Sep-2012::13:54:22 ===
POST /booking/book [speiseplan] 302 156ms

=INFO REPORT==== 4-Sep-2012::13:54:22 ===
Loading routes from "/Users/ulfangermann/projects/erlang/speiseplan/priv/speiseplan.routes" ....

=INFO REPORT==== 4-Sep-2012::13:54:22 ===
GET /booking/index [speiseplan] 200 160ms

=INFO REPORT==== 4-Sep-2012::13:54:32 ===
Loading routes from "/Users/ulfangermann/projects/erlang/speiseplan/priv/speiseplan.routes" ....

=ERROR REPORT==== 4-Sep-2012::13:54:32 ===
{function_clause,
    [{erlydtl_filters,join,
         [undefined,<<", ">>],
         [{file,"src/erlydtl_filters.erl"},{line,359}]},
     {speiseplan_view_admin_index_html,render_internal,4,[]},
     {speiseplan_view_admin_index_html,render,2,[]},
     {boss_web_controller,render_view,6,
         [{file,"src/boss/boss_web_controller.erl"},{line,843}]},
     {boss_web_controller,execute_action,5,
         [{file,"src/boss/boss_web_controller.erl"},{line,734}]},
     {boss_web_controller,process_request,5,
         [{file,"src/boss/boss_web_controller.erl"},{line,460}]},
     {timer,tc,3,[{file,"timer.erl"},{line,194}]},
     {boss_web_controller,handle_request,3,
         [{file,"src/boss/boss_web_controller.erl"},{line,388}]}]}

=ERROR REPORT==== 4-Sep-2012::13:54:32 ===
GET /admin/index [speiseplan] 500 209ms

=INFO REPORT==== 4-Sep-2012::13:54:52 ===
Loading routes from "/Users/ulfangermann/projects/erlang/speiseplan/priv/speiseplan.routes" ....

=INFO REPORT==== 4-Sep-2012::13:54:52 ===
GET /admin/index [speiseplan] 200 196ms

=INFO REPORT==== 4-Sep-2012::13:54:53 ===
Loading routes from "/Users/ulfangermann/projects/erlang/speiseplan/priv/speiseplan.routes" ....

=ERROR REPORT==== 4-Sep-2012::13:54:53 ===
GET /admin/favicon.ico [speiseplan] 404 158ms

=INFO REPORT==== 4-Sep-2012::13:55:15 ===
Loading routes from "/Users/ulfangermann/projects/erlang/speiseplan/priv/speiseplan.routes" ....

=INFO REPORT==== 4-Sep-2012::13:55:15 ===
GET /admin/index [speiseplan] 200 207ms

=INFO REPORT==== 4-Sep-2012::13:55:15 ===
Loading routes from "/Users/ulfangermann/projects/erlang/speiseplan/priv/speiseplan.routes" ....

=ERROR REPORT==== 4-Sep-2012::13:55:16 ===
GET /admin/favicon.ico [speiseplan] 404 164ms

=INFO REPORT==== 4-Sep-2012::13:55:50 ===
Loading routes from "/Users/ulfangermann/projects/erlang/speiseplan/priv/speiseplan.routes" ....

=INFO REPORT==== 4-Sep-2012::13:55:50 ===
GET /admin/index [speiseplan] 200 208ms

=INFO REPORT==== 4-Sep-2012::13:55:50 ===
Loading routes from "/Users/ulfangermann/projects/erlang/speiseplan/priv/speiseplan.routes" ....

=ERROR REPORT==== 4-Sep-2012::13:55:51 ===
GET /admin/favicon.ico [speiseplan] 404 153ms

=INFO REPORT==== 4-Sep-2012::13:57:30 ===
Loading routes from "/Users/ulfangermann/projects/erlang/speiseplan/priv/speiseplan.routes" ....

=INFO REPORT==== 4-Sep-2012::13:57:30 ===
GET /admin/index [speiseplan] 200 206ms

=INFO REPORT==== 4-Sep-2012::13:57:30 ===
Loading routes from "/Users/ulfangermann/projects/erlang/speiseplan/priv/speiseplan.routes" ....

=ERROR REPORT==== 4-Sep-2012::13:57:30 ===
GET /admin/favicon.ico [speiseplan] 404 161ms

=INFO REPORT==== 4-Sep-2012::13:57:41 ===
Loading routes from "/Users/ulfangermann/projects/erlang/speiseplan/priv/speiseplan.routes" ....

=ERROR REPORT==== 4-Sep-2012::13:57:41 ===
{function_clause,
    [{erlydtl_filters,join,
         [undefined,<<", ">>],
         [{file,"src/erlydtl_filters.erl"},{line,359}]},
     {speiseplan_view_admin_index_html,'-render_internal/4-fun-0-',3,[]},
     {lists,mapfoldl,3,[{file,"lists.erl"},{line,1278}]},
     {erlydtl_runtime,forloop,3,[{file,"src/erlydtl_runtime.erl"},{line,228}]},
     {speiseplan_view_admin_index_html,render_internal,4,[]},
     {speiseplan_view_admin_index_html,render,2,[]},
     {boss_web_controller,render_view,6,
         [{file,"src/boss/boss_web_controller.erl"},{line,843}]},
     {boss_web_controller,execute_action,5,
         [{file,"src/boss/boss_web_controller.erl"},{line,734}]}]}

=ERROR REPORT==== 4-Sep-2012::13:57:41 ===
GET /admin/index [speiseplan] 500 211ms

=INFO REPORT==== 4-Sep-2012::13:58:04 ===
Loading routes from "/Users/ulfangermann/projects/erlang/speiseplan/priv/speiseplan.routes" ....

=INFO REPORT==== 4-Sep-2012::13:58:04 ===
GET /admin/index [speiseplan] 200 211ms

=INFO REPORT==== 4-Sep-2012::13:58:04 ===
Loading routes from "/Users/ulfangermann/projects/erlang/speiseplan/priv/speiseplan.routes" ....

=ERROR REPORT==== 4-Sep-2012::13:58:04 ===
GET /admin/favicon.ico [speiseplan] 404 165ms

=INFO REPORT==== 4-Sep-2012::13:58:54 ===
Loading routes from "/Users/ulfangermann/projects/erlang/speiseplan/priv/speiseplan.routes" ....

=ERROR REPORT==== 4-Sep-2012::13:58:55 ===
{function_clause,
    [{erlydtl_filters,length,
         [undefined],
         [{file,"src/erlydtl_filters.erl"},{line,375}]},
     {speiseplan_view_admin_index_html,'-render_internal/4-fun-0-',3,[]},
     {lists,mapfoldl,3,[{file,"lists.erl"},{line,1278}]},
     {erlydtl_runtime,forloop,3,[{file,"src/erlydtl_runtime.erl"},{line,228}]},
     {speiseplan_view_admin_index_html,render_internal,4,[]},
     {speiseplan_view_admin_index_html,render,2,[]},
     {boss_web_controller,render_view,6,
         [{file,"src/boss/boss_web_controller.erl"},{line,843}]},
     {boss_web_controller,execute_action,5,
         [{file,"src/boss/boss_web_controller.erl"},{line,734}]}]}

=ERROR REPORT==== 4-Sep-2012::13:58:55 ===
GET /admin/index [speiseplan] 500 208ms

=INFO REPORT==== 4-Sep-2012::13:59:19 ===
Loading routes from "/Users/ulfangermann/projects/erlang/speiseplan/priv/speiseplan.routes" ....

=INFO REPORT==== 4-Sep-2012::13:59:19 ===
GET /admin/index [speiseplan] 200 216ms

=INFO REPORT==== 4-Sep-2012::13:59:19 ===
Loading routes from "/Users/ulfangermann/projects/erlang/speiseplan/priv/speiseplan.routes" ....

=ERROR REPORT==== 4-Sep-2012::13:59:19 ===
GET /admin/favicon.ico [speiseplan] 404 159ms

=INFO REPORT==== 4-Sep-2012::13:59:37 ===
Loading routes from "/Users/ulfangermann/projects/erlang/speiseplan/priv/speiseplan.routes" ....

=INFO REPORT==== 4-Sep-2012::13:59:37 ===
GET /admin/index [speiseplan] 200 212ms

=INFO REPORT==== 4-Sep-2012::13:59:37 ===
Loading routes from "/Users/ulfangermann/projects/erlang/speiseplan/priv/speiseplan.routes" ....

=ERROR REPORT==== 4-Sep-2012::13:59:37 ===
GET /admin/favicon.ico [speiseplan] 404 159ms

=INFO REPORT==== 4-Sep-2012::14:00:04 ===
Loading routes from "/Users/ulfangermann/projects/erlang/speiseplan/priv/speiseplan.routes" ....

=INFO REPORT==== 4-Sep-2012::14:00:05 ===
GET /admin/index [speiseplan] 200 167ms

=INFO REPORT==== 4-Sep-2012::14:00:05 ===
Loading routes from "/Users/ulfangermann/projects/erlang/speiseplan/priv/speiseplan.routes" ....

=ERROR REPORT==== 4-Sep-2012::14:00:05 ===
GET /admin/favicon.ico [speiseplan] 404 157ms

=INFO REPORT==== 4-Sep-2012::14:00:56 ===
Loading routes from "/Users/ulfangermann/projects/erlang/speiseplan/priv/speiseplan.routes" ....

=INFO REPORT==== 4-Sep-2012::14:00:56 ===
GET /admin/index [speiseplan] 200 208ms

=INFO REPORT==== 4-Sep-2012::14:00:56 ===
Loading routes from "/Users/ulfangermann/projects/erlang/speiseplan/priv/speiseplan.routes" ....

=ERROR REPORT==== 4-Sep-2012::14:00:56 ===
GET /admin/favicon.ico [speiseplan] 404 160ms

=INFO REPORT==== 4-Sep-2012::14:01:34 ===
Loading routes from "/Users/ulfangermann/projects/erlang/speiseplan/priv/speiseplan.routes" ....

=INFO REPORT==== 4-Sep-2012::14:01:34 ===
GET /admin/index [speiseplan] 200 208ms

=INFO REPORT==== 4-Sep-2012::14:01:34 ===
Loading routes from "/Users/ulfangermann/projects/erlang/speiseplan/priv/speiseplan.routes" ....

=ERROR REPORT==== 4-Sep-2012::14:01:34 ===
GET /admin/favicon.ico [speiseplan] 404 157ms

=INFO REPORT==== 4-Sep-2012::14:02:01 ===
Loading routes from "/Users/ulfangermann/projects/erlang/speiseplan/priv/speiseplan.routes" ....

=INFO REPORT==== 4-Sep-2012::14:02:01 ===
GET /admin/index [speiseplan] 200 209ms

=INFO REPORT==== 4-Sep-2012::14:02:01 ===
Loading routes from "/Users/ulfangermann/projects/erlang/speiseplan/priv/speiseplan.routes" ....

=ERROR REPORT==== 4-Sep-2012::14:02:01 ===
GET /admin/favicon.ico [speiseplan] 404 159ms

=INFO REPORT==== 4-Sep-2012::14:02:13 ===
Loading routes from "/Users/ulfangermann/projects/erlang/speiseplan/priv/speiseplan.routes" ....

=INFO REPORT==== 4-Sep-2012::14:02:13 ===
GET /eater/index [speiseplan] 200 162ms

=INFO REPORT==== 4-Sep-2012::14:02:13 ===
Loading routes from "/Users/ulfangermann/projects/erlang/speiseplan/priv/speiseplan.routes" ....

=ERROR REPORT==== 4-Sep-2012::14:02:13 ===
GET /eater/favicon.ico [speiseplan] 404 162ms

=INFO REPORT==== 4-Sep-2012::14:02:15 ===
Loading routes from "/Users/ulfangermann/projects/erlang/speiseplan/priv/speiseplan.routes" ....

=INFO REPORT==== 4-Sep-2012::14:02:16 ===
GET /admin/index [speiseplan] 200 168ms

=INFO REPORT==== 4-Sep-2012::14:02:16 ===
Loading routes from "/Users/ulfangermann/projects/erlang/speiseplan/priv/speiseplan.routes" ....

=ERROR REPORT==== 4-Sep-2012::14:02:16 ===
GET /admin/favicon.ico [speiseplan] 404 163ms

=INFO REPORT==== 4-Sep-2012::14:20:20 ===
Loading routes from "/Users/ulfangermann/projects/erlang/speiseplan/priv/speiseplan.routes" ....

=INFO REPORT==== 4-Sep-2012::14:20:20 ===
GET /admin/index [speiseplan] 200 154ms

=INFO REPORT==== 4-Sep-2012::14:20:20 ===
Loading routes from "/Users/ulfangermann/projects/erlang/speiseplan/priv/speiseplan.routes" ....

=ERROR REPORT==== 4-Sep-2012::14:20:20 ===
GET /admin/favicon.ico [speiseplan] 404 153ms

=INFO REPORT==== 4-Sep-2012::14:20:22 ===
Loading routes from "/Users/ulfangermann/projects/erlang/speiseplan/priv/speiseplan.routes" ....

=INFO REPORT==== 4-Sep-2012::14:20:22 ===
GET /admin/index [speiseplan] 200 155ms

=INFO REPORT==== 4-Sep-2012::14:20:22 ===
Loading routes from "/Users/ulfangermann/projects/erlang/speiseplan/priv/speiseplan.routes" ....

=ERROR REPORT==== 4-Sep-2012::14:20:23 ===
GET /admin/favicon.ico [speiseplan] 404 156ms

=INFO REPORT==== 4-Sep-2012::14:20:39 ===
Loading routes from "/Users/ulfangermann/projects/erlang/speiseplan/priv/speiseplan.routes" ....

=INFO REPORT==== 4-Sep-2012::14:20:39 ===
GET /booking [speiseplan] 200 161ms

=INFO REPORT==== 4-Sep-2012::14:20:54 ===
Loading routes from "/Users/ulfangermann/projects/erlang/speiseplan/priv/speiseplan.routes" ....

=INFO REPORT==== 4-Sep-2012::14:20:54 ===
GET /booking [speiseplan] 200 154ms

=INFO REPORT==== 4-Sep-2012::14:20:54 ===
Loading routes from "/Users/ulfangermann/projects/erlang/speiseplan/priv/speiseplan.routes" ....

=INFO REPORT==== 4-Sep-2012::14:20:54 ===
GET /booking [speiseplan] 200 157ms

=INFO REPORT==== 4-Sep-2012::14:20:54 ===
Loading routes from "/Users/ulfangermann/projects/erlang/speiseplan/priv/speiseplan.routes" ....

=INFO REPORT==== 4-Sep-2012::14:20:55 ===
GET /booking [speiseplan] 200 157ms

=INFO REPORT==== 4-Sep-2012::14:20:55 ===
Loading routes from "/Users/ulfangermann/projects/erlang/speiseplan/priv/speiseplan.routes" ....

=INFO REPORT==== 4-Sep-2012::14:20:55 ===
GET /booking [speiseplan] 200 164ms

=INFO REPORT==== 4-Sep-2012::14:21:12 ===
Loading routes from "/Users/ulfangermann/projects/erlang/speiseplan/priv/speiseplan.routes" ....

=INFO REPORT==== 4-Sep-2012::14:21:13 ===
GET /booking [speiseplan] 200 159ms

=INFO REPORT==== 4-Sep-2012::14:21:14 ===
Loading routes from "/Users/ulfangermann/projects/erlang/speiseplan/priv/speiseplan.routes" ....

=INFO REPORT==== 4-Sep-2012::14:21:14 ===
GET /booking [speiseplan] 200 157ms

=INFO REPORT==== 4-Sep-2012::14:21:15 ===
Loading routes from "/Users/ulfangermann/projects/erlang/speiseplan/priv/speiseplan.routes" ....

=INFO REPORT==== 4-Sep-2012::14:21:15 ===
GET /booking [speiseplan] 200 159ms

=INFO REPORT==== 4-Sep-2012::14:21:34 ===
Loading routes from "/Users/ulfangermann/projects/erlang/speiseplan/priv/speiseplan.routes" ....

=INFO REPORT==== 4-Sep-2012::14:21:35 ===
GET /booking [speiseplan] 200 208ms

=INFO REPORT==== 4-Sep-2012::14:21:35 ===
Loading routes from "/Users/ulfangermann/projects/erlang/speiseplan/priv/speiseplan.routes" ....

=ERROR REPORT==== 4-Sep-2012::14:21:35 ===
GET /favicon1.ico [speiseplan] 404 0ms

=INFO REPORT==== 4-Sep-2012::14:21:35 ===
Loading routes from "/Users/ulfangermann/projects/erlang/speiseplan/priv/speiseplan.routes" ....

=INFO REPORT==== 4-Sep-2012::14:21:35 ===
GET /booking [speiseplan] 200 162ms

=INFO REPORT==== 4-Sep-2012::14:21:35 ===
Loading routes from "/Users/ulfangermann/projects/erlang/speiseplan/priv/speiseplan.routes" ....

=ERROR REPORT==== 4-Sep-2012::14:21:35 ===
GET /favicon1.ico [speiseplan] 404 0ms

=INFO REPORT==== 4-Sep-2012::14:21:36 ===
Loading routes from "/Users/ulfangermann/projects/erlang/speiseplan/priv/speiseplan.routes" ....

=INFO REPORT==== 4-Sep-2012::14:21:36 ===
GET /booking [speiseplan] 200 161ms

=INFO REPORT==== 4-Sep-2012::14:21:36 ===
Loading routes from "/Users/ulfangermann/projects/erlang/speiseplan/priv/speiseplan.routes" ....

=ERROR REPORT==== 4-Sep-2012::14:21:36 ===
GET /favicon1.ico [speiseplan] 404 0ms

=INFO REPORT==== 4-Sep-2012::14:22:00 ===
Loading routes from "/Users/ulfangermann/projects/erlang/speiseplan/priv/speiseplan.routes" ....

=INFO REPORT==== 4-Sep-2012::14:22:00 ===
GET /admin/index [speiseplan] 200 165ms

=INFO REPORT==== 4-Sep-2012::14:22:00 ===
Loading routes from "/Users/ulfangermann/projects/erlang/speiseplan/priv/speiseplan.routes" ....

=ERROR REPORT==== 4-Sep-2012::14:22:00 ===
GET /admin/favicon.ico [speiseplan] 404 158ms

=INFO REPORT==== 4-Sep-2012::14:22:02 ===
Loading routes from "/Users/ulfangermann/projects/erlang/speiseplan/priv/speiseplan.routes" ....

=INFO REPORT==== 4-Sep-2012::14:22:02 ===
GET /eater/index [speiseplan] 200 168ms

=INFO REPORT==== 4-Sep-2012::14:22:02 ===
Loading routes from "/Users/ulfangermann/projects/erlang/speiseplan/priv/speiseplan.routes" ....

=ERROR REPORT==== 4-Sep-2012::14:22:02 ===
GET /eater/favicon.ico [speiseplan] 404 157ms

=INFO REPORT==== 4-Sep-2012::14:22:03 ===
Loading routes from "/Users/ulfangermann/projects/erlang/speiseplan/priv/speiseplan.routes" ....

=INFO REPORT==== 4-Sep-2012::14:22:03 ===
GET /admin/index [speiseplan] 200 167ms

=INFO REPORT==== 4-Sep-2012::14:22:03 ===
Loading routes from "/Users/ulfangermann/projects/erlang/speiseplan/priv/speiseplan.routes" ....

=ERROR REPORT==== 4-Sep-2012::14:22:03 ===
GET /admin/favicon.ico [speiseplan] 404 160ms

=INFO REPORT==== 4-Sep-2012::14:22:09 ===
Loading routes from "/Users/ulfangermann/projects/erlang/speiseplan/priv/speiseplan.routes" ....

=INFO REPORT==== 4-Sep-2012::14:22:09 ===
GET /eater [speiseplan] 200 167ms

=INFO REPORT==== 4-Sep-2012::14:23:11 ===
Loading routes from "/Users/ulfangermann/projects/erlang/speiseplan/priv/speiseplan.routes" ....

=INFO REPORT==== 4-Sep-2012::14:23:11 ===
GET /eater [speiseplan] 200 158ms

=INFO REPORT==== 4-Sep-2012::14:23:12 ===
Loading routes from "/Users/ulfangermann/projects/erlang/speiseplan/priv/speiseplan.routes" ....

=INFO REPORT==== 4-Sep-2012::14:23:12 ===
GET /eater [speiseplan] 200 161ms

=INFO REPORT==== 4-Sep-2012::14:23:12 ===
Loading routes from "/Users/ulfangermann/projects/erlang/speiseplan/priv/speiseplan.routes" ....

=INFO REPORT==== 4-Sep-2012::14:23:12 ===
GET /eater [speiseplan] 200 161ms

=INFO REPORT==== 4-Sep-2012::14:23:14 ===
Loading routes from "/Users/ulfangermann/projects/erlang/speiseplan/priv/speiseplan.routes" ....

=INFO REPORT==== 4-Sep-2012::14:23:15 ===
GET /eater/index [speiseplan] 200 158ms

=INFO REPORT==== 4-Sep-2012::14:23:15 ===
Loading routes from "/Users/ulfangermann/projects/erlang/speiseplan/priv/speiseplan.routes" ....

=ERROR REPORT==== 4-Sep-2012::14:23:15 ===
GET /eater/favicon.ico [speiseplan] 404 159ms

=INFO REPORT==== 4-Sep-2012::14:23:16 ===
Loading routes from "/Users/ulfangermann/projects/erlang/speiseplan/priv/speiseplan.routes" ....

=INFO REPORT==== 4-Sep-2012::14:23:16 ===
GET /admin/index [speiseplan] 200 161ms

=INFO REPORT==== 4-Sep-2012::14:23:17 ===
Loading routes from "/Users/ulfangermann/projects/erlang/speiseplan/priv/speiseplan.routes" ....

=ERROR REPORT==== 4-Sep-2012::14:23:17 ===
GET /admin/favicon.ico [speiseplan] 404 159ms

=INFO REPORT==== 4-Sep-2012::15:43:45 ===
Loading routes from "/Users/ulfangermann/projects/erlang/speiseplan/priv/speiseplan.routes" ....

=INFO REPORT==== 4-Sep-2012::15:43:45 ===
GET /eater/index [speiseplan] 200 183ms

=INFO REPORT==== 4-Sep-2012::15:43:45 ===
Loading routes from "/Users/ulfangermann/projects/erlang/speiseplan/priv/speiseplan.routes" ....

=ERROR REPORT==== 4-Sep-2012::15:43:45 ===
GET /eater/favicon.ico [speiseplan] 404 171ms

=INFO REPORT==== 4-Sep-2012::15:43:47 ===
Loading routes from "/Users/ulfangermann/projects/erlang/speiseplan/priv/speiseplan.routes" ....

=INFO REPORT==== 4-Sep-2012::15:43:48 ===
POST /eater/edit/eater-2 [speiseplan] 200 158ms

=INFO REPORT==== 4-Sep-2012::15:43:48 ===
Loading routes from "/Users/ulfangermann/projects/erlang/speiseplan/priv/speiseplan.routes" ....

=ERROR REPORT==== 4-Sep-2012::15:43:48 ===
{function_clause,
    [{speiseplan_eater_controller,edit,
         ['GET',
          ["favicon.ico"],
          {eater,"eater-1","ua","598f04fd6e3586a93d27aa1ddcf5f2e6","Ulf",
              "Angermann",true,5,true,"ua@innoq.com"},
          {speiseplan_eater_controller,
              {simple_bridge_request_wrapper,mochiweb_request_bridge,
                  {mochiweb_request,#Port<0.20015>,'GET',
                      "/eater/edit/favicon.ico",
                      {1,1},
                      {8,
                       {"host",
                        {'Host',"localhost:8001"},
                        {"connection",
                         {'Connection',"keep-alive"},
                         {"accept",
                          {'Accept',"*/*"},
                          nil,
                          {"accept-encoding",
                           {'Accept-Encoding',"gzip,deflate,sdch"},
                           {"accept-charset",
                            {'Accept-Charset',
                                "ISO-8859-1,utf-8;q=0.7,*;q=0.3"},
                            nil,nil},
                           {"accept-language",
                            {'Accept-Language',"en-US,en;q=0.8,de;q=0.6"},
                            nil,nil}}},
                         {"cookie",
                          {'Cookie',
                              "plushContainerWidth=100%25; plushNoTopMenu=0; user_id=eater-1; session_id=3e0b0dce7a329e269e6ec49f345c7621; _boss_session=df89e79d2d4813dbc4a14d5d801bd4063db91b6f"},
                          nil,nil}},
                        {"user-agent",
                         {'User-Agent',
                             "Mozilla/5.0 (Macintosh; Intel Mac OS X 10_7_3) AppleWebKit/537.1 (KHTML, like Gecko) Chrome/21.0.1180.89 Safari/537.1"},
                         nil,nil}}}},
                  false,[],[],none}}],
         []},
     {boss_web_controller,execute_action,5,
         [{file,"src/boss/boss_web_controller.erl"},{line,714}]},
     {boss_web_controller,process_request,5,
         [{file,"src/boss/boss_web_controller.erl"},{line,460}]},
     {timer,tc,3,[{file,"timer.erl"},{line,194}]},
     {boss_web_controller,handle_request,3,
         [{file,"src/boss/boss_web_controller.erl"},{line,388}]},
     {mochiweb_http,headers,5,[{file,"src/mochiweb_http.erl"},{line,90}]},
     {proc_lib,init_p_do_apply,3,[{file,"proc_lib.erl"},{line,227}]}]}

=ERROR REPORT==== 4-Sep-2012::15:43:48 ===
GET /eater/edit/favicon.ico [speiseplan] 500 150ms

=INFO REPORT==== 4-Sep-2012::15:43:50 ===
Loading routes from "/Users/ulfangermann/projects/erlang/speiseplan/priv/speiseplan.routes" ....

=ERROR REPORT==== 4-Sep-2012::15:43:50 ===
GET /eater/favicon.ico [speiseplan] 404 154ms

=INFO REPORT==== 4-Sep-2012::15:43:55 ===
Loading routes from "/Users/ulfangermann/projects/erlang/speiseplan/priv/speiseplan.routes" ....

=INFO REPORT==== 4-Sep-2012::15:43:55 ===
GET /admin/index [speiseplan] 200 159ms

=INFO REPORT==== 4-Sep-2012::15:43:55 ===
Loading routes from "/Users/ulfangermann/projects/erlang/speiseplan/priv/speiseplan.routes" ....

=ERROR REPORT==== 4-Sep-2012::15:43:55 ===
GET /admin/favicon.ico [speiseplan] 404 166ms

=INFO REPORT==== 4-Sep-2012::15:43:57 ===
Loading routes from "/Users/ulfangermann/projects/erlang/speiseplan/priv/speiseplan.routes" ....

=INFO REPORT==== 4-Sep-2012::15:43:57 ===
GET /admin/edit/menu-3 [speiseplan] 200 160ms

=INFO REPORT==== 4-Sep-2012::15:43:58 ===
Loading routes from "/Users/ulfangermann/projects/erlang/speiseplan/priv/speiseplan.routes" ....

=ERROR REPORT==== 4-Sep-2012::15:43:58 ===
{undef,[{error,module_info,[exports],[]},
        {erlydtl_runtime,find_value,2,
                         [{file,"src/erlydtl_runtime.erl"},{line,44}]},
        {speiseplan_view_admin_edit_html,render_internal,4,[]},
        {speiseplan_view_admin_edit_html,render,2,[]},
        {boss_web_controller,render_view,6,
                             [{file,"src/boss/boss_web_controller.erl"},
                              {line,843}]},
        {boss_web_controller,execute_action,5,
                             [{file,"src/boss/boss_web_controller.erl"},
                              {line,734}]},
        {boss_web_controller,process_request,5,
                             [{file,"src/boss/boss_web_controller.erl"},
                              {line,460}]},
        {timer,tc,3,[{file,"timer.erl"},{line,194}]}]}

=ERROR REPORT==== 4-Sep-2012::15:43:58 ===
GET /admin/edit/favicon.ico [speiseplan] 500 160ms

=INFO REPORT==== 4-Sep-2012::15:44:03 ===
Loading routes from "/Users/ulfangermann/projects/erlang/speiseplan/priv/speiseplan.routes" ....

=INFO REPORT==== 4-Sep-2012::15:44:03 ===
GET /admin/edit/menu-3 [speiseplan] 200 155ms

=INFO REPORT==== 4-Sep-2012::15:44:03 ===
Loading routes from "/Users/ulfangermann/projects/erlang/speiseplan/priv/speiseplan.routes" ....

=ERROR REPORT==== 4-Sep-2012::15:44:03 ===
{undef,[{error,module_info,[exports],[]},
        {erlydtl_runtime,find_value,2,
                         [{file,"src/erlydtl_runtime.erl"},{line,44}]},
        {speiseplan_view_admin_edit_html,render_internal,4,[]},
        {speiseplan_view_admin_edit_html,render,2,[]},
        {boss_web_controller,render_view,6,
                             [{file,"src/boss/boss_web_controller.erl"},
                              {line,843}]},
        {boss_web_controller,execute_action,5,
                             [{file,"src/boss/boss_web_controller.erl"},
                              {line,734}]},
        {boss_web_controller,process_request,5,
                             [{file,"src/boss/boss_web_controller.erl"},
                              {line,460}]},
        {timer,tc,3,[{file,"timer.erl"},{line,194}]}]}

=ERROR REPORT==== 4-Sep-2012::15:44:03 ===
GET /admin/edit/favicon.ico [speiseplan] 500 161ms

=INFO REPORT==== 4-Sep-2012::15:44:07 ===
Loading routes from "/Users/ulfangermann/projects/erlang/speiseplan/priv/speiseplan.routes" ....

=INFO REPORT==== 4-Sep-2012::15:44:07 ===
GET /eater/index [speiseplan] 200 157ms

=INFO REPORT==== 4-Sep-2012::15:44:07 ===
Loading routes from "/Users/ulfangermann/projects/erlang/speiseplan/priv/speiseplan.routes" ....

=ERROR REPORT==== 4-Sep-2012::15:44:07 ===
GET /eater/favicon.ico [speiseplan] 404 146ms

=INFO REPORT==== 4-Sep-2012::15:44:11 ===
Loading routes from "/Users/ulfangermann/projects/erlang/speiseplan/priv/speiseplan.routes" ....

=INFO REPORT==== 4-Sep-2012::15:44:11 ===
POST /eater/edit/eater-2 [speiseplan] 200 154ms

=INFO REPORT==== 4-Sep-2012::15:44:11 ===
Loading routes from "/Users/ulfangermann/projects/erlang/speiseplan/priv/speiseplan.routes" ....

=ERROR REPORT==== 4-Sep-2012::15:44:11 ===
{function_clause,
    [{speiseplan_eater_controller,edit,
         ['GET',
          ["favicon.ico"],
          {eater,"eater-1","ua","598f04fd6e3586a93d27aa1ddcf5f2e6","Ulf",
              "Angermann",true,5,true,"ua@innoq.com"},
          {speiseplan_eater_controller,
              {simple_bridge_request_wrapper,mochiweb_request_bridge,
                  {mochiweb_request,#Port<0.20015>,'GET',
                      "/eater/edit/favicon.ico",
                      {1,1},
                      {8,
                       {"host",
                        {'Host',"localhost:8001"},
                        {"connection",
                         {'Connection',"keep-alive"},
                         {"accept",
                          {'Accept',"*/*"},
                          nil,
                          {"accept-encoding",
                           {'Accept-Encoding',"gzip,deflate,sdch"},
                           {"accept-charset",
                            {'Accept-Charset',
                                "ISO-8859-1,utf-8;q=0.7,*;q=0.3"},
                            nil,nil},
                           {"accept-language",
                            {'Accept-Language',"en-US,en;q=0.8,de;q=0.6"},
                            nil,nil}}},
                         {"cookie",
                          {'Cookie',
                              "plushContainerWidth=100%25; plushNoTopMenu=0; user_id=eater-1; session_id=3e0b0dce7a329e269e6ec49f345c7621; _boss_session=df89e79d2d4813dbc4a14d5d801bd4063db91b6f"},
                          nil,nil}},
                        {"user-agent",
                         {'User-Agent',
                             "Mozilla/5.0 (Macintosh; Intel Mac OS X 10_7_3) AppleWebKit/537.1 (KHTML, like Gecko) Chrome/21.0.1180.89 Safari/537.1"},
                         nil,nil}}}},
                  false,[],[],none}}],
         []},
     {boss_web_controller,execute_action,5,
         [{file,"src/boss/boss_web_controller.erl"},{line,714}]},
     {boss_web_controller,process_request,5,
         [{file,"src/boss/boss_web_controller.erl"},{line,460}]},
     {timer,tc,3,[{file,"timer.erl"},{line,194}]},
     {boss_web_controller,handle_request,3,
         [{file,"src/boss/boss_web_controller.erl"},{line,388}]},
     {mochiweb_http,headers,5,[{file,"src/mochiweb_http.erl"},{line,90}]},
     {proc_lib,init_p_do_apply,3,[{file,"proc_lib.erl"},{line,227}]}]}

=ERROR REPORT==== 4-Sep-2012::15:44:11 ===
GET /eater/edit/favicon.ico [speiseplan] 500 151ms

=INFO REPORT==== 4-Sep-2012::15:44:15 ===
Loading routes from "/Users/ulfangermann/projects/erlang/speiseplan/priv/speiseplan.routes" ....

=INFO REPORT==== 4-Sep-2012::15:44:15 ===
GET /admin/index [speiseplan] 200 154ms

=INFO REPORT==== 4-Sep-2012::15:44:15 ===
Loading routes from "/Users/ulfangermann/projects/erlang/speiseplan/priv/speiseplan.routes" ....

=ERROR REPORT==== 4-Sep-2012::15:44:15 ===
GET /admin/favicon.ico [speiseplan] 404 153ms

=INFO REPORT==== 4-Sep-2012::15:44:55 ===
Loading routes from "/Users/ulfangermann/projects/erlang/speiseplan/priv/speiseplan.routes" ....

=INFO REPORT==== 4-Sep-2012::15:44:56 ===
GET /eater/index [speiseplan] 200 151ms

=INFO REPORT==== 4-Sep-2012::15:44:56 ===
Loading routes from "/Users/ulfangermann/projects/erlang/speiseplan/priv/speiseplan.routes" ....

=ERROR REPORT==== 4-Sep-2012::15:44:56 ===
GET /eater/favicon.ico [speiseplan] 404 150ms

=INFO REPORT==== 4-Sep-2012::15:45:12 ===
Loading routes from "/Users/ulfangermann/projects/erlang/speiseplan/priv/speiseplan.routes" ....

=INFO REPORT==== 4-Sep-2012::15:45:12 ===
GET /admin/index [speiseplan] 200 156ms

=INFO REPORT==== 4-Sep-2012::15:45:12 ===
Loading routes from "/Users/ulfangermann/projects/erlang/speiseplan/priv/speiseplan.routes" ....

=ERROR REPORT==== 4-Sep-2012::15:45:12 ===
GET /admin/favicon.ico [speiseplan] 404 150ms

=INFO REPORT==== 4-Sep-2012::15:45:14 ===
Loading routes from "/Users/ulfangermann/projects/erlang/speiseplan/priv/speiseplan.routes" ....

=INFO REPORT==== 4-Sep-2012::15:45:14 ===
GET /admin/edit/menu-2 [speiseplan] 200 153ms

=INFO REPORT==== 4-Sep-2012::15:45:14 ===
Loading routes from "/Users/ulfangermann/projects/erlang/speiseplan/priv/speiseplan.routes" ....

=ERROR REPORT==== 4-Sep-2012::15:45:14 ===
{undef,[{error,module_info,[exports],[]},
        {erlydtl_runtime,find_value,2,
                         [{file,"src/erlydtl_runtime.erl"},{line,44}]},
        {speiseplan_view_admin_edit_html,render_internal,4,[]},
        {speiseplan_view_admin_edit_html,render,2,[]},
        {boss_web_controller,render_view,6,
                             [{file,"src/boss/boss_web_controller.erl"},
                              {line,843}]},
        {boss_web_controller,execute_action,5,
                             [{file,"src/boss/boss_web_controller.erl"},
                              {line,734}]},
        {boss_web_controller,process_request,5,
                             [{file,"src/boss/boss_web_controller.erl"},
                              {line,460}]},
        {timer,tc,3,[{file,"timer.erl"},{line,194}]}]}

=ERROR REPORT==== 4-Sep-2012::15:45:14 ===
GET /admin/edit/favicon.ico [speiseplan] 500 153ms

=INFO REPORT==== 4-Sep-2012::15:45:49 ===
Loading routes from "/Users/ulfangermann/projects/erlang/speiseplan/priv/speiseplan.routes" ....

=INFO REPORT==== 4-Sep-2012::15:45:49 ===
GET /admin/index [speiseplan] 200 156ms

=INFO REPORT==== 4-Sep-2012::15:45:51 ===
Loading routes from "/Users/ulfangermann/projects/erlang/speiseplan/priv/speiseplan.routes" ....

=INFO REPORT==== 4-Sep-2012::15:45:51 ===
GET /eater/index [speiseplan] 200 151ms

=INFO REPORT==== 4-Sep-2012::15:45:51 ===
Loading routes from "/Users/ulfangermann/projects/erlang/speiseplan/priv/speiseplan.routes" ....

=ERROR REPORT==== 4-Sep-2012::15:45:52 ===
GET /eater/favicon.ico [speiseplan] 404 151ms

=INFO REPORT==== 4-Sep-2012::15:45:53 ===
Loading routes from "/Users/ulfangermann/projects/erlang/speiseplan/priv/speiseplan.routes" ....

=INFO REPORT==== 4-Sep-2012::15:45:54 ===
POST /eater/edit/eater-1 [speiseplan] 200 171ms

=INFO REPORT==== 4-Sep-2012::15:45:54 ===
Loading routes from "/Users/ulfangermann/projects/erlang/speiseplan/priv/speiseplan.routes" ....

=ERROR REPORT==== 4-Sep-2012::15:45:54 ===
{function_clause,
    [{speiseplan_eater_controller,edit,
         ['GET',
          ["favicon.ico"],
          {eater,"eater-1","ua","598f04fd6e3586a93d27aa1ddcf5f2e6","Ulf",
              "Angermann",true,5,true,"ua@innoq.com"},
          {speiseplan_eater_controller,
              {simple_bridge_request_wrapper,mochiweb_request_bridge,
                  {mochiweb_request,#Port<0.20015>,'GET',
                      "/eater/edit/favicon.ico",
                      {1,1},
                      {8,
                       {"host",
                        {'Host',"localhost:8001"},
                        {"connection",
                         {'Connection',"keep-alive"},
                         {"accept",
                          {'Accept',"*/*"},
                          nil,
                          {"accept-encoding",
                           {'Accept-Encoding',"gzip,deflate,sdch"},
                           {"accept-charset",
                            {'Accept-Charset',
                                "ISO-8859-1,utf-8;q=0.7,*;q=0.3"},
                            nil,nil},
                           {"accept-language",
                            {'Accept-Language',"en-US,en;q=0.8,de;q=0.6"},
                            nil,nil}}},
                         {"cookie",
                          {'Cookie',
                              "plushContainerWidth=100%25; plushNoTopMenu=0; user_id=eater-1; session_id=3e0b0dce7a329e269e6ec49f345c7621; _boss_session=df89e79d2d4813dbc4a14d5d801bd4063db91b6f"},
                          nil,nil}},
                        {"user-agent",
                         {'User-Agent',
                             "Mozilla/5.0 (Macintosh; Intel Mac OS X 10_7_3) AppleWebKit/537.1 (KHTML, like Gecko) Chrome/21.0.1180.89 Safari/537.1"},
                         nil,nil}}}},
                  false,[],[],none}}],
         []},
     {boss_web_controller,execute_action,5,
         [{file,"src/boss/boss_web_controller.erl"},{line,714}]},
     {boss_web_controller,process_request,5,
         [{file,"src/boss/boss_web_controller.erl"},{line,460}]},
     {timer,tc,3,[{file,"timer.erl"},{line,194}]},
     {boss_web_controller,handle_request,3,
         [{file,"src/boss/boss_web_controller.erl"},{line,388}]},
     {mochiweb_http,headers,5,[{file,"src/mochiweb_http.erl"},{line,90}]},
     {proc_lib,init_p_do_apply,3,[{file,"proc_lib.erl"},{line,227}]}]}

=ERROR REPORT==== 4-Sep-2012::15:45:54 ===
GET /eater/edit/favicon.ico [speiseplan] 500 147ms

=INFO REPORT==== 4-Sep-2012::15:45:56 ===
Loading routes from "/Users/ulfangermann/projects/erlang/speiseplan/priv/speiseplan.routes" ....

=ERROR REPORT==== 4-Sep-2012::15:45:56 ===
GET /eater/favicon.ico [speiseplan] 404 155ms

=INFO REPORT==== 4-Sep-2012::15:46:57 ===
Loading routes from "/Users/ulfangermann/projects/erlang/speiseplan/priv/speiseplan.routes" ....

=INFO REPORT==== 4-Sep-2012::15:46:58 ===
POST /eater/edit/eater-2 [speiseplan] 200 153ms

=INFO REPORT==== 4-Sep-2012::15:46:58 ===
Loading routes from "/Users/ulfangermann/projects/erlang/speiseplan/priv/speiseplan.routes" ....

=ERROR REPORT==== 4-Sep-2012::15:46:58 ===
{function_clause,
    [{speiseplan_eater_controller,edit,
         ['GET',
          ["favicon.ico"],
          {eater,"eater-1","ua","598f04fd6e3586a93d27aa1ddcf5f2e6","Ulf",
              "Angermann",true,5,true,"ua@innoq.com"},
          {speiseplan_eater_controller,
              {simple_bridge_request_wrapper,mochiweb_request_bridge,
                  {mochiweb_request,#Port<0.20015>,'GET',
                      "/eater/edit/favicon.ico",
                      {1,1},
                      {8,
                       {"host",
                        {'Host',"localhost:8001"},
                        {"connection",
                         {'Connection',"keep-alive"},
                         {"accept",
                          {'Accept',"*/*"},
                          nil,
                          {"accept-encoding",
                           {'Accept-Encoding',"gzip,deflate,sdch"},
                           {"accept-charset",
                            {'Accept-Charset',
                                "ISO-8859-1,utf-8;q=0.7,*;q=0.3"},
                            nil,nil},
                           {"accept-language",
                            {'Accept-Language',"en-US,en;q=0.8,de;q=0.6"},
                            nil,nil}}},
                         {"cookie",
                          {'Cookie',
                              "plushContainerWidth=100%25; plushNoTopMenu=0; user_id=eater-1; session_id=3e0b0dce7a329e269e6ec49f345c7621; _boss_session=df89e79d2d4813dbc4a14d5d801bd4063db91b6f"},
                          nil,nil}},
                        {"user-agent",
                         {'User-Agent',
                             "Mozilla/5.0 (Macintosh; Intel Mac OS X 10_7_3) AppleWebKit/537.1 (KHTML, like Gecko) Chrome/21.0.1180.89 Safari/537.1"},
                         nil,nil}}}},
                  false,[],[],none}}],
         []},
     {boss_web_controller,execute_action,5,
         [{file,"src/boss/boss_web_controller.erl"},{line,714}]},
     {boss_web_controller,process_request,5,
         [{file,"src/boss/boss_web_controller.erl"},{line,460}]},
     {timer,tc,3,[{file,"timer.erl"},{line,194}]},
     {boss_web_controller,handle_request,3,
         [{file,"src/boss/boss_web_controller.erl"},{line,388}]},
     {mochiweb_http,headers,5,[{file,"src/mochiweb_http.erl"},{line,90}]},
     {proc_lib,init_p_do_apply,3,[{file,"proc_lib.erl"},{line,227}]}]}

=ERROR REPORT==== 4-Sep-2012::15:46:58 ===
GET /eater/edit/favicon.ico [speiseplan] 500 146ms

=INFO REPORT==== 4-Sep-2012::15:47:01 ===
Loading routes from "/Users/ulfangermann/projects/erlang/speiseplan/priv/speiseplan.routes" ....

=INFO REPORT==== 4-Sep-2012::15:47:01 ===
GET /admin/index [speiseplan] 200 156ms

=INFO REPORT==== 4-Sep-2012::15:47:02 ===
Loading routes from "/Users/ulfangermann/projects/erlang/speiseplan/priv/speiseplan.routes" ....

=ERROR REPORT==== 4-Sep-2012::15:47:02 ===
GET /admin/favicon.ico [speiseplan] 404 155ms

=INFO REPORT==== 4-Sep-2012::15:47:03 ===
Loading routes from "/Users/ulfangermann/projects/erlang/speiseplan/priv/speiseplan.routes" ....

=INFO REPORT==== 4-Sep-2012::15:47:03 ===
GET /admin/edit/menu-3 [speiseplan] 200 153ms

=INFO REPORT==== 4-Sep-2012::15:47:03 ===
Loading routes from "/Users/ulfangermann/projects/erlang/speiseplan/priv/speiseplan.routes" ....

=ERROR REPORT==== 4-Sep-2012::15:47:03 ===
{undef,[{error,module_info,[exports],[]},
        {erlydtl_runtime,find_value,2,
                         [{file,"src/erlydtl_runtime.erl"},{line,44}]},
        {speiseplan_view_admin_edit_html,render_internal,4,[]},
        {speiseplan_view_admin_edit_html,render,2,[]},
        {boss_web_controller,render_view,6,
                             [{file,"src/boss/boss_web_controller.erl"},
                              {line,843}]},
        {boss_web_controller,execute_action,5,
                             [{file,"src/boss/boss_web_controller.erl"},
                              {line,734}]},
        {boss_web_controller,process_request,5,
                             [{file,"src/boss/boss_web_controller.erl"},
                              {line,460}]},
        {timer,tc,3,[{file,"timer.erl"},{line,194}]}]}

=ERROR REPORT==== 4-Sep-2012::15:47:03 ===
GET /admin/edit/favicon.ico [speiseplan] 500 158ms

=INFO REPORT==== 4-Sep-2012::15:47:08 ===
Loading routes from "/Users/ulfangermann/projects/erlang/speiseplan/priv/speiseplan.routes" ....

=INFO REPORT==== 4-Sep-2012::15:47:08 ===
POST /admin/update/menu-3 [speiseplan] 302 150ms

=INFO REPORT==== 4-Sep-2012::15:47:08 ===
Loading routes from "/Users/ulfangermann/projects/erlang/speiseplan/priv/speiseplan.routes" ....

=INFO REPORT==== 4-Sep-2012::15:47:08 ===
GET /admin/index [speiseplan] 200 155ms

=INFO REPORT==== 4-Sep-2012::15:47:08 ===
Loading routes from "/Users/ulfangermann/projects/erlang/speiseplan/priv/speiseplan.routes" ....

=ERROR REPORT==== 4-Sep-2012::15:47:08 ===
GET /admin/favicon.ico [speiseplan] 404 153ms

=INFO REPORT==== 4-Sep-2012::15:47:18 ===
Loading routes from "/Users/ulfangermann/projects/erlang/speiseplan/priv/speiseplan.routes" ....

=INFO REPORT==== 4-Sep-2012::15:47:18 ===
GET /admin/edit/menu-2 [speiseplan] 200 154ms

=INFO REPORT==== 4-Sep-2012::15:47:18 ===
Loading routes from "/Users/ulfangermann/projects/erlang/speiseplan/priv/speiseplan.routes" ....

=ERROR REPORT==== 4-Sep-2012::15:47:18 ===
{undef,[{error,module_info,[exports],[]},
        {erlydtl_runtime,find_value,2,
                         [{file,"src/erlydtl_runtime.erl"},{line,44}]},
        {speiseplan_view_admin_edit_html,render_internal,4,[]},
        {speiseplan_view_admin_edit_html,render,2,[]},
        {boss_web_controller,render_view,6,
                             [{file,"src/boss/boss_web_controller.erl"},
                              {line,843}]},
        {boss_web_controller,execute_action,5,
                             [{file,"src/boss/boss_web_controller.erl"},
                              {line,734}]},
        {boss_web_controller,process_request,5,
                             [{file,"src/boss/boss_web_controller.erl"},
                              {line,460}]},
        {timer,tc,3,[{file,"timer.erl"},{line,194}]}]}

=ERROR REPORT==== 4-Sep-2012::15:47:18 ===
GET /admin/edit/favicon.ico [speiseplan] 500 154ms

=ERROR REPORT==== 4-Sep-2012::18:33:18 ===
Mnesia('speiseplan@Ulf-Angermann-s-MacBook-Pro'): ** WARNING ** Mnesia is overloaded: {dump_log,
                                                                                       time_threshold}

=ERROR REPORT==== 4-Sep-2012::18:33:18 ===
Mnesia('speiseplan@Ulf-Angermann-s-MacBook-Pro'): ** WARNING ** Mnesia is overloaded: {dump_log,
                                                                                       time_threshold}

=ERROR REPORT==== 4-Sep-2012::18:33:18 ===
Mnesia('speiseplan@Ulf-Angermann-s-MacBook-Pro'): ** WARNING ** Mnesia is overloaded: {dump_log,
                                                                                       time_threshold}

=ERROR REPORT==== 4-Sep-2012::18:33:18 ===
Mnesia('speiseplan@Ulf-Angermann-s-MacBook-Pro'): ** WARNING ** Mnesia is overloaded: {dump_log,
                                                                                       time_threshold}

=ERROR REPORT==== 4-Sep-2012::18:33:18 ===
Mnesia('speiseplan@Ulf-Angermann-s-MacBook-Pro'): ** WARNING ** Mnesia is overloaded: {dump_log,
                                                                                       time_threshold}

=ERROR REPORT==== 4-Sep-2012::18:33:18 ===
Mnesia('speiseplan@Ulf-Angermann-s-MacBook-Pro'): ** WARNING ** Mnesia is overloaded: {dump_log,
                                                                                       time_threshold}

=ERROR REPORT==== 4-Sep-2012::18:33:18 ===
Mnesia('speiseplan@Ulf-Angermann-s-MacBook-Pro'): ** WARNING ** Mnesia is overloaded: {dump_log,
                                                                                       time_threshold}

=ERROR REPORT==== 4-Sep-2012::18:33:18 ===
Mnesia('speiseplan@Ulf-Angermann-s-MacBook-Pro'): ** WARNING ** Mnesia is overloaded: {dump_log,
                                                                                       time_threshold}

=ERROR REPORT==== 4-Sep-2012::18:33:18 ===
Mnesia('speiseplan@Ulf-Angermann-s-MacBook-Pro'): ** WARNING ** Mnesia is overloaded: {dump_log,
                                                                                       time_threshold}

=ERROR REPORT==== 4-Sep-2012::18:33:18 ===
Mnesia('speiseplan@Ulf-Angermann-s-MacBook-Pro'): ** WARNING ** Mnesia is overloaded: {dump_log,
                                                                                       time_threshold}

=ERROR REPORT==== 4-Sep-2012::18:33:18 ===
Mnesia('speiseplan@Ulf-Angermann-s-MacBook-Pro'): ** WARNING ** Mnesia is overloaded: {dump_log,
                                                                                       time_threshold}

=ERROR REPORT==== 4-Sep-2012::18:33:18 ===
Mnesia('speiseplan@Ulf-Angermann-s-MacBook-Pro'): ** WARNING ** Mnesia is overloaded: {dump_log,
                                                                                       time_threshold}

=ERROR REPORT==== 4-Sep-2012::18:33:18 ===
Mnesia('speiseplan@Ulf-Angermann-s-MacBook-Pro'): ** WARNING ** Mnesia is overloaded: {dump_log,
                                                                                       time_threshold}

=ERROR REPORT==== 4-Sep-2012::18:33:18 ===
Mnesia('speiseplan@Ulf-Angermann-s-MacBook-Pro'): ** WARNING ** Mnesia is overloaded: {dump_log,
                                                                                       time_threshold}

=ERROR REPORT==== 4-Sep-2012::18:33:18 ===
Mnesia('speiseplan@Ulf-Angermann-s-MacBook-Pro'): ** WARNING ** Mnesia is overloaded: {dump_log,
                                                                                       time_threshold}

=ERROR REPORT==== 4-Sep-2012::18:33:18 ===
Mnesia('speiseplan@Ulf-Angermann-s-MacBook-Pro'): ** WARNING ** Mnesia is overloaded: {dump_log,
                                                                                       time_threshold}

=ERROR REPORT==== 4-Sep-2012::18:33:18 ===
Mnesia('speiseplan@Ulf-Angermann-s-MacBook-Pro'): ** WARNING ** Mnesia is overloaded: {dump_log,
                                                                                       time_threshold}

=ERROR REPORT==== 4-Sep-2012::18:33:18 ===
Mnesia('speiseplan@Ulf-Angermann-s-MacBook-Pro'): ** WARNING ** Mnesia is overloaded: {dump_log,
                                                                                       time_threshold}

=ERROR REPORT==== 4-Sep-2012::18:33:18 ===
Mnesia('speiseplan@Ulf-Angermann-s-MacBook-Pro'): ** WARNING ** Mnesia is overloaded: {dump_log,
                                                                                       time_threshold}

=ERROR REPORT==== 4-Sep-2012::18:33:18 ===
Mnesia('speiseplan@Ulf-Angermann-s-MacBook-Pro'): ** WARNING ** Mnesia is overloaded: {dump_log,
                                                                                       time_threshold}

=ERROR REPORT==== 4-Sep-2012::18:33:18 ===
Mnesia('speiseplan@Ulf-Angermann-s-MacBook-Pro'): ** WARNING ** Mnesia is overloaded: {dump_log,
                                                                                       time_threshold}

=ERROR REPORT==== 4-Sep-2012::18:33:18 ===
Mnesia('speiseplan@Ulf-Angermann-s-MacBook-Pro'): ** WARNING ** Mnesia is overloaded: {dump_log,
                                                                                       time_threshold}

=ERROR REPORT==== 4-Sep-2012::18:33:18 ===
Mnesia('speiseplan@Ulf-Angermann-s-MacBook-Pro'): ** WARNING ** Mnesia is overloaded: {dump_log,
                                                                                       time_threshold}

=ERROR REPORT==== 4-Sep-2012::18:33:18 ===
Mnesia('speiseplan@Ulf-Angermann-s-MacBook-Pro'): ** WARNING ** Mnesia is overloaded: {dump_log,
                                                                                       time_threshold}

=ERROR REPORT==== 4-Sep-2012::18:33:18 ===
Mnesia('speiseplan@Ulf-Angermann-s-MacBook-Pro'): ** WARNING ** Mnesia is overloaded: {dump_log,
                                                                                       time_threshold}

=ERROR REPORT==== 4-Sep-2012::18:33:18 ===
Mnesia('speiseplan@Ulf-Angermann-s-MacBook-Pro'): ** WARNING ** Mnesia is overloaded: {dump_log,
                                                                                       time_threshold}

=ERROR REPORT==== 4-Sep-2012::18:33:18 ===
Mnesia('speiseplan@Ulf-Angermann-s-MacBook-Pro'): ** WARNING ** Mnesia is overloaded: {dump_log,
                                                                                       time_threshold}

=ERROR REPORT==== 4-Sep-2012::18:33:18 ===
Mnesia('speiseplan@Ulf-Angermann-s-MacBook-Pro'): ** WARNING ** Mnesia is overloaded: {dump_log,
                                                                                       time_threshold}

=ERROR REPORT==== 4-Sep-2012::18:33:18 ===
Mnesia('speiseplan@Ulf-Angermann-s-MacBook-Pro'): ** WARNING ** Mnesia is overloaded: {dump_log,
                                                                                       time_threshold}

=ERROR REPORT==== 4-Sep-2012::18:33:18 ===
Mnesia('speiseplan@Ulf-Angermann-s-MacBook-Pro'): ** WARNING ** Mnesia is overloaded: {dump_log,
                                                                                       time_threshold}

=ERROR REPORT==== 4-Sep-2012::18:33:18 ===
Mnesia('speiseplan@Ulf-Angermann-s-MacBook-Pro'): ** WARNING ** Mnesia is overloaded: {dump_log,
                                                                                       time_threshold}

=ERROR REPORT==== 4-Sep-2012::18:33:18 ===
Mnesia('speiseplan@Ulf-Angermann-s-MacBook-Pro'): ** WARNING ** Mnesia is overloaded: {dump_log,
                                                                                       time_threshold}

=ERROR REPORT==== 4-Sep-2012::18:33:18 ===
Mnesia('speiseplan@Ulf-Angermann-s-MacBook-Pro'): ** WARNING ** Mnesia is overloaded: {dump_log,
                                                                                       time_threshold}

=ERROR REPORT==== 4-Sep-2012::18:33:18 ===
Mnesia('speiseplan@Ulf-Angermann-s-MacBook-Pro'): ** WARNING ** Mnesia is overloaded: {dump_log,
                                                                                       time_threshold}

=ERROR REPORT==== 4-Sep-2012::18:33:18 ===
Mnesia('speiseplan@Ulf-Angermann-s-MacBook-Pro'): ** WARNING ** Mnesia is overloaded: {dump_log,
                                                                                       time_threshold}

=ERROR REPORT==== 4-Sep-2012::18:33:18 ===
Mnesia('speiseplan@Ulf-Angermann-s-MacBook-Pro'): ** WARNING ** Mnesia is overloaded: {dump_log,
                                                                                       time_threshold}

=ERROR REPORT==== 4-Sep-2012::18:33:18 ===
Mnesia('speiseplan@Ulf-Angermann-s-MacBook-Pro'): ** WARNING ** Mnesia is overloaded: {dump_log,
                                                                                       time_threshold}

=ERROR REPORT==== 4-Sep-2012::18:33:18 ===
Mnesia('speiseplan@Ulf-Angermann-s-MacBook-Pro'): ** WARNING ** Mnesia is overloaded: {dump_log,
                                                                                       time_threshold}

=ERROR REPORT==== 4-Sep-2012::18:33:18 ===
Mnesia('speiseplan@Ulf-Angermann-s-MacBook-Pro'): ** WARNING ** Mnesia is overloaded: {dump_log,
                                                                                       time_threshold}

=ERROR REPORT==== 4-Sep-2012::18:33:18 ===
Mnesia('speiseplan@Ulf-Angermann-s-MacBook-Pro'): ** WARNING ** Mnesia is overloaded: {dump_log,
                                                                                       time_threshold}

=ERROR REPORT==== 4-Sep-2012::18:33:18 ===
Mnesia('speiseplan@Ulf-Angermann-s-MacBook-Pro'): ** WARNING ** Mnesia is overloaded: {dump_log,
                                                                                       time_threshold}

=ERROR REPORT==== 4-Sep-2012::18:33:18 ===
Mnesia('speiseplan@Ulf-Angermann-s-MacBook-Pro'): ** WARNING ** Mnesia is overloaded: {dump_log,
                                                                                       time_threshold}

=ERROR REPORT==== 4-Sep-2012::18:33:18 ===
Mnesia('speiseplan@Ulf-Angermann-s-MacBook-Pro'): ** WARNING ** Mnesia is overloaded: {dump_log,
                                                                                       time_threshold}
