
=INFO REPORT==== 28-Aug-2012::08:30:45 ===
Starting Boss in development mode....

=INFO REPORT==== 28-Aug-2012::08:30:45 ===
Starting master services on 'speiseplan@Ulf-Angermann-s-MacBook-Pro'

=INFO REPORT==== 28-Aug-2012::08:30:45 ===
SSL:[]

=INFO REPORT==== 28-Aug-2012::08:30:45 ===
Loading routes from "/Users/ulfangermann/projects/erlang/speiseplan/priv/speiseplan.routes" ....

=INFO REPORT==== 28-Aug-2012::08:31:01 ===
Loading routes from "/Users/ulfangermann/projects/erlang/speiseplan/priv/speiseplan.routes" ....

=INFO REPORT==== 28-Aug-2012::08:31:02 ===
GET /dish [speiseplan] 302 217ms

=INFO REPORT==== 28-Aug-2012::08:31:02 ===
Loading routes from "/Users/ulfangermann/projects/erlang/speiseplan/priv/speiseplan.routes" ....

=INFO REPORT==== 28-Aug-2012::08:31:02 ===
GET /eater/login [speiseplan] 200 132ms

=INFO REPORT==== 28-Aug-2012::08:31:10 ===
Loading routes from "/Users/ulfangermann/projects/erlang/speiseplan/priv/speiseplan.routes" ....

=INFO REPORT==== 28-Aug-2012::08:31:10 ===
GET /eater/ [speiseplan] 200 137ms

=INFO REPORT==== 28-Aug-2012::08:31:10 ===
Loading routes from "/Users/ulfangermann/projects/erlang/speiseplan/priv/speiseplan.routes" ....

=ERROR REPORT==== 28-Aug-2012::08:31:10 ===
GET /eater/favicon.ico [speiseplan] 404 77ms

=INFO REPORT==== 28-Aug-2012::08:31:19 ===
Loading routes from "/Users/ulfangermann/projects/erlang/speiseplan/priv/speiseplan.routes" ....

=INFO REPORT==== 28-Aug-2012::08:31:19 ===
POST /eater/create [speiseplan] 302 108ms

=INFO REPORT==== 28-Aug-2012::08:31:19 ===
Loading routes from "/Users/ulfangermann/projects/erlang/speiseplan/priv/speiseplan.routes" ....

=INFO REPORT==== 28-Aug-2012::08:31:19 ===
GET /eater/index [speiseplan] 200 77ms

=INFO REPORT==== 28-Aug-2012::08:31:25 ===
Loading routes from "/Users/ulfangermann/projects/erlang/speiseplan/priv/speiseplan.routes" ....

=INFO REPORT==== 28-Aug-2012::08:31:25 ===
GET /eater/login [speiseplan] 200 99ms

=INFO REPORT==== 28-Aug-2012::08:31:31 ===
Loading routes from "/Users/ulfangermann/projects/erlang/speiseplan/priv/speiseplan.routes" ....

=INFO REPORT==== 28-Aug-2012::08:31:31 ===
POST /eater/login [speiseplan] 302 76ms

=INFO REPORT==== 28-Aug-2012::08:31:32 ===
Loading routes from "/Users/ulfangermann/projects/erlang/speiseplan/priv/speiseplan.routes" ....

=INFO REPORT==== 28-Aug-2012::08:31:32 ===
GET /dish/index [speiseplan] 200 108ms

=INFO REPORT==== 28-Aug-2012::08:31:32 ===
Loading routes from "/Users/ulfangermann/projects/erlang/speiseplan/priv/speiseplan.routes" ....

=ERROR REPORT==== 28-Aug-2012::08:31:32 ===
GET /dish/favicon.ico [speiseplan] 404 99ms

=INFO REPORT==== 28-Aug-2012::08:31:34 ===
Loading routes from "/Users/ulfangermann/projects/erlang/speiseplan/priv/speiseplan.routes" ....

=INFO REPORT==== 28-Aug-2012::08:31:34 ===
GET /admin/index [speiseplan] 200 174ms

=INFO REPORT==== 28-Aug-2012::08:31:34 ===
Loading routes from "/Users/ulfangermann/projects/erlang/speiseplan/priv/speiseplan.routes" ....

=ERROR REPORT==== 28-Aug-2012::08:31:34 ===
GET /admin/favicon.ico [speiseplan] 404 84ms

=INFO REPORT==== 28-Aug-2012::08:31:41 ===
Loading routes from "/Users/ulfangermann/projects/erlang/speiseplan/priv/speiseplan.routes" ....

=INFO REPORT==== 28-Aug-2012::08:31:41 ===
POST /admin/create [speiseplan] 302 80ms

=INFO REPORT==== 28-Aug-2012::08:31:41 ===
Loading routes from "/Users/ulfangermann/projects/erlang/speiseplan/priv/speiseplan.routes" ....

=INFO REPORT==== 28-Aug-2012::08:31:41 ===
GET /admin/index [speiseplan] 200 87ms
