
=INFO REPORT==== 7-Sep-2012::11:52:59 ===
Starting Boss in development mode....

=INFO REPORT==== 7-Sep-2012::11:52:59 ===
Starting master services on 'speiseplan@Ulf-Angermann-s-MacBook-Pro'

=INFO REPORT==== 7-Sep-2012::11:52:59 ===
SSL:[]

=INFO REPORT==== 7-Sep-2012::11:52:59 ===
Loading routes from "/Users/ulfangermann/projects/erlang/speiseplan/priv/speiseplan.routes" ....

=INFO REPORT==== 7-Sep-2012::11:53:04 ===
Loading routes from "/Users/ulfangermann/projects/erlang/speiseplan/priv/speiseplan.routes" ....

=INFO REPORT==== 7-Sep-2012::11:53:04 ===
GET /eater/login [speiseplan] 302 116ms

=INFO REPORT==== 7-Sep-2012::11:53:04 ===
Loading routes from "/Users/ulfangermann/projects/erlang/speiseplan/priv/speiseplan.routes" ....

=INFO REPORT==== 7-Sep-2012::11:53:04 ===
GET /eater/login [speiseplan] 302 125ms

=INFO REPORT==== 7-Sep-2012::11:53:04 ===
Loading routes from "/Users/ulfangermann/projects/erlang/speiseplan/priv/speiseplan.routes" ....

=INFO REPORT==== 7-Sep-2012::11:53:05 ===
GET /eater/login [speiseplan] 302 124ms

=INFO REPORT==== 7-Sep-2012::11:53:05 ===
Loading routes from "/Users/ulfangermann/projects/erlang/speiseplan/priv/speiseplan.routes" ....

=INFO REPORT==== 7-Sep-2012::11:53:05 ===
GET /eater/login [speiseplan] 302 134ms

=INFO REPORT==== 7-Sep-2012::11:53:05 ===
Loading routes from "/Users/ulfangermann/projects/erlang/speiseplan/priv/speiseplan.routes" ....

=INFO REPORT==== 7-Sep-2012::11:53:05 ===
GET /eater/login [speiseplan] 302 127ms

=INFO REPORT==== 7-Sep-2012::11:53:05 ===
Loading routes from "/Users/ulfangermann/projects/erlang/speiseplan/priv/speiseplan.routes" ....

=INFO REPORT==== 7-Sep-2012::11:53:05 ===
GET /eater/login [speiseplan] 302 127ms

=INFO REPORT==== 7-Sep-2012::11:53:05 ===
Loading routes from "/Users/ulfangermann/projects/erlang/speiseplan/priv/speiseplan.routes" ....

=INFO REPORT==== 7-Sep-2012::11:53:05 ===
GET /eater/login [speiseplan] 302 128ms

=INFO REPORT==== 7-Sep-2012::11:53:05 ===
Loading routes from "/Users/ulfangermann/projects/erlang/speiseplan/priv/speiseplan.routes" ....

=INFO REPORT==== 7-Sep-2012::11:53:05 ===
GET /eater/login [speiseplan] 302 129ms

=INFO REPORT==== 7-Sep-2012::11:53:05 ===
Loading routes from "/Users/ulfangermann/projects/erlang/speiseplan/priv/speiseplan.routes" ....

=INFO REPORT==== 7-Sep-2012::11:53:05 ===
GET /eater/login [speiseplan] 302 124ms

=INFO REPORT==== 7-Sep-2012::11:53:05 ===
Loading routes from "/Users/ulfangermann/projects/erlang/speiseplan/priv/speiseplan.routes" ....

=INFO REPORT==== 7-Sep-2012::11:53:06 ===
GET /eater/login [speiseplan] 302 127ms

=INFO REPORT==== 7-Sep-2012::11:53:06 ===
Loading routes from "/Users/ulfangermann/projects/erlang/speiseplan/priv/speiseplan.routes" ....

=INFO REPORT==== 7-Sep-2012::11:53:06 ===
GET /eater/login [speiseplan] 302 125ms

=INFO REPORT==== 7-Sep-2012::11:53:06 ===
Loading routes from "/Users/ulfangermann/projects/erlang/speiseplan/priv/speiseplan.routes" ....

=INFO REPORT==== 7-Sep-2012::11:53:06 ===
GET /eater/login [speiseplan] 302 126ms

=INFO REPORT==== 7-Sep-2012::11:53:06 ===
Loading routes from "/Users/ulfangermann/projects/erlang/speiseplan/priv/speiseplan.routes" ....

=INFO REPORT==== 7-Sep-2012::11:53:06 ===
GET /eater/login [speiseplan] 302 126ms

=INFO REPORT==== 7-Sep-2012::11:53:06 ===
Loading routes from "/Users/ulfangermann/projects/erlang/speiseplan/priv/speiseplan.routes" ....

=INFO REPORT==== 7-Sep-2012::11:53:06 ===
GET /eater/login [speiseplan] 302 129ms

=INFO REPORT==== 7-Sep-2012::11:53:06 ===
Loading routes from "/Users/ulfangermann/projects/erlang/speiseplan/priv/speiseplan.routes" ....

=INFO REPORT==== 7-Sep-2012::11:53:06 ===
GET /eater/login [speiseplan] 302 127ms

=INFO REPORT==== 7-Sep-2012::11:53:06 ===
Loading routes from "/Users/ulfangermann/projects/erlang/speiseplan/priv/speiseplan.routes" ....

=INFO REPORT==== 7-Sep-2012::11:53:06 ===
GET /eater/login [speiseplan] 302 130ms

=INFO REPORT==== 7-Sep-2012::11:53:06 ===
Loading routes from "/Users/ulfangermann/projects/erlang/speiseplan/priv/speiseplan.routes" ....

=INFO REPORT==== 7-Sep-2012::11:53:06 ===
GET /eater/login [speiseplan] 302 129ms

=INFO REPORT==== 7-Sep-2012::11:53:06 ===
Loading routes from "/Users/ulfangermann/projects/erlang/speiseplan/priv/speiseplan.routes" ....

=INFO REPORT==== 7-Sep-2012::11:53:07 ===
GET /eater/login [speiseplan] 302 130ms

=INFO REPORT==== 7-Sep-2012::11:53:07 ===
Loading routes from "/Users/ulfangermann/projects/erlang/speiseplan/priv/speiseplan.routes" ....

=INFO REPORT==== 7-Sep-2012::11:53:07 ===
GET /eater/login [speiseplan] 302 133ms

=INFO REPORT==== 7-Sep-2012::11:53:07 ===
Loading routes from "/Users/ulfangermann/projects/erlang/speiseplan/priv/speiseplan.routes" ....

=INFO REPORT==== 7-Sep-2012::11:53:07 ===
GET /eater/login [speiseplan] 302 128ms

=INFO REPORT==== 7-Sep-2012::11:53:07 ===
Loading routes from "/Users/ulfangermann/projects/erlang/speiseplan/priv/speiseplan.routes" ....

=INFO REPORT==== 7-Sep-2012::11:53:07 ===
GET /eater/login [speiseplan] 302 131ms

=INFO REPORT==== 7-Sep-2012::11:53:21 ===
Loading routes from "/Users/ulfangermann/projects/erlang/speiseplan/priv/speiseplan.routes" ....

=INFO REPORT==== 7-Sep-2012::11:53:21 ===
GET /eater/index [speiseplan] 302 136ms

=INFO REPORT==== 7-Sep-2012::11:53:21 ===
Loading routes from "/Users/ulfangermann/projects/erlang/speiseplan/priv/speiseplan.routes" ....

=INFO REPORT==== 7-Sep-2012::11:53:21 ===
GET /eater/login [speiseplan] 302 131ms

=INFO REPORT==== 7-Sep-2012::11:53:21 ===
Loading routes from "/Users/ulfangermann/projects/erlang/speiseplan/priv/speiseplan.routes" ....

=INFO REPORT==== 7-Sep-2012::11:53:21 ===
GET /eater/login [speiseplan] 302 129ms

=INFO REPORT==== 7-Sep-2012::11:53:21 ===
Loading routes from "/Users/ulfangermann/projects/erlang/speiseplan/priv/speiseplan.routes" ....

=INFO REPORT==== 7-Sep-2012::11:53:21 ===
GET /eater/login [speiseplan] 302 133ms

=INFO REPORT==== 7-Sep-2012::11:53:21 ===
Loading routes from "/Users/ulfangermann/projects/erlang/speiseplan/priv/speiseplan.routes" ....

=INFO REPORT==== 7-Sep-2012::11:53:21 ===
GET /eater/login [speiseplan] 302 132ms

=INFO REPORT==== 7-Sep-2012::11:53:21 ===
Loading routes from "/Users/ulfangermann/projects/erlang/speiseplan/priv/speiseplan.routes" ....

=INFO REPORT==== 7-Sep-2012::11:53:22 ===
GET /eater/login [speiseplan] 302 131ms

=INFO REPORT==== 7-Sep-2012::11:53:22 ===
Loading routes from "/Users/ulfangermann/projects/erlang/speiseplan/priv/speiseplan.routes" ....

=INFO REPORT==== 7-Sep-2012::11:53:22 ===
GET /eater/login [speiseplan] 302 132ms

=INFO REPORT==== 7-Sep-2012::11:53:22 ===
Loading routes from "/Users/ulfangermann/projects/erlang/speiseplan/priv/speiseplan.routes" ....

=INFO REPORT==== 7-Sep-2012::11:53:22 ===
GET /eater/login [speiseplan] 302 130ms

=INFO REPORT==== 7-Sep-2012::11:53:22 ===
Loading routes from "/Users/ulfangermann/projects/erlang/speiseplan/priv/speiseplan.routes" ....

=INFO REPORT==== 7-Sep-2012::11:53:22 ===
GET /eater/login [speiseplan] 302 130ms

=INFO REPORT==== 7-Sep-2012::11:53:22 ===
Loading routes from "/Users/ulfangermann/projects/erlang/speiseplan/priv/speiseplan.routes" ....

=INFO REPORT==== 7-Sep-2012::11:53:22 ===
GET /eater/login [speiseplan] 302 135ms

=INFO REPORT==== 7-Sep-2012::11:53:22 ===
Loading routes from "/Users/ulfangermann/projects/erlang/speiseplan/priv/speiseplan.routes" ....

=INFO REPORT==== 7-Sep-2012::11:53:22 ===
GET /eater/login [speiseplan] 302 135ms

=INFO REPORT==== 7-Sep-2012::11:53:22 ===
Loading routes from "/Users/ulfangermann/projects/erlang/speiseplan/priv/speiseplan.routes" ....

=INFO REPORT==== 7-Sep-2012::11:53:22 ===
GET /eater/login [speiseplan] 302 131ms

=INFO REPORT==== 7-Sep-2012::11:53:22 ===
Loading routes from "/Users/ulfangermann/projects/erlang/speiseplan/priv/speiseplan.routes" ....

=INFO REPORT==== 7-Sep-2012::11:53:23 ===
GET /eater/login [speiseplan] 302 134ms

=INFO REPORT==== 7-Sep-2012::11:53:23 ===
Loading routes from "/Users/ulfangermann/projects/erlang/speiseplan/priv/speiseplan.routes" ....

=INFO REPORT==== 7-Sep-2012::11:53:23 ===
GET /eater/login [speiseplan] 302 135ms

=INFO REPORT==== 7-Sep-2012::11:53:23 ===
Loading routes from "/Users/ulfangermann/projects/erlang/speiseplan/priv/speiseplan.routes" ....

=INFO REPORT==== 7-Sep-2012::11:53:23 ===
GET /eater/login [speiseplan] 302 136ms

=INFO REPORT==== 7-Sep-2012::11:53:23 ===
Loading routes from "/Users/ulfangermann/projects/erlang/speiseplan/priv/speiseplan.routes" ....

=INFO REPORT==== 7-Sep-2012::11:53:23 ===
GET /eater/login [speiseplan] 302 135ms

=INFO REPORT==== 7-Sep-2012::11:53:23 ===
Loading routes from "/Users/ulfangermann/projects/erlang/speiseplan/priv/speiseplan.routes" ....

=INFO REPORT==== 7-Sep-2012::11:53:23 ===
GET /eater/login [speiseplan] 302 136ms

=INFO REPORT==== 7-Sep-2012::11:53:23 ===
Loading routes from "/Users/ulfangermann/projects/erlang/speiseplan/priv/speiseplan.routes" ....

=INFO REPORT==== 7-Sep-2012::11:53:23 ===
GET /eater/login [speiseplan] 302 133ms

=INFO REPORT==== 7-Sep-2012::11:53:23 ===
Loading routes from "/Users/ulfangermann/projects/erlang/speiseplan/priv/speiseplan.routes" ....

=INFO REPORT==== 7-Sep-2012::11:53:23 ===
GET /eater/login [speiseplan] 302 134ms

=INFO REPORT==== 7-Sep-2012::11:53:23 ===
Loading routes from "/Users/ulfangermann/projects/erlang/speiseplan/priv/speiseplan.routes" ....

=INFO REPORT==== 7-Sep-2012::11:53:24 ===
GET /eater/login [speiseplan] 302 137ms

=INFO REPORT==== 7-Sep-2012::11:53:24 ===
Loading routes from "/Users/ulfangermann/projects/erlang/speiseplan/priv/speiseplan.routes" ....

=INFO REPORT==== 7-Sep-2012::11:53:24 ===
GET /eater/login [speiseplan] 302 139ms

=INFO REPORT==== 7-Sep-2012::11:53:28 ===
Loading routes from "/Users/ulfangermann/projects/erlang/speiseplan/priv/speiseplan.routes" ....

=INFO REPORT==== 7-Sep-2012::11:53:29 ===
GET /booking [speiseplan] 302 132ms

=INFO REPORT==== 7-Sep-2012::11:53:29 ===
Loading routes from "/Users/ulfangermann/projects/erlang/speiseplan/priv/speiseplan.routes" ....

=INFO REPORT==== 7-Sep-2012::11:53:29 ===
GET /eater/login [speiseplan] 302 142ms

=INFO REPORT==== 7-Sep-2012::11:53:30 ===
Loading routes from "/Users/ulfangermann/projects/erlang/speiseplan/priv/speiseplan.routes" ....

=INFO REPORT==== 7-Sep-2012::11:53:30 ===
GET /booking [speiseplan] 302 135ms

=INFO REPORT==== 7-Sep-2012::11:53:30 ===
Loading routes from "/Users/ulfangermann/projects/erlang/speiseplan/priv/speiseplan.routes" ....

=INFO REPORT==== 7-Sep-2012::11:53:30 ===
GET /eater/login [speiseplan] 302 132ms

=INFO REPORT==== 7-Sep-2012::11:53:30 ===
Loading routes from "/Users/ulfangermann/projects/erlang/speiseplan/priv/speiseplan.routes" ....

=INFO REPORT==== 7-Sep-2012::11:53:30 ===
GET /eater/login [speiseplan] 302 130ms

=INFO REPORT==== 7-Sep-2012::11:53:30 ===
Loading routes from "/Users/ulfangermann/projects/erlang/speiseplan/priv/speiseplan.routes" ....

=INFO REPORT==== 7-Sep-2012::11:53:30 ===
GET /eater/login [speiseplan] 302 127ms

=INFO REPORT==== 7-Sep-2012::11:53:30 ===
Loading routes from "/Users/ulfangermann/projects/erlang/speiseplan/priv/speiseplan.routes" ....

=INFO REPORT==== 7-Sep-2012::11:53:30 ===
GET /eater/login [speiseplan] 302 133ms

=INFO REPORT==== 7-Sep-2012::11:53:30 ===
Loading routes from "/Users/ulfangermann/projects/erlang/speiseplan/priv/speiseplan.routes" ....

=INFO REPORT==== 7-Sep-2012::11:53:30 ===
GET /eater/login [speiseplan] 302 139ms

=INFO REPORT==== 7-Sep-2012::11:53:30 ===
Loading routes from "/Users/ulfangermann/projects/erlang/speiseplan/priv/speiseplan.routes" ....

=INFO REPORT==== 7-Sep-2012::11:53:30 ===
GET /eater/login [speiseplan] 302 128ms

=INFO REPORT==== 7-Sep-2012::11:53:30 ===
Loading routes from "/Users/ulfangermann/projects/erlang/speiseplan/priv/speiseplan.routes" ....

=INFO REPORT==== 7-Sep-2012::11:53:31 ===
GET /eater/login [speiseplan] 302 131ms

=INFO REPORT==== 7-Sep-2012::11:53:31 ===
Loading routes from "/Users/ulfangermann/projects/erlang/speiseplan/priv/speiseplan.routes" ....

=INFO REPORT==== 7-Sep-2012::11:53:31 ===
GET /eater/login [speiseplan] 302 137ms

=INFO REPORT==== 7-Sep-2012::11:53:31 ===
Loading routes from "/Users/ulfangermann/projects/erlang/speiseplan/priv/speiseplan.routes" ....

=INFO REPORT==== 7-Sep-2012::11:53:31 ===
GET /eater/login [speiseplan] 302 133ms

=INFO REPORT==== 7-Sep-2012::11:53:31 ===
Loading routes from "/Users/ulfangermann/projects/erlang/speiseplan/priv/speiseplan.routes" ....

=INFO REPORT==== 7-Sep-2012::11:53:31 ===
GET /eater/login [speiseplan] 302 131ms

=INFO REPORT==== 7-Sep-2012::11:53:31 ===
Loading routes from "/Users/ulfangermann/projects/erlang/speiseplan/priv/speiseplan.routes" ....

=INFO REPORT==== 7-Sep-2012::11:53:31 ===
GET /eater/login [speiseplan] 302 132ms

=INFO REPORT==== 7-Sep-2012::11:53:31 ===
Loading routes from "/Users/ulfangermann/projects/erlang/speiseplan/priv/speiseplan.routes" ....

=INFO REPORT==== 7-Sep-2012::11:53:31 ===
GET /eater/login [speiseplan] 302 133ms

=INFO REPORT==== 7-Sep-2012::11:53:31 ===
Loading routes from "/Users/ulfangermann/projects/erlang/speiseplan/priv/speiseplan.routes" ....

=INFO REPORT==== 7-Sep-2012::11:53:31 ===
GET /eater/login [speiseplan] 302 137ms

=INFO REPORT==== 7-Sep-2012::11:53:31 ===
Loading routes from "/Users/ulfangermann/projects/erlang/speiseplan/priv/speiseplan.routes" ....

=INFO REPORT==== 7-Sep-2012::11:53:32 ===
GET /eater/login [speiseplan] 302 135ms

=INFO REPORT==== 7-Sep-2012::11:53:32 ===
Loading routes from "/Users/ulfangermann/projects/erlang/speiseplan/priv/speiseplan.routes" ....

=INFO REPORT==== 7-Sep-2012::11:53:32 ===
GET /eater/login [speiseplan] 302 136ms

=INFO REPORT==== 7-Sep-2012::11:53:32 ===
Loading routes from "/Users/ulfangermann/projects/erlang/speiseplan/priv/speiseplan.routes" ....

=INFO REPORT==== 7-Sep-2012::11:53:32 ===
GET /eater/login [speiseplan] 302 132ms

=INFO REPORT==== 7-Sep-2012::11:53:32 ===
Loading routes from "/Users/ulfangermann/projects/erlang/speiseplan/priv/speiseplan.routes" ....

=INFO REPORT==== 7-Sep-2012::11:53:32 ===
GET /eater/login [speiseplan] 302 132ms

=INFO REPORT==== 7-Sep-2012::11:53:32 ===
Loading routes from "/Users/ulfangermann/projects/erlang/speiseplan/priv/speiseplan.routes" ....

=INFO REPORT==== 7-Sep-2012::11:53:32 ===
GET /eater/login [speiseplan] 302 133ms

=INFO REPORT==== 7-Sep-2012::11:53:32 ===
Loading routes from "/Users/ulfangermann/projects/erlang/speiseplan/priv/speiseplan.routes" ....

=INFO REPORT==== 7-Sep-2012::11:53:32 ===
GET /eater/login [speiseplan] 302 141ms

=INFO REPORT==== 7-Sep-2012::11:53:32 ===
Loading routes from "/Users/ulfangermann/projects/erlang/speiseplan/priv/speiseplan.routes" ....

=INFO REPORT==== 7-Sep-2012::11:53:32 ===
GET /eater/login [speiseplan] 302 134ms

=INFO REPORT==== 7-Sep-2012::11:54:05 ===
Loading routes from "/Users/ulfangermann/projects/erlang/speiseplan/priv/speiseplan.routes" ....

=INFO REPORT==== 7-Sep-2012::11:54:05 ===
GET /booking [speiseplan] 302 138ms

=INFO REPORT==== 7-Sep-2012::11:54:05 ===
Loading routes from "/Users/ulfangermann/projects/erlang/speiseplan/priv/speiseplan.routes" ....

=INFO REPORT==== 7-Sep-2012::11:54:05 ===
GET /eater/login [speiseplan] 302 126ms

=INFO REPORT==== 7-Sep-2012::11:54:05 ===
Loading routes from "/Users/ulfangermann/projects/erlang/speiseplan/priv/speiseplan.routes" ....

=INFO REPORT==== 7-Sep-2012::11:54:05 ===
GET /eater/login [speiseplan] 302 126ms

=INFO REPORT==== 7-Sep-2012::11:54:05 ===
Loading routes from "/Users/ulfangermann/projects/erlang/speiseplan/priv/speiseplan.routes" ....

=INFO REPORT==== 7-Sep-2012::11:54:06 ===
GET /eater/login [speiseplan] 302 124ms

=INFO REPORT==== 7-Sep-2012::11:54:06 ===
Loading routes from "/Users/ulfangermann/projects/erlang/speiseplan/priv/speiseplan.routes" ....

=INFO REPORT==== 7-Sep-2012::11:54:06 ===
GET /eater/login [speiseplan] 302 126ms

=INFO REPORT==== 7-Sep-2012::11:54:06 ===
Loading routes from "/Users/ulfangermann/projects/erlang/speiseplan/priv/speiseplan.routes" ....

=INFO REPORT==== 7-Sep-2012::11:54:06 ===
GET /eater/login [speiseplan] 302 132ms

=INFO REPORT==== 7-Sep-2012::11:54:06 ===
Loading routes from "/Users/ulfangermann/projects/erlang/speiseplan/priv/speiseplan.routes" ....

=INFO REPORT==== 7-Sep-2012::11:54:06 ===
GET /eater/login [speiseplan] 302 126ms

=INFO REPORT==== 7-Sep-2012::11:54:06 ===
Loading routes from "/Users/ulfangermann/projects/erlang/speiseplan/priv/speiseplan.routes" ....

=INFO REPORT==== 7-Sep-2012::11:54:06 ===
GET /eater/login [speiseplan] 302 127ms

=INFO REPORT==== 7-Sep-2012::11:54:06 ===
Loading routes from "/Users/ulfangermann/projects/erlang/speiseplan/priv/speiseplan.routes" ....

=INFO REPORT==== 7-Sep-2012::11:54:06 ===
GET /eater/login [speiseplan] 302 129ms

=INFO REPORT==== 7-Sep-2012::11:54:06 ===
Loading routes from "/Users/ulfangermann/projects/erlang/speiseplan/priv/speiseplan.routes" ....

=INFO REPORT==== 7-Sep-2012::11:54:06 ===
GET /eater/login [speiseplan] 302 124ms

=INFO REPORT==== 7-Sep-2012::11:54:06 ===
Loading routes from "/Users/ulfangermann/projects/erlang/speiseplan/priv/speiseplan.routes" ....

=INFO REPORT==== 7-Sep-2012::11:54:06 ===
GET /eater/login [speiseplan] 302 125ms

=INFO REPORT==== 7-Sep-2012::11:54:06 ===
Loading routes from "/Users/ulfangermann/projects/erlang/speiseplan/priv/speiseplan.routes" ....

=INFO REPORT==== 7-Sep-2012::11:54:07 ===
GET /eater/login [speiseplan] 302 131ms

=INFO REPORT==== 7-Sep-2012::11:54:07 ===
Loading routes from "/Users/ulfangermann/projects/erlang/speiseplan/priv/speiseplan.routes" ....

=INFO REPORT==== 7-Sep-2012::11:54:07 ===
GET /eater/login [speiseplan] 302 132ms

=INFO REPORT==== 7-Sep-2012::11:54:07 ===
Loading routes from "/Users/ulfangermann/projects/erlang/speiseplan/priv/speiseplan.routes" ....

=INFO REPORT==== 7-Sep-2012::11:54:07 ===
GET /eater/login [speiseplan] 302 128ms

=INFO REPORT==== 7-Sep-2012::11:54:07 ===
Loading routes from "/Users/ulfangermann/projects/erlang/speiseplan/priv/speiseplan.routes" ....

=INFO REPORT==== 7-Sep-2012::11:54:07 ===
GET /eater/login [speiseplan] 302 125ms

=INFO REPORT==== 7-Sep-2012::11:54:07 ===
Loading routes from "/Users/ulfangermann/projects/erlang/speiseplan/priv/speiseplan.routes" ....

=INFO REPORT==== 7-Sep-2012::11:54:07 ===
GET /eater/login [speiseplan] 302 132ms

=INFO REPORT==== 7-Sep-2012::11:54:07 ===
Loading routes from "/Users/ulfangermann/projects/erlang/speiseplan/priv/speiseplan.routes" ....

=INFO REPORT==== 7-Sep-2012::11:54:07 ===
GET /eater/login [speiseplan] 302 132ms

=INFO REPORT==== 7-Sep-2012::11:54:07 ===
Loading routes from "/Users/ulfangermann/projects/erlang/speiseplan/priv/speiseplan.routes" ....

=INFO REPORT==== 7-Sep-2012::11:54:07 ===
GET /eater/login [speiseplan] 302 125ms

=INFO REPORT==== 7-Sep-2012::11:54:07 ===
Loading routes from "/Users/ulfangermann/projects/erlang/speiseplan/priv/speiseplan.routes" ....

=INFO REPORT==== 7-Sep-2012::11:54:08 ===
GET /eater/login [speiseplan] 302 123ms

=INFO REPORT==== 7-Sep-2012::11:54:08 ===
Loading routes from "/Users/ulfangermann/projects/erlang/speiseplan/priv/speiseplan.routes" ....

=INFO REPORT==== 7-Sep-2012::11:54:08 ===
GET /eater/login [speiseplan] 302 125ms

=INFO REPORT==== 7-Sep-2012::11:54:08 ===
Loading routes from "/Users/ulfangermann/projects/erlang/speiseplan/priv/speiseplan.routes" ....

=INFO REPORT==== 7-Sep-2012::11:54:08 ===
GET /eater/login [speiseplan] 302 133ms

=INFO REPORT==== 7-Sep-2012::11:54:08 ===
Loading routes from "/Users/ulfangermann/projects/erlang/speiseplan/priv/speiseplan.routes" ....

=INFO REPORT==== 7-Sep-2012::11:54:08 ===
GET /booking [speiseplan] 302 138ms

=INFO REPORT==== 7-Sep-2012::11:54:08 ===
Loading routes from "/Users/ulfangermann/projects/erlang/speiseplan/priv/speiseplan.routes" ....

=INFO REPORT==== 7-Sep-2012::11:54:08 ===
GET /eater/login [speiseplan] 302 134ms

=INFO REPORT==== 7-Sep-2012::11:54:08 ===
Loading routes from "/Users/ulfangermann/projects/erlang/speiseplan/priv/speiseplan.routes" ....

=INFO REPORT==== 7-Sep-2012::11:54:08 ===
GET /eater/login [speiseplan] 302 134ms

=INFO REPORT==== 7-Sep-2012::11:54:08 ===
Loading routes from "/Users/ulfangermann/projects/erlang/speiseplan/priv/speiseplan.routes" ....

=INFO REPORT==== 7-Sep-2012::11:54:09 ===
GET /eater/login [speiseplan] 302 134ms

=INFO REPORT==== 7-Sep-2012::11:54:09 ===
Loading routes from "/Users/ulfangermann/projects/erlang/speiseplan/priv/speiseplan.routes" ....

=INFO REPORT==== 7-Sep-2012::11:54:09 ===
GET /eater/login [speiseplan] 302 127ms

=INFO REPORT==== 7-Sep-2012::11:54:09 ===
Loading routes from "/Users/ulfangermann/projects/erlang/speiseplan/priv/speiseplan.routes" ....

=INFO REPORT==== 7-Sep-2012::11:54:09 ===
GET /eater/login [speiseplan] 302 136ms

=INFO REPORT==== 7-Sep-2012::11:54:09 ===
Loading routes from "/Users/ulfangermann/projects/erlang/speiseplan/priv/speiseplan.routes" ....

=INFO REPORT==== 7-Sep-2012::11:54:09 ===
GET /eater/login [speiseplan] 302 134ms

=INFO REPORT==== 7-Sep-2012::11:54:09 ===
Loading routes from "/Users/ulfangermann/projects/erlang/speiseplan/priv/speiseplan.routes" ....

=INFO REPORT==== 7-Sep-2012::11:54:09 ===
GET /eater/login [speiseplan] 302 133ms

=INFO REPORT==== 7-Sep-2012::11:54:09 ===
Loading routes from "/Users/ulfangermann/projects/erlang/speiseplan/priv/speiseplan.routes" ....

=INFO REPORT==== 7-Sep-2012::11:54:09 ===
GET /eater/login [speiseplan] 302 134ms

=INFO REPORT==== 7-Sep-2012::11:54:09 ===
Loading routes from "/Users/ulfangermann/projects/erlang/speiseplan/priv/speiseplan.routes" ....

=INFO REPORT==== 7-Sep-2012::11:54:09 ===
GET /eater/login [speiseplan] 302 135ms

=INFO REPORT==== 7-Sep-2012::11:54:09 ===
Loading routes from "/Users/ulfangermann/projects/erlang/speiseplan/priv/speiseplan.routes" ....

=INFO REPORT==== 7-Sep-2012::11:54:09 ===
GET /eater/login [speiseplan] 302 137ms

=INFO REPORT==== 7-Sep-2012::11:54:09 ===
Loading routes from "/Users/ulfangermann/projects/erlang/speiseplan/priv/speiseplan.routes" ....

=INFO REPORT==== 7-Sep-2012::11:54:10 ===
GET /eater/login [speiseplan] 302 132ms

=INFO REPORT==== 7-Sep-2012::11:54:10 ===
Loading routes from "/Users/ulfangermann/projects/erlang/speiseplan/priv/speiseplan.routes" ....

=INFO REPORT==== 7-Sep-2012::11:54:10 ===
GET /eater/login [speiseplan] 302 136ms

=INFO REPORT==== 7-Sep-2012::11:54:10 ===
Loading routes from "/Users/ulfangermann/projects/erlang/speiseplan/priv/speiseplan.routes" ....

=INFO REPORT==== 7-Sep-2012::11:54:10 ===
GET /eater/login [speiseplan] 302 131ms

=INFO REPORT==== 7-Sep-2012::11:54:10 ===
Loading routes from "/Users/ulfangermann/projects/erlang/speiseplan/priv/speiseplan.routes" ....

=INFO REPORT==== 7-Sep-2012::11:54:10 ===
GET /eater/login [speiseplan] 302 131ms

=INFO REPORT==== 7-Sep-2012::11:54:10 ===
Loading routes from "/Users/ulfangermann/projects/erlang/speiseplan/priv/speiseplan.routes" ....

=INFO REPORT==== 7-Sep-2012::11:54:10 ===
GET /eater/login [speiseplan] 302 137ms

=INFO REPORT==== 7-Sep-2012::11:54:10 ===
Loading routes from "/Users/ulfangermann/projects/erlang/speiseplan/priv/speiseplan.routes" ....

=INFO REPORT==== 7-Sep-2012::11:54:10 ===
GET /eater/login [speiseplan] 302 132ms

=INFO REPORT==== 7-Sep-2012::11:54:10 ===
Loading routes from "/Users/ulfangermann/projects/erlang/speiseplan/priv/speiseplan.routes" ....

=INFO REPORT==== 7-Sep-2012::11:54:10 ===
GET /eater/login [speiseplan] 302 131ms

=INFO REPORT==== 7-Sep-2012::11:54:10 ===
Loading routes from "/Users/ulfangermann/projects/erlang/speiseplan/priv/speiseplan.routes" ....

=INFO REPORT==== 7-Sep-2012::11:54:11 ===
GET /eater/login [speiseplan] 302 135ms

=INFO REPORT==== 7-Sep-2012::11:54:11 ===
Loading routes from "/Users/ulfangermann/projects/erlang/speiseplan/priv/speiseplan.routes" ....

=INFO REPORT==== 7-Sep-2012::11:54:11 ===
GET /eater/login [speiseplan] 302 131ms

=INFO REPORT==== 7-Sep-2012::11:54:11 ===
Loading routes from "/Users/ulfangermann/projects/erlang/speiseplan/priv/speiseplan.routes" ....

=INFO REPORT==== 7-Sep-2012::11:54:11 ===
GET /eater/login [speiseplan] 302 133ms

=INFO REPORT==== 7-Sep-2012::11:55:37 ===
Loading routes from "/Users/ulfangermann/projects/erlang/speiseplan/priv/speiseplan.routes" ....

=INFO REPORT==== 7-Sep-2012::11:55:37 ===
GET /eater/login [speiseplan] 200 130ms

=INFO REPORT==== 7-Sep-2012::11:55:43 ===
Loading routes from "/Users/ulfangermann/projects/erlang/speiseplan/priv/speiseplan.routes" ....

=INFO REPORT==== 7-Sep-2012::11:55:43 ===
POST /eater/login [speiseplan] 302 136ms

=INFO REPORT==== 7-Sep-2012::11:55:43 ===
Loading routes from "/Users/ulfangermann/projects/erlang/speiseplan/priv/speiseplan.routes" ....

=INFO REPORT==== 7-Sep-2012::11:55:43 ===
GET /booking/index [speiseplan] 200 138ms

=INFO REPORT==== 7-Sep-2012::11:55:43 ===
Loading routes from "/Users/ulfangermann/projects/erlang/speiseplan/priv/speiseplan.routes" ....

=ERROR REPORT==== 7-Sep-2012::11:55:43 ===
GET /booking/favicon.ico [speiseplan] 404 135ms
