
=INFO REPORT==== 1-Sep-2012::17:37:37 ===
Starting Boss in development mode....

=INFO REPORT==== 1-Sep-2012::17:37:38 ===
Starting master services on speiseplan@noname

=INFO REPORT==== 1-Sep-2012::17:37:38 ===
SSL:[]

=INFO REPORT==== 1-Sep-2012::17:37:38 ===
Loading routes from "/Users/ulfangermann/projects/erlang/speiseplan/priv/speiseplan.routes" ....

=INFO REPORT==== 1-Sep-2012::17:39:37 ===
Loading routes from "/Users/ulfangermann/projects/erlang/speiseplan/priv/speiseplan.routes" ....

=ERROR REPORT==== 1-Sep-2012::17:39:37 ===
{{badmatch,{redirect,"/eater/login"}},
 [{user_lib,require_login,2,
            [{file,"/Users/ulfangermann/projects/erlang/speiseplan/src/lib/user_lib.erl"},
             {line,26}]},
  {boss_web_controller,execute_action,5,
                       [{file,"src/boss/boss_web_controller.erl"},{line,693}]},
  {boss_web_controller,process_request,5,
                       [{file,"src/boss/boss_web_controller.erl"},{line,460}]},
  {timer,tc,3,[{file,"timer.erl"},{line,194}]},
  {boss_web_controller,handle_request,3,
                       [{file,"src/boss/boss_web_controller.erl"},{line,388}]},
  {mochiweb_http,headers,5,[{file,"src/mochiweb_http.erl"},{line,90}]},
  {proc_lib,init_p_do_apply,3,[{file,"proc_lib.erl"},{line,227}]}]}

=ERROR REPORT==== 1-Sep-2012::17:39:37 ===
GET /admin/index [speiseplan] 500 105ms

=INFO REPORT==== 1-Sep-2012::17:39:44 ===
Loading routes from "/Users/ulfangermann/projects/erlang/speiseplan/priv/speiseplan.routes" ....

=INFO REPORT==== 1-Sep-2012::17:39:44 ===
GET /eater/login [speiseplan] 200 125ms

=INFO REPORT==== 1-Sep-2012::17:39:47 ===
Loading routes from "/Users/ulfangermann/projects/erlang/speiseplan/priv/speiseplan.routes" ....

=INFO REPORT==== 1-Sep-2012::17:39:47 ===
GET /registration [speiseplan] 200 124ms

=INFO REPORT==== 1-Sep-2012::17:39:57 ===
Loading routes from "/Users/ulfangermann/projects/erlang/speiseplan/priv/speiseplan.routes" ....

=ERROR REPORT==== 1-Sep-2012::17:39:57 ===
{undef,
    [{eater,new,
         [id,"aa","ce9ba51802f7f6daa5d81d1a58d4a911","aaa","aa","true","0.0",
          false],
         []},
     {speiseplan_registration_controller,create,3,
         [{file,
              "/Users/ulfangermann/projects/erlang/speiseplan/src/controller/speiseplan_registration_controller.erl"},
          {line,13}]},
     {boss_web_controller,execute_action,5,
         [{file,"src/boss/boss_web_controller.erl"},{line,711}]},
     {boss_web_controller,process_request,5,
         [{file,"src/boss/boss_web_controller.erl"},{line,460}]},
     {timer,tc,3,[{file,"timer.erl"},{line,194}]},
     {boss_web_controller,handle_request,3,
         [{file,"src/boss/boss_web_controller.erl"},{line,388}]},
     {mochiweb_http,headers,5,[{file,"src/mochiweb_http.erl"},{line,90}]},
     {proc_lib,init_p_do_apply,3,[{file,"proc_lib.erl"},{line,227}]}]}

=ERROR REPORT==== 1-Sep-2012::17:39:57 ===
POST /registration/create [speiseplan] 500 125ms
