
=INFO REPORT==== 3-Sep-2012::16:26:35 ===
Starting Boss in development mode....

=INFO REPORT==== 3-Sep-2012::16:26:35 ===
Starting master services on 'speiseplan@Ulf-Angermann-s-MacBook-Pro'

=INFO REPORT==== 3-Sep-2012::16:26:35 ===
SSL:[]

=INFO REPORT==== 3-Sep-2012::16:26:35 ===
Loading routes from "/Users/ulfangermann/projects/erlang/speiseplan/priv/speiseplan.routes" ....

=INFO REPORT==== 3-Sep-2012::16:26:36 ===
    application: mnesia
    exited: stopped
    type: temporary

=INFO REPORT==== 3-Sep-2012::16:28:00 ===
Loading routes from "/Users/ulfangermann/projects/erlang/speiseplan/priv/speiseplan.routes" ....

=INFO REPORT==== 3-Sep-2012::16:28:00 ===
GET /booking [speiseplan] 302 120ms

=INFO REPORT==== 3-Sep-2012::16:28:00 ===
Loading routes from "/Users/ulfangermann/projects/erlang/speiseplan/priv/speiseplan.routes" ....

=INFO REPORT==== 3-Sep-2012::16:28:00 ===
GET /eater/login [speiseplan] 200 138ms

=INFO REPORT==== 3-Sep-2012::16:28:09 ===
Loading routes from "/Users/ulfangermann/projects/erlang/speiseplan/priv/speiseplan.routes" ....

=INFO REPORT==== 3-Sep-2012::16:28:09 ===
GET /registration [speiseplan] 200 144ms

=INFO REPORT==== 3-Sep-2012::16:28:25 ===
Loading routes from "/Users/ulfangermann/projects/erlang/speiseplan/priv/speiseplan.routes" ....

=ERROR REPORT==== 3-Sep-2012::16:28:25 ===
** Generic server <0.80.0> terminating 
** Last message in was {save_record,
                           {eater,id,"ua","598f04fd6e3586a93d27aa1ddcf5f2e6",
                               "Ulf","Angermann","true",3,false,
                               "ua@innoq.com"}}
** When Server state == {state,boss_db_adapter_mnesia,undefined,[],
                               {dict,0,16,16,8,80,48,
                                     {[],[],[],[],[],[],[],[],[],[],[],[],[],
                                      [],[],[]},
                                     {{[],[],[],[],[],[],[],[],[],[],[],[],[],
                                       [],[],[]}}},
                               false,60,db,0}
** Reason for termination == 
** {aborted,{combine_error,'_ids_',update_counter}}

=ERROR REPORT==== 3-Sep-2012::16:28:25 ===
{{aborted,{combine_error,'_ids_',update_counter}},
 {gen_server,call,
             [<0.80.0>,
              {save_record,{eater,id,"ua","598f04fd6e3586a93d27aa1ddcf5f2e6",
                                  "Ulf","Angermann","true",3,false,
                                  "ua@innoq.com"}},
              30000]}}

=ERROR REPORT==== 3-Sep-2012::16:28:25 ===
POST /registration/create [speiseplan] 500 145ms

=INFO REPORT==== 3-Sep-2012::16:28:44 ===
    application: mnesia
    exited: stopped
    type: temporary

=INFO REPORT==== 3-Sep-2012::16:29:07 ===
Loading routes from "/Users/ulfangermann/projects/erlang/speiseplan/priv/speiseplan.routes" ....

=ERROR REPORT==== 3-Sep-2012::16:29:07 ===
** Generic server <0.81.0> terminating 
** Last message in was {save_record,
                           {eater,id,"ua","598f04fd6e3586a93d27aa1ddcf5f2e6",
                               "Ulf","Angermann","true",3,false,
                               "ua@innoq.com"}}
** When Server state == {state,boss_db_adapter_mnesia,undefined,[],
                               {dict,0,16,16,8,80,48,
                                     {[],[],[],[],[],[],[],[],[],[],[],[],[],
                                      [],[],[]},
                                     {{[],[],[],[],[],[],[],[],[],[],[],[],[],
                                       [],[],[]}}},
                               false,60,db,0}
** Reason for termination == 
** {aborted,{combine_error,'_ids_',update_counter}}

=ERROR REPORT==== 3-Sep-2012::16:29:07 ===
{{aborted,{combine_error,'_ids_',update_counter}},
 {gen_server,call,
             [<0.81.0>,
              {save_record,{eater,id,"ua","598f04fd6e3586a93d27aa1ddcf5f2e6",
                                  "Ulf","Angermann","true",3,false,
                                  "ua@innoq.com"}},
              30000]}}

=ERROR REPORT==== 3-Sep-2012::16:29:07 ===
POST /registration/create [speiseplan] 500 143ms

=INFO REPORT==== 3-Sep-2012::16:29:43 ===
Loading routes from "/Users/ulfangermann/projects/erlang/speiseplan/priv/speiseplan.routes" ....

=ERROR REPORT==== 3-Sep-2012::16:29:43 ===
** Generic server <0.82.0> terminating 
** Last message in was {save_record,
                           {eater,id,"ua","598f04fd6e3586a93d27aa1ddcf5f2e6",
                               "Ulf","Angermann",undefined,5,false,
                               "ua@innoq.com"}}
** When Server state == {state,boss_db_adapter_mnesia,undefined,[],
                               {dict,0,16,16,8,80,48,
                                     {[],[],[],[],[],[],[],[],[],[],[],[],[],
                                      [],[],[]},
                                     {{[],[],[],[],[],[],[],[],[],[],[],[],[],
                                       [],[],[]}}},
                               false,60,db,0}
** Reason for termination == 
** {aborted,{combine_error,'_ids_',update_counter}}

=ERROR REPORT==== 3-Sep-2012::16:29:43 ===
{{aborted,{combine_error,'_ids_',update_counter}},
 {gen_server,call,
             [<0.82.0>,
              {save_record,{eater,id,"ua","598f04fd6e3586a93d27aa1ddcf5f2e6",
                                  "Ulf","Angermann",undefined,5,false,
                                  "ua@innoq.com"}},
              30000]}}

=ERROR REPORT==== 3-Sep-2012::16:29:43 ===
POST /registration/create [speiseplan] 500 144ms
