
=INFO REPORT==== 8-Sep-2012::10:08:30 ===
Starting Boss in development mode....

=INFO REPORT==== 8-Sep-2012::10:08:30 ===
Starting master services on speiseplan@noname

=INFO REPORT==== 8-Sep-2012::10:08:30 ===
SSL:[]

=INFO REPORT==== 8-Sep-2012::10:08:30 ===
Loading routes from "/Users/ulfangermann/projects/erlang/speiseplan/priv/speiseplan.routes" ....

=INFO REPORT==== 8-Sep-2012::10:08:31 ===
Loading routes from "../cb_admin/priv/cb_admin.routes" ....

=INFO REPORT==== 8-Sep-2012::10:08:37 ===
Loading routes from "/Users/ulfangermann/projects/erlang/speiseplan/priv/speiseplan.routes" ....

=INFO REPORT==== 8-Sep-2012::10:08:38 ===
POST /login/index [speiseplan] 200 125ms

=INFO REPORT==== 8-Sep-2012::10:09:09 ===
Loading routes from "/Users/ulfangermann/projects/erlang/speiseplan/priv/speiseplan.routes" ....

=INFO REPORT==== 8-Sep-2012::10:09:09 ===
GET / [speiseplan] 302 139ms

=INFO REPORT==== 8-Sep-2012::10:09:09 ===
Loading routes from "/Users/ulfangermann/projects/erlang/speiseplan/priv/speiseplan.routes" ....

=INFO REPORT==== 8-Sep-2012::10:09:09 ===
GET /login/index [speiseplan] 200 139ms

=INFO REPORT==== 8-Sep-2012::10:09:16 ===
Loading routes from "/Users/ulfangermann/projects/erlang/speiseplan/priv/speiseplan.routes" ....

=INFO REPORT==== 8-Sep-2012::10:09:16 ===
POST /login/index [speiseplan] 200 144ms
