
=INFO REPORT==== 29-Aug-2012::19:14:01 ===
Starting Boss in development mode....

=INFO REPORT==== 29-Aug-2012::19:14:02 ===
Starting master services on 'speiseplan@Ulf-Angermann-s-MacBook-Pro'

=INFO REPORT==== 29-Aug-2012::19:14:02 ===
SSL:[]

=INFO REPORT==== 29-Aug-2012::19:14:02 ===
Loading routes from "/Users/ulfangermann/projects/erlang/speiseplan/priv/speiseplan.routes" ....

=INFO REPORT==== 29-Aug-2012::19:14:07 ===
Loading routes from "/Users/ulfangermann/projects/erlang/speiseplan/priv/speiseplan.routes" ....

=INFO REPORT==== 29-Aug-2012::19:14:07 ===
GET /registration [speiseplan] 200 93ms

=INFO REPORT==== 29-Aug-2012::19:15:04 ===
Loading routes from "/Users/ulfangermann/projects/erlang/speiseplan/priv/speiseplan.routes" ....

=INFO REPORT==== 29-Aug-2012::19:15:04 ===
GET /registration [speiseplan] 200 109ms

=INFO REPORT==== 29-Aug-2012::19:15:05 ===
Loading routes from "/Users/ulfangermann/projects/erlang/speiseplan/priv/speiseplan.routes" ....

=INFO REPORT==== 29-Aug-2012::19:15:05 ===
GET /registration [speiseplan] 200 111ms

=INFO REPORT==== 29-Aug-2012::19:15:05 ===
Loading routes from "/Users/ulfangermann/projects/erlang/speiseplan/priv/speiseplan.routes" ....

=INFO REPORT==== 29-Aug-2012::19:15:05 ===
GET /registration [speiseplan] 200 108ms

=INFO REPORT==== 29-Aug-2012::19:15:06 ===
Loading routes from "/Users/ulfangermann/projects/erlang/speiseplan/priv/speiseplan.routes" ....

=INFO REPORT==== 29-Aug-2012::19:15:06 ===
GET /registration [speiseplan] 200 112ms

=INFO REPORT==== 29-Aug-2012::19:15:07 ===
Loading routes from "/Users/ulfangermann/projects/erlang/speiseplan/priv/speiseplan.routes" ....

=INFO REPORT==== 29-Aug-2012::19:15:07 ===
GET /registration [speiseplan] 200 106ms

=INFO REPORT==== 29-Aug-2012::19:15:09 ===
Loading routes from "/Users/ulfangermann/projects/erlang/speiseplan/priv/speiseplan.routes" ....

=INFO REPORT==== 29-Aug-2012::19:15:09 ===
GET /registration [speiseplan] 200 109ms
