
=INFO REPORT==== 6-Sep-2012::14:19:57 ===
Starting Boss in development mode....

=INFO REPORT==== 6-Sep-2012::14:19:57 ===
Starting master services on 'speiseplan@Ulf-Angermann-s-MacBook-Pro'

=INFO REPORT==== 6-Sep-2012::14:19:57 ===
SSL:[]

=INFO REPORT==== 6-Sep-2012::14:19:57 ===
Loading routes from "/Users/ulfangermann/projects/erlang/speiseplan/priv/speiseplan.routes" ....

=INFO REPORT==== 6-Sep-2012::14:20:01 ===
Loading routes from "/Users/ulfangermann/projects/erlang/speiseplan/priv/speiseplan.routes" ....

=INFO REPORT==== 6-Sep-2012::14:20:01 ===
GET /booking [speiseplan] 200 141ms

=INFO REPORT==== 6-Sep-2012::14:25:08 ===
GET /doc [speiseplan] 200 75ms

=INFO REPORT==== 6-Sep-2012::14:25:49 ===
GET /doc/dish [speiseplan] 200 148ms

=ERROR REPORT==== 6-Sep-2012::14:25:50 ===
GET /doc/stylesheet.css [speiseplan] 404 0ms

=ERROR REPORT==== 6-Sep-2012::14:25:50 ===
GET /doc/erlang.png [speiseplan] 404 0ms

=INFO REPORT==== 6-Sep-2012::14:27:39 ===
GET /doc/menu [speiseplan] 200 88ms

=ERROR REPORT==== 6-Sep-2012::14:27:39 ===
GET /doc/stylesheet.css [speiseplan] 404 0ms

=ERROR REPORT==== 6-Sep-2012::14:27:39 ===
GET /doc/erlang.png [speiseplan] 404 0ms

=INFO REPORT==== 6-Sep-2012::14:30:38 ===
Loading routes from "/Users/ulfangermann/projects/erlang/speiseplan/priv/speiseplan.routes" ....

=INFO REPORT==== 6-Sep-2012::14:30:38 ===
GET /booking [speiseplan] 200 163ms

=INFO REPORT==== 6-Sep-2012::14:36:44 ===
Loading routes from "/Users/ulfangermann/projects/erlang/speiseplan/priv/speiseplan.routes" ....

=INFO REPORT==== 6-Sep-2012::14:36:44 ===
GET /admin/index [speiseplan] 200 161ms

=INFO REPORT==== 6-Sep-2012::14:36:45 ===
Loading routes from "/Users/ulfangermann/projects/erlang/speiseplan/priv/speiseplan.routes" ....

=ERROR REPORT==== 6-Sep-2012::14:36:45 ===
GET /admin/favicon.ico [speiseplan] 404 160ms
