
=INFO REPORT==== 31-Aug-2012::14:09:10 ===
Starting Boss in development mode....

=INFO REPORT==== 31-Aug-2012::14:09:11 ===
Starting master services on 'speiseplan@Ulf-Angermann-s-MacBook-Pro'

=INFO REPORT==== 31-Aug-2012::14:09:11 ===
SSL:[]

=INFO REPORT==== 31-Aug-2012::14:09:11 ===
Loading routes from "/Users/ulfangermann/projects/erlang/speiseplan/priv/speiseplan.routes" ....

=INFO REPORT==== 31-Aug-2012::14:09:16 ===
Loading routes from "/Users/ulfangermann/projects/erlang/speiseplan/priv/speiseplan.routes" ....

=INFO REPORT==== 31-Aug-2012::14:09:16 ===
GET /eater [speiseplan] 200 135ms

=INFO REPORT==== 31-Aug-2012::14:09:27 ===
Loading routes from "/Users/ulfangermann/projects/erlang/speiseplan/priv/speiseplan.routes" ....

=INFO REPORT==== 31-Aug-2012::14:09:28 ===
POST /eater/create [speiseplan] 302 143ms

=INFO REPORT==== 31-Aug-2012::14:09:28 ===
Loading routes from "/Users/ulfangermann/projects/erlang/speiseplan/priv/speiseplan.routes" ....

=INFO REPORT==== 31-Aug-2012::14:09:28 ===
GET /eater/index [speiseplan] 200 123ms

=INFO REPORT==== 31-Aug-2012::14:09:32 ===
Loading routes from "/Users/ulfangermann/projects/erlang/speiseplan/priv/speiseplan.routes" ....

=INFO REPORT==== 31-Aug-2012::14:09:32 ===
GET /booking [speiseplan] 200 124ms

=INFO REPORT==== 31-Aug-2012::14:09:36 ===
Loading routes from "/Users/ulfangermann/projects/erlang/speiseplan/priv/speiseplan.routes" ....

=INFO REPORT==== 31-Aug-2012::14:09:36 ===
GET /admin/index [speiseplan] 200 120ms

=INFO REPORT==== 31-Aug-2012::14:09:46 ===
Loading routes from "/Users/ulfangermann/projects/erlang/speiseplan/priv/speiseplan.routes" ....

=INFO REPORT==== 31-Aug-2012::14:09:46 ===
POST /admin/create [speiseplan] 302 127ms

=INFO REPORT==== 31-Aug-2012::14:09:46 ===
Loading routes from "/Users/ulfangermann/projects/erlang/speiseplan/priv/speiseplan.routes" ....

=INFO REPORT==== 31-Aug-2012::14:09:46 ===
GET /admin/index [speiseplan] 200 122ms

=INFO REPORT==== 31-Aug-2012::14:12:21 ===
Loading routes from "/Users/ulfangermann/projects/erlang/speiseplan/priv/speiseplan.routes" ....

=INFO REPORT==== 31-Aug-2012::14:12:21 ===
GET /admin/index [speiseplan] 200 121ms

=INFO REPORT==== 31-Aug-2012::14:13:47 ===
Loading routes from "/Users/ulfangermann/projects/erlang/speiseplan/priv/speiseplan.routes" ....

=INFO REPORT==== 31-Aug-2012::14:13:47 ===
GET /admin/index [speiseplan] 200 150ms

=INFO REPORT==== 31-Aug-2012::14:13:52 ===
Loading routes from "/Users/ulfangermann/projects/erlang/speiseplan/priv/speiseplan.routes" ....

=ERROR REPORT==== 31-Aug-2012::14:13:52 ===
GET /admin/menu-3 [speiseplan] 404 119ms

=INFO REPORT==== 31-Aug-2012::14:14:14 ===
Loading routes from "/Users/ulfangermann/projects/erlang/speiseplan/priv/speiseplan.routes" ....

=INFO REPORT==== 31-Aug-2012::14:14:14 ===
GET /admin/index [speiseplan] 200 154ms

=INFO REPORT==== 31-Aug-2012::14:14:16 ===
Loading routes from "/Users/ulfangermann/projects/erlang/speiseplan/priv/speiseplan.routes" ....

=INFO REPORT==== 31-Aug-2012::14:14:16 ===
GET /admin/detail/menu-3 [speiseplan] 200 124ms

=INFO REPORT==== 31-Aug-2012::14:14:16 ===
Loading routes from "/Users/ulfangermann/projects/erlang/speiseplan/priv/speiseplan.routes" ....

=INFO REPORT==== 31-Aug-2012::14:14:16 ===
GET /admin/detail/favicon.ico [speiseplan] 200 126ms

=INFO REPORT==== 31-Aug-2012::14:18:29 ===
Loading routes from "/Users/ulfangermann/projects/erlang/speiseplan/priv/speiseplan.routes" ....

=INFO REPORT==== 31-Aug-2012::14:18:30 ===
GET /admin/detail/menu-3 [speiseplan] 200 143ms

=INFO REPORT==== 31-Aug-2012::14:18:35 ===
Loading routes from "/Users/ulfangermann/projects/erlang/speiseplan/priv/speiseplan.routes" ....

=INFO REPORT==== 31-Aug-2012::14:18:35 ===
GET /admin/detail/menu-3 [speiseplan] 200 122ms

=INFO REPORT==== 31-Aug-2012::14:18:49 ===
Loading routes from "/Users/ulfangermann/projects/erlang/speiseplan/priv/speiseplan.routes" ....

=INFO REPORT==== 31-Aug-2012::14:18:49 ===
GET /admin/detail/menu-3 [speiseplan] 200 144ms

=INFO REPORT==== 31-Aug-2012::14:20:22 ===
Loading routes from "/Users/ulfangermann/projects/erlang/speiseplan/priv/speiseplan.routes" ....

=INFO REPORT==== 31-Aug-2012::14:20:22 ===
GET /admin/detail/menu-3 [speiseplan] 200 137ms

=INFO REPORT==== 31-Aug-2012::14:22:36 ===
Loading routes from "/Users/ulfangermann/projects/erlang/speiseplan/priv/speiseplan.routes" ....

=INFO REPORT==== 31-Aug-2012::14:22:36 ===
GET /admin/detail/menu-3 [speiseplan] 200 141ms

=INFO REPORT==== 31-Aug-2012::14:22:59 ===
Loading routes from "/Users/ulfangermann/projects/erlang/speiseplan/priv/speiseplan.routes" ....

=INFO REPORT==== 31-Aug-2012::14:22:59 ===
GET /admin/detail/menu-3 [speiseplan] 200 140ms

=INFO REPORT==== 31-Aug-2012::14:23:41 ===
Loading routes from "/Users/ulfangermann/projects/erlang/speiseplan/priv/speiseplan.routes" ....

=INFO REPORT==== 31-Aug-2012::14:23:41 ===
GET /admin/detail/menu-3 [speiseplan] 200 139ms

=INFO REPORT==== 31-Aug-2012::14:24:21 ===
Loading routes from "/Users/ulfangermann/projects/erlang/speiseplan/priv/speiseplan.routes" ....

=INFO REPORT==== 31-Aug-2012::14:24:21 ===
GET /admin/detail/menu-3 [speiseplan] 200 142ms

=INFO REPORT==== 31-Aug-2012::14:25:44 ===
Loading routes from "/Users/ulfangermann/projects/erlang/speiseplan/priv/speiseplan.routes" ....

=INFO REPORT==== 31-Aug-2012::14:25:45 ===
GET /admin/detail/menu-3 [speiseplan] 200 136ms

=INFO REPORT==== 31-Aug-2012::14:28:44 ===
Loading routes from "/Users/ulfangermann/projects/erlang/speiseplan/priv/speiseplan.routes" ....

=INFO REPORT==== 31-Aug-2012::14:28:44 ===
GET /admin/detail/menu-3 [speiseplan] 200 180ms

=INFO REPORT==== 31-Aug-2012::14:29:41 ===
Loading routes from "/Users/ulfangermann/projects/erlang/speiseplan/priv/speiseplan.routes" ....

=INFO REPORT==== 31-Aug-2012::14:29:41 ===
GET /admin/detail/menu-3 [speiseplan] 200 143ms

=INFO REPORT==== 31-Aug-2012::14:36:27 ===
Loading routes from "/Users/ulfangermann/projects/erlang/speiseplan/priv/speiseplan.routes" ....

=INFO REPORT==== 31-Aug-2012::14:36:27 ===
GET /admin/detail/menu-3 [speiseplan] 200 122ms

=INFO REPORT==== 31-Aug-2012::14:37:22 ===
Loading routes from "/Users/ulfangermann/projects/erlang/speiseplan/priv/speiseplan.routes" ....

=INFO REPORT==== 31-Aug-2012::14:37:22 ===
GET /booking [speiseplan] 200 128ms

=INFO REPORT==== 31-Aug-2012::14:37:27 ===
Loading routes from "/Users/ulfangermann/projects/erlang/speiseplan/priv/speiseplan.routes" ....

=INFO REPORT==== 31-Aug-2012::14:37:27 ===
POST /booking/book [speiseplan] 302 120ms

=INFO REPORT==== 31-Aug-2012::14:37:27 ===
Loading routes from "/Users/ulfangermann/projects/erlang/speiseplan/priv/speiseplan.routes" ....

=INFO REPORT==== 31-Aug-2012::14:37:27 ===
GET /booking/index [speiseplan] 200 119ms

=INFO REPORT==== 31-Aug-2012::14:37:31 ===
Loading routes from "/Users/ulfangermann/projects/erlang/speiseplan/priv/speiseplan.routes" ....

=INFO REPORT==== 31-Aug-2012::14:37:31 ===
GET /admin/index [speiseplan] 200 120ms

=INFO REPORT==== 31-Aug-2012::14:37:34 ===
Loading routes from "/Users/ulfangermann/projects/erlang/speiseplan/priv/speiseplan.routes" ....

=INFO REPORT==== 31-Aug-2012::14:37:34 ===
GET /admin/detail/menu-3 [speiseplan] 200 148ms

=INFO REPORT==== 31-Aug-2012::14:40:37 ===
GET /doc/ [speiseplan] 200 86ms

=INFO REPORT==== 31-Aug-2012::14:40:39 ===
GET /doc/menu [speiseplan] 200 291ms

=ERROR REPORT==== 31-Aug-2012::14:40:39 ===
GET /doc/stylesheet.css [speiseplan] 404 0ms

=ERROR REPORT==== 31-Aug-2012::14:40:39 ===
GET /doc/erlang.png [speiseplan] 404 0ms

=INFO REPORT==== 31-Aug-2012::14:41:26 ===
Loading routes from "/Users/ulfangermann/projects/erlang/speiseplan/priv/speiseplan.routes" ....

=INFO REPORT==== 31-Aug-2012::14:41:26 ===
GET /admin/detail/menu-3 [speiseplan] 200 146ms

=INFO REPORT==== 31-Aug-2012::14:41:40 ===
Loading routes from "/Users/ulfangermann/projects/erlang/speiseplan/priv/speiseplan.routes" ....

=INFO REPORT==== 31-Aug-2012::14:41:40 ===
GET /admin/detail/menu-3 [speiseplan] 200 146ms

=INFO REPORT==== 31-Aug-2012::14:41:55 ===
GET /doc/booking [speiseplan] 200 69ms

=ERROR REPORT==== 31-Aug-2012::14:41:55 ===
GET /doc/stylesheet.css [speiseplan] 404 0ms

=ERROR REPORT==== 31-Aug-2012::14:41:55 ===
GET /doc/erlang.png [speiseplan] 404 0ms

=INFO REPORT==== 31-Aug-2012::14:42:07 ===
Loading routes from "/Users/ulfangermann/projects/erlang/speiseplan/priv/speiseplan.routes" ....

=INFO REPORT==== 31-Aug-2012::14:42:07 ===
GET /admin/detail/menu-3 [speiseplan] 200 152ms

=INFO REPORT==== 31-Aug-2012::14:42:17 ===
Loading routes from "/Users/ulfangermann/projects/erlang/speiseplan/priv/speiseplan.routes" ....

=INFO REPORT==== 31-Aug-2012::14:42:17 ===
GET /admin/detail/menu-3 [speiseplan] 200 144ms

=INFO REPORT==== 31-Aug-2012::14:44:17 ===
Loading routes from "/Users/ulfangermann/projects/erlang/speiseplan/priv/speiseplan.routes" ....

=INFO REPORT==== 31-Aug-2012::14:44:17 ===
GET /admin/detail/menu-3 [speiseplan] 200 144ms

=INFO REPORT==== 31-Aug-2012::14:45:18 ===
Loading routes from "/Users/ulfangermann/projects/erlang/speiseplan/priv/speiseplan.routes" ....

=INFO REPORT==== 31-Aug-2012::14:45:18 ===
GET /admin/detail/menu-3 [speiseplan] 200 145ms

=INFO REPORT==== 31-Aug-2012::14:46:09 ===
Loading routes from "/Users/ulfangermann/projects/erlang/speiseplan/priv/speiseplan.routes" ....

=INFO REPORT==== 31-Aug-2012::14:46:09 ===
GET /admin/detail/menu-3 [speiseplan] 200 147ms

=INFO REPORT==== 31-Aug-2012::14:46:22 ===
Loading routes from "/Users/ulfangermann/projects/erlang/speiseplan/priv/speiseplan.routes" ....

=INFO REPORT==== 31-Aug-2012::14:46:23 ===
GET /admin/detail/menu-3 [speiseplan] 200 147ms

=INFO REPORT==== 31-Aug-2012::14:46:57 ===
Loading routes from "/Users/ulfangermann/projects/erlang/speiseplan/priv/speiseplan.routes" ....

=INFO REPORT==== 31-Aug-2012::14:46:57 ===
GET /eater/ [speiseplan] 200 121ms

=INFO REPORT==== 31-Aug-2012::14:46:59 ===
Loading routes from "/Users/ulfangermann/projects/erlang/speiseplan/priv/speiseplan.routes" ....

=INFO REPORT==== 31-Aug-2012::14:47:00 ===
POST /eater/edit/eater-1 [speiseplan] 200 124ms

=INFO REPORT==== 31-Aug-2012::14:47:05 ===
Loading routes from "/Users/ulfangermann/projects/erlang/speiseplan/priv/speiseplan.routes" ....

=INFO REPORT==== 31-Aug-2012::14:47:06 ===
POST /eater/update/eater-1 [speiseplan] 302 121ms

=INFO REPORT==== 31-Aug-2012::14:47:06 ===
Loading routes from "/Users/ulfangermann/projects/erlang/speiseplan/priv/speiseplan.routes" ....

=INFO REPORT==== 31-Aug-2012::14:47:06 ===
GET /eater/index [speiseplan] 200 122ms

=INFO REPORT==== 31-Aug-2012::14:47:11 ===
Loading routes from "/Users/ulfangermann/projects/erlang/speiseplan/priv/speiseplan.routes" ....

=INFO REPORT==== 31-Aug-2012::14:47:11 ===
GET /booking [speiseplan] 200 124ms

=INFO REPORT==== 31-Aug-2012::14:47:18 ===
Loading routes from "/Users/ulfangermann/projects/erlang/speiseplan/priv/speiseplan.routes" ....

=INFO REPORT==== 31-Aug-2012::14:47:18 ===
GET /admin/index [speiseplan] 200 123ms

=INFO REPORT==== 31-Aug-2012::14:47:20 ===
Loading routes from "/Users/ulfangermann/projects/erlang/speiseplan/priv/speiseplan.routes" ....

=INFO REPORT==== 31-Aug-2012::14:47:20 ===
GET /admin/detail/menu-3 [speiseplan] 200 129ms

=INFO REPORT==== 31-Aug-2012::14:48:14 ===
Loading routes from "/Users/ulfangermann/projects/erlang/speiseplan/priv/speiseplan.routes" ....

=INFO REPORT==== 31-Aug-2012::14:48:14 ===
GET /admin/ [speiseplan] 200 123ms

=INFO REPORT==== 31-Aug-2012::14:49:44 ===
Loading routes from "/Users/ulfangermann/projects/erlang/speiseplan/priv/speiseplan.routes" ....

=INFO REPORT==== 31-Aug-2012::14:49:44 ===
GET /admin/ [speiseplan] 200 155ms

=INFO REPORT==== 31-Aug-2012::14:50:57 ===
Loading routes from "/Users/ulfangermann/projects/erlang/speiseplan/priv/speiseplan.routes" ....

=INFO REPORT==== 31-Aug-2012::14:50:57 ===
GET /admin/ [speiseplan] 200 153ms

=INFO REPORT==== 31-Aug-2012::14:51:21 ===
Loading routes from "/Users/ulfangermann/projects/erlang/speiseplan/priv/speiseplan.routes" ....

=INFO REPORT==== 31-Aug-2012::14:51:21 ===
GET /admin/ [speiseplan] 200 160ms

=INFO REPORT==== 31-Aug-2012::14:51:36 ===
Loading routes from "/Users/ulfangermann/projects/erlang/speiseplan/priv/speiseplan.routes" ....

=INFO REPORT==== 31-Aug-2012::14:51:36 ===
GET /admin/ [speiseplan] 200 157ms

=INFO REPORT==== 31-Aug-2012::14:51:56 ===
Loading routes from "/Users/ulfangermann/projects/erlang/speiseplan/priv/speiseplan.routes" ....

=INFO REPORT==== 31-Aug-2012::14:51:57 ===
POST /admin/create [speiseplan] 302 121ms

=INFO REPORT==== 31-Aug-2012::14:51:57 ===
Loading routes from "/Users/ulfangermann/projects/erlang/speiseplan/priv/speiseplan.routes" ....

=INFO REPORT==== 31-Aug-2012::14:51:57 ===
GET /admin/index [speiseplan] 200 122ms

=INFO REPORT==== 31-Aug-2012::14:52:10 ===
Loading routes from "/Users/ulfangermann/projects/erlang/speiseplan/priv/speiseplan.routes" ....

=INFO REPORT==== 31-Aug-2012::14:52:10 ===
POST /admin/create [speiseplan] 302 122ms

=INFO REPORT==== 31-Aug-2012::14:52:10 ===
Loading routes from "/Users/ulfangermann/projects/erlang/speiseplan/priv/speiseplan.routes" ....

=INFO REPORT==== 31-Aug-2012::14:52:10 ===
GET /admin/index [speiseplan] 200 123ms

=INFO REPORT==== 31-Aug-2012::14:52:16 ===
Loading routes from "/Users/ulfangermann/projects/erlang/speiseplan/priv/speiseplan.routes" ....

=INFO REPORT==== 31-Aug-2012::14:52:16 ===
POST /admin/delete/menu-7 [speiseplan] 302 118ms

=INFO REPORT==== 31-Aug-2012::14:52:16 ===
Loading routes from "/Users/ulfangermann/projects/erlang/speiseplan/priv/speiseplan.routes" ....

=INFO REPORT==== 31-Aug-2012::14:52:16 ===
GET /admin/index [speiseplan] 200 121ms

=INFO REPORT==== 31-Aug-2012::14:52:18 ===
Loading routes from "/Users/ulfangermann/projects/erlang/speiseplan/priv/speiseplan.routes" ....

=INFO REPORT==== 31-Aug-2012::14:52:18 ===
GET /admin/index [speiseplan] 200 131ms

=INFO REPORT==== 31-Aug-2012::14:53:33 ===
Loading routes from "/Users/ulfangermann/projects/erlang/speiseplan/priv/speiseplan.routes" ....

=INFO REPORT==== 31-Aug-2012::14:53:33 ===
GET /admin/detail/menu-9 [speiseplan] 200 126ms

=INFO REPORT==== 31-Aug-2012::14:54:06 ===
Loading routes from "/Users/ulfangermann/projects/erlang/speiseplan/priv/speiseplan.routes" ....

=INFO REPORT==== 31-Aug-2012::14:54:06 ===
GET /admin/index [speiseplan] 200 157ms

=INFO REPORT==== 31-Aug-2012::14:54:45 ===
Loading routes from "/Users/ulfangermann/projects/erlang/speiseplan/priv/speiseplan.routes" ....

=INFO REPORT==== 31-Aug-2012::14:54:45 ===
GET /admin/index [speiseplan] 200 156ms

=INFO REPORT==== 31-Aug-2012::14:54:49 ===
Loading routes from "/Users/ulfangermann/projects/erlang/speiseplan/priv/speiseplan.routes" ....

=INFO REPORT==== 31-Aug-2012::14:54:49 ===
GET /admin/detail/menu-3 [speiseplan] 200 127ms

=INFO REPORT==== 31-Aug-2012::14:54:53 ===
Loading routes from "/Users/ulfangermann/projects/erlang/speiseplan/priv/speiseplan.routes" ....

=INFO REPORT==== 31-Aug-2012::14:54:53 ===
GET /eater/login [speiseplan] 200 126ms

=INFO REPORT==== 31-Aug-2012::14:54:57 ===
Loading routes from "/Users/ulfangermann/projects/erlang/speiseplan/priv/speiseplan.routes" ....

=INFO REPORT==== 31-Aug-2012::14:54:57 ===
POST /eater/login [speiseplan] 302 127ms

=INFO REPORT==== 31-Aug-2012::14:54:57 ===
Loading routes from "/Users/ulfangermann/projects/erlang/speiseplan/priv/speiseplan.routes" ....

=INFO REPORT==== 31-Aug-2012::14:54:57 ===
GET /booking/index [speiseplan] 200 124ms

=INFO REPORT==== 31-Aug-2012::14:55:01 ===
Loading routes from "/Users/ulfangermann/projects/erlang/speiseplan/priv/speiseplan.routes" ....

=INFO REPORT==== 31-Aug-2012::14:55:01 ===
POST /booking/book [speiseplan] 302 122ms

=INFO REPORT==== 31-Aug-2012::14:55:01 ===
Loading routes from "/Users/ulfangermann/projects/erlang/speiseplan/priv/speiseplan.routes" ....

=INFO REPORT==== 31-Aug-2012::14:55:01 ===
GET /booking/index [speiseplan] 200 125ms

=INFO REPORT==== 31-Aug-2012::14:55:06 ===
Loading routes from "/Users/ulfangermann/projects/erlang/speiseplan/priv/speiseplan.routes" ....

=INFO REPORT==== 31-Aug-2012::14:55:06 ===
POST /booking/delete/booking-4 [speiseplan] 302 120ms

=INFO REPORT==== 31-Aug-2012::14:55:06 ===
Loading routes from "/Users/ulfangermann/projects/erlang/speiseplan/priv/speiseplan.routes" ....

=INFO REPORT==== 31-Aug-2012::14:55:06 ===
GET /booking/index [speiseplan] 200 120ms

=INFO REPORT==== 31-Aug-2012::14:55:10 ===
Loading routes from "/Users/ulfangermann/projects/erlang/speiseplan/priv/speiseplan.routes" ....

=INFO REPORT==== 31-Aug-2012::14:55:10 ===
GET /booking/index [speiseplan] 200 126ms

=INFO REPORT==== 31-Aug-2012::14:55:27 ===
Loading routes from "/Users/ulfangermann/projects/erlang/speiseplan/priv/speiseplan.routes" ....

=INFO REPORT==== 31-Aug-2012::14:55:27 ===
POST /booking/delete/booking-10 [speiseplan] 302 118ms

=INFO REPORT==== 31-Aug-2012::14:55:27 ===
Loading routes from "/Users/ulfangermann/projects/erlang/speiseplan/priv/speiseplan.routes" ....

=INFO REPORT==== 31-Aug-2012::14:55:27 ===
GET /booking/index [speiseplan] 200 121ms

=INFO REPORT==== 31-Aug-2012::14:55:30 ===
Loading routes from "/Users/ulfangermann/projects/erlang/speiseplan/priv/speiseplan.routes" ....

=INFO REPORT==== 31-Aug-2012::14:55:30 ===
POST /booking/book [speiseplan] 302 119ms

=INFO REPORT==== 31-Aug-2012::14:55:30 ===
Loading routes from "/Users/ulfangermann/projects/erlang/speiseplan/priv/speiseplan.routes" ....

=INFO REPORT==== 31-Aug-2012::14:55:30 ===
GET /booking/index [speiseplan] 200 121ms

=INFO REPORT==== 31-Aug-2012::15:20:23 ===
GET /doc/ [speiseplan] 200 59ms

=INFO REPORT==== 31-Aug-2012::15:21:03 ===
GET /doc/ [speiseplan] 200 39ms

=INFO REPORT==== 31-Aug-2012::15:21:04 ===
GET /doc/ [speiseplan] 200 43ms

=INFO REPORT==== 31-Aug-2012::15:21:22 ===
GET /doc/ [speiseplan] 200 60ms

=INFO REPORT==== 31-Aug-2012::15:24:01 ===
Loading routes from "/Users/ulfangermann/projects/erlang/speiseplan/priv/speiseplan.routes" ....

=INFO REPORT==== 31-Aug-2012::15:24:02 ===
GET /admin/index [speiseplan] 200 125ms

=INFO REPORT==== 31-Aug-2012::15:24:05 ===
Loading routes from "/Users/ulfangermann/projects/erlang/speiseplan/priv/speiseplan.routes" ....

=INFO REPORT==== 31-Aug-2012::15:24:05 ===
GET /admin/detail/menu-3 [speiseplan] 200 151ms

=INFO REPORT==== 31-Aug-2012::15:24:18 ===
Loading routes from "/Users/ulfangermann/projects/erlang/speiseplan/priv/speiseplan.routes" ....

=INFO REPORT==== 31-Aug-2012::15:24:18 ===
GET /admin/detail/menu-3 [speiseplan] 200 149ms

=INFO REPORT==== 31-Aug-2012::17:07:31 ===
Loading routes from "/Users/ulfangermann/projects/erlang/speiseplan/priv/speiseplan.routes" ....

=INFO REPORT==== 31-Aug-2012::17:07:31 ===
GET /admin/ [speiseplan] 200 139ms

=INFO REPORT==== 31-Aug-2012::17:11:17 ===
Loading routes from "/Users/ulfangermann/projects/erlang/speiseplan/priv/speiseplan.routes" ....

=INFO REPORT==== 31-Aug-2012::17:11:18 ===
POST /admin/edit [speiseplan] 200 166ms

=INFO REPORT==== 31-Aug-2012::17:11:25 ===
Loading routes from "/Users/ulfangermann/projects/erlang/speiseplan/priv/speiseplan.routes" ....

=INFO REPORT==== 31-Aug-2012::17:11:25 ===
GET /admin/ [speiseplan] 200 134ms

=INFO REPORT==== 31-Aug-2012::17:11:41 ===
Loading routes from "/Users/ulfangermann/projects/erlang/speiseplan/priv/speiseplan.routes" ....

=INFO REPORT==== 31-Aug-2012::17:11:41 ===
POST /admin/edit [speiseplan] 200 130ms

=INFO REPORT==== 31-Aug-2012::17:12:36 ===
Loading routes from "/Users/ulfangermann/projects/erlang/speiseplan/priv/speiseplan.routes" ....

=INFO REPORT==== 31-Aug-2012::17:12:36 ===
GET /admin/ [speiseplan] 200 134ms

=INFO REPORT==== 31-Aug-2012::17:12:37 ===
Loading routes from "/Users/ulfangermann/projects/erlang/speiseplan/priv/speiseplan.routes" ....

=ERROR REPORT==== 31-Aug-2012::17:12:37 ===
{function_clause,
    [{speiseplan_admin_controller,edit,
         ['POST',
          ["menu-3"],
          {eater,"eater-1","aa","ce9ba51802f7f6daa5d81d1a58d4a911",
              "aadasdsa","adasdsad","true",3.0,"true"},
          {speiseplan_admin_controller,
              {simple_bridge_request_wrapper,mochiweb_request_bridge,
                  {mochiweb_request,#Port<0.16624>,'POST',
                      "/admin/edit/menu-3",
                      {1,1},
                      {11,
                       {"host",
                        {'Host',"localhost:8001"},
                        {"content-length",
                         {'Content-Length',"0"},
                         {"accept",
                          {'Accept',"*/*"},
                          nil,
                          {"accept-language",
                           {'Accept-Language',"en-us"},
                           {"accept-encoding",
                            {'Accept-Encoding',"gzip, deflate"},
                            nil,nil},
                           {"connection",
                            {'Connection',"keep-alive"},
                            nil,nil}}},
                         {"cookie",
                          {'Cookie',
                              "_boss_session=93d1a1e1765adea8a5b0fe84b6519de9e89199bf; session_id=3e0b0dce7a329e269e6ec49f345c7621; user_id=eater-1"},
                          nil,nil}},
                        {"user-agent",
                         {'User-Agent',
                             "Mozilla/5.0 (Macintosh; Intel Mac OS X 10_7_4) AppleWebKit/536.25 (KHTML, like Gecko) Version/6.0 Safari/536.25"},
                         {"origin",
                          {"Origin","http://localhost:8001"},
                          nil,
                          {"referer",
                           {'Referer',"http://localhost:8001/admin/"},
                           nil,nil}},
                         {"x-requested-with",
                          {"X-Requested-With","XMLHttpRequest"},
                          nil,nil}}}}},
                  false,[],[],none}}],
         []},
     {boss_web_controller,execute_action,5,
         [{file,"src/boss/boss_web_controller.erl"},{line,714}]},
     {boss_web_controller,process_request,5,
         [{file,"src/boss/boss_web_controller.erl"},{line,460}]},
     {timer,tc,3,[{file,"timer.erl"},{line,194}]},
     {boss_web_controller,handle_request,3,
         [{file,"src/boss/boss_web_controller.erl"},{line,388}]},
     {mochiweb_http,headers,5,[{file,"src/mochiweb_http.erl"},{line,90}]},
     {proc_lib,init_p_do_apply,3,[{file,"proc_lib.erl"},{line,227}]}]}

=ERROR REPORT==== 31-Aug-2012::17:12:37 ===
POST /admin/edit/menu-3 [speiseplan] 500 126ms

=INFO REPORT==== 31-Aug-2012::17:14:30 ===
Loading routes from "/Users/ulfangermann/projects/erlang/speiseplan/priv/speiseplan.routes" ....

=INFO REPORT==== 31-Aug-2012::17:14:30 ===
GET /admin/ [speiseplan] 200 129ms

=INFO REPORT==== 31-Aug-2012::17:14:31 ===
Loading routes from "/Users/ulfangermann/projects/erlang/speiseplan/priv/speiseplan.routes" ....

=ERROR REPORT==== 31-Aug-2012::17:14:31 ===
{function_clause,
    [{speiseplan_admin_controller,edit,
         ['POST',
          ["menu-3"],
          {eater,"eater-1","aa","ce9ba51802f7f6daa5d81d1a58d4a911",
              "aadasdsa","adasdsad","true",3.0,"true"},
          {speiseplan_admin_controller,
              {simple_bridge_request_wrapper,mochiweb_request_bridge,
                  {mochiweb_request,#Port<0.16796>,'POST',
                      "/admin/edit/menu-3",
                      {1,1},
                      {11,
                       {"host",
                        {'Host',"localhost:8001"},
                        {"content-length",
                         {'Content-Length',"0"},
                         {"accept",
                          {'Accept',"*/*"},
                          nil,
                          {"accept-language",
                           {'Accept-Language',"en-us"},
                           {"accept-encoding",
                            {'Accept-Encoding',"gzip, deflate"},
                            nil,nil},
                           {"connection",
                            {'Connection',"keep-alive"},
                            nil,nil}}},
                         {"cookie",
                          {'Cookie',
                              "_boss_session=93d1a1e1765adea8a5b0fe84b6519de9e89199bf; session_id=3e0b0dce7a329e269e6ec49f345c7621; user_id=eater-1"},
                          nil,nil}},
                        {"user-agent",
                         {'User-Agent',
                             "Mozilla/5.0 (Macintosh; Intel Mac OS X 10_7_4) AppleWebKit/536.25 (KHTML, like Gecko) Version/6.0 Safari/536.25"},
                         {"origin",
                          {"Origin","http://localhost:8001"},
                          nil,
                          {"referer",
                           {'Referer',"http://localhost:8001/admin/"},
                           nil,nil}},
                         {"x-requested-with",
                          {"X-Requested-With","XMLHttpRequest"},
                          nil,nil}}}}},
                  false,[],[],none}}],
         []},
     {boss_web_controller,execute_action,5,
         [{file,"src/boss/boss_web_controller.erl"},{line,714}]},
     {boss_web_controller,process_request,5,
         [{file,"src/boss/boss_web_controller.erl"},{line,460}]},
     {timer,tc,3,[{file,"timer.erl"},{line,194}]},
     {boss_web_controller,handle_request,3,
         [{file,"src/boss/boss_web_controller.erl"},{line,388}]},
     {mochiweb_http,headers,5,[{file,"src/mochiweb_http.erl"},{line,90}]},
     {proc_lib,init_p_do_apply,3,[{file,"proc_lib.erl"},{line,227}]}]}

=ERROR REPORT==== 31-Aug-2012::17:14:31 ===
POST /admin/edit/menu-3 [speiseplan] 500 133ms

=INFO REPORT==== 31-Aug-2012::17:14:53 ===
Loading routes from "/Users/ulfangermann/projects/erlang/speiseplan/priv/speiseplan.routes" ....

=INFO REPORT==== 31-Aug-2012::17:14:53 ===
GET /admin/ [speiseplan] 200 139ms

=INFO REPORT==== 31-Aug-2012::17:14:55 ===
Loading routes from "/Users/ulfangermann/projects/erlang/speiseplan/priv/speiseplan.routes" ....

=ERROR REPORT==== 31-Aug-2012::17:14:55 ===
{function_clause,
    [{speiseplan_admin_controller,edit,
         ['POST',
          ["menu-3"],
          {eater,"eater-1","aa","ce9ba51802f7f6daa5d81d1a58d4a911",
              "aadasdsa","adasdsad","true",3.0,"true"},
          {speiseplan_admin_controller,
              {simple_bridge_request_wrapper,mochiweb_request_bridge,
                  {mochiweb_request,#Port<0.16796>,'POST',
                      "/admin/edit/menu-3",
                      {1,1},
                      {11,
                       {"host",
                        {'Host',"localhost:8001"},
                        {"content-length",
                         {'Content-Length',"0"},
                         {"accept",
                          {'Accept',"*/*"},
                          nil,
                          {"accept-language",
                           {'Accept-Language',"en-us"},
                           {"accept-encoding",
                            {'Accept-Encoding',"gzip, deflate"},
                            nil,nil},
                           {"connection",
                            {'Connection',"keep-alive"},
                            nil,nil}}},
                         {"cookie",
                          {'Cookie',
                              "_boss_session=93d1a1e1765adea8a5b0fe84b6519de9e89199bf; session_id=3e0b0dce7a329e269e6ec49f345c7621; user_id=eater-1"},
                          nil,nil}},
                        {"user-agent",
                         {'User-Agent',
                             "Mozilla/5.0 (Macintosh; Intel Mac OS X 10_7_4) AppleWebKit/536.25 (KHTML, like Gecko) Version/6.0 Safari/536.25"},
                         {"origin",
                          {"Origin","http://localhost:8001"},
                          nil,
                          {"referer",
                           {'Referer',"http://localhost:8001/admin/"},
                           nil,nil}},
                         {"x-requested-with",
                          {"X-Requested-With","XMLHttpRequest"},
                          nil,nil}}}}},
                  false,[],[],none}}],
         []},
     {boss_web_controller,execute_action,5,
         [{file,"src/boss/boss_web_controller.erl"},{line,714}]},
     {boss_web_controller,process_request,5,
         [{file,"src/boss/boss_web_controller.erl"},{line,460}]},
     {timer,tc,3,[{file,"timer.erl"},{line,194}]},
     {boss_web_controller,handle_request,3,
         [{file,"src/boss/boss_web_controller.erl"},{line,388}]},
     {mochiweb_http,headers,5,[{file,"src/mochiweb_http.erl"},{line,90}]},
     {proc_lib,init_p_do_apply,3,[{file,"proc_lib.erl"},{line,227}]}]}

=ERROR REPORT==== 31-Aug-2012::17:14:55 ===
POST /admin/edit/menu-3 [speiseplan] 500 127ms

=INFO REPORT==== 31-Aug-2012::17:15:53 ===
Loading routes from "/Users/ulfangermann/projects/erlang/speiseplan/priv/speiseplan.routes" ....

=INFO REPORT==== 31-Aug-2012::17:15:53 ===
GET /admin/ [speiseplan] 200 131ms

=INFO REPORT==== 31-Aug-2012::17:15:55 ===
Loading routes from "/Users/ulfangermann/projects/erlang/speiseplan/priv/speiseplan.routes" ....

=INFO REPORT==== 31-Aug-2012::17:15:55 ===
POST /admin/edit/menu-3 [speiseplan] 200 135ms

=INFO REPORT==== 31-Aug-2012::17:16:10 ===
Loading routes from "/Users/ulfangermann/projects/erlang/speiseplan/priv/speiseplan.routes" ....

=INFO REPORT==== 31-Aug-2012::17:16:10 ===
GET /admin/ [speiseplan] 200 138ms

=INFO REPORT==== 31-Aug-2012::17:16:12 ===
Loading routes from "/Users/ulfangermann/projects/erlang/speiseplan/priv/speiseplan.routes" ....

=INFO REPORT==== 31-Aug-2012::17:16:12 ===
POST /admin/edit/menu-3 [speiseplan] 200 131ms

=INFO REPORT==== 31-Aug-2012::17:16:38 ===
Loading routes from "/Users/ulfangermann/projects/erlang/speiseplan/priv/speiseplan.routes" ....

=INFO REPORT==== 31-Aug-2012::17:16:38 ===
GET /admin/ [speiseplan] 200 136ms

=INFO REPORT==== 31-Aug-2012::17:16:40 ===
Loading routes from "/Users/ulfangermann/projects/erlang/speiseplan/priv/speiseplan.routes" ....

=ERROR REPORT==== 31-Aug-2012::17:16:40 ===
** Generic server <0.125.0> terminating 
** Last message in was {unroute,"admin",undefined,
                           [{menu,{menu,"menu-3","2012-08-01","dish-2","1"}},
                            {menus,
                                [{menu,"menu-3","2012-08-01","dish-2","1"},
                                 {menu,"menu-9","2012-08-23","dish-8","1"}]}]}
** When Server state == {state,speiseplan,
                               ["speiseplan_admin_controller",
                                "speiseplan_booking_controller",
                                "speiseplan_dish_controller",
                                "speiseplan_eater_controller",
                                "speiseplan_registration_controller"],
                               28695,32792}
** Reason for termination == 
** {badarg,
       [{mochiweb_util,quote_plus,2,
            [{file,"src/mochiweb_util.erl"},{line,184}]},
        {mochiweb_util,'-urlencode/1-fun-0-',2,
            [{file,"src/mochiweb_util.erl"},{line,192}]},
        {lists,foldr,3,[{file,"lists.erl"},{line,1210}]},
        {mochiweb_util,urlencode,1,
            [{file,"src/mochiweb_util.erl"},{line,190}]},
        {boss_router_controller,handle_call,3,
            [{file,"src/boss/boss_router_controller.erl"},{line,104}]},
        {gen_server,handle_msg,5,[{file,"gen_server.erl"},{line,578}]},
        {proc_lib,init_p_do_apply,3,[{file,"proc_lib.erl"},{line,227}]}]}

=INFO REPORT==== 31-Aug-2012::17:16:40 ===
Loading routes from "/Users/ulfangermann/projects/erlang/speiseplan/priv/speiseplan.routes" ....

=INFO REPORT==== 31-Aug-2012::17:16:40 ===
Loading routes from "/Users/ulfangermann/projects/erlang/speiseplan/priv/speiseplan.routes" ....

=ERROR REPORT==== 31-Aug-2012::17:16:40 ===
** Generic server <0.1807.0> terminating 
** Last message in was {unroute,"admin",undefined,
                           [{menu,{menu,"menu-3","2012-08-01","dish-2","1"}},
                            {menus,
                                [{menu,"menu-3","2012-08-01","dish-2","1"},
                                 {menu,"menu-9","2012-08-23","dish-8","1"}]}]}
** When Server state == {state,speiseplan,
                               ["speiseplan_admin_controller",
                                "speiseplan_booking_controller",
                                "speiseplan_dish_controller",
                                "speiseplan_eater_controller",
                                "speiseplan_registration_controller"],
                               196632,200727}
** Reason for termination == 
** {badarg,
       [{mochiweb_util,quote_plus,2,
            [{file,"src/mochiweb_util.erl"},{line,184}]},
        {mochiweb_util,'-urlencode/1-fun-0-',2,
            [{file,"src/mochiweb_util.erl"},{line,192}]},
        {lists,foldr,3,[{file,"lists.erl"},{line,1210}]},
        {mochiweb_util,urlencode,1,
            [{file,"src/mochiweb_util.erl"},{line,190}]},
        {boss_router_controller,handle_call,3,
            [{file,"src/boss/boss_router_controller.erl"},{line,104}]},
        {gen_server,handle_msg,5,[{file,"gen_server.erl"},{line,578}]},
        {proc_lib,init_p_do_apply,3,[{file,"proc_lib.erl"},{line,227}]}]}

=INFO REPORT==== 31-Aug-2012::17:16:40 ===
Loading routes from "/Users/ulfangermann/projects/erlang/speiseplan/priv/speiseplan.routes" ....

=INFO REPORT==== 31-Aug-2012::17:16:40 ===
Loading routes from "/Users/ulfangermann/projects/erlang/speiseplan/priv/speiseplan.routes" ....

=ERROR REPORT==== 31-Aug-2012::17:16:41 ===
** Generic server <0.1824.0> terminating 
** Last message in was {unroute,"admin",undefined,
                           [{menu,{menu,"menu-3","2012-08-01","dish-2","1"}},
                            {menus,
                                [{menu,"menu-3","2012-08-01","dish-2","1"},
                                 {menu,"menu-9","2012-08-23","dish-8","1"}]}]}
** When Server state == {state,speiseplan,
                               ["speiseplan_admin_controller",
                                "speiseplan_booking_controller",
                                "speiseplan_dish_controller",
                                "speiseplan_eater_controller",
                                "speiseplan_registration_controller"],
                               204823,208920}
** Reason for termination == 
** {badarg,
       [{mochiweb_util,quote_plus,2,
            [{file,"src/mochiweb_util.erl"},{line,184}]},
        {mochiweb_util,'-urlencode/1-fun-0-',2,
            [{file,"src/mochiweb_util.erl"},{line,192}]},
        {lists,foldr,3,[{file,"lists.erl"},{line,1210}]},
        {mochiweb_util,urlencode,1,
            [{file,"src/mochiweb_util.erl"},{line,190}]},
        {boss_router_controller,handle_call,3,
            [{file,"src/boss/boss_router_controller.erl"},{line,104}]},
        {gen_server,handle_msg,5,[{file,"gen_server.erl"},{line,578}]},
        {proc_lib,init_p_do_apply,3,[{file,"proc_lib.erl"},{line,227}]}]}

=INFO REPORT==== 31-Aug-2012::17:16:41 ===
Loading routes from "/Users/ulfangermann/projects/erlang/speiseplan/priv/speiseplan.routes" ....

=INFO REPORT==== 31-Aug-2012::17:16:41 ===
Loading routes from "/Users/ulfangermann/projects/erlang/speiseplan/priv/speiseplan.routes" ....

=ERROR REPORT==== 31-Aug-2012::17:16:41 ===
** Generic server <0.1841.0> terminating 
** Last message in was {unroute,"admin",undefined,
                           [{menu,{menu,"menu-3","2012-08-01","dish-2","1"}},
                            {menus,
                                [{menu,"menu-3","2012-08-01","dish-2","1"},
                                 {menu,"menu-9","2012-08-23","dish-8","1"}]}]}
** When Server state == {state,speiseplan,
                               ["speiseplan_admin_controller",
                                "speiseplan_booking_controller",
                                "speiseplan_dish_controller",
                                "speiseplan_eater_controller",
                                "speiseplan_registration_controller"],
                               213016,217111}
** Reason for termination == 
** {badarg,
       [{mochiweb_util,quote_plus,2,
            [{file,"src/mochiweb_util.erl"},{line,184}]},
        {mochiweb_util,'-urlencode/1-fun-0-',2,
            [{file,"src/mochiweb_util.erl"},{line,192}]},
        {lists,foldr,3,[{file,"lists.erl"},{line,1210}]},
        {mochiweb_util,urlencode,1,
            [{file,"src/mochiweb_util.erl"},{line,190}]},
        {boss_router_controller,handle_call,3,
            [{file,"src/boss/boss_router_controller.erl"},{line,104}]},
        {gen_server,handle_msg,5,[{file,"gen_server.erl"},{line,578}]},
        {proc_lib,init_p_do_apply,3,[{file,"proc_lib.erl"},{line,227}]}]}

=INFO REPORT==== 31-Aug-2012::17:16:41 ===
Loading routes from "/Users/ulfangermann/projects/erlang/speiseplan/priv/speiseplan.routes" ....

=INFO REPORT==== 31-Aug-2012::17:16:41 ===
Loading routes from "/Users/ulfangermann/projects/erlang/speiseplan/priv/speiseplan.routes" ....

=ERROR REPORT==== 31-Aug-2012::17:16:41 ===
** Generic server <0.1858.0> terminating 
** Last message in was {unroute,"admin",undefined,
                           [{menu,{menu,"menu-3","2012-08-01","dish-2","1"}},
                            {menus,
                                [{menu,"menu-3","2012-08-01","dish-2","1"},
                                 {menu,"menu-9","2012-08-23","dish-8","1"}]}]}
** When Server state == {state,speiseplan,
                               ["speiseplan_admin_controller",
                                "speiseplan_booking_controller",
                                "speiseplan_dish_controller",
                                "speiseplan_eater_controller",
                                "speiseplan_registration_controller"],
                               221207,225304}
** Reason for termination == 
** {badarg,
       [{mochiweb_util,quote_plus,2,
            [{file,"src/mochiweb_util.erl"},{line,184}]},
        {mochiweb_util,'-urlencode/1-fun-0-',2,
            [{file,"src/mochiweb_util.erl"},{line,192}]},
        {lists,foldr,3,[{file,"lists.erl"},{line,1210}]},
        {mochiweb_util,urlencode,1,
            [{file,"src/mochiweb_util.erl"},{line,190}]},
        {boss_router_controller,handle_call,3,
            [{file,"src/boss/boss_router_controller.erl"},{line,104}]},
        {gen_server,handle_msg,5,[{file,"gen_server.erl"},{line,578}]},
        {proc_lib,init_p_do_apply,3,[{file,"proc_lib.erl"},{line,227}]}]}

=INFO REPORT==== 31-Aug-2012::17:16:41 ===
Loading routes from "/Users/ulfangermann/projects/erlang/speiseplan/priv/speiseplan.routes" ....

=INFO REPORT==== 31-Aug-2012::17:16:41 ===
Loading routes from "/Users/ulfangermann/projects/erlang/speiseplan/priv/speiseplan.routes" ....

=ERROR REPORT==== 31-Aug-2012::17:16:41 ===
** Generic server <0.1875.0> terminating 
** Last message in was {unroute,"admin",undefined,
                           [{menu,{menu,"menu-3","2012-08-01","dish-2","1"}},
                            {menus,
                                [{menu,"menu-3","2012-08-01","dish-2","1"},
                                 {menu,"menu-9","2012-08-23","dish-8","1"}]}]}
** When Server state == {state,speiseplan,
                               ["speiseplan_admin_controller",
                                "speiseplan_booking_controller",
                                "speiseplan_dish_controller",
                                "speiseplan_eater_controller",
                                "speiseplan_registration_controller"],
                               229400,233495}
** Reason for termination == 
** {badarg,
       [{mochiweb_util,quote_plus,2,
            [{file,"src/mochiweb_util.erl"},{line,184}]},
        {mochiweb_util,'-urlencode/1-fun-0-',2,
            [{file,"src/mochiweb_util.erl"},{line,192}]},
        {lists,foldr,3,[{file,"lists.erl"},{line,1210}]},
        {mochiweb_util,urlencode,1,
            [{file,"src/mochiweb_util.erl"},{line,190}]},
        {boss_router_controller,handle_call,3,
            [{file,"src/boss/boss_router_controller.erl"},{line,104}]},
        {gen_server,handle_msg,5,[{file,"gen_server.erl"},{line,578}]},
        {proc_lib,init_p_do_apply,3,[{file,"proc_lib.erl"},{line,227}]}]}

=INFO REPORT==== 31-Aug-2012::17:16:41 ===
Loading routes from "/Users/ulfangermann/projects/erlang/speiseplan/priv/speiseplan.routes" ....

=INFO REPORT==== 31-Aug-2012::17:16:41 ===
Loading routes from "/Users/ulfangermann/projects/erlang/speiseplan/priv/speiseplan.routes" ....

=ERROR REPORT==== 31-Aug-2012::17:16:41 ===
** Generic server <0.1892.0> terminating 
** Last message in was {unroute,"admin",undefined,
                           [{menu,{menu,"menu-3","2012-08-01","dish-2","1"}},
                            {menus,
                                [{menu,"menu-3","2012-08-01","dish-2","1"},
                                 {menu,"menu-9","2012-08-23","dish-8","1"}]}]}
** When Server state == {state,speiseplan,
                               ["speiseplan_admin_controller",
                                "speiseplan_booking_controller",
                                "speiseplan_dish_controller",
                                "speiseplan_eater_controller",
                                "speiseplan_registration_controller"],
                               237591,241688}
** Reason for termination == 
** {badarg,
       [{mochiweb_util,quote_plus,2,
            [{file,"src/mochiweb_util.erl"},{line,184}]},
        {mochiweb_util,'-urlencode/1-fun-0-',2,
            [{file,"src/mochiweb_util.erl"},{line,192}]},
        {lists,foldr,3,[{file,"lists.erl"},{line,1210}]},
        {mochiweb_util,urlencode,1,
            [{file,"src/mochiweb_util.erl"},{line,190}]},
        {boss_router_controller,handle_call,3,
            [{file,"src/boss/boss_router_controller.erl"},{line,104}]},
        {gen_server,handle_msg,5,[{file,"gen_server.erl"},{line,578}]},
        {proc_lib,init_p_do_apply,3,[{file,"proc_lib.erl"},{line,227}]}]}

=INFO REPORT==== 31-Aug-2012::17:16:41 ===
Loading routes from "/Users/ulfangermann/projects/erlang/speiseplan/priv/speiseplan.routes" ....

=INFO REPORT==== 31-Aug-2012::17:17:02 ===
Loading routes from "/Users/ulfangermann/projects/erlang/speiseplan/priv/speiseplan.routes" ....

=INFO REPORT==== 31-Aug-2012::17:17:02 ===
GET /admin/ [speiseplan] 200 131ms

=INFO REPORT==== 31-Aug-2012::17:17:03 ===
Loading routes from "/Users/ulfangermann/projects/erlang/speiseplan/priv/speiseplan.routes" ....

=INFO REPORT==== 31-Aug-2012::17:17:03 ===
GET /admin/ [speiseplan] 200 143ms

=INFO REPORT==== 31-Aug-2012::17:17:05 ===
Loading routes from "/Users/ulfangermann/projects/erlang/speiseplan/priv/speiseplan.routes" ....

=INFO REPORT==== 31-Aug-2012::17:17:05 ===
GET /admin/index [speiseplan] 200 136ms

=INFO REPORT==== 31-Aug-2012::17:17:11 ===
Loading routes from "/Users/ulfangermann/projects/erlang/speiseplan/priv/speiseplan.routes" ....

=INFO REPORT==== 31-Aug-2012::17:17:11 ===
POST /admin/edit/menu-9 [speiseplan] 200 134ms

=INFO REPORT==== 31-Aug-2012::17:18:47 ===
Loading routes from "/Users/ulfangermann/projects/erlang/speiseplan/priv/speiseplan.routes" ....

=INFO REPORT==== 31-Aug-2012::17:18:47 ===
GET /admin/index [speiseplan] 200 138ms

=INFO REPORT==== 31-Aug-2012::17:18:58 ===
Loading routes from "/Users/ulfangermann/projects/erlang/speiseplan/priv/speiseplan.routes" ....

=INFO REPORT==== 31-Aug-2012::17:18:58 ===
POST /admin/edit/menu-9 [speiseplan] 200 157ms

=INFO REPORT==== 31-Aug-2012::17:19:36 ===
Loading routes from "/Users/ulfangermann/projects/erlang/speiseplan/priv/speiseplan.routes" ....

=INFO REPORT==== 31-Aug-2012::17:19:36 ===
GET /admin/index [speiseplan] 200 144ms

=INFO REPORT==== 31-Aug-2012::17:19:37 ===
Loading routes from "/Users/ulfangermann/projects/erlang/speiseplan/priv/speiseplan.routes" ....

=INFO REPORT==== 31-Aug-2012::17:19:38 ===
POST /admin/edit/menu-9 [speiseplan] 200 133ms

=INFO REPORT==== 31-Aug-2012::17:20:30 ===
Loading routes from "/Users/ulfangermann/projects/erlang/speiseplan/priv/speiseplan.routes" ....

=ERROR REPORT==== 31-Aug-2012::17:20:30 ===
Call to tuple fun {unbound_var,'Menu'}.

Tuple funs are deprecated and will be removed in R16. Use "fun M:F/A" instead, for example "fun unbound_var:'Menu'/0".

(This warning will only be shown the first time a tuple fun is called.)


=ERROR REPORT==== 31-Aug-2012::17:20:30 ===
{undef,[{unbound_var,'Menu',[],[]},
        {erlydtl_filters,format_number,1,
                         [{file,"src/erlydtl_filters.erl"},{line,335}]},
        {boss_html_error_template,'-render_internal/4-fun-0-',2,[]},
        {lists,mapfoldl,3,[{file,"lists.erl"},{line,1278}]},
        {erlydtl_runtime,forloop,3,
                         [{file,"src/erlydtl_runtime.erl"},{line,228}]},
        {boss_html_error_template,'-render_internal/4-fun-2-',2,[]},
        {lists,mapfoldl,3,[{file,"lists.erl"},{line,1278}]},
        {erlydtl_runtime,forloop,3,
                         [{file,"src/erlydtl_runtime.erl"},{line,228}]}]}

=ERROR REPORT==== 31-Aug-2012::17:20:30 ===
GET /admin/index [speiseplan] 500 63ms

=INFO REPORT==== 31-Aug-2012::17:25:02 ===
Loading routes from "/Users/ulfangermann/projects/erlang/speiseplan/priv/speiseplan.routes" ....

=INFO REPORT==== 31-Aug-2012::17:25:02 ===
GET /admin/index [speiseplan] 200 136ms

=INFO REPORT==== 31-Aug-2012::17:25:05 ===
Loading routes from "/Users/ulfangermann/projects/erlang/speiseplan/priv/speiseplan.routes" ....

=INFO REPORT==== 31-Aug-2012::17:25:05 ===
POST /admin/edit/menu-3 [speiseplan] 200 136ms

=INFO REPORT==== 31-Aug-2012::17:26:44 ===
Loading routes from "/Users/ulfangermann/projects/erlang/speiseplan/priv/speiseplan.routes" ....

=INFO REPORT==== 31-Aug-2012::17:26:45 ===
GET /admin/index [speiseplan] 200 137ms

=INFO REPORT==== 31-Aug-2012::17:26:46 ===
Loading routes from "/Users/ulfangermann/projects/erlang/speiseplan/priv/speiseplan.routes" ....

=INFO REPORT==== 31-Aug-2012::17:26:46 ===
POST /admin/edit/menu-9 [speiseplan] 302 130ms

=INFO REPORT==== 31-Aug-2012::17:26:46 ===
Loading routes from "/Users/ulfangermann/projects/erlang/speiseplan/priv/speiseplan.routes" ....

=INFO REPORT==== 31-Aug-2012::17:26:46 ===
POST /admin/edit/menu-9 [speiseplan] 302 128ms

=INFO REPORT==== 31-Aug-2012::17:26:46 ===
Loading routes from "/Users/ulfangermann/projects/erlang/speiseplan/priv/speiseplan.routes" ....

=INFO REPORT==== 31-Aug-2012::17:26:46 ===
POST /admin/edit/menu-9 [speiseplan] 302 130ms

=INFO REPORT==== 31-Aug-2012::17:26:46 ===
Loading routes from "/Users/ulfangermann/projects/erlang/speiseplan/priv/speiseplan.routes" ....

=INFO REPORT==== 31-Aug-2012::17:26:46 ===
POST /admin/edit/menu-9 [speiseplan] 302 129ms

=INFO REPORT==== 31-Aug-2012::17:26:46 ===
Loading routes from "/Users/ulfangermann/projects/erlang/speiseplan/priv/speiseplan.routes" ....

=INFO REPORT==== 31-Aug-2012::17:26:46 ===
POST /admin/edit/menu-9 [speiseplan] 302 134ms

=INFO REPORT==== 31-Aug-2012::17:26:46 ===
Loading routes from "/Users/ulfangermann/projects/erlang/speiseplan/priv/speiseplan.routes" ....

=INFO REPORT==== 31-Aug-2012::17:26:47 ===
POST /admin/edit/menu-9 [speiseplan] 302 133ms

=INFO REPORT==== 31-Aug-2012::17:27:44 ===
Loading routes from "/Users/ulfangermann/projects/erlang/speiseplan/priv/speiseplan.routes" ....

=INFO REPORT==== 31-Aug-2012::17:27:44 ===
GET /eater/ [speiseplan] 200 136ms

=INFO REPORT==== 31-Aug-2012::17:27:47 ===
Loading routes from "/Users/ulfangermann/projects/erlang/speiseplan/priv/speiseplan.routes" ....

=INFO REPORT==== 31-Aug-2012::17:27:47 ===
POST /eater/edit/eater-1 [speiseplan] 200 139ms

=INFO REPORT==== 31-Aug-2012::17:27:52 ===
Loading routes from "/Users/ulfangermann/projects/erlang/speiseplan/priv/speiseplan.routes" ....

=INFO REPORT==== 31-Aug-2012::17:27:53 ===
POST /eater/edit/eater-1 [speiseplan] 200 137ms

=INFO REPORT==== 31-Aug-2012::17:30:24 ===
Loading routes from "/Users/ulfangermann/projects/erlang/speiseplan/priv/speiseplan.routes" ....

=INFO REPORT==== 31-Aug-2012::17:30:24 ===
GET /admin/ [speiseplan] 200 135ms

=INFO REPORT==== 31-Aug-2012::17:30:26 ===
Loading routes from "/Users/ulfangermann/projects/erlang/speiseplan/priv/speiseplan.routes" ....

=INFO REPORT==== 31-Aug-2012::17:30:26 ===
POST /admin/edit/menu-3 [speiseplan] 200 163ms

=INFO REPORT==== 31-Aug-2012::17:31:23 ===
Loading routes from "/Users/ulfangermann/projects/erlang/speiseplan/priv/speiseplan.routes" ....

=INFO REPORT==== 31-Aug-2012::17:31:23 ===
GET /admin/ [speiseplan] 200 142ms

=INFO REPORT==== 31-Aug-2012::17:31:25 ===
Loading routes from "/Users/ulfangermann/projects/erlang/speiseplan/priv/speiseplan.routes" ....

=INFO REPORT==== 31-Aug-2012::17:31:25 ===
POST /admin/edit/menu-9 [speiseplan] 200 136ms

=INFO REPORT==== 31-Aug-2012::17:31:33 ===
Loading routes from "/Users/ulfangermann/projects/erlang/speiseplan/priv/speiseplan.routes" ....

=INFO REPORT==== 31-Aug-2012::17:31:33 ===
GET /admin/ [speiseplan] 200 144ms

=INFO REPORT==== 31-Aug-2012::17:31:36 ===
Loading routes from "/Users/ulfangermann/projects/erlang/speiseplan/priv/speiseplan.routes" ....

=INFO REPORT==== 31-Aug-2012::17:31:36 ===
POST /admin/edit/menu-3 [speiseplan] 200 139ms

=INFO REPORT==== 31-Aug-2012::17:33:39 ===
Loading routes from "/Users/ulfangermann/projects/erlang/speiseplan/priv/speiseplan.routes" ....

=INFO REPORT==== 31-Aug-2012::17:33:39 ===
GET /admin/ [speiseplan] 200 177ms

=INFO REPORT==== 31-Aug-2012::17:33:41 ===
Loading routes from "/Users/ulfangermann/projects/erlang/speiseplan/priv/speiseplan.routes" ....

=INFO REPORT==== 31-Aug-2012::17:33:41 ===
POST /admin/edit/menu-3 [speiseplan] 200 138ms

=INFO REPORT==== 31-Aug-2012::17:33:45 ===
Loading routes from "/Users/ulfangermann/projects/erlang/speiseplan/priv/speiseplan.routes" ....

=INFO REPORT==== 31-Aug-2012::17:33:45 ===
POST /admin/delete/menu-3 [speiseplan] 302 134ms

=INFO REPORT==== 31-Aug-2012::17:33:45 ===
Loading routes from "/Users/ulfangermann/projects/erlang/speiseplan/priv/speiseplan.routes" ....

=INFO REPORT==== 31-Aug-2012::17:33:45 ===
GET /admin/index [speiseplan] 200 136ms

=INFO REPORT==== 31-Aug-2012::17:33:46 ===
Loading routes from "/Users/ulfangermann/projects/erlang/speiseplan/priv/speiseplan.routes" ....

=INFO REPORT==== 31-Aug-2012::17:33:46 ===
GET /admin/ [speiseplan] 200 142ms

=INFO REPORT==== 31-Aug-2012::17:33:48 ===
Loading routes from "/Users/ulfangermann/projects/erlang/speiseplan/priv/speiseplan.routes" ....

=INFO REPORT==== 31-Aug-2012::17:33:48 ===
POST /admin/edit/menu-9 [speiseplan] 200 135ms

=INFO REPORT==== 31-Aug-2012::17:33:49 ===
Loading routes from "/Users/ulfangermann/projects/erlang/speiseplan/priv/speiseplan.routes" ....

=INFO REPORT==== 31-Aug-2012::17:33:49 ===
GET /admin/ [speiseplan] 200 139ms
