
=INFO REPORT==== 29-Aug-2012::18:53:24 ===
Starting Boss in development mode....

=INFO REPORT==== 29-Aug-2012::18:53:24 ===
Starting master services on 'speiseplan@Ulf-Angermann-s-MacBook-Pro'

=INFO REPORT==== 29-Aug-2012::18:53:24 ===
SSL:[]

=INFO REPORT==== 29-Aug-2012::18:53:24 ===
Loading routes from "/Users/ulfangermann/projects/erlang/speiseplan/priv/speiseplan.routes" ....

=INFO REPORT==== 29-Aug-2012::18:53:37 ===
Loading routes from "/Users/ulfangermann/projects/erlang/speiseplan/priv/speiseplan.routes" ....

=INFO REPORT==== 29-Aug-2012::18:53:37 ===
GET /eater/ [speiseplan] 200 88ms

=INFO REPORT==== 29-Aug-2012::18:53:45 ===
Loading routes from "/Users/ulfangermann/projects/erlang/speiseplan/priv/speiseplan.routes" ....

=ERROR REPORT==== 29-Aug-2012::18:53:45 ===
{badarg,
    [{speiseplan_eater_controller,create,3,
         [{file,
              "/Users/ulfangermann/projects/erlang/speiseplan/src/controller/speiseplan_eater_controller.erl"},
          {line,29}]},
     {boss_web_controller,execute_action,5,
         [{file,"src/boss/boss_web_controller.erl"},{line,711}]},
     {boss_web_controller,process_request,5,
         [{file,"src/boss/boss_web_controller.erl"},{line,460}]},
     {timer,tc,3,[{file,"timer.erl"},{line,194}]},
     {boss_web_controller,handle_request,3,
         [{file,"src/boss/boss_web_controller.erl"},{line,388}]},
     {mochiweb_http,headers,5,[{file,"src/mochiweb_http.erl"},{line,90}]},
     {proc_lib,init_p_do_apply,3,[{file,"proc_lib.erl"},{line,227}]}]}

=ERROR REPORT==== 29-Aug-2012::18:53:45 ===
POST /eater/create [speiseplan] 500 101ms

=INFO REPORT==== 29-Aug-2012::18:54:46 ===
Loading routes from "/Users/ulfangermann/projects/erlang/speiseplan/priv/speiseplan.routes" ....

=INFO REPORT==== 29-Aug-2012::18:54:46 ===
POST /eater/create [speiseplan] 200 68ms

=INFO REPORT==== 29-Aug-2012::18:57:59 ===
Loading routes from "/Users/ulfangermann/projects/erlang/speiseplan/priv/speiseplan.routes" ....

=INFO REPORT==== 29-Aug-2012::18:57:59 ===
POST /eater/create [speiseplan] 302 101ms

=INFO REPORT==== 29-Aug-2012::18:58:00 ===
Loading routes from "/Users/ulfangermann/projects/erlang/speiseplan/priv/speiseplan.routes" ....

=INFO REPORT==== 29-Aug-2012::18:58:00 ===
GET /eater/index [speiseplan] 200 107ms

=INFO REPORT==== 29-Aug-2012::18:58:06 ===
Loading routes from "/Users/ulfangermann/projects/erlang/speiseplan/priv/speiseplan.routes" ....

=INFO REPORT==== 29-Aug-2012::18:58:06 ===
GET /eater/login [speiseplan] 200 107ms

=INFO REPORT==== 29-Aug-2012::18:58:11 ===
Loading routes from "/Users/ulfangermann/projects/erlang/speiseplan/priv/speiseplan.routes" ....

=INFO REPORT==== 29-Aug-2012::18:58:11 ===
POST /eater/login [speiseplan] 200 106ms

=INFO REPORT==== 29-Aug-2012::18:58:18 ===
Loading routes from "/Users/ulfangermann/projects/erlang/speiseplan/priv/speiseplan.routes" ....

=INFO REPORT==== 29-Aug-2012::18:58:18 ===
GET /eater/ [speiseplan] 200 105ms

=INFO REPORT==== 29-Aug-2012::18:58:23 ===
Loading routes from "/Users/ulfangermann/projects/erlang/speiseplan/priv/speiseplan.routes" ....

=INFO REPORT==== 29-Aug-2012::18:58:23 ===
GET /eater/login [speiseplan] 200 109ms

=INFO REPORT==== 29-Aug-2012::18:58:27 ===
Loading routes from "/Users/ulfangermann/projects/erlang/speiseplan/priv/speiseplan.routes" ....

=INFO REPORT==== 29-Aug-2012::18:58:27 ===
POST /eater/login [speiseplan] 200 103ms

=INFO REPORT==== 29-Aug-2012::18:58:31 ===
Loading routes from "/Users/ulfangermann/projects/erlang/speiseplan/priv/speiseplan.routes" ....

=INFO REPORT==== 29-Aug-2012::18:58:31 ===
GET /eater/ [speiseplan] 200 103ms

=INFO REPORT==== 29-Aug-2012::18:58:40 ===
Loading routes from "/Users/ulfangermann/projects/erlang/speiseplan/priv/speiseplan.routes" ....

=INFO REPORT==== 29-Aug-2012::18:58:40 ===
POST /eater/create [speiseplan] 302 99ms

=INFO REPORT==== 29-Aug-2012::18:58:40 ===
Loading routes from "/Users/ulfangermann/projects/erlang/speiseplan/priv/speiseplan.routes" ....

=INFO REPORT==== 29-Aug-2012::18:58:40 ===
GET /eater/index [speiseplan] 200 100ms

=INFO REPORT==== 29-Aug-2012::18:58:42 ===
Loading routes from "/Users/ulfangermann/projects/erlang/speiseplan/priv/speiseplan.routes" ....

=INFO REPORT==== 29-Aug-2012::18:58:42 ===
GET /eater/login [speiseplan] 200 105ms

=INFO REPORT==== 29-Aug-2012::18:58:47 ===
Loading routes from "/Users/ulfangermann/projects/erlang/speiseplan/priv/speiseplan.routes" ....

=INFO REPORT==== 29-Aug-2012::18:58:47 ===
POST /eater/login [speiseplan] 200 105ms

=INFO REPORT==== 29-Aug-2012::18:59:30 ===
Loading routes from "/Users/ulfangermann/projects/erlang/speiseplan/priv/speiseplan.routes" ....

=INFO REPORT==== 29-Aug-2012::18:59:30 ===
POST /eater/login [speiseplan] 302 98ms

=INFO REPORT==== 29-Aug-2012::18:59:30 ===
Loading routes from "/Users/ulfangermann/projects/erlang/speiseplan/priv/speiseplan.routes" ....

=INFO REPORT==== 29-Aug-2012::18:59:31 ===
GET /booking/index [speiseplan] 200 105ms

=INFO REPORT==== 29-Aug-2012::18:59:39 ===
Loading routes from "/Users/ulfangermann/projects/erlang/speiseplan/priv/speiseplan.routes" ....

=INFO REPORT==== 29-Aug-2012::18:59:39 ===
GET /eater/login [speiseplan] 200 106ms

=INFO REPORT==== 29-Aug-2012::18:59:44 ===
Loading routes from "/Users/ulfangermann/projects/erlang/speiseplan/priv/speiseplan.routes" ....

=INFO REPORT==== 29-Aug-2012::18:59:44 ===
POST /eater/login [speiseplan] 302 105ms

=INFO REPORT==== 29-Aug-2012::18:59:44 ===
Loading routes from "/Users/ulfangermann/projects/erlang/speiseplan/priv/speiseplan.routes" ....

=INFO REPORT==== 29-Aug-2012::18:59:44 ===
GET /booking/index [speiseplan] 200 97ms

=INFO REPORT==== 29-Aug-2012::19:00:02 ===
Loading routes from "/Users/ulfangermann/projects/erlang/speiseplan/priv/speiseplan.routes" ....

=INFO REPORT==== 29-Aug-2012::19:00:02 ===
GET /admin/index [speiseplan] 200 103ms

=INFO REPORT==== 29-Aug-2012::19:00:10 ===
Loading routes from "/Users/ulfangermann/projects/erlang/speiseplan/priv/speiseplan.routes" ....

=INFO REPORT==== 29-Aug-2012::19:00:10 ===
POST /admin/create [speiseplan] 302 100ms

=INFO REPORT==== 29-Aug-2012::19:00:10 ===
Loading routes from "/Users/ulfangermann/projects/erlang/speiseplan/priv/speiseplan.routes" ....

=INFO REPORT==== 29-Aug-2012::19:00:10 ===
GET /admin/index [speiseplan] 200 97ms

=INFO REPORT==== 29-Aug-2012::19:00:16 ===
Loading routes from "/Users/ulfangermann/projects/erlang/speiseplan/priv/speiseplan.routes" ....

=INFO REPORT==== 29-Aug-2012::19:00:16 ===
GET /booking [speiseplan] 200 105ms

=INFO REPORT==== 29-Aug-2012::19:00:20 ===
Loading routes from "/Users/ulfangermann/projects/erlang/speiseplan/priv/speiseplan.routes" ....

=INFO REPORT==== 29-Aug-2012::19:00:20 ===
POST /booking/book [speiseplan] 302 99ms

=INFO REPORT==== 29-Aug-2012::19:00:20 ===
Loading routes from "/Users/ulfangermann/projects/erlang/speiseplan/priv/speiseplan.routes" ....

=ERROR REPORT==== 29-Aug-2012::19:00:20 ===
{function_clause,
    [{erlydtl_filters,join,
         [<<"ua">>,<<",  ">>],
         [{file,"src/erlydtl_filters.erl"},{line,359}]},
     {speiseplan_view_booking_index_html,'-render_internal/4-fun-2-',2,[]},
     {lists,mapfoldl,3,[{file,"lists.erl"},{line,1278}]},
     {erlydtl_runtime,forloop,3,[{file,"src/erlydtl_runtime.erl"},{line,228}]},
     {speiseplan_view_booking_index_html,'-render_internal/4-fun-4-',4,[]},
     {lists,mapfoldl,3,[{file,"lists.erl"},{line,1278}]},
     {erlydtl_runtime,forloop,3,[{file,"src/erlydtl_runtime.erl"},{line,228}]},
     {speiseplan_view_booking_index_html,render_internal,4,[]}]}

=ERROR REPORT==== 29-Aug-2012::19:00:20 ===
GET /booking/index [speiseplan] 500 102ms

=INFO REPORT==== 29-Aug-2012::19:00:22 ===
Loading routes from "/Users/ulfangermann/projects/erlang/speiseplan/priv/speiseplan.routes" ....

=ERROR REPORT==== 29-Aug-2012::19:00:22 ===
{function_clause,
    [{erlydtl_filters,join,
         [<<"ua">>,<<",  ">>],
         [{file,"src/erlydtl_filters.erl"},{line,359}]},
     {speiseplan_view_booking_index_html,'-render_internal/4-fun-2-',2,[]},
     {lists,mapfoldl,3,[{file,"lists.erl"},{line,1278}]},
     {erlydtl_runtime,forloop,3,[{file,"src/erlydtl_runtime.erl"},{line,228}]},
     {speiseplan_view_booking_index_html,'-render_internal/4-fun-4-',4,[]},
     {lists,mapfoldl,3,[{file,"lists.erl"},{line,1278}]},
     {erlydtl_runtime,forloop,3,[{file,"src/erlydtl_runtime.erl"},{line,228}]},
     {speiseplan_view_booking_index_html,render_internal,4,[]}]}

=ERROR REPORT==== 29-Aug-2012::19:00:22 ===
GET /booking [speiseplan] 500 110ms

=INFO REPORT==== 29-Aug-2012::19:00:37 ===
Loading routes from "/Users/ulfangermann/projects/erlang/speiseplan/priv/speiseplan.routes" ....

=ERROR REPORT==== 29-Aug-2012::19:00:37 ===
GET /Booking [speiseplan] 404 0ms

=INFO REPORT==== 29-Aug-2012::19:00:44 ===
Loading routes from "/Users/ulfangermann/projects/erlang/speiseplan/priv/speiseplan.routes" ....

=ERROR REPORT==== 29-Aug-2012::19:00:44 ===
{function_clause,
    [{erlydtl_filters,join,
         [<<"ua">>,<<",  ">>],
         [{file,"src/erlydtl_filters.erl"},{line,359}]},
     {speiseplan_view_booking_index_html,'-render_internal/4-fun-2-',2,[]},
     {lists,mapfoldl,3,[{file,"lists.erl"},{line,1278}]},
     {erlydtl_runtime,forloop,3,[{file,"src/erlydtl_runtime.erl"},{line,228}]},
     {speiseplan_view_booking_index_html,'-render_internal/4-fun-4-',4,[]},
     {lists,mapfoldl,3,[{file,"lists.erl"},{line,1278}]},
     {erlydtl_runtime,forloop,3,[{file,"src/erlydtl_runtime.erl"},{line,228}]},
     {speiseplan_view_booking_index_html,render_internal,4,[]}]}

=ERROR REPORT==== 29-Aug-2012::19:00:44 ===
GET /booking [speiseplan] 500 103ms

=INFO REPORT==== 29-Aug-2012::19:01:18 ===
Loading routes from "/Users/ulfangermann/projects/erlang/speiseplan/priv/speiseplan.routes" ....

=ERROR REPORT==== 29-Aug-2012::19:01:18 ===
{function_clause,
    [{erlydtl_filters,join,
         [<<"ua">>,<<", ">>],
         [{file,"src/erlydtl_filters.erl"},{line,359}]},
     {speiseplan_view_booking_index_html,'-render_internal/4-fun-2-',2,[]},
     {lists,mapfoldl,3,[{file,"lists.erl"},{line,1278}]},
     {erlydtl_runtime,forloop,3,[{file,"src/erlydtl_runtime.erl"},{line,228}]},
     {speiseplan_view_booking_index_html,'-render_internal/4-fun-4-',4,[]},
     {lists,mapfoldl,3,[{file,"lists.erl"},{line,1278}]},
     {erlydtl_runtime,forloop,3,[{file,"src/erlydtl_runtime.erl"},{line,228}]},
     {speiseplan_view_booking_index_html,render_internal,4,[]}]}

=ERROR REPORT==== 29-Aug-2012::19:01:18 ===
GET /booking [speiseplan] 500 174ms

=INFO REPORT==== 29-Aug-2012::19:05:07 ===
Loading routes from "/Users/ulfangermann/projects/erlang/speiseplan/priv/speiseplan.routes" ....

=ERROR REPORT==== 29-Aug-2012::19:05:07 ===
{function_clause,
    [{erlydtl_filters,join,
         [<<"ua">>,<<", ">>],
         [{file,"src/erlydtl_filters.erl"},{line,359}]},
     {speiseplan_view_booking_index_html,'-render_internal/4-fun-2-',2,[]},
     {lists,mapfoldl,3,[{file,"lists.erl"},{line,1278}]},
     {erlydtl_runtime,forloop,3,[{file,"src/erlydtl_runtime.erl"},{line,228}]},
     {speiseplan_view_booking_index_html,'-render_internal/4-fun-4-',4,[]},
     {lists,mapfoldl,3,[{file,"lists.erl"},{line,1278}]},
     {erlydtl_runtime,forloop,3,[{file,"src/erlydtl_runtime.erl"},{line,228}]},
     {speiseplan_view_booking_index_html,render_internal,4,[]}]}

=ERROR REPORT==== 29-Aug-2012::19:05:07 ===
GET /booking [speiseplan] 500 107ms
