
=INFO REPORT==== 30-Aug-2012::17:47:53 ===
Starting Boss in development mode....

=INFO REPORT==== 30-Aug-2012::17:47:53 ===
Starting master services on 'speiseplan@Ulf-Angermann-s-MacBook-Pro'

=INFO REPORT==== 30-Aug-2012::17:47:53 ===
SSL:[]

=INFO REPORT==== 30-Aug-2012::17:47:53 ===
Loading routes from "/Users/ulfangermann/projects/erlang/speiseplan/priv/speiseplan.routes" ....

=INFO REPORT==== 30-Aug-2012::17:48:24 ===
Loading routes from "/Users/ulfangermann/projects/erlang/speiseplan/priv/speiseplan.routes" ....

=INFO REPORT==== 30-Aug-2012::17:48:24 ===
GET /eater/ [speiseplan] 200 98ms

=INFO REPORT==== 30-Aug-2012::17:48:30 ===
Loading routes from "/Users/ulfangermann/projects/erlang/speiseplan/priv/speiseplan.routes" ....

=INFO REPORT==== 30-Aug-2012::17:48:30 ===
GET /eater/login [speiseplan] 200 105ms

=INFO REPORT==== 30-Aug-2012::17:48:52 ===
Loading routes from "/Users/ulfangermann/projects/erlang/speiseplan/priv/speiseplan.routes" ....

=INFO REPORT==== 30-Aug-2012::17:48:52 ===
POST /eater/login [speiseplan] 200 113ms

=INFO REPORT==== 30-Aug-2012::17:48:53 ===
Loading routes from "/Users/ulfangermann/projects/erlang/speiseplan/priv/speiseplan.routes" ....

=INFO REPORT==== 30-Aug-2012::17:48:54 ===
GET /registration [speiseplan] 200 111ms

=INFO REPORT==== 30-Aug-2012::17:50:43 ===
Loading routes from "/Users/ulfangermann/projects/erlang/speiseplan/priv/speiseplan.routes" ....

=INFO REPORT==== 30-Aug-2012::17:50:43 ===
GET /eater [speiseplan] 200 113ms

=INFO REPORT==== 30-Aug-2012::17:50:50 ===
Loading routes from "/Users/ulfangermann/projects/erlang/speiseplan/priv/speiseplan.routes" ....

=INFO REPORT==== 30-Aug-2012::17:50:50 ===
POST /eater/create [speiseplan] 302 135ms

=INFO REPORT==== 30-Aug-2012::17:50:50 ===
Loading routes from "/Users/ulfangermann/projects/erlang/speiseplan/priv/speiseplan.routes" ....

=INFO REPORT==== 30-Aug-2012::17:50:50 ===
GET /eater/index [speiseplan] 200 112ms

=INFO REPORT==== 30-Aug-2012::17:50:54 ===
Loading routes from "/Users/ulfangermann/projects/erlang/speiseplan/priv/speiseplan.routes" ....

=ERROR REPORT==== 30-Aug-2012::17:50:54 ===
POST /eater/update [speiseplan] 404 118ms

=INFO REPORT==== 30-Aug-2012::17:56:48 ===
Loading routes from "/Users/ulfangermann/projects/erlang/speiseplan/priv/speiseplan.routes" ....

=ERROR REPORT==== 30-Aug-2012::17:56:48 ===
Call to tuple fun {unbound_var,'Eaters'}.

Tuple funs are deprecated and will be removed in R16. Use "fun M:F/A" instead, for example "fun unbound_var:'Eaters'/0".

(This warning will only be shown the first time a tuple fun is called.)


=ERROR REPORT==== 30-Aug-2012::17:56:48 ===
{undef,[{unbound_var,'Eaters',[],[]},
        {erlydtl_filters,format_number,1,
                         [{file,"src/erlydtl_filters.erl"},{line,335}]},
        {boss_html_error_template,'-render_internal/4-fun-0-',2,[]},
        {lists,mapfoldl,3,[{file,"lists.erl"},{line,1278}]},
        {erlydtl_runtime,forloop,3,
                         [{file,"src/erlydtl_runtime.erl"},{line,228}]},
        {boss_html_error_template,'-render_internal/4-fun-2-',2,[]},
        {lists,mapfoldl,3,[{file,"lists.erl"},{line,1278}]},
        {erlydtl_runtime,forloop,3,
                         [{file,"src/erlydtl_runtime.erl"},{line,228}]}]}

=ERROR REPORT==== 30-Aug-2012::17:56:48 ===
GET /eater/index [speiseplan] 500 78ms

=INFO REPORT==== 30-Aug-2012::17:57:01 ===
Loading routes from "/Users/ulfangermann/projects/erlang/speiseplan/priv/speiseplan.routes" ....

=ERROR REPORT==== 30-Aug-2012::17:57:01 ===
{undef,[{unbound_var,'Eaters',[],[]},
        {erlydtl_filters,format_number,1,
                         [{file,"src/erlydtl_filters.erl"},{line,335}]},
        {boss_html_error_template,'-render_internal/4-fun-0-',2,[]},
        {lists,mapfoldl,3,[{file,"lists.erl"},{line,1278}]},
        {erlydtl_runtime,forloop,3,
                         [{file,"src/erlydtl_runtime.erl"},{line,228}]},
        {boss_html_error_template,'-render_internal/4-fun-2-',2,[]},
        {lists,mapfoldl,3,[{file,"lists.erl"},{line,1278}]},
        {erlydtl_runtime,forloop,3,
                         [{file,"src/erlydtl_runtime.erl"},{line,228}]}]}

=ERROR REPORT==== 30-Aug-2012::17:57:01 ===
GET /eater [speiseplan] 500 55ms

=INFO REPORT==== 30-Aug-2012::17:57:14 ===
Loading routes from "/Users/ulfangermann/projects/erlang/speiseplan/priv/speiseplan.routes" ....

=INFO REPORT==== 30-Aug-2012::17:57:14 ===
GET /eater [speiseplan] 200 143ms

=INFO REPORT==== 30-Aug-2012::17:57:17 ===
Loading routes from "/Users/ulfangermann/projects/erlang/speiseplan/priv/speiseplan.routes" ....

=ERROR REPORT==== 30-Aug-2012::17:57:17 ===
POST /edit [speiseplan] 404 9ms

=INFO REPORT==== 30-Aug-2012::17:57:45 ===
Loading routes from "/Users/ulfangermann/projects/erlang/speiseplan/priv/speiseplan.routes" ....

=INFO REPORT==== 30-Aug-2012::17:57:45 ===
GET /eater [speiseplan] 200 138ms

=INFO REPORT==== 30-Aug-2012::17:57:48 ===
Loading routes from "/Users/ulfangermann/projects/erlang/speiseplan/priv/speiseplan.routes" ....

=ERROR REPORT==== 30-Aug-2012::17:57:48 ===
{function_clause,
    [{speiseplan_eater_controller,edit,
         ['POST',[],
          {speiseplan_eater_controller,
              {simple_bridge_request_wrapper,mochiweb_request_bridge,
                  {mochiweb_request,#Port<0.11678>,'POST',"/eater/edit",
                      {1,1},
                      {11,
                       {"host",
                        {'Host',"localhost:8001"},
                        {"content-length",
                         {'Content-Length',"0"},
                         {"accept",
                          {'Accept',
                              "text/html,application/xhtml+xml,application/xml;q=0.9,*/*;q=0.8"},
                          nil,
                          {"accept-language",
                           {'Accept-Language',"en-us"},
                           {"accept-encoding",
                            {'Accept-Encoding',"gzip, deflate"},
                            nil,nil},
                           {"connection",
                            {'Connection',"keep-alive"},
                            nil,nil}}},
                         {"content-type",
                          {'Content-Type',"application/x-www-form-urlencoded"},
                          nil,
                          {"cookie",
                           {'Cookie',
                               "_boss_session=9b832d26543e5f90981903f22e39c6c98384e283"},
                           nil,nil}}},
                        {"user-agent",
                         {'User-Agent',
                             "Mozilla/5.0 (Macintosh; Intel Mac OS X 10_7_4) AppleWebKit/536.25 (KHTML, like Gecko) Version/6.0 Safari/536.25"},
                         {"origin",
                          {"Origin","http://localhost:8001"},
                          nil,
                          {"referer",
                           {'Referer',"http://localhost:8001/eater"},
                           nil,nil}},
                         nil}}}},
                  false,[],[],none}}],
         []},
     {boss_web_controller,execute_action,5,
         [{file,"src/boss/boss_web_controller.erl"},{line,711}]},
     {boss_web_controller,process_request,5,
         [{file,"src/boss/boss_web_controller.erl"},{line,460}]},
     {timer,tc,3,[{file,"timer.erl"},{line,194}]},
     {boss_web_controller,handle_request,3,
         [{file,"src/boss/boss_web_controller.erl"},{line,388}]},
     {mochiweb_http,headers,5,[{file,"src/mochiweb_http.erl"},{line,90}]},
     {proc_lib,init_p_do_apply,3,[{file,"proc_lib.erl"},{line,227}]}]}

=ERROR REPORT==== 30-Aug-2012::17:57:48 ===
POST /eater/edit [speiseplan] 500 111ms

=INFO REPORT==== 30-Aug-2012::17:57:57 ===
Loading routes from "/Users/ulfangermann/projects/erlang/speiseplan/priv/speiseplan.routes" ....

=INFO REPORT==== 30-Aug-2012::17:57:57 ===
GET /eater [speiseplan] 200 114ms

=INFO REPORT==== 30-Aug-2012::17:58:26 ===
Loading routes from "/Users/ulfangermann/projects/erlang/speiseplan/priv/speiseplan.routes" ....

=INFO REPORT==== 30-Aug-2012::17:58:26 ===
GET /eater [speiseplan] 200 113ms

=INFO REPORT==== 30-Aug-2012::17:58:29 ===
Loading routes from "/Users/ulfangermann/projects/erlang/speiseplan/priv/speiseplan.routes" ....

=ERROR REPORT==== 30-Aug-2012::17:58:29 ===
{function_clause,
    [{speiseplan_eater_controller,edit,
         ['POST',[],
          {speiseplan_eater_controller,
              {simple_bridge_request_wrapper,mochiweb_request_bridge,
                  {mochiweb_request,#Port<0.11678>,'POST',"/eater/edit",
                      {1,1},
                      {11,
                       {"host",
                        {'Host',"localhost:8001"},
                        {"content-length",
                         {'Content-Length',"0"},
                         {"accept",
                          {'Accept',
                              "text/html,application/xhtml+xml,application/xml;q=0.9,*/*;q=0.8"},
                          nil,
                          {"accept-language",
                           {'Accept-Language',"en-us"},
                           {"accept-encoding",
                            {'Accept-Encoding',"gzip, deflate"},
                            nil,nil},
                           {"connection",
                            {'Connection',"keep-alive"},
                            nil,nil}}},
                         {"content-type",
                          {'Content-Type',"application/x-www-form-urlencoded"},
                          nil,
                          {"cookie",
                           {'Cookie',
                               "_boss_session=9b832d26543e5f90981903f22e39c6c98384e283"},
                           nil,nil}}},
                        {"user-agent",
                         {'User-Agent',
                             "Mozilla/5.0 (Macintosh; Intel Mac OS X 10_7_4) AppleWebKit/536.25 (KHTML, like Gecko) Version/6.0 Safari/536.25"},
                         {"origin",
                          {"Origin","http://localhost:8001"},
                          nil,
                          {"referer",
                           {'Referer',"http://localhost:8001/eater"},
                           nil,nil}},
                         nil}}}},
                  false,[],[],none}}],
         []},
     {boss_web_controller,execute_action,5,
         [{file,"src/boss/boss_web_controller.erl"},{line,711}]},
     {boss_web_controller,process_request,5,
         [{file,"src/boss/boss_web_controller.erl"},{line,460}]},
     {timer,tc,3,[{file,"timer.erl"},{line,194}]},
     {boss_web_controller,handle_request,3,
         [{file,"src/boss/boss_web_controller.erl"},{line,388}]},
     {mochiweb_http,headers,5,[{file,"src/mochiweb_http.erl"},{line,90}]},
     {proc_lib,init_p_do_apply,3,[{file,"proc_lib.erl"},{line,227}]}]}

=ERROR REPORT==== 30-Aug-2012::17:58:29 ===
POST /eater/edit [speiseplan] 500 112ms

=INFO REPORT==== 30-Aug-2012::17:59:00 ===
Loading routes from "/Users/ulfangermann/projects/erlang/speiseplan/priv/speiseplan.routes" ....

=INFO REPORT==== 30-Aug-2012::17:59:00 ===
GET /eater [speiseplan] 200 116ms

=INFO REPORT==== 30-Aug-2012::17:59:03 ===
Loading routes from "/Users/ulfangermann/projects/erlang/speiseplan/priv/speiseplan.routes" ....

=ERROR REPORT==== 30-Aug-2012::17:59:03 ===
{function_clause,
    [{speiseplan_eater_controller,edit,
         ['POST',[],
          {speiseplan_eater_controller,
              {simple_bridge_request_wrapper,mochiweb_request_bridge,
                  {mochiweb_request,#Port<0.11678>,'POST',"/eater/edit",
                      {1,1},
                      {11,
                       {"host",
                        {'Host',"localhost:8001"},
                        {"content-length",
                         {'Content-Length',"0"},
                         {"accept",
                          {'Accept',
                              "text/html,application/xhtml+xml,application/xml;q=0.9,*/*;q=0.8"},
                          nil,
                          {"accept-language",
                           {'Accept-Language',"en-us"},
                           {"accept-encoding",
                            {'Accept-Encoding',"gzip, deflate"},
                            nil,nil},
                           {"connection",
                            {'Connection',"keep-alive"},
                            nil,nil}}},
                         {"content-type",
                          {'Content-Type',"application/x-www-form-urlencoded"},
                          nil,
                          {"cookie",
                           {'Cookie',
                               "_boss_session=9b832d26543e5f90981903f22e39c6c98384e283"},
                           nil,nil}}},
                        {"user-agent",
                         {'User-Agent',
                             "Mozilla/5.0 (Macintosh; Intel Mac OS X 10_7_4) AppleWebKit/536.25 (KHTML, like Gecko) Version/6.0 Safari/536.25"},
                         {"origin",
                          {"Origin","http://localhost:8001"},
                          nil,
                          {"referer",
                           {'Referer',"http://localhost:8001/eater"},
                           nil,nil}},
                         nil}}}},
                  false,[],[],none}}],
         []},
     {boss_web_controller,execute_action,5,
         [{file,"src/boss/boss_web_controller.erl"},{line,711}]},
     {boss_web_controller,process_request,5,
         [{file,"src/boss/boss_web_controller.erl"},{line,460}]},
     {timer,tc,3,[{file,"timer.erl"},{line,194}]},
     {boss_web_controller,handle_request,3,
         [{file,"src/boss/boss_web_controller.erl"},{line,388}]},
     {mochiweb_http,headers,5,[{file,"src/mochiweb_http.erl"},{line,90}]},
     {proc_lib,init_p_do_apply,3,[{file,"proc_lib.erl"},{line,227}]}]}

=ERROR REPORT==== 30-Aug-2012::17:59:03 ===
POST /eater/edit [speiseplan] 500 110ms

=INFO REPORT==== 30-Aug-2012::17:59:21 ===
Loading routes from "/Users/ulfangermann/projects/erlang/speiseplan/priv/speiseplan.routes" ....

=INFO REPORT==== 30-Aug-2012::17:59:21 ===
GET /eater/ [speiseplan] 200 116ms

=INFO REPORT==== 30-Aug-2012::18:00:40 ===
Loading routes from "/Users/ulfangermann/projects/erlang/speiseplan/priv/speiseplan.routes" ....

=INFO REPORT==== 30-Aug-2012::18:00:40 ===
GET /eater/ [speiseplan] 200 145ms

=INFO REPORT==== 30-Aug-2012::18:00:42 ===
Loading routes from "/Users/ulfangermann/projects/erlang/speiseplan/priv/speiseplan.routes" ....

=ERROR REPORT==== 30-Aug-2012::18:00:42 ===
POST /eater/delete [speiseplan] 404 108ms

=INFO REPORT==== 30-Aug-2012::18:02:45 ===
Loading routes from "/Users/ulfangermann/projects/erlang/speiseplan/priv/speiseplan.routes" ....

=INFO REPORT==== 30-Aug-2012::18:02:45 ===
GET /eater/ [speiseplan] 200 142ms

=INFO REPORT==== 30-Aug-2012::18:03:15 ===
Loading routes from "/Users/ulfangermann/projects/erlang/speiseplan/priv/speiseplan.routes" ....

=INFO REPORT==== 30-Aug-2012::18:03:15 ===
GET /eater/ [speiseplan] 200 142ms

=INFO REPORT==== 30-Aug-2012::18:03:16 ===
Loading routes from "/Users/ulfangermann/projects/erlang/speiseplan/priv/speiseplan.routes" ....

=INFO REPORT==== 30-Aug-2012::18:03:16 ===
POST /eater/edit/eater-1 [speiseplan] 200 141ms

=INFO REPORT==== 30-Aug-2012::18:03:16 ===
Loading routes from "/Users/ulfangermann/projects/erlang/speiseplan/priv/speiseplan.routes" ....

=ERROR REPORT==== 30-Aug-2012::18:03:17 ===
{function_clause,
    [{speiseplan_eater_controller,edit,
         ['GET',
          ["favicon.ico"],
          {speiseplan_eater_controller,
              {simple_bridge_request_wrapper,mochiweb_request_bridge,
                  {mochiweb_request,#Port<0.12942>,'GET',
                      "/eater/edit/favicon.ico",
                      {1,1},
                      {8,
                       {"host",
                        {'Host',"localhost:8001"},
                        {"accept",
                         {'Accept',"*/*"},
                         nil,
                         {"accept-language",
                          {'Accept-Language',"en-us"},
                          {"accept-encoding",
                           {'Accept-Encoding',"gzip, deflate"},
                           nil,nil},
                          {"cookie",
                           {'Cookie',
                               "_boss_session=9b832d26543e5f90981903f22e39c6c98384e283"},
                           {"connection",{'Connection',"keep-alive"},nil,nil},
                           nil}}},
                        {"user-agent",
                         {'User-Agent',
                             "Mozilla/5.0 (Macintosh; Intel Mac OS X 10_7_4) AppleWebKit/536.25 (KHTML, like Gecko) Version/6.0 Safari/536.25"},
                         {"referer",
                          {'Referer',
                              "http://localhost:8001/eater/edit/eater-1"},
                          nil,nil},
                         nil}}}},
                  false,[],[],none}}],
         []},
     {boss_web_controller,execute_action,5,
         [{file,"src/boss/boss_web_controller.erl"},{line,711}]},
     {boss_web_controller,process_request,5,
         [{file,"src/boss/boss_web_controller.erl"},{line,460}]},
     {timer,tc,3,[{file,"timer.erl"},{line,194}]},
     {boss_web_controller,handle_request,3,
         [{file,"src/boss/boss_web_controller.erl"},{line,388}]},
     {mochiweb_http,headers,5,[{file,"src/mochiweb_http.erl"},{line,90}]},
     {proc_lib,init_p_do_apply,3,[{file,"proc_lib.erl"},{line,227}]}]}

=ERROR REPORT==== 30-Aug-2012::18:03:17 ===
GET /eater/edit/favicon.ico [speiseplan] 500 109ms

=INFO REPORT==== 30-Aug-2012::18:05:22 ===
Loading routes from "/Users/ulfangermann/projects/erlang/speiseplan/priv/speiseplan.routes" ....

=INFO REPORT==== 30-Aug-2012::18:05:22 ===
POST /eater/edit/eater-1 [speiseplan] 200 128ms

=INFO REPORT==== 30-Aug-2012::18:05:35 ===
Loading routes from "/Users/ulfangermann/projects/erlang/speiseplan/priv/speiseplan.routes" ....

=INFO REPORT==== 30-Aug-2012::18:05:35 ===
POST /eater/edit/eater-1 [speiseplan] 200 115ms

=INFO REPORT==== 30-Aug-2012::18:05:57 ===
Loading routes from "/Users/ulfangermann/projects/erlang/speiseplan/priv/speiseplan.routes" ....

=ERROR REPORT==== 30-Aug-2012::18:05:57 ===
POST /eater/update [speiseplan] 404 116ms

=INFO REPORT==== 30-Aug-2012::18:11:14 ===
Loading routes from "/Users/ulfangermann/projects/erlang/speiseplan/priv/speiseplan.routes" ....

=INFO REPORT==== 30-Aug-2012::18:11:14 ===
GET /booking [speiseplan] 302 112ms

=INFO REPORT==== 30-Aug-2012::18:11:14 ===
Loading routes from "/Users/ulfangermann/projects/erlang/speiseplan/priv/speiseplan.routes" ....

=INFO REPORT==== 30-Aug-2012::18:11:15 ===
GET /eater/login [speiseplan] 200 112ms

=INFO REPORT==== 30-Aug-2012::18:18:29 ===
Loading routes from "/Users/ulfangermann/projects/erlang/speiseplan/priv/speiseplan.routes" ....

=INFO REPORT==== 30-Aug-2012::18:18:29 ===
POST /eater/edit/eater-1 [speiseplan] 200 67ms

=INFO REPORT==== 30-Aug-2012::18:19:07 ===
Loading routes from "/Users/ulfangermann/projects/erlang/speiseplan/priv/speiseplan.routes" ....

=INFO REPORT==== 30-Aug-2012::18:19:07 ===
POST /eater/edit/eater-1 [speiseplan] 200 119ms

=INFO REPORT==== 30-Aug-2012::18:19:43 ===
Loading routes from "/Users/ulfangermann/projects/erlang/speiseplan/priv/speiseplan.routes" ....

=INFO REPORT==== 30-Aug-2012::18:19:43 ===
POST /eater/edit/eater-1 [speiseplan] 200 137ms

=INFO REPORT==== 30-Aug-2012::18:19:43 ===
Loading routes from "/Users/ulfangermann/projects/erlang/speiseplan/priv/speiseplan.routes" ....

=ERROR REPORT==== 30-Aug-2012::18:19:43 ===
{function_clause,
    [{speiseplan_eater_controller,edit,
         ['GET',
          ["favicon.ico"],
          {speiseplan_eater_controller,
              {simple_bridge_request_wrapper,mochiweb_request_bridge,
                  {mochiweb_request,#Port<0.13550>,'GET',
                      "/eater/edit/favicon.ico",
                      {1,1},
                      {8,
                       {"host",
                        {'Host',"localhost:8001"},
                        {"accept",
                         {'Accept',"*/*"},
                         nil,
                         {"accept-language",
                          {'Accept-Language',"en-us"},
                          {"accept-encoding",
                           {'Accept-Encoding',"gzip, deflate"},
                           nil,nil},
                          {"cookie",
                           {'Cookie',
                               "_boss_session=9b832d26543e5f90981903f22e39c6c98384e283"},
                           {"connection",{'Connection',"keep-alive"},nil,nil},
                           nil}}},
                        {"user-agent",
                         {'User-Agent',
                             "Mozilla/5.0 (Macintosh; Intel Mac OS X 10_7_4) AppleWebKit/536.25 (KHTML, like Gecko) Version/6.0 Safari/536.25"},
                         {"referer",
                          {'Referer',
                              "http://localhost:8001/eater/edit/eater-1"},
                          nil,nil},
                         nil}}}},
                  false,[],[],none}}],
         []},
     {boss_web_controller,execute_action,5,
         [{file,"src/boss/boss_web_controller.erl"},{line,711}]},
     {boss_web_controller,process_request,5,
         [{file,"src/boss/boss_web_controller.erl"},{line,460}]},
     {timer,tc,3,[{file,"timer.erl"},{line,194}]},
     {boss_web_controller,handle_request,3,
         [{file,"src/boss/boss_web_controller.erl"},{line,388}]},
     {mochiweb_http,headers,5,[{file,"src/mochiweb_http.erl"},{line,90}]},
     {proc_lib,init_p_do_apply,3,[{file,"proc_lib.erl"},{line,227}]}]}

=ERROR REPORT==== 30-Aug-2012::18:19:43 ===
GET /eater/edit/favicon.ico [speiseplan] 500 114ms

=INFO REPORT==== 30-Aug-2012::18:20:06 ===
Loading routes from "/Users/ulfangermann/projects/erlang/speiseplan/priv/speiseplan.routes" ....

=INFO REPORT==== 30-Aug-2012::18:20:06 ===
POST /eater/edit/eater-1 [speiseplan] 200 142ms

=INFO REPORT==== 30-Aug-2012::18:20:12 ===
Loading routes from "/Users/ulfangermann/projects/erlang/speiseplan/priv/speiseplan.routes" ....

=INFO REPORT==== 30-Aug-2012::18:20:12 ===
POST /eater/update/eater-1 [speiseplan] 302 117ms

=INFO REPORT==== 30-Aug-2012::18:20:12 ===
Loading routes from "/Users/ulfangermann/projects/erlang/speiseplan/priv/speiseplan.routes" ....

=INFO REPORT==== 30-Aug-2012::18:20:12 ===
GET /eater/index [speiseplan] 200 122ms

=INFO REPORT==== 30-Aug-2012::18:20:14 ===
Loading routes from "/Users/ulfangermann/projects/erlang/speiseplan/priv/speiseplan.routes" ....

=INFO REPORT==== 30-Aug-2012::18:20:14 ===
POST /eater/edit/eater-1 [speiseplan] 200 118ms

=INFO REPORT==== 30-Aug-2012::18:20:17 ===
Loading routes from "/Users/ulfangermann/projects/erlang/speiseplan/priv/speiseplan.routes" ....

=INFO REPORT==== 30-Aug-2012::18:20:17 ===
POST /eater/update/eater-1 [speiseplan] 302 116ms

=INFO REPORT==== 30-Aug-2012::18:20:17 ===
Loading routes from "/Users/ulfangermann/projects/erlang/speiseplan/priv/speiseplan.routes" ....

=INFO REPORT==== 30-Aug-2012::18:20:17 ===
GET /eater/index [speiseplan] 200 118ms

=INFO REPORT==== 30-Aug-2012::18:20:19 ===
Loading routes from "/Users/ulfangermann/projects/erlang/speiseplan/priv/speiseplan.routes" ....

=INFO REPORT==== 30-Aug-2012::18:20:19 ===
POST /eater/edit/eater-1 [speiseplan] 200 119ms

=INFO REPORT==== 30-Aug-2012::18:20:25 ===
Loading routes from "/Users/ulfangermann/projects/erlang/speiseplan/priv/speiseplan.routes" ....

=INFO REPORT==== 30-Aug-2012::18:20:26 ===
POST /eater/update/eater-1 [speiseplan] 302 118ms

=INFO REPORT==== 30-Aug-2012::18:20:26 ===
Loading routes from "/Users/ulfangermann/projects/erlang/speiseplan/priv/speiseplan.routes" ....

=INFO REPORT==== 30-Aug-2012::18:20:26 ===
GET /eater/index [speiseplan] 200 116ms

=INFO REPORT==== 30-Aug-2012::18:20:35 ===
Loading routes from "/Users/ulfangermann/projects/erlang/speiseplan/priv/speiseplan.routes" ....

=INFO REPORT==== 30-Aug-2012::18:20:35 ===
POST /eater/edit/eater-1 [speiseplan] 200 120ms

=INFO REPORT==== 30-Aug-2012::18:20:40 ===
Loading routes from "/Users/ulfangermann/projects/erlang/speiseplan/priv/speiseplan.routes" ....

=INFO REPORT==== 30-Aug-2012::18:20:40 ===
POST /eater/update/eater-1 [speiseplan] 302 115ms

=INFO REPORT==== 30-Aug-2012::18:20:40 ===
Loading routes from "/Users/ulfangermann/projects/erlang/speiseplan/priv/speiseplan.routes" ....

=INFO REPORT==== 30-Aug-2012::18:20:40 ===
GET /eater/index [speiseplan] 200 114ms

=INFO REPORT==== 30-Aug-2012::18:23:50 ===
Loading routes from "/Users/ulfangermann/projects/erlang/speiseplan/priv/speiseplan.routes" ....

=INFO REPORT==== 30-Aug-2012::18:23:50 ===
POST /eater/create [speiseplan] 302 114ms

=INFO REPORT==== 30-Aug-2012::18:23:50 ===
Loading routes from "/Users/ulfangermann/projects/erlang/speiseplan/priv/speiseplan.routes" ....

=INFO REPORT==== 30-Aug-2012::18:23:50 ===
GET /eater/index [speiseplan] 200 116ms

=INFO REPORT==== 30-Aug-2012::18:25:25 ===
Loading routes from "/Users/ulfangermann/projects/erlang/speiseplan/priv/speiseplan.routes" ....

=INFO REPORT==== 30-Aug-2012::18:25:25 ===
GET /eater/index [speiseplan] 200 121ms

=INFO REPORT==== 30-Aug-2012::18:25:35 ===
Loading routes from "/Users/ulfangermann/projects/erlang/speiseplan/priv/speiseplan.routes" ....

=ERROR REPORT==== 30-Aug-2012::18:25:35 ===
{{badmatch,"3.0"},
 [{eater,before_create,1,
         [{file,"/Users/ulfangermann/projects/erlang/speiseplan/src/model/eater.erl"},
          {line,18}]},
  {boss_db,save_record,1,[{file,"src/boss_db.erl"},{line,218}]},
  {speiseplan_eater_controller,create,3,
                               [{file,"/Users/ulfangermann/projects/erlang/speiseplan/src/controller/speiseplan_eater_controller.erl"},
                                {line,51}]},
  {boss_web_controller,execute_action,5,
                       [{file,"src/boss/boss_web_controller.erl"},{line,711}]},
  {boss_web_controller,process_request,5,
                       [{file,"src/boss/boss_web_controller.erl"},{line,460}]},
  {timer,tc,3,[{file,"timer.erl"},{line,194}]},
  {boss_web_controller,handle_request,3,
                       [{file,"src/boss/boss_web_controller.erl"},{line,388}]},
  {mochiweb_http,headers,5,[{file,"src/mochiweb_http.erl"},{line,90}]}]}

=ERROR REPORT==== 30-Aug-2012::18:25:35 ===
POST /eater/create [speiseplan] 500 116ms

=INFO REPORT==== 30-Aug-2012::18:27:02 ===
Loading routes from "/Users/ulfangermann/projects/erlang/speiseplan/priv/speiseplan.routes" ....

=ERROR REPORT==== 30-Aug-2012::18:27:02 ===
{undef,[{unbound_var,'PricteToPay',[],[]},
        {erlydtl_filters,format_number,1,
                         [{file,"src/erlydtl_filters.erl"},{line,335}]},
        {boss_html_error_template,'-render_internal/4-fun-0-',2,[]},
        {lists,mapfoldl,3,[{file,"lists.erl"},{line,1278}]},
        {erlydtl_runtime,forloop,3,
                         [{file,"src/erlydtl_runtime.erl"},{line,228}]},
        {boss_html_error_template,'-render_internal/4-fun-2-',2,[]},
        {lists,mapfoldl,3,[{file,"lists.erl"},{line,1278}]},
        {erlydtl_runtime,forloop,3,
                         [{file,"src/erlydtl_runtime.erl"},{line,228}]}]}

=ERROR REPORT==== 30-Aug-2012::18:27:02 ===
GET /eater/ [speiseplan] 500 105ms

=INFO REPORT==== 30-Aug-2012::18:27:09 ===
Loading routes from "/Users/ulfangermann/projects/erlang/speiseplan/priv/speiseplan.routes" ....

=ERROR REPORT==== 30-Aug-2012::18:27:09 ===
{undef,[{unbound_var,'PricteToPay',[],[]},
        {erlydtl_filters,format_number,1,
                         [{file,"src/erlydtl_filters.erl"},{line,335}]},
        {boss_html_error_template,'-render_internal/4-fun-0-',2,[]},
        {lists,mapfoldl,3,[{file,"lists.erl"},{line,1278}]},
        {erlydtl_runtime,forloop,3,
                         [{file,"src/erlydtl_runtime.erl"},{line,228}]},
        {boss_html_error_template,'-render_internal/4-fun-2-',2,[]},
        {lists,mapfoldl,3,[{file,"lists.erl"},{line,1278}]},
        {erlydtl_runtime,forloop,3,
                         [{file,"src/erlydtl_runtime.erl"},{line,228}]}]}

=ERROR REPORT==== 30-Aug-2012::18:27:09 ===
GET /eater/ [speiseplan] 500 110ms

=INFO REPORT==== 30-Aug-2012::18:28:23 ===
Loading routes from "/Users/ulfangermann/projects/erlang/speiseplan/priv/speiseplan.routes" ....

=INFO REPORT==== 30-Aug-2012::18:28:23 ===
GET /eater/ [speiseplan] 200 123ms

=INFO REPORT==== 30-Aug-2012::18:28:35 ===
Loading routes from "/Users/ulfangermann/projects/erlang/speiseplan/priv/speiseplan.routes" ....

=ERROR REPORT==== 30-Aug-2012::18:28:35 ===
{{badmatch,"3.0"},
 [{eater,before_create,1,
         [{file,"/Users/ulfangermann/projects/erlang/speiseplan/src/model/eater.erl"},
          {line,18}]},
  {boss_db,save_record,1,[{file,"src/boss_db.erl"},{line,218}]},
  {speiseplan_eater_controller,create,3,
                               [{file,"/Users/ulfangermann/projects/erlang/speiseplan/src/controller/speiseplan_eater_controller.erl"},
                                {line,51}]},
  {boss_web_controller,execute_action,5,
                       [{file,"src/boss/boss_web_controller.erl"},{line,711}]},
  {boss_web_controller,process_request,5,
                       [{file,"src/boss/boss_web_controller.erl"},{line,460}]},
  {timer,tc,3,[{file,"timer.erl"},{line,194}]},
  {boss_web_controller,handle_request,3,
                       [{file,"src/boss/boss_web_controller.erl"},{line,388}]},
  {mochiweb_http,headers,5,[{file,"src/mochiweb_http.erl"},{line,90}]}]}

=ERROR REPORT==== 30-Aug-2012::18:28:35 ===
POST /eater/create [speiseplan] 500 118ms

=INFO REPORT==== 30-Aug-2012::18:31:15 ===
Loading routes from "/Users/ulfangermann/projects/erlang/speiseplan/priv/speiseplan.routes" ....

=INFO REPORT==== 30-Aug-2012::18:31:15 ===
GET /eater [speiseplan] 200 150ms

=INFO REPORT==== 30-Aug-2012::18:31:22 ===
Loading routes from "/Users/ulfangermann/projects/erlang/speiseplan/priv/speiseplan.routes" ....

=ERROR REPORT==== 30-Aug-2012::18:31:22 ===
{{badmatch,"5.0"},
 [{eater,before_create,1,
         [{file,"/Users/ulfangermann/projects/erlang/speiseplan/src/model/eater.erl"},
          {line,19}]},
  {boss_db,save_record,1,[{file,"src/boss_db.erl"},{line,218}]},
  {speiseplan_eater_controller,create,3,
                               [{file,"/Users/ulfangermann/projects/erlang/speiseplan/src/controller/speiseplan_eater_controller.erl"},
                                {line,51}]},
  {boss_web_controller,execute_action,5,
                       [{file,"src/boss/boss_web_controller.erl"},{line,711}]},
  {boss_web_controller,process_request,5,
                       [{file,"src/boss/boss_web_controller.erl"},{line,460}]},
  {timer,tc,3,[{file,"timer.erl"},{line,194}]},
  {boss_web_controller,handle_request,3,
                       [{file,"src/boss/boss_web_controller.erl"},{line,388}]},
  {mochiweb_http,headers,5,[{file,"src/mochiweb_http.erl"},{line,90}]}]}

=ERROR REPORT==== 30-Aug-2012::18:31:22 ===
POST /eater/create [speiseplan] 500 120ms

=INFO REPORT==== 30-Aug-2012::18:36:53 ===
Loading routes from "/Users/ulfangermann/projects/erlang/speiseplan/priv/speiseplan.routes" ....

=INFO REPORT==== 30-Aug-2012::18:36:53 ===
GET /eater [speiseplan] 200 120ms

=INFO REPORT==== 30-Aug-2012::18:37:11 ===
Loading routes from "/Users/ulfangermann/projects/erlang/speiseplan/priv/speiseplan.routes" ....

=ERROR REPORT==== 30-Aug-2012::18:37:11 ===
{{badmatch,"5.0"},
 [{eater,before_create,1,
         [{file,"/Users/ulfangermann/projects/erlang/speiseplan/src/model/eater.erl"},
          {line,19}]},
  {boss_db,save_record,1,[{file,"src/boss_db.erl"},{line,218}]},
  {speiseplan_eater_controller,create,3,
                               [{file,"/Users/ulfangermann/projects/erlang/speiseplan/src/controller/speiseplan_eater_controller.erl"},
                                {line,52}]},
  {boss_web_controller,execute_action,5,
                       [{file,"src/boss/boss_web_controller.erl"},{line,711}]},
  {boss_web_controller,process_request,5,
                       [{file,"src/boss/boss_web_controller.erl"},{line,460}]},
  {timer,tc,3,[{file,"timer.erl"},{line,194}]},
  {boss_web_controller,handle_request,3,
                       [{file,"src/boss/boss_web_controller.erl"},{line,388}]},
  {mochiweb_http,headers,5,[{file,"src/mochiweb_http.erl"},{line,90}]}]}

=ERROR REPORT==== 30-Aug-2012::18:37:11 ===
POST /eater/create [speiseplan] 500 119ms

=INFO REPORT==== 30-Aug-2012::18:37:45 ===
Loading routes from "/Users/ulfangermann/projects/erlang/speiseplan/priv/speiseplan.routes" ....

=INFO REPORT==== 30-Aug-2012::18:37:45 ===
GET /eater/ [speiseplan] 200 101ms

=INFO REPORT==== 30-Aug-2012::18:38:00 ===
Loading routes from "/Users/ulfangermann/projects/erlang/speiseplan/priv/speiseplan.routes" ....

=INFO REPORT==== 30-Aug-2012::18:38:01 ===
GET /eater/ [speiseplan] 200 120ms

=INFO REPORT==== 30-Aug-2012::18:38:09 ===
Loading routes from "/Users/ulfangermann/projects/erlang/speiseplan/priv/speiseplan.routes" ....

=ERROR REPORT==== 30-Aug-2012::18:38:09 ===
{{badmatch,"5.0"},
 [{eater,before_create,1,
         [{file,"/Users/ulfangermann/projects/erlang/speiseplan/src/model/eater.erl"},
          {line,19}]},
  {boss_db,save_record,1,[{file,"src/boss_db.erl"},{line,218}]},
  {speiseplan_eater_controller,create,3,
                               [{file,"/Users/ulfangermann/projects/erlang/speiseplan/src/controller/speiseplan_eater_controller.erl"},
                                {line,52}]},
  {boss_web_controller,execute_action,5,
                       [{file,"src/boss/boss_web_controller.erl"},{line,711}]},
  {boss_web_controller,process_request,5,
                       [{file,"src/boss/boss_web_controller.erl"},{line,460}]},
  {timer,tc,3,[{file,"timer.erl"},{line,194}]},
  {boss_web_controller,handle_request,3,
                       [{file,"src/boss/boss_web_controller.erl"},{line,388}]},
  {mochiweb_http,headers,5,[{file,"src/mochiweb_http.erl"},{line,90}]}]}

=ERROR REPORT==== 30-Aug-2012::18:38:09 ===
POST /eater/create [speiseplan] 500 119ms

=INFO REPORT==== 30-Aug-2012::18:39:48 ===
Loading routes from "/Users/ulfangermann/projects/erlang/speiseplan/priv/speiseplan.routes" ....

=INFO REPORT==== 30-Aug-2012::18:39:48 ===
GET /eater/ [speiseplan] 200 119ms

=INFO REPORT==== 30-Aug-2012::18:39:56 ===
Loading routes from "/Users/ulfangermann/projects/erlang/speiseplan/priv/speiseplan.routes" ....

=ERROR REPORT==== 30-Aug-2012::18:39:56 ===
{{case_clause,{eater,id,"ff","5fc5a1cfbfb1ac2e9864a2dec3b3fada","ff","ff",
                     undefined,"0.0",undefined}},
 [{boss_db,save_record,1,[{file,"src/boss_db.erl"},{line,218}]},
  {speiseplan_eater_controller,create,3,
                               [{file,"/Users/ulfangermann/projects/erlang/speiseplan/src/controller/speiseplan_eater_controller.erl"},
                                {line,52}]},
  {boss_web_controller,execute_action,5,
                       [{file,"src/boss/boss_web_controller.erl"},{line,711}]},
  {boss_web_controller,process_request,5,
                       [{file,"src/boss/boss_web_controller.erl"},{line,460}]},
  {timer,tc,3,[{file,"timer.erl"},{line,194}]},
  {boss_web_controller,handle_request,3,
                       [{file,"src/boss/boss_web_controller.erl"},{line,388}]},
  {mochiweb_http,headers,5,[{file,"src/mochiweb_http.erl"},{line,90}]},
  {proc_lib,init_p_do_apply,3,[{file,"proc_lib.erl"},{line,227}]}]}

=ERROR REPORT==== 30-Aug-2012::18:39:56 ===
POST /eater/create [speiseplan] 500 116ms

=INFO REPORT==== 30-Aug-2012::18:41:19 ===
Loading routes from "/Users/ulfangermann/projects/erlang/speiseplan/priv/speiseplan.routes" ....

=INFO REPORT==== 30-Aug-2012::18:41:20 ===
GET /eater [speiseplan] 200 119ms

=INFO REPORT==== 30-Aug-2012::18:41:22 ===
Loading routes from "/Users/ulfangermann/projects/erlang/speiseplan/priv/speiseplan.routes" ....

=INFO REPORT==== 30-Aug-2012::18:41:22 ===
GET /eater [speiseplan] 200 121ms

=INFO REPORT==== 30-Aug-2012::18:41:32 ===
Loading routes from "/Users/ulfangermann/projects/erlang/speiseplan/priv/speiseplan.routes" ....

=ERROR REPORT==== 30-Aug-2012::18:41:32 ===
{{case_clause,{eater,id,"qqq","d48b09470a407d71d0a12718bb7559b4","qq","qq",
                     undefined,"0.0",undefined}},
 [{boss_db,save_record,1,[{file,"src/boss_db.erl"},{line,218}]},
  {speiseplan_eater_controller,create,3,
                               [{file,"/Users/ulfangermann/projects/erlang/speiseplan/src/controller/speiseplan_eater_controller.erl"},
                                {line,51}]},
  {boss_web_controller,execute_action,5,
                       [{file,"src/boss/boss_web_controller.erl"},{line,711}]},
  {boss_web_controller,process_request,5,
                       [{file,"src/boss/boss_web_controller.erl"},{line,460}]},
  {timer,tc,3,[{file,"timer.erl"},{line,194}]},
  {boss_web_controller,handle_request,3,
                       [{file,"src/boss/boss_web_controller.erl"},{line,388}]},
  {mochiweb_http,headers,5,[{file,"src/mochiweb_http.erl"},{line,90}]},
  {proc_lib,init_p_do_apply,3,[{file,"proc_lib.erl"},{line,227}]}]}

=ERROR REPORT==== 30-Aug-2012::18:41:32 ===
POST /eater/create [speiseplan] 500 118ms

=INFO REPORT==== 30-Aug-2012::18:44:42 ===
Loading routes from "/Users/ulfangermann/projects/erlang/speiseplan/priv/speiseplan.routes" ....

=INFO REPORT==== 30-Aug-2012::18:44:42 ===
GET /eater [speiseplan] 200 121ms

=INFO REPORT==== 30-Aug-2012::18:44:48 ===
Loading routes from "/Users/ulfangermann/projects/erlang/speiseplan/priv/speiseplan.routes" ....

=INFO REPORT==== 30-Aug-2012::18:44:48 ===
POST /eater/create [speiseplan] 302 121ms

=INFO REPORT==== 30-Aug-2012::18:44:48 ===
Loading routes from "/Users/ulfangermann/projects/erlang/speiseplan/priv/speiseplan.routes" ....

=INFO REPORT==== 30-Aug-2012::18:44:48 ===
GET /eater/index [speiseplan] 200 118ms

=INFO REPORT==== 30-Aug-2012::18:44:56 ===
Loading routes from "/Users/ulfangermann/projects/erlang/speiseplan/priv/speiseplan.routes" ....

=INFO REPORT==== 30-Aug-2012::18:44:56 ===
POST /eater/edit/eater-7 [speiseplan] 200 121ms

=INFO REPORT==== 30-Aug-2012::18:47:31 ===
Loading routes from "/Users/ulfangermann/projects/erlang/speiseplan/priv/speiseplan.routes" ....

=INFO REPORT==== 30-Aug-2012::18:47:32 ===
GET /eater/ [speiseplan] 200 124ms

=INFO REPORT==== 30-Aug-2012::18:47:45 ===
Loading routes from "/Users/ulfangermann/projects/erlang/speiseplan/priv/speiseplan.routes" ....

=INFO REPORT==== 30-Aug-2012::18:47:45 ===
POST /eater/create [speiseplan] 302 118ms

=INFO REPORT==== 30-Aug-2012::18:47:45 ===
Loading routes from "/Users/ulfangermann/projects/erlang/speiseplan/priv/speiseplan.routes" ....

=INFO REPORT==== 30-Aug-2012::18:47:46 ===
GET /eater/index [speiseplan] 200 118ms

=INFO REPORT==== 30-Aug-2012::18:49:38 ===
Loading routes from "/Users/ulfangermann/projects/erlang/speiseplan/priv/speiseplan.routes" ....

=INFO REPORT==== 30-Aug-2012::18:49:38 ===
GET /eater/index [speiseplan] 200 103ms

=INFO REPORT==== 30-Aug-2012::18:49:48 ===
Loading routes from "/Users/ulfangermann/projects/erlang/speiseplan/priv/speiseplan.routes" ....

=INFO REPORT==== 30-Aug-2012::18:49:48 ===
GET /eater/index [speiseplan] 200 124ms

=INFO REPORT==== 30-Aug-2012::18:49:55 ===
Loading routes from "/Users/ulfangermann/projects/erlang/speiseplan/priv/speiseplan.routes" ....

=INFO REPORT==== 30-Aug-2012::18:49:55 ===
POST /eater/create [speiseplan] 302 119ms

=INFO REPORT==== 30-Aug-2012::18:49:55 ===
Loading routes from "/Users/ulfangermann/projects/erlang/speiseplan/priv/speiseplan.routes" ....

=INFO REPORT==== 30-Aug-2012::18:49:55 ===
GET /eater/index [speiseplan] 200 122ms

=INFO REPORT==== 30-Aug-2012::18:51:01 ===
Loading routes from "/Users/ulfangermann/projects/erlang/speiseplan/priv/speiseplan.routes" ....

=ERROR REPORT==== 30-Aug-2012::18:51:02 ===
{undef,[{unbound_var,'Eater',[],[]},
        {erlydtl_filters,format_number,1,
                         [{file,"src/erlydtl_filters.erl"},{line,335}]},
        {boss_html_error_template,'-render_internal/4-fun-0-',2,[]},
        {lists,mapfoldl,3,[{file,"lists.erl"},{line,1278}]},
        {erlydtl_runtime,forloop,3,
                         [{file,"src/erlydtl_runtime.erl"},{line,228}]},
        {boss_html_error_template,'-render_internal/4-fun-2-',2,[]},
        {lists,mapfoldl,3,[{file,"lists.erl"},{line,1278}]},
        {erlydtl_runtime,forloop,3,
                         [{file,"src/erlydtl_runtime.erl"},{line,228}]}]}

=ERROR REPORT==== 30-Aug-2012::18:51:02 ===
GET /eater/index [speiseplan] 500 111ms

=INFO REPORT==== 30-Aug-2012::18:53:26 ===
Loading routes from "/Users/ulfangermann/projects/erlang/speiseplan/priv/speiseplan.routes" ....

=INFO REPORT==== 30-Aug-2012::18:53:26 ===
GET /eater/index [speiseplan] 200 107ms

=INFO REPORT==== 30-Aug-2012::18:53:46 ===
Loading routes from "/Users/ulfangermann/projects/erlang/speiseplan/priv/speiseplan.routes" ....

=INFO REPORT==== 30-Aug-2012::18:53:46 ===
GET /eater/index [speiseplan] 200 127ms

=INFO REPORT==== 30-Aug-2012::18:53:53 ===
Loading routes from "/Users/ulfangermann/projects/erlang/speiseplan/priv/speiseplan.routes" ....

=INFO REPORT==== 30-Aug-2012::18:53:54 ===
POST /eater/create [speiseplan] 302 126ms

=INFO REPORT==== 30-Aug-2012::18:53:54 ===
Loading routes from "/Users/ulfangermann/projects/erlang/speiseplan/priv/speiseplan.routes" ....

=INFO REPORT==== 30-Aug-2012::18:53:54 ===
GET /eater/index [speiseplan] 200 123ms

=INFO REPORT==== 30-Aug-2012::18:53:57 ===
Loading routes from "/Users/ulfangermann/projects/erlang/speiseplan/priv/speiseplan.routes" ....

=INFO REPORT==== 30-Aug-2012::18:53:58 ===
POST /eater/edit/eater-9 [speiseplan] 200 126ms

=INFO REPORT==== 30-Aug-2012::18:54:05 ===
Loading routes from "/Users/ulfangermann/projects/erlang/speiseplan/priv/speiseplan.routes" ....

=INFO REPORT==== 30-Aug-2012::18:54:06 ===
POST /eater/edit/eater-10 [speiseplan] 200 125ms

=INFO REPORT==== 30-Aug-2012::18:54:16 ===
Loading routes from "/Users/ulfangermann/projects/erlang/speiseplan/priv/speiseplan.routes" ....

=INFO REPORT==== 30-Aug-2012::18:54:16 ===
POST /eater/create [speiseplan] 302 126ms

=INFO REPORT==== 30-Aug-2012::18:54:16 ===
Loading routes from "/Users/ulfangermann/projects/erlang/speiseplan/priv/speiseplan.routes" ....

=INFO REPORT==== 30-Aug-2012::18:54:16 ===
GET /eater/index [speiseplan] 200 123ms

=INFO REPORT==== 30-Aug-2012::18:54:20 ===
Loading routes from "/Users/ulfangermann/projects/erlang/speiseplan/priv/speiseplan.routes" ....

=INFO REPORT==== 30-Aug-2012::18:54:21 ===
POST /eater/edit/eater-11 [speiseplan] 200 127ms
