
=INFO REPORT==== 27-Aug-2012::08:59:10 ===
Starting Boss in development mode....

=INFO REPORT==== 27-Aug-2012::08:59:10 ===
Starting master services on 'speiseplan@Ulf-Angermann-s-MacBook-Pro'

=INFO REPORT==== 27-Aug-2012::08:59:10 ===
SSL:[]

=INFO REPORT==== 27-Aug-2012::08:59:10 ===
Loading routes from "/Users/ulfangermann/projects/erlang/speiseplan/priv/speiseplan.routes" ....

=INFO REPORT==== 27-Aug-2012::08:59:19 ===
Loading routes from "/Users/ulfangermann/projects/erlang/speiseplan/priv/speiseplan.routes" ....

=INFO REPORT==== 27-Aug-2012::08:59:19 ===
GET /eater/list [speiseplan] 200 70ms

=INFO REPORT==== 27-Aug-2012::08:59:28 ===
Loading routes from "/Users/ulfangermann/projects/erlang/speiseplan/priv/speiseplan.routes" ....

=ERROR REPORT==== 27-Aug-2012::08:59:28 ===
{undef,
    [{eater,new,
         [id,"ua","67da5858951309fd3b204a86b1176cb4","Ulf","Angermann",
          undefined,undefined],
         []},
     {speiseplan_eater_controller,create,3,
         [{file,
              "/Users/ulfangermann/projects/erlang/speiseplan/src/controller/speiseplan_eater_controller.erl"},
          {line,29}]},
     {boss_web_controller,execute_action,5,
         [{file,"src/boss/boss_web_controller.erl"},{line,711}]},
     {boss_web_controller,process_request,5,
         [{file,"src/boss/boss_web_controller.erl"},{line,460}]},
     {timer,tc,3,[{file,"timer.erl"},{line,194}]},
     {boss_web_controller,handle_request,3,
         [{file,"src/boss/boss_web_controller.erl"},{line,388}]},
     {mochiweb_http,headers,5,[{file,"src/mochiweb_http.erl"},{line,90}]},
     {proc_lib,init_p_do_apply,3,[{file,"proc_lib.erl"},{line,227}]}]}

=ERROR REPORT==== 27-Aug-2012::08:59:28 ===
POST /eater/create [speiseplan] 500 78ms

=INFO REPORT==== 27-Aug-2012::09:01:03 ===
Loading routes from "/Users/ulfangermann/projects/erlang/speiseplan/priv/speiseplan.routes" ....

=INFO REPORT==== 27-Aug-2012::09:01:03 ===
GET /eater/list [speiseplan] 200 81ms

=INFO REPORT==== 27-Aug-2012::09:01:14 ===
Loading routes from "/Users/ulfangermann/projects/erlang/speiseplan/priv/speiseplan.routes" ....

=INFO REPORT==== 27-Aug-2012::09:01:14 ===
POST /eater/create [speiseplan] 302 82ms

=INFO REPORT==== 27-Aug-2012::09:01:14 ===
Loading routes from "/Users/ulfangermann/projects/erlang/speiseplan/priv/speiseplan.routes" ....

=INFO REPORT==== 27-Aug-2012::09:01:14 ===
GET /eater/list [speiseplan] 200 82ms

=INFO REPORT==== 27-Aug-2012::09:01:20 ===
Loading routes from "/Users/ulfangermann/projects/erlang/speiseplan/priv/speiseplan.routes" ....

=INFO REPORT==== 27-Aug-2012::09:01:20 ===
GET /eater/login [speiseplan] 200 86ms

=INFO REPORT==== 27-Aug-2012::09:01:25 ===
Loading routes from "/Users/ulfangermann/projects/erlang/speiseplan/priv/speiseplan.routes" ....

=INFO REPORT==== 27-Aug-2012::09:01:25 ===
POST /eater/login [speiseplan] 302 81ms

=INFO REPORT==== 27-Aug-2012::09:01:25 ===
Loading routes from "/Users/ulfangermann/projects/erlang/speiseplan/priv/speiseplan.routes" ....

=INFO REPORT==== 27-Aug-2012::09:01:25 ===
GET /mahlzeiten/index [speiseplan] 200 82ms

=INFO REPORT==== 27-Aug-2012::09:01:25 ===
Loading routes from "/Users/ulfangermann/projects/erlang/speiseplan/priv/speiseplan.routes" ....

=ERROR REPORT==== 27-Aug-2012::09:01:25 ===
GET /mahlzeiten/favicon.ico [speiseplan] 404 82ms

=INFO REPORT==== 27-Aug-2012::09:02:19 ===
Loading routes from "/Users/ulfangermann/projects/erlang/speiseplan/priv/speiseplan.routes" ....

=INFO REPORT==== 27-Aug-2012::09:02:20 ===
GET /eater/list [speiseplan] 200 111ms

=INFO REPORT==== 27-Aug-2012::09:03:01 ===
Loading routes from "/Users/ulfangermann/projects/erlang/speiseplan/priv/speiseplan.routes" ....

=INFO REPORT==== 27-Aug-2012::09:03:01 ===
GET /eater/list [speiseplan] 200 110ms

=INFO REPORT==== 27-Aug-2012::09:03:02 ===
Loading routes from "/Users/ulfangermann/projects/erlang/speiseplan/priv/speiseplan.routes" ....

=INFO REPORT==== 27-Aug-2012::09:03:02 ===
GET /eater/list [speiseplan] 200 88ms

=INFO REPORT==== 27-Aug-2012::09:03:14 ===
Loading routes from "/Users/ulfangermann/projects/erlang/speiseplan/priv/speiseplan.routes" ....

=INFO REPORT==== 27-Aug-2012::09:03:14 ===
GET /eater/list [speiseplan] 200 115ms

=INFO REPORT==== 27-Aug-2012::09:04:46 ===
Loading routes from "/Users/ulfangermann/projects/erlang/speiseplan/priv/speiseplan.routes" ....

=INFO REPORT==== 27-Aug-2012::09:04:46 ===
GET /eater/list [speiseplan] 200 110ms

=INFO REPORT==== 27-Aug-2012::09:04:47 ===
Loading routes from "/Users/ulfangermann/projects/erlang/speiseplan/priv/speiseplan.routes" ....

=INFO REPORT==== 27-Aug-2012::09:04:47 ===
GET /eater/list [speiseplan] 200 88ms

=INFO REPORT==== 27-Aug-2012::09:04:47 ===
Loading routes from "/Users/ulfangermann/projects/erlang/speiseplan/priv/speiseplan.routes" ....

=INFO REPORT==== 27-Aug-2012::09:04:47 ===
GET /eater/list [speiseplan] 200 84ms

=INFO REPORT==== 27-Aug-2012::09:05:08 ===
Loading routes from "/Users/ulfangermann/projects/erlang/speiseplan/priv/speiseplan.routes" ....

=INFO REPORT==== 27-Aug-2012::09:05:08 ===
GET /eater/list [speiseplan] 200 107ms

=INFO REPORT==== 27-Aug-2012::09:05:24 ===
Loading routes from "/Users/ulfangermann/projects/erlang/speiseplan/priv/speiseplan.routes" ....

=INFO REPORT==== 27-Aug-2012::09:05:24 ===
GET /eater/list [speiseplan] 200 106ms

=INFO REPORT==== 27-Aug-2012::09:05:54 ===
Loading routes from "/Users/ulfangermann/projects/erlang/speiseplan/priv/speiseplan.routes" ....

=INFO REPORT==== 27-Aug-2012::09:05:54 ===
GET /eater/list [speiseplan] 200 81ms

=INFO REPORT==== 27-Aug-2012::09:07:06 ===
Loading routes from "/Users/ulfangermann/projects/erlang/speiseplan/priv/speiseplan.routes" ....

=INFO REPORT==== 27-Aug-2012::09:07:06 ===
GET /eater/login [speiseplan] 200 84ms

=INFO REPORT==== 27-Aug-2012::09:08:36 ===
Loading routes from "/Users/ulfangermann/projects/erlang/speiseplan/priv/speiseplan.routes" ....

=INFO REPORT==== 27-Aug-2012::09:08:36 ===
GET /eater/list [speiseplan] 200 106ms

=INFO REPORT==== 27-Aug-2012::09:13:52 ===
Loading routes from "/Users/ulfangermann/projects/erlang/speiseplan/priv/speiseplan.routes" ....

=INFO REPORT==== 27-Aug-2012::09:13:52 ===
GET /eater/list [speiseplan] 200 107ms

=INFO REPORT==== 27-Aug-2012::09:15:02 ===
Loading routes from "/Users/ulfangermann/projects/erlang/speiseplan/priv/speiseplan.routes" ....

=INFO REPORT==== 27-Aug-2012::09:15:02 ===
GET /eater/list [speiseplan] 200 108ms

=INFO REPORT==== 27-Aug-2012::09:15:26 ===
Loading routes from "/Users/ulfangermann/projects/erlang/speiseplan/priv/speiseplan.routes" ....

=INFO REPORT==== 27-Aug-2012::09:15:26 ===
GET /eater/list [speiseplan] 200 113ms

=INFO REPORT==== 27-Aug-2012::09:15:27 ===
Loading routes from "/Users/ulfangermann/projects/erlang/speiseplan/priv/speiseplan.routes" ....

=INFO REPORT==== 27-Aug-2012::09:15:27 ===
GET /eater/list [speiseplan] 200 84ms

=INFO REPORT==== 27-Aug-2012::09:15:54 ===
Loading routes from "/Users/ulfangermann/projects/erlang/speiseplan/priv/speiseplan.routes" ....

=INFO REPORT==== 27-Aug-2012::09:15:54 ===
GET /eater/list [speiseplan] 200 111ms

=INFO REPORT==== 27-Aug-2012::09:16:11 ===
Loading routes from "/Users/ulfangermann/projects/erlang/speiseplan/priv/speiseplan.routes" ....

=INFO REPORT==== 27-Aug-2012::09:16:11 ===
GET /eater/list [speiseplan] 200 84ms

=INFO REPORT==== 27-Aug-2012::09:16:36 ===
Loading routes from "/Users/ulfangermann/projects/erlang/speiseplan/priv/speiseplan.routes" ....

=INFO REPORT==== 27-Aug-2012::09:16:36 ===
GET /eater/list [speiseplan] 200 109ms

=INFO REPORT==== 27-Aug-2012::09:17:20 ===
Loading routes from "/Users/ulfangermann/projects/erlang/speiseplan/priv/speiseplan.routes" ....

=INFO REPORT==== 27-Aug-2012::09:17:20 ===
GET /eater/list [speiseplan] 200 110ms

=INFO REPORT==== 27-Aug-2012::09:17:52 ===
Loading routes from "/Users/ulfangermann/projects/erlang/speiseplan/priv/speiseplan.routes" ....

=INFO REPORT==== 27-Aug-2012::09:17:52 ===
GET /eater/list [speiseplan] 200 109ms

=INFO REPORT==== 27-Aug-2012::09:18:55 ===
Loading routes from "/Users/ulfangermann/projects/erlang/speiseplan/priv/speiseplan.routes" ....

=INFO REPORT==== 27-Aug-2012::09:18:55 ===
GET /eater/list [speiseplan] 200 106ms

=INFO REPORT==== 27-Aug-2012::09:19:10 ===
Loading routes from "/Users/ulfangermann/projects/erlang/speiseplan/priv/speiseplan.routes" ....

=INFO REPORT==== 27-Aug-2012::09:19:10 ===
GET /eater/list [speiseplan] 200 107ms

=INFO REPORT==== 27-Aug-2012::09:19:18 ===
Loading routes from "/Users/ulfangermann/projects/erlang/speiseplan/priv/speiseplan.routes" ....

=INFO REPORT==== 27-Aug-2012::09:19:18 ===
GET /eater/list [speiseplan] 200 109ms

=INFO REPORT==== 27-Aug-2012::09:19:22 ===
Loading routes from "/Users/ulfangermann/projects/erlang/speiseplan/priv/speiseplan.routes" ....

=INFO REPORT==== 27-Aug-2012::09:19:23 ===
GET /eater/list [speiseplan] 200 110ms

=INFO REPORT==== 27-Aug-2012::09:19:34 ===
Loading routes from "/Users/ulfangermann/projects/erlang/speiseplan/priv/speiseplan.routes" ....

=INFO REPORT==== 27-Aug-2012::09:19:34 ===
GET /eater/list [speiseplan] 200 110ms

=INFO REPORT==== 27-Aug-2012::09:20:16 ===
Loading routes from "/Users/ulfangermann/projects/erlang/speiseplan/priv/speiseplan.routes" ....

=INFO REPORT==== 27-Aug-2012::09:20:17 ===
GET /eater/list [speiseplan] 200 85ms

=INFO REPORT==== 27-Aug-2012::09:21:21 ===
Loading routes from "/Users/ulfangermann/projects/erlang/speiseplan/priv/speiseplan.routes" ....

=INFO REPORT==== 27-Aug-2012::09:21:21 ===
GET /eater/list [speiseplan] 200 108ms

=INFO REPORT==== 27-Aug-2012::09:22:04 ===
Loading routes from "/Users/ulfangermann/projects/erlang/speiseplan/priv/speiseplan.routes" ....

=INFO REPORT==== 27-Aug-2012::09:22:04 ===
GET /eater/list [speiseplan] 200 111ms

=INFO REPORT==== 27-Aug-2012::09:22:14 ===
Loading routes from "/Users/ulfangermann/projects/erlang/speiseplan/priv/speiseplan.routes" ....

=INFO REPORT==== 27-Aug-2012::09:22:14 ===
GET /eater/list [speiseplan] 200 117ms

=INFO REPORT==== 27-Aug-2012::09:22:20 ===
Loading routes from "/Users/ulfangermann/projects/erlang/speiseplan/priv/speiseplan.routes" ....

=INFO REPORT==== 27-Aug-2012::09:22:20 ===
GET /eater/list [speiseplan] 200 111ms

=INFO REPORT==== 27-Aug-2012::09:22:26 ===
Loading routes from "/Users/ulfangermann/projects/erlang/speiseplan/priv/speiseplan.routes" ....

=INFO REPORT==== 27-Aug-2012::09:22:26 ===
GET /eater/list [speiseplan] 200 113ms

=INFO REPORT==== 27-Aug-2012::09:22:38 ===
Loading routes from "/Users/ulfangermann/projects/erlang/speiseplan/priv/speiseplan.routes" ....

=INFO REPORT==== 27-Aug-2012::09:22:38 ===
GET /eater/list [speiseplan] 200 112ms

=INFO REPORT==== 27-Aug-2012::09:22:46 ===
Loading routes from "/Users/ulfangermann/projects/erlang/speiseplan/priv/speiseplan.routes" ....

=INFO REPORT==== 27-Aug-2012::09:22:46 ===
GET /eater/list [speiseplan] 200 117ms

=INFO REPORT==== 27-Aug-2012::09:23:40 ===
Loading routes from "/Users/ulfangermann/projects/erlang/speiseplan/priv/speiseplan.routes" ....

=INFO REPORT==== 27-Aug-2012::09:23:40 ===
GET /eater/list [speiseplan] 200 106ms

=INFO REPORT==== 27-Aug-2012::09:24:59 ===
Loading routes from "/Users/ulfangermann/projects/erlang/speiseplan/priv/speiseplan.routes" ....

=INFO REPORT==== 27-Aug-2012::09:24:59 ===
GET /eater/list [speiseplan] 200 108ms

=INFO REPORT==== 27-Aug-2012::09:25:10 ===
Loading routes from "/Users/ulfangermann/projects/erlang/speiseplan/priv/speiseplan.routes" ....

=INFO REPORT==== 27-Aug-2012::09:25:10 ===
GET /eater/list [speiseplan] 200 111ms

=INFO REPORT==== 27-Aug-2012::09:25:25 ===
Loading routes from "/Users/ulfangermann/projects/erlang/speiseplan/priv/speiseplan.routes" ....

=INFO REPORT==== 27-Aug-2012::09:25:25 ===
GET /eater/list [speiseplan] 200 108ms

=INFO REPORT==== 27-Aug-2012::09:25:34 ===
Loading routes from "/Users/ulfangermann/projects/erlang/speiseplan/priv/speiseplan.routes" ....

=INFO REPORT==== 27-Aug-2012::09:25:34 ===
GET /eater/list [speiseplan] 200 112ms

=INFO REPORT==== 27-Aug-2012::09:25:51 ===
Loading routes from "/Users/ulfangermann/projects/erlang/speiseplan/priv/speiseplan.routes" ....

=INFO REPORT==== 27-Aug-2012::09:25:51 ===
GET /eater/list [speiseplan] 200 111ms

=INFO REPORT==== 27-Aug-2012::09:26:06 ===
Loading routes from "/Users/ulfangermann/projects/erlang/speiseplan/priv/speiseplan.routes" ....

=INFO REPORT==== 27-Aug-2012::09:26:06 ===
GET /eater/list [speiseplan] 200 110ms

=INFO REPORT==== 27-Aug-2012::09:26:16 ===
Loading routes from "/Users/ulfangermann/projects/erlang/speiseplan/priv/speiseplan.routes" ....

=INFO REPORT==== 27-Aug-2012::09:26:16 ===
GET /eater/list [speiseplan] 200 112ms

=INFO REPORT==== 27-Aug-2012::09:26:42 ===
Loading routes from "/Users/ulfangermann/projects/erlang/speiseplan/priv/speiseplan.routes" ....

=INFO REPORT==== 27-Aug-2012::09:26:42 ===
GET /eater/list [speiseplan] 200 108ms

=INFO REPORT==== 27-Aug-2012::09:27:53 ===
Loading routes from "/Users/ulfangermann/projects/erlang/speiseplan/priv/speiseplan.routes" ....

=INFO REPORT==== 27-Aug-2012::09:27:53 ===
GET /eater/list [speiseplan] 200 108ms

=INFO REPORT==== 27-Aug-2012::09:28:14 ===
Loading routes from "/Users/ulfangermann/projects/erlang/speiseplan/priv/speiseplan.routes" ....

=INFO REPORT==== 27-Aug-2012::09:28:14 ===
GET /eater/list [speiseplan] 200 110ms

=INFO REPORT==== 27-Aug-2012::09:28:17 ===
Loading routes from "/Users/ulfangermann/projects/erlang/speiseplan/priv/speiseplan.routes" ....

=INFO REPORT==== 27-Aug-2012::09:28:17 ===
GET /eater/login [speiseplan] 200 84ms

=INFO REPORT==== 27-Aug-2012::09:28:26 ===
Loading routes from "/Users/ulfangermann/projects/erlang/speiseplan/priv/speiseplan.routes" ....

=INFO REPORT==== 27-Aug-2012::09:28:27 ===
POST /eater/login [speiseplan] 302 80ms

=INFO REPORT==== 27-Aug-2012::09:28:27 ===
Loading routes from "/Users/ulfangermann/projects/erlang/speiseplan/priv/speiseplan.routes" ....

=INFO REPORT==== 27-Aug-2012::09:28:27 ===
GET /mahlzeiten/index [speiseplan] 200 116ms

=INFO REPORT==== 27-Aug-2012::09:28:35 ===
Loading routes from "/Users/ulfangermann/projects/erlang/speiseplan/priv/speiseplan.routes" ....

=ERROR REPORT==== 27-Aug-2012::09:28:35 ===
GET /admin/index [speiseplan] 404 87ms

=INFO REPORT==== 27-Aug-2012::09:40:23 ===
Loading routes from "/Users/ulfangermann/projects/erlang/speiseplan/priv/speiseplan.routes" ....

=ERROR REPORT==== 27-Aug-2012::09:40:23 ===
GET /admin/index [speiseplan] 404 83ms

=INFO REPORT==== 27-Aug-2012::09:45:46 ===
Loading routes from "/Users/ulfangermann/projects/erlang/speiseplan/priv/speiseplan.routes" ....

=INFO REPORT==== 27-Aug-2012::09:45:46 ===
GET /mahlzeiten/index [speiseplan] 200 9ms

=INFO REPORT==== 27-Aug-2012::09:46:16 ===
Loading routes from "/Users/ulfangermann/projects/erlang/speiseplan/priv/speiseplan.routes" ....

=INFO REPORT==== 27-Aug-2012::09:46:16 ===
GET /mahlzeiten/index [speiseplan] 200 8ms

=INFO REPORT==== 27-Aug-2012::09:46:23 ===
Loading routes from "/Users/ulfangermann/projects/erlang/speiseplan/priv/speiseplan.routes" ....

=INFO REPORT==== 27-Aug-2012::09:46:23 ===
GET /mahlzeiten/index [speiseplan] 200 84ms

=INFO REPORT==== 27-Aug-2012::09:46:25 ===
Loading routes from "/Users/ulfangermann/projects/erlang/speiseplan/priv/speiseplan.routes" ....

=ERROR REPORT==== 27-Aug-2012::09:46:25 ===
{{case_clause,undefined},
 [{user_lib,require_login,2,
            [{file,"/Users/ulfangermann/projects/erlang/speiseplan/src/lib/user_lib.erl"},
             {line,27}]},
  {boss_web_controller,execute_action,5,
                       [{file,"src/boss/boss_web_controller.erl"},{line,693}]},
  {boss_web_controller,process_request,5,
                       [{file,"src/boss/boss_web_controller.erl"},{line,460}]},
  {timer,tc,3,[{file,"timer.erl"},{line,194}]},
  {boss_web_controller,handle_request,3,
                       [{file,"src/boss/boss_web_controller.erl"},{line,388}]},
  {mochiweb_http,headers,5,[{file,"src/mochiweb_http.erl"},{line,90}]},
  {proc_lib,init_p_do_apply,3,[{file,"proc_lib.erl"},{line,227}]}]}

=ERROR REPORT==== 27-Aug-2012::09:46:25 ===
GET /admin/index [speiseplan] 500 81ms

=INFO REPORT==== 27-Aug-2012::09:48:24 ===
Loading routes from "/Users/ulfangermann/projects/erlang/speiseplan/priv/speiseplan.routes" ....

=INFO REPORT==== 27-Aug-2012::09:48:24 ===
GET /admin/index [speiseplan] 200 9ms

=INFO REPORT==== 27-Aug-2012::09:48:41 ===
Loading routes from "/Users/ulfangermann/projects/erlang/speiseplan/priv/speiseplan.routes" ....

=INFO REPORT==== 27-Aug-2012::09:48:41 ===
GET /admin/index [speiseplan] 302 79ms

=INFO REPORT==== 27-Aug-2012::09:48:41 ===
Loading routes from "/Users/ulfangermann/projects/erlang/speiseplan/priv/speiseplan.routes" ....

=INFO REPORT==== 27-Aug-2012::09:48:41 ===
GET /eater/login [speiseplan] 200 79ms

=INFO REPORT==== 27-Aug-2012::09:48:49 ===
Loading routes from "/Users/ulfangermann/projects/erlang/speiseplan/priv/speiseplan.routes" ....

=INFO REPORT==== 27-Aug-2012::09:48:49 ===
POST /eater/login [speiseplan] 302 81ms

=INFO REPORT==== 27-Aug-2012::09:48:49 ===
Loading routes from "/Users/ulfangermann/projects/erlang/speiseplan/priv/speiseplan.routes" ....

=INFO REPORT==== 27-Aug-2012::09:48:49 ===
GET /mahlzeiten/index [speiseplan] 200 81ms

=INFO REPORT==== 27-Aug-2012::09:48:52 ===
Loading routes from "/Users/ulfangermann/projects/erlang/speiseplan/priv/speiseplan.routes" ....

=INFO REPORT==== 27-Aug-2012::09:48:52 ===
GET /admin/index [speiseplan] 302 82ms

=INFO REPORT==== 27-Aug-2012::09:48:52 ===
Loading routes from "/Users/ulfangermann/projects/erlang/speiseplan/priv/speiseplan.routes" ....

=INFO REPORT==== 27-Aug-2012::09:48:52 ===
GET /eater/login [speiseplan] 200 79ms

=INFO REPORT==== 27-Aug-2012::09:49:04 ===
Loading routes from "/Users/ulfangermann/projects/erlang/speiseplan/priv/speiseplan.routes" ....

=INFO REPORT==== 27-Aug-2012::09:49:04 ===
GET /eater/list [speiseplan] 200 83ms

=INFO REPORT==== 27-Aug-2012::09:49:17 ===
Loading routes from "/Users/ulfangermann/projects/erlang/speiseplan/priv/speiseplan.routes" ....

=INFO REPORT==== 27-Aug-2012::09:49:17 ===
POST /eater/create [speiseplan] 302 78ms

=INFO REPORT==== 27-Aug-2012::09:49:17 ===
Loading routes from "/Users/ulfangermann/projects/erlang/speiseplan/priv/speiseplan.routes" ....

=INFO REPORT==== 27-Aug-2012::09:49:17 ===
GET /eater/list [speiseplan] 200 79ms

=INFO REPORT==== 27-Aug-2012::09:49:20 ===
Loading routes from "/Users/ulfangermann/projects/erlang/speiseplan/priv/speiseplan.routes" ....

=INFO REPORT==== 27-Aug-2012::09:49:20 ===
GET /admin/index [speiseplan] 302 82ms

=INFO REPORT==== 27-Aug-2012::09:49:20 ===
Loading routes from "/Users/ulfangermann/projects/erlang/speiseplan/priv/speiseplan.routes" ....

=INFO REPORT==== 27-Aug-2012::09:49:21 ===
GET /eater/login [speiseplan] 200 80ms

=INFO REPORT==== 27-Aug-2012::09:49:27 ===
Loading routes from "/Users/ulfangermann/projects/erlang/speiseplan/priv/speiseplan.routes" ....

=INFO REPORT==== 27-Aug-2012::09:49:27 ===
POST /eater/login [speiseplan] 302 80ms

=INFO REPORT==== 27-Aug-2012::09:49:27 ===
Loading routes from "/Users/ulfangermann/projects/erlang/speiseplan/priv/speiseplan.routes" ....

=INFO REPORT==== 27-Aug-2012::09:49:27 ===
GET /mahlzeiten/index [speiseplan] 200 82ms

=INFO REPORT==== 27-Aug-2012::09:49:29 ===
Loading routes from "/Users/ulfangermann/projects/erlang/speiseplan/priv/speiseplan.routes" ....

=INFO REPORT==== 27-Aug-2012::09:49:29 ===
GET /admin/index [speiseplan] 302 81ms

=INFO REPORT==== 27-Aug-2012::09:49:29 ===
Loading routes from "/Users/ulfangermann/projects/erlang/speiseplan/priv/speiseplan.routes" ....

=INFO REPORT==== 27-Aug-2012::09:49:29 ===
GET /eater/login [speiseplan] 200 82ms

=INFO REPORT==== 27-Aug-2012::09:50:05 ===
Loading routes from "/Users/ulfangermann/projects/erlang/speiseplan/priv/speiseplan.routes" ....

=INFO REPORT==== 27-Aug-2012::09:50:05 ===
GET /admin/index [speiseplan] 302 80ms

=INFO REPORT==== 27-Aug-2012::09:50:05 ===
Loading routes from "/Users/ulfangermann/projects/erlang/speiseplan/priv/speiseplan.routes" ....

=INFO REPORT==== 27-Aug-2012::09:50:06 ===
GET /eater/login [speiseplan] 200 78ms

=INFO REPORT==== 27-Aug-2012::09:50:14 ===
Loading routes from "/Users/ulfangermann/projects/erlang/speiseplan/priv/speiseplan.routes" ....

=INFO REPORT==== 27-Aug-2012::09:50:14 ===
POST /eater/login [speiseplan] 302 82ms

=INFO REPORT==== 27-Aug-2012::09:50:14 ===
Loading routes from "/Users/ulfangermann/projects/erlang/speiseplan/priv/speiseplan.routes" ....

=INFO REPORT==== 27-Aug-2012::09:50:14 ===
GET /mahlzeiten/index [speiseplan] 200 83ms

=INFO REPORT==== 27-Aug-2012::09:50:20 ===
Loading routes from "/Users/ulfangermann/projects/erlang/speiseplan/priv/speiseplan.routes" ....

=INFO REPORT==== 27-Aug-2012::09:50:20 ===
GET /admin/index [speiseplan] 302 81ms

=INFO REPORT==== 27-Aug-2012::09:50:20 ===
Loading routes from "/Users/ulfangermann/projects/erlang/speiseplan/priv/speiseplan.routes" ....

=INFO REPORT==== 27-Aug-2012::09:50:20 ===
GET /eater/login [speiseplan] 200 79ms

=INFO REPORT==== 27-Aug-2012::09:51:16 ===
Loading routes from "/Users/ulfangermann/projects/erlang/speiseplan/priv/speiseplan.routes" ....

=INFO REPORT==== 27-Aug-2012::09:51:16 ===
GET /eater/login [speiseplan] 200 7ms

=INFO REPORT==== 27-Aug-2012::09:51:27 ===
Loading routes from "/Users/ulfangermann/projects/erlang/speiseplan/priv/speiseplan.routes" ....

=INFO REPORT==== 27-Aug-2012::09:51:27 ===
GET /eater/login [speiseplan] 200 84ms

=INFO REPORT==== 27-Aug-2012::09:51:33 ===
Loading routes from "/Users/ulfangermann/projects/erlang/speiseplan/priv/speiseplan.routes" ....

=INFO REPORT==== 27-Aug-2012::09:51:33 ===
POST /eater/login [speiseplan] 302 83ms

=INFO REPORT==== 27-Aug-2012::09:51:33 ===
Loading routes from "/Users/ulfangermann/projects/erlang/speiseplan/priv/speiseplan.routes" ....

=INFO REPORT==== 27-Aug-2012::09:51:33 ===
GET /mahlzeiten/index [speiseplan] 200 85ms

=INFO REPORT==== 27-Aug-2012::09:51:35 ===
Loading routes from "/Users/ulfangermann/projects/erlang/speiseplan/priv/speiseplan.routes" ....

=ERROR REPORT==== 27-Aug-2012::09:51:35 ===
GET /admin/index [speiseplan] 404 83ms

=INFO REPORT==== 27-Aug-2012::09:53:12 ===
Loading routes from "/Users/ulfangermann/projects/erlang/speiseplan/priv/speiseplan.routes" ....

=INFO REPORT==== 27-Aug-2012::09:53:12 ===
GET /admin/index [speiseplan] 200 126ms

=INFO REPORT==== 27-Aug-2012::09:53:12 ===
Loading routes from "/Users/ulfangermann/projects/erlang/speiseplan/priv/speiseplan.routes" ....

=ERROR REPORT==== 27-Aug-2012::09:53:12 ===
GET /admin/favicon.ico [speiseplan] 404 87ms

=INFO REPORT==== 27-Aug-2012::09:53:44 ===
Loading routes from "/Users/ulfangermann/projects/erlang/speiseplan/priv/speiseplan.routes" ....

=INFO REPORT==== 27-Aug-2012::09:53:44 ===
GET /admin/index [speiseplan] 200 120ms

=INFO REPORT==== 27-Aug-2012::09:53:58 ===
Loading routes from "/Users/ulfangermann/projects/erlang/speiseplan/priv/speiseplan.routes" ....

=INFO REPORT==== 27-Aug-2012::09:53:58 ===
POST /admin/create [speiseplan] 302 85ms

=INFO REPORT==== 27-Aug-2012::09:53:58 ===
Loading routes from "/Users/ulfangermann/projects/erlang/speiseplan/priv/speiseplan.routes" ....

=INFO REPORT==== 27-Aug-2012::09:53:58 ===
GET /admin/index [speiseplan] 200 86ms

=INFO REPORT==== 27-Aug-2012::09:54:10 ===
Loading routes from "/Users/ulfangermann/projects/erlang/speiseplan/priv/speiseplan.routes" ....

=INFO REPORT==== 27-Aug-2012::09:54:10 ===
GET /mahlzeiten/index [speiseplan] 200 128ms

=INFO REPORT==== 27-Aug-2012::09:54:32 ===
Loading routes from "/Users/ulfangermann/projects/erlang/speiseplan/priv/speiseplan.routes" ....

=INFO REPORT==== 27-Aug-2012::09:54:32 ===
GET /admin/index [speiseplan] 200 86ms

=INFO REPORT==== 27-Aug-2012::09:57:12 ===
Loading routes from "/Users/ulfangermann/projects/erlang/speiseplan/priv/speiseplan.routes" ....

=INFO REPORT==== 27-Aug-2012::09:57:12 ===
GET /admin/index [speiseplan] 200 87ms

=INFO REPORT==== 27-Aug-2012::09:57:18 ===
Loading routes from "/Users/ulfangermann/projects/erlang/speiseplan/priv/speiseplan.routes" ....

=INFO REPORT==== 27-Aug-2012::09:57:18 ===
GET /mahlzeiten/index [speiseplan] 200 87ms

=INFO REPORT==== 27-Aug-2012::09:57:22 ===
Loading routes from "/Users/ulfangermann/projects/erlang/speiseplan/priv/speiseplan.routes" ....

=INFO REPORT==== 27-Aug-2012::09:57:22 ===
GET /admin/index [speiseplan] 200 89ms

=INFO REPORT==== 27-Aug-2012::10:02:27 ===
Loading routes from "/Users/ulfangermann/projects/erlang/speiseplan/priv/speiseplan.routes" ....

=INFO REPORT==== 27-Aug-2012::10:02:28 ===
GET /admin/index [speiseplan] 200 95ms

=INFO REPORT==== 27-Aug-2012::10:05:34 ===
Loading routes from "/Users/ulfangermann/projects/erlang/speiseplan/priv/speiseplan.routes" ....

=INFO REPORT==== 27-Aug-2012::10:05:34 ===
GET /admin/index [speiseplan] 200 86ms

=INFO REPORT==== 27-Aug-2012::10:05:53 ===
Loading routes from "/Users/ulfangermann/projects/erlang/speiseplan/priv/speiseplan.routes" ....

=INFO REPORT==== 27-Aug-2012::10:05:53 ===
GET /admin/index [speiseplan] 200 89ms

=INFO REPORT==== 27-Aug-2012::10:06:57 ===
Loading routes from "/Users/ulfangermann/projects/erlang/speiseplan/priv/speiseplan.routes" ....

=INFO REPORT==== 27-Aug-2012::10:06:57 ===
GET /admin/index [speiseplan] 200 88ms

=INFO REPORT==== 27-Aug-2012::10:06:58 ===
Loading routes from "/Users/ulfangermann/projects/erlang/speiseplan/priv/speiseplan.routes" ....

=INFO REPORT==== 27-Aug-2012::10:06:58 ===
GET /admin/index [speiseplan] 200 92ms

=INFO REPORT==== 27-Aug-2012::10:07:04 ===
Loading routes from "/Users/ulfangermann/projects/erlang/speiseplan/priv/speiseplan.routes" ....

=INFO REPORT==== 27-Aug-2012::10:07:04 ===
GET /mahlzeiten/index [speiseplan] 200 130ms

=INFO REPORT==== 27-Aug-2012::10:09:02 ===
Loading routes from "/Users/ulfangermann/projects/erlang/speiseplan/priv/speiseplan.routes" ....

=INFO REPORT==== 27-Aug-2012::10:09:02 ===
GET /mahlzeiten/index [speiseplan] 200 128ms

=INFO REPORT==== 27-Aug-2012::10:11:40 ===
Loading routes from "/Users/ulfangermann/projects/erlang/speiseplan/priv/speiseplan.routes" ....

=INFO REPORT==== 27-Aug-2012::10:11:40 ===
GET /admin/index [speiseplan] 200 90ms

=INFO REPORT==== 27-Aug-2012::10:19:21 ===
Loading routes from "/Users/ulfangermann/projects/erlang/speiseplan/priv/speiseplan.routes" ....

=INFO REPORT==== 27-Aug-2012::10:19:22 ===
GET /admin/index [speiseplan] 200 90ms

=INFO REPORT==== 27-Aug-2012::10:20:05 ===
Loading routes from "/Users/ulfangermann/projects/erlang/speiseplan/priv/speiseplan.routes" ....

=INFO REPORT==== 27-Aug-2012::10:20:05 ===
GET /admin/index [speiseplan] 200 117ms

=INFO REPORT==== 27-Aug-2012::10:24:24 ===
Loading routes from "/Users/ulfangermann/projects/erlang/speiseplan/priv/speiseplan.routes" ....

=ERROR REPORT==== 27-Aug-2012::10:24:24 ===
Call to tuple fun {unbound_var,'Bookings'}.

Tuple funs are deprecated and will be removed in R16. Use "fun M:F/A" instead, for example "fun unbound_var:'Bookings'/0".

(This warning will only be shown the first time a tuple fun is called.)


=ERROR REPORT==== 27-Aug-2012::10:24:24 ===
{undef,[{unbound_var,'Bookings',[],[]},
        {erlydtl_filters,format_number,1,
                         [{file,"src/erlydtl_filters.erl"},{line,335}]},
        {boss_html_error_template,'-render_internal/4-fun-0-',2,[]},
        {lists,mapfoldl,3,[{file,"lists.erl"},{line,1278}]},
        {erlydtl_runtime,forloop,3,
                         [{file,"src/erlydtl_runtime.erl"},{line,228}]},
        {boss_html_error_template,'-render_internal/4-fun-2-',2,[]},
        {lists,mapfoldl,3,[{file,"lists.erl"},{line,1278}]},
        {erlydtl_runtime,forloop,3,
                         [{file,"src/erlydtl_runtime.erl"},{line,228}]}]}

=ERROR REPORT==== 27-Aug-2012::10:24:24 ===
POST /admin/create [speiseplan] 500 48ms

=INFO REPORT==== 27-Aug-2012::10:25:58 ===
Loading routes from "/Users/ulfangermann/projects/erlang/speiseplan/priv/speiseplan.routes" ....

=ERROR REPORT==== 27-Aug-2012::10:25:58 ===
{undef,[{unbound_var,'SaveMahlzeit',[],[]},
        {erlydtl_filters,format_number,1,
                         [{file,"src/erlydtl_filters.erl"},{line,335}]},
        {boss_html_error_template,'-render_internal/4-fun-0-',2,[]},
        {lists,mapfoldl,3,[{file,"lists.erl"},{line,1278}]},
        {erlydtl_runtime,forloop,3,
                         [{file,"src/erlydtl_runtime.erl"},{line,228}]},
        {boss_html_error_template,'-render_internal/4-fun-2-',2,[]},
        {lists,mapfoldl,3,[{file,"lists.erl"},{line,1278}]},
        {erlydtl_runtime,forloop,3,
                         [{file,"src/erlydtl_runtime.erl"},{line,228}]}]}

=ERROR REPORT==== 27-Aug-2012::10:25:58 ===
POST /admin/create [speiseplan] 500 44ms

=INFO REPORT==== 27-Aug-2012::10:26:09 ===
Loading routes from "/Users/ulfangermann/projects/erlang/speiseplan/priv/speiseplan.routes" ....

=ERROR REPORT==== 27-Aug-2012::10:26:09 ===
{undef,[{unbound_var,'SaveMahlzeit',[],[]},
        {erlydtl_filters,format_number,1,
                         [{file,"src/erlydtl_filters.erl"},{line,335}]},
        {boss_html_error_template,'-render_internal/4-fun-0-',2,[]},
        {lists,mapfoldl,3,[{file,"lists.erl"},{line,1278}]},
        {erlydtl_runtime,forloop,3,
                         [{file,"src/erlydtl_runtime.erl"},{line,228}]},
        {boss_html_error_template,'-render_internal/4-fun-2-',2,[]},
        {lists,mapfoldl,3,[{file,"lists.erl"},{line,1278}]},
        {erlydtl_runtime,forloop,3,
                         [{file,"src/erlydtl_runtime.erl"},{line,228}]}]}

=ERROR REPORT==== 27-Aug-2012::10:26:09 ===
GET /admin/index [speiseplan] 500 50ms

=INFO REPORT==== 27-Aug-2012::10:26:29 ===
Loading routes from "/Users/ulfangermann/projects/erlang/speiseplan/priv/speiseplan.routes" ....

=ERROR REPORT==== 27-Aug-2012::10:26:29 ===
GET /login/list [speiseplan] 404 0ms

=INFO REPORT==== 27-Aug-2012::10:26:40 ===
Loading routes from "/Users/ulfangermann/projects/erlang/speiseplan/priv/speiseplan.routes" ....

=ERROR REPORT==== 27-Aug-2012::10:26:40 ===
{undef,[{unbound_var,'SaveMahlzeit',[],[]},
        {erlydtl_filters,format_number,1,
                         [{file,"src/erlydtl_filters.erl"},{line,335}]},
        {boss_html_error_template,'-render_internal/4-fun-0-',2,[]},
        {lists,mapfoldl,3,[{file,"lists.erl"},{line,1278}]},
        {erlydtl_runtime,forloop,3,
                         [{file,"src/erlydtl_runtime.erl"},{line,228}]},
        {boss_html_error_template,'-render_internal/4-fun-2-',2,[]},
        {lists,mapfoldl,3,[{file,"lists.erl"},{line,1278}]},
        {erlydtl_runtime,forloop,3,
                         [{file,"src/erlydtl_runtime.erl"},{line,228}]}]}

=ERROR REPORT==== 27-Aug-2012::10:26:40 ===
GET /eater/login [speiseplan] 500 50ms

=INFO REPORT==== 27-Aug-2012::10:27:17 ===
Loading routes from "/Users/ulfangermann/projects/erlang/speiseplan/priv/speiseplan.routes" ....

=ERROR REPORT==== 27-Aug-2012::10:27:17 ===
{function_clause,
    [{mahlzeit,id,
         [{mahlzeit,"mahlzeit-3","2012-08-07","Currywurst","asdasdsad","1",
              undefined}],
         []},
     {speiseplan_view_admin_index_html,'-render_internal/4-fun-0-',2,[]},
     {lists,mapfoldl,3,[{file,"lists.erl"},{line,1278}]},
     {erlydtl_runtime,forloop,3,[{file,"src/erlydtl_runtime.erl"},{line,228}]},
     {speiseplan_view_admin_index_html,render_internal,4,[]},
     {speiseplan_view_admin_index_html,render,2,[]},
     {boss_web_controller,render_view,6,
         [{file,"src/boss/boss_web_controller.erl"},{line,843}]},
     {boss_web_controller,execute_action,5,
         [{file,"src/boss/boss_web_controller.erl"},{line,734}]}]}

=ERROR REPORT==== 27-Aug-2012::10:27:17 ===
GET /admin/index [speiseplan] 500 88ms

=INFO REPORT==== 27-Aug-2012::10:27:25 ===
Loading routes from "/Users/ulfangermann/projects/erlang/speiseplan/priv/speiseplan.routes" ....

=ERROR REPORT==== 27-Aug-2012::10:27:26 ===
{function_clause,
    [{mahlzeit,id,
         [{mahlzeit,"mahlzeit-3","2012-08-07","Currywurst","asdasdsad","1",
              undefined}],
         []},
     {speiseplan_view_admin_index_html,'-render_internal/4-fun-0-',2,[]},
     {lists,mapfoldl,3,[{file,"lists.erl"},{line,1278}]},
     {erlydtl_runtime,forloop,3,[{file,"src/erlydtl_runtime.erl"},{line,228}]},
     {speiseplan_view_admin_index_html,render_internal,4,[]},
     {speiseplan_view_admin_index_html,render,2,[]},
     {boss_web_controller,render_view,6,
         [{file,"src/boss/boss_web_controller.erl"},{line,843}]},
     {boss_web_controller,execute_action,5,
         [{file,"src/boss/boss_web_controller.erl"},{line,734}]}]}

=ERROR REPORT==== 27-Aug-2012::10:27:26 ===
GET /admin/index [speiseplan] 500 92ms
