
=INFO REPORT==== 3-Sep-2012::16:41:03 ===
Starting Boss in development mode....

=INFO REPORT==== 3-Sep-2012::16:41:03 ===
Starting master services on 'speiseplan@Ulf-Angermann-s-MacBook-Pro'

=INFO REPORT==== 3-Sep-2012::16:41:03 ===
SSL:[]

=INFO REPORT==== 3-Sep-2012::16:41:03 ===
Loading routes from "/Users/ulfangermann/projects/erlang/speiseplan/priv/speiseplan.routes" ....

=INFO REPORT==== 3-Sep-2012::16:41:13 ===
Loading routes from "/Users/ulfangermann/projects/erlang/speiseplan/priv/speiseplan.routes" ....

=INFO REPORT==== 3-Sep-2012::16:41:13 ===
POST /registration/create [speiseplan] 302 123ms

=INFO REPORT==== 3-Sep-2012::16:41:13 ===
Loading routes from "/Users/ulfangermann/projects/erlang/speiseplan/priv/speiseplan.routes" ....

=INFO REPORT==== 3-Sep-2012::16:41:14 ===
GET /eater/login [speiseplan] 200 129ms

=INFO REPORT==== 3-Sep-2012::16:41:21 ===
Loading routes from "/Users/ulfangermann/projects/erlang/speiseplan/priv/speiseplan.routes" ....

=INFO REPORT==== 3-Sep-2012::16:41:22 ===
POST /eater/login [speiseplan] 302 131ms

=INFO REPORT==== 3-Sep-2012::16:41:22 ===
Loading routes from "/Users/ulfangermann/projects/erlang/speiseplan/priv/speiseplan.routes" ....

=INFO REPORT==== 3-Sep-2012::16:41:22 ===
GET /booking/index [speiseplan] 200 131ms

=INFO REPORT==== 3-Sep-2012::16:41:22 ===
Loading routes from "/Users/ulfangermann/projects/erlang/speiseplan/priv/speiseplan.routes" ....

=ERROR REPORT==== 3-Sep-2012::16:41:22 ===
GET /booking/favicon.ico [speiseplan] 404 136ms
