
=INFO REPORT==== 8-Sep-2012::10:06:11 ===
Starting Boss in development mode....

=INFO REPORT==== 8-Sep-2012::10:06:11 ===
Starting master services on speiseplan@noname

=INFO REPORT==== 8-Sep-2012::10:06:11 ===
SSL:[]

=INFO REPORT==== 8-Sep-2012::10:06:11 ===
Loading routes from "/Users/ulfangermann/projects/erlang/speiseplan/priv/speiseplan.routes" ....

=INFO REPORT==== 8-Sep-2012::10:06:12 ===
Loading routes from "../cb_admin/priv/cb_admin.routes" ....

=INFO REPORT==== 8-Sep-2012::10:06:17 ===
Loading routes from "/Users/ulfangermann/projects/erlang/speiseplan/priv/speiseplan.routes" ....

=INFO REPORT==== 8-Sep-2012::10:06:17 ===
POST /login/index [speiseplan] 200 121ms

=INFO REPORT==== 8-Sep-2012::10:06:55 ===
Loading routes from "/Users/ulfangermann/projects/erlang/speiseplan/priv/speiseplan.routes" ....

=INFO REPORT==== 8-Sep-2012::10:06:55 ===
POST /login/index [speiseplan] 200 148ms

=INFO REPORT==== 8-Sep-2012::10:08:21 ===
Loading routes from "/Users/ulfangermann/projects/erlang/speiseplan/priv/speiseplan.routes" ....

=INFO REPORT==== 8-Sep-2012::10:08:21 ===
POST /login/index [speiseplan] 200 147ms

=INFO REPORT==== 8-Sep-2012::10:08:25 ===
Loading routes from "/Users/ulfangermann/projects/erlang/speiseplan/priv/speiseplan.routes" ....

=INFO REPORT==== 8-Sep-2012::10:08:25 ===
POST /login/index [speiseplan] 200 142ms
