
=INFO REPORT==== 23-Aug-2012::09:41:50 ===
Starting Boss in development mode....

=INFO REPORT==== 23-Aug-2012::09:41:50 ===
Starting master services on 'speiseplan@Ulf-Angermann-s-MacBook-Pro'

=INFO REPORT==== 23-Aug-2012::09:41:50 ===
SSL:[]

=INFO REPORT==== 23-Aug-2012::09:41:50 ===
Loading routes from "/Users/ulfangermann/projects/erlang/speiseplan/priv/speiseplan.routes" ....

=INFO REPORT==== 23-Aug-2012::09:41:53 ===
Loading routes from "/Users/ulfangermann/projects/erlang/speiseplan/priv/speiseplan.routes" ....

=INFO REPORT==== 23-Aug-2012::09:41:53 ===
GET /mahlzeit/hello [speiseplan] 200 8ms

=INFO REPORT==== 23-Aug-2012::09:42:15 ===
Loading routes from "/Users/ulfangermann/projects/erlang/speiseplan/priv/speiseplan.routes" ....

=ERROR REPORT==== 23-Aug-2012::09:42:15 ===
GET /mahlzeit/hello [speiseplan] 404 19ms

=INFO REPORT==== 23-Aug-2012::09:43:01 ===
Loading routes from "/Users/ulfangermann/projects/erlang/speiseplan/priv/speiseplan.routes" ....

=ERROR REPORT==== 23-Aug-2012::09:43:01 ===
GET /mahlzeit/hello [speiseplan] 404 15ms

=INFO REPORT==== 23-Aug-2012::09:43:03 ===
Loading routes from "/Users/ulfangermann/projects/erlang/speiseplan/priv/speiseplan.routes" ....

=ERROR REPORT==== 23-Aug-2012::09:43:03 ===
GET /mahlzeit/hello [speiseplan] 404 15ms

=INFO REPORT==== 23-Aug-2012::09:43:55 ===
Loading routes from "/Users/ulfangermann/projects/erlang/speiseplan/priv/speiseplan.routes" ....

=INFO REPORT==== 23-Aug-2012::09:43:55 ===
GET /mahlzeit/hello [speiseplan] 200 29ms

=INFO REPORT==== 23-Aug-2012::09:47:34 ===
Loading routes from "/Users/ulfangermann/projects/erlang/speiseplan/priv/speiseplan.routes" ....

=INFO REPORT==== 23-Aug-2012::09:47:34 ===
GET /mahlzeit/hello [speiseplan] 200 22ms

=INFO REPORT==== 23-Aug-2012::09:48:12 ===
Loading routes from "/Users/ulfangermann/projects/erlang/speiseplan/priv/speiseplan.routes" ....

=INFO REPORT==== 23-Aug-2012::09:48:12 ===
GET /mahlzeit/hello [speiseplan] 200 32ms

=INFO REPORT==== 23-Aug-2012::09:48:16 ===
Loading routes from "/Users/ulfangermann/projects/erlang/speiseplan/priv/speiseplan.routes" ....

=ERROR REPORT==== 23-Aug-2012::09:48:16 ===
GET /mahlzeit [speiseplan] 404 26ms

=INFO REPORT==== 23-Aug-2012::09:48:27 ===
GET /doc/mahlzeit [speiseplan] 200 71ms

=ERROR REPORT==== 23-Aug-2012::09:48:27 ===
GET /doc/stylesheet.css [speiseplan] 404 0ms

=ERROR REPORT==== 23-Aug-2012::09:48:27 ===
GET /doc/erlang.png [speiseplan] 404 0ms

=INFO REPORT==== 23-Aug-2012::09:48:35 ===
Loading routes from "/Users/ulfangermann/projects/erlang/speiseplan/priv/speiseplan.routes" ....

=ERROR REPORT==== 23-Aug-2012::09:48:35 ===
GET /mahlzeit [speiseplan] 404 28ms

=INFO REPORT==== 23-Aug-2012::09:57:24 ===
Loading routes from "/Users/ulfangermann/projects/erlang/speiseplan/priv/speiseplan.routes" ....

=ERROR REPORT==== 23-Aug-2012::09:57:24 ===
GET /mahlzeiten/hello [speiseplan] 404 26ms

=INFO REPORT==== 23-Aug-2012::09:57:45 ===
Loading routes from "/Users/ulfangermann/projects/erlang/speiseplan/priv/speiseplan.routes" ....

=INFO REPORT==== 23-Aug-2012::09:57:45 ===
GET /mahlzeiten/hello [speiseplan] 200 33ms

=INFO REPORT==== 23-Aug-2012::09:58:24 ===
Loading routes from "/Users/ulfangermann/projects/erlang/speiseplan/priv/speiseplan.routes" ....

=ERROR REPORT==== 23-Aug-2012::09:58:24 ===
GET /mahlzeiten/detail [speiseplan] 404 25ms

=INFO REPORT==== 23-Aug-2012::09:58:52 ===
Loading routes from "/Users/ulfangermann/projects/erlang/speiseplan/priv/speiseplan.routes" ....

=INFO REPORT==== 23-Aug-2012::09:58:52 ===
GET /mahlzeiten/detail [speiseplan] 200 35ms

=INFO REPORT==== 23-Aug-2012::10:02:04 ===
Loading routes from "/Users/ulfangermann/projects/erlang/speiseplan/priv/speiseplan.routes" ....

=ERROR REPORT==== 23-Aug-2012::10:02:04 ===
GET /mahlzeiten/ [speiseplan] 404 27ms

=INFO REPORT==== 23-Aug-2012::10:02:13 ===
Loading routes from "/Users/ulfangermann/projects/erlang/speiseplan/priv/speiseplan.routes" ....

=ERROR REPORT==== 23-Aug-2012::10:02:13 ===
GET /mahlzeiten/list.html [speiseplan] 404 27ms

=INFO REPORT==== 23-Aug-2012::10:02:21 ===
Loading routes from "/Users/ulfangermann/projects/erlang/speiseplan/priv/speiseplan.routes" ....

=ERROR REPORT==== 23-Aug-2012::10:02:21 ===
GET /mahlzeiten/list.html [speiseplan] 404 29ms

=INFO REPORT==== 23-Aug-2012::10:04:29 ===
Loading routes from "/Users/ulfangermann/projects/erlang/speiseplan/priv/speiseplan.routes" ....

=ERROR REPORT==== 23-Aug-2012::10:04:29 ===
GET /mahlzeiten/list.html [speiseplan] 404 29ms

=INFO REPORT==== 23-Aug-2012::10:04:40 ===
Loading routes from "/Users/ulfangermann/projects/erlang/speiseplan/priv/speiseplan.routes" ....

=INFO REPORT==== 23-Aug-2012::10:04:40 ===
GET /mahlzeiten/list [speiseplan] 200 41ms

=INFO REPORT==== 23-Aug-2012::10:31:47 ===
Loading routes from "/Users/ulfangermann/projects/erlang/speiseplan/priv/speiseplan.routes" ....

=INFO REPORT==== 23-Aug-2012::10:31:47 ===
GET /mahlzeiten/list [speiseplan] 200 10ms

=INFO REPORT==== 23-Aug-2012::10:32:19 ===
Loading routes from "/Users/ulfangermann/projects/erlang/speiseplan/priv/speiseplan.routes" ....

=ERROR REPORT==== 23-Aug-2012::10:32:19 ===
Call to tuple fun {unbound_var,'Vegetarin'}.

Tuple funs are deprecated and will be removed in R16. Use "fun M:F/A" instead, for example "fun unbound_var:'Vegetarin'/0".

(This warning will only be shown the first time a tuple fun is called.)


=ERROR REPORT==== 23-Aug-2012::10:32:19 ===
{undef,[{unbound_var,'Vegetarin',[],[]},
        {erlydtl_filters,format_number,1,
                         [{file,"src/erlydtl_filters.erl"},{line,335}]},
        {boss_html_error_template,'-render_internal/4-fun-0-',2,[]},
        {lists,mapfoldl,3,[{file,"lists.erl"},{line,1278}]},
        {erlydtl_runtime,forloop,3,
                         [{file,"src/erlydtl_runtime.erl"},{line,228}]},
        {boss_html_error_template,'-render_internal/4-fun-2-',2,[]},
        {lists,mapfoldl,3,[{file,"lists.erl"},{line,1278}]},
        {erlydtl_runtime,forloop,3,
                         [{file,"src/erlydtl_runtime.erl"},{line,228}]}]}

=ERROR REPORT==== 23-Aug-2012::10:32:19 ===
GET /mahlzeiten/list [speiseplan] 500 17ms

=INFO REPORT==== 23-Aug-2012::10:32:58 ===
Loading routes from "/Users/ulfangermann/projects/erlang/speiseplan/priv/speiseplan.routes" ....

=ERROR REPORT==== 23-Aug-2012::10:32:58 ===
{undef,[{unbound_var,'Vegetarin',[],[]},
        {erlydtl_filters,format_number,1,
                         [{file,"src/erlydtl_filters.erl"},{line,335}]},
        {boss_html_error_template,'-render_internal/4-fun-0-',2,[]},
        {lists,mapfoldl,3,[{file,"lists.erl"},{line,1278}]},
        {erlydtl_runtime,forloop,3,
                         [{file,"src/erlydtl_runtime.erl"},{line,228}]},
        {boss_html_error_template,'-render_internal/4-fun-2-',2,[]},
        {lists,mapfoldl,3,[{file,"lists.erl"},{line,1278}]},
        {erlydtl_runtime,forloop,3,
                         [{file,"src/erlydtl_runtime.erl"},{line,228}]}]}

=ERROR REPORT==== 23-Aug-2012::10:32:58 ===
GET /mahlzeiten/list [speiseplan] 500 14ms

=INFO REPORT==== 23-Aug-2012::10:33:56 ===
Loading routes from "/Users/ulfangermann/projects/erlang/speiseplan/priv/speiseplan.routes" ....

=ERROR REPORT==== 23-Aug-2012::10:33:56 ===
{undef,[{unbound_var,'Vegetarin',[],[]},
        {erlydtl_filters,format_number,1,
                         [{file,"src/erlydtl_filters.erl"},{line,335}]},
        {boss_html_error_template,'-render_internal/4-fun-0-',2,[]},
        {lists,mapfoldl,3,[{file,"lists.erl"},{line,1278}]},
        {erlydtl_runtime,forloop,3,
                         [{file,"src/erlydtl_runtime.erl"},{line,228}]},
        {boss_html_error_template,'-render_internal/4-fun-2-',2,[]},
        {lists,mapfoldl,3,[{file,"lists.erl"},{line,1278}]},
        {erlydtl_runtime,forloop,3,
                         [{file,"src/erlydtl_runtime.erl"},{line,228}]}]}

=ERROR REPORT==== 23-Aug-2012::10:33:56 ===
GET /mahlzeiten [speiseplan] 500 16ms

=INFO REPORT==== 23-Aug-2012::10:34:35 ===
Loading routes from "/Users/ulfangermann/projects/erlang/speiseplan/priv/speiseplan.routes" ....

=ERROR REPORT==== 23-Aug-2012::10:34:35 ===
{undef,[{unbound_var,'Vegetarin',[],[]},
        {erlydtl_filters,format_number,1,
                         [{file,"src/erlydtl_filters.erl"},{line,335}]},
        {boss_html_error_template,'-render_internal/4-fun-0-',2,[]},
        {lists,mapfoldl,3,[{file,"lists.erl"},{line,1278}]},
        {erlydtl_runtime,forloop,3,
                         [{file,"src/erlydtl_runtime.erl"},{line,228}]},
        {boss_html_error_template,'-render_internal/4-fun-2-',2,[]},
        {lists,mapfoldl,3,[{file,"lists.erl"},{line,1278}]},
        {erlydtl_runtime,forloop,3,
                         [{file,"src/erlydtl_runtime.erl"},{line,228}]}]}

=ERROR REPORT==== 23-Aug-2012::10:34:35 ===
GET /mahlzeiten/list [speiseplan] 500 19ms

=INFO REPORT==== 23-Aug-2012::10:35:17 ===
GET /doc/mahlzeiten/ [speiseplan] 200 13ms

=INFO REPORT==== 23-Aug-2012::10:35:19 ===
GET /doc/mahlzeit [speiseplan] 200 25ms

=ERROR REPORT==== 23-Aug-2012::10:35:19 ===
GET /doc/stylesheet.css [speiseplan] 404 0ms

=ERROR REPORT==== 23-Aug-2012::10:35:19 ===
GET /doc/erlang.png [speiseplan] 404 0ms

=INFO REPORT==== 23-Aug-2012::10:35:27 ===
GET /doc/ [speiseplan] 200 13ms

=INFO REPORT==== 23-Aug-2012::10:35:36 ===
Loading routes from "/Users/ulfangermann/projects/erlang/speiseplan/priv/speiseplan.routes" ....

=ERROR REPORT==== 23-Aug-2012::10:35:36 ===
{undef,[{unbound_var,'Vegetarin',[],[]},
        {erlydtl_filters,format_number,1,
                         [{file,"src/erlydtl_filters.erl"},{line,335}]},
        {boss_html_error_template,'-render_internal/4-fun-0-',2,[]},
        {lists,mapfoldl,3,[{file,"lists.erl"},{line,1278}]},
        {erlydtl_runtime,forloop,3,
                         [{file,"src/erlydtl_runtime.erl"},{line,228}]},
        {boss_html_error_template,'-render_internal/4-fun-2-',2,[]},
        {lists,mapfoldl,3,[{file,"lists.erl"},{line,1278}]},
        {erlydtl_runtime,forloop,3,
                         [{file,"src/erlydtl_runtime.erl"},{line,228}]}]}

=ERROR REPORT==== 23-Aug-2012::10:35:36 ===
GET /mahlzeiten [speiseplan] 500 16ms

=INFO REPORT==== 23-Aug-2012::10:36:13 ===
Loading routes from "/Users/ulfangermann/projects/erlang/speiseplan/priv/speiseplan.routes" ....

=ERROR REPORT==== 23-Aug-2012::10:36:13 ===
{undef,[{unbound_var,'Vegetarin',[],[]},
        {erlydtl_filters,format_number,1,
                         [{file,"src/erlydtl_filters.erl"},{line,335}]},
        {boss_html_error_template,'-render_internal/4-fun-0-',2,[]},
        {lists,mapfoldl,3,[{file,"lists.erl"},{line,1278}]},
        {erlydtl_runtime,forloop,3,
                         [{file,"src/erlydtl_runtime.erl"},{line,228}]},
        {boss_html_error_template,'-render_internal/4-fun-2-',2,[]},
        {lists,mapfoldl,3,[{file,"lists.erl"},{line,1278}]},
        {erlydtl_runtime,forloop,3,
                         [{file,"src/erlydtl_runtime.erl"},{line,228}]}]}

=ERROR REPORT==== 23-Aug-2012::10:36:13 ===
GET /mahlzeiten/list [speiseplan] 500 13ms

=INFO REPORT==== 23-Aug-2012::10:36:19 ===
Loading routes from "/Users/ulfangermann/projects/erlang/speiseplan/priv/speiseplan.routes" ....

=ERROR REPORT==== 23-Aug-2012::10:36:19 ===
{undef,[{unbound_var,'Vegetarin',[],[]},
        {erlydtl_filters,format_number,1,
                         [{file,"src/erlydtl_filters.erl"},{line,335}]},
        {boss_html_error_template,'-render_internal/4-fun-0-',2,[]},
        {lists,mapfoldl,3,[{file,"lists.erl"},{line,1278}]},
        {erlydtl_runtime,forloop,3,
                         [{file,"src/erlydtl_runtime.erl"},{line,228}]},
        {boss_html_error_template,'-render_internal/4-fun-2-',2,[]},
        {lists,mapfoldl,3,[{file,"lists.erl"},{line,1278}]},
        {erlydtl_runtime,forloop,3,
                         [{file,"src/erlydtl_runtime.erl"},{line,228}]}]}

=ERROR REPORT==== 23-Aug-2012::10:36:19 ===
GET /mahlzeiten/create [speiseplan] 500 18ms

=INFO REPORT==== 23-Aug-2012::10:37:04 ===
Loading routes from "/Users/ulfangermann/projects/erlang/speiseplan/priv/speiseplan.routes" ....

=INFO REPORT==== 23-Aug-2012::10:37:04 ===
GET /mahlzeiten/list [speiseplan] 200 27ms

=INFO REPORT==== 23-Aug-2012::10:37:08 ===
Loading routes from "/Users/ulfangermann/projects/erlang/speiseplan/priv/speiseplan.routes" ....

=INFO REPORT==== 23-Aug-2012::10:37:08 ===
GET /mahlzeiten/create [speiseplan] 200 40ms

=INFO REPORT==== 23-Aug-2012::10:37:16 ===
Loading routes from "/Users/ulfangermann/projects/erlang/speiseplan/priv/speiseplan.routes" ....

=INFO REPORT==== 23-Aug-2012::10:37:16 ===
POST /mahlzeiten/create [speiseplan] 302 31ms

=INFO REPORT==== 23-Aug-2012::10:37:16 ===
Loading routes from "/Users/ulfangermann/projects/erlang/speiseplan/priv/speiseplan.routes" ....

=INFO REPORT==== 23-Aug-2012::10:37:16 ===
GET /mahlzeiten/list [speiseplan] 200 27ms

=INFO REPORT==== 23-Aug-2012::10:37:20 ===
Loading routes from "/Users/ulfangermann/projects/erlang/speiseplan/priv/speiseplan.routes" ....

=INFO REPORT==== 23-Aug-2012::10:37:20 ===
GET /mahlzeiten/list [speiseplan] 200 30ms

=INFO REPORT==== 23-Aug-2012::10:37:30 ===
Loading routes from "/Users/ulfangermann/projects/erlang/speiseplan/priv/speiseplan.routes" ....

=INFO REPORT==== 23-Aug-2012::10:37:30 ===
GET /mahlzeiten/list [speiseplan] 200 31ms

=INFO REPORT==== 23-Aug-2012::10:37:47 ===
Loading routes from "/Users/ulfangermann/projects/erlang/speiseplan/priv/speiseplan.routes" ....

=ERROR REPORT==== 23-Aug-2012::10:37:47 ===
GET /mahlzeiten/ [speiseplan] 404 30ms

=INFO REPORT==== 23-Aug-2012::10:37:52 ===
Loading routes from "/Users/ulfangermann/projects/erlang/speiseplan/priv/speiseplan.routes" ....

=INFO REPORT==== 23-Aug-2012::10:37:52 ===
GET /mahlzeiten/list [speiseplan] 200 31ms

=INFO REPORT==== 23-Aug-2012::10:40:17 ===
Loading routes from "/Users/ulfangermann/projects/erlang/speiseplan/priv/speiseplan.routes" ....

=INFO REPORT==== 23-Aug-2012::10:40:17 ===
GET /mahlzeiten/list [speiseplan] 200 36ms

=INFO REPORT==== 23-Aug-2012::10:40:19 ===
Loading routes from "/Users/ulfangermann/projects/erlang/speiseplan/priv/speiseplan.routes" ....

=INFO REPORT==== 23-Aug-2012::10:40:19 ===
GET /mahlzeiten/create [speiseplan] 200 36ms

=INFO REPORT==== 23-Aug-2012::10:40:28 ===
Loading routes from "/Users/ulfangermann/projects/erlang/speiseplan/priv/speiseplan.routes" ....

=INFO REPORT==== 23-Aug-2012::10:40:28 ===
POST /mahlzeiten/create [speiseplan] 302 28ms

=INFO REPORT==== 23-Aug-2012::10:40:28 ===
Loading routes from "/Users/ulfangermann/projects/erlang/speiseplan/priv/speiseplan.routes" ....

=INFO REPORT==== 23-Aug-2012::10:40:28 ===
GET /mahlzeiten/list [speiseplan] 200 28ms

=INFO REPORT==== 23-Aug-2012::10:40:29 ===
Loading routes from "/Users/ulfangermann/projects/erlang/speiseplan/priv/speiseplan.routes" ....

=INFO REPORT==== 23-Aug-2012::10:40:29 ===
GET /mahlzeiten/create [speiseplan] 200 29ms

=INFO REPORT==== 23-Aug-2012::10:41:47 ===
Loading routes from "/Users/ulfangermann/projects/erlang/speiseplan/priv/speiseplan.routes" ....

=ERROR REPORT==== 23-Aug-2012::10:41:47 ===
{undef,
    [{logger,info_msg,["asdsad"],[]},
     {speiseplan_mahlzeiten_controller,create,3,
         [{file,
              "/Users/ulfangermann/projects/erlang/speiseplan/src/controller/speiseplan_mahlzeiten_controller.erl"},
          {line,18}]},
     {boss_web_controller,execute_action,5,
         [{file,"src/boss/boss_web_controller.erl"},{line,711}]},
     {boss_web_controller,process_request,5,
         [{file,"src/boss/boss_web_controller.erl"},{line,460}]},
     {timer,tc,3,[{file,"timer.erl"},{line,194}]},
     {boss_web_controller,handle_request,3,
         [{file,"src/boss/boss_web_controller.erl"},{line,388}]},
     {mochiweb_http,headers,5,[{file,"src/mochiweb_http.erl"},{line,90}]},
     {proc_lib,init_p_do_apply,3,[{file,"proc_lib.erl"},{line,227}]}]}

=ERROR REPORT==== 23-Aug-2012::10:41:47 ===
POST /mahlzeiten/create [speiseplan] 500 29ms

=INFO REPORT==== 23-Aug-2012::10:41:55 ===
Loading routes from "/Users/ulfangermann/projects/erlang/speiseplan/priv/speiseplan.routes" ....

=ERROR REPORT==== 23-Aug-2012::10:41:55 ===
{undef,
    [{logger,info_msg,["asdsad"],[]},
     {speiseplan_mahlzeiten_controller,create,3,
         [{file,
              "/Users/ulfangermann/projects/erlang/speiseplan/src/controller/speiseplan_mahlzeiten_controller.erl"},
          {line,18}]},
     {boss_web_controller,execute_action,5,
         [{file,"src/boss/boss_web_controller.erl"},{line,711}]},
     {boss_web_controller,process_request,5,
         [{file,"src/boss/boss_web_controller.erl"},{line,460}]},
     {timer,tc,3,[{file,"timer.erl"},{line,194}]},
     {boss_web_controller,handle_request,3,
         [{file,"src/boss/boss_web_controller.erl"},{line,388}]},
     {mochiweb_http,headers,5,[{file,"src/mochiweb_http.erl"},{line,90}]},
     {proc_lib,init_p_do_apply,3,[{file,"proc_lib.erl"},{line,227}]}]}

=ERROR REPORT==== 23-Aug-2012::10:41:55 ===
POST /mahlzeiten/create [speiseplan] 500 29ms

=INFO REPORT==== 23-Aug-2012::10:42:17 ===
Loading routes from "/Users/ulfangermann/projects/erlang/speiseplan/priv/speiseplan.routes" ....

=ERROR REPORT==== 23-Aug-2012::10:42:17 ===
{undef,
    [{logger,info_msg,["asdsad",[]],[]},
     {speiseplan_mahlzeiten_controller,create,3,
         [{file,
              "/Users/ulfangermann/projects/erlang/speiseplan/src/controller/speiseplan_mahlzeiten_controller.erl"},
          {line,18}]},
     {boss_web_controller,execute_action,5,
         [{file,"src/boss/boss_web_controller.erl"},{line,711}]},
     {boss_web_controller,process_request,5,
         [{file,"src/boss/boss_web_controller.erl"},{line,460}]},
     {timer,tc,3,[{file,"timer.erl"},{line,194}]},
     {boss_web_controller,handle_request,3,
         [{file,"src/boss/boss_web_controller.erl"},{line,388}]},
     {mochiweb_http,headers,5,[{file,"src/mochiweb_http.erl"},{line,90}]},
     {proc_lib,init_p_do_apply,3,[{file,"proc_lib.erl"},{line,227}]}]}

=ERROR REPORT==== 23-Aug-2012::10:42:17 ===
POST /mahlzeiten/create [speiseplan] 500 32ms

=INFO REPORT==== 23-Aug-2012::10:42:29 ===
Loading routes from "/Users/ulfangermann/projects/erlang/speiseplan/priv/speiseplan.routes" ....

=INFO REPORT==== 23-Aug-2012::10:42:29 ===
POST /mahlzeiten/create [speiseplan] 302 26ms

=INFO REPORT==== 23-Aug-2012::10:42:29 ===
Loading routes from "/Users/ulfangermann/projects/erlang/speiseplan/priv/speiseplan.routes" ....

=INFO REPORT==== 23-Aug-2012::10:42:29 ===
GET /mahlzeiten/list [speiseplan] 200 31ms

=INFO REPORT==== 23-Aug-2012::10:43:52 ===
Loading routes from "/Users/ulfangermann/projects/erlang/speiseplan/priv/speiseplan.routes" ....

=INFO REPORT==== 23-Aug-2012::10:43:52 ===
GET /mahlzeiten/list [speiseplan] 200 42ms

=INFO REPORT==== 23-Aug-2012::11:32:17 ===
Loading routes from "/Users/ulfangermann/projects/erlang/speiseplan/priv/speiseplan.routes" ....

=INFO REPORT==== 23-Aug-2012::11:32:17 ===
GET /mahlzeiten/create [speiseplan] 200 127ms

=INFO REPORT==== 23-Aug-2012::11:32:37 ===
Loading routes from "/Users/ulfangermann/projects/erlang/speiseplan/priv/speiseplan.routes" ....

=INFO REPORT==== 23-Aug-2012::11:32:37 ===
POST /mahlzeiten/create [speiseplan] 302 29ms

=INFO REPORT==== 23-Aug-2012::11:32:37 ===
Loading routes from "/Users/ulfangermann/projects/erlang/speiseplan/priv/speiseplan.routes" ....

=INFO REPORT==== 23-Aug-2012::11:32:37 ===
GET /mahlzeiten/list [speiseplan] 200 31ms

=INFO REPORT==== 23-Aug-2012::11:34:02 ===
Loading routes from "/Users/ulfangermann/projects/erlang/speiseplan/priv/speiseplan.routes" ....

=ERROR REPORT==== 23-Aug-2012::11:34:02 ===
GET / [speiseplan] 404 0ms

=INFO REPORT==== 23-Aug-2012::11:35:58 ===
Loading routes from "/Users/ulfangermann/projects/erlang/speiseplan/priv/speiseplan.routes" ....

=INFO REPORT==== 23-Aug-2012::11:35:58 ===
GET /mahlzeiten/list [speiseplan] 200 33ms

=INFO REPORT==== 23-Aug-2012::11:40:04 ===
Loading routes from "/Users/ulfangermann/projects/erlang/speiseplan/priv/speiseplan.routes" ....

=ERROR REPORT==== 23-Aug-2012::11:40:04 ===
GET / [speiseplan] 404 0ms

=INFO REPORT==== 23-Aug-2012::12:04:03 ===
Loading routes from "/Users/ulfangermann/projects/erlang/speiseplan/priv/speiseplan.routes" ....

=INFO REPORT==== 23-Aug-2012::12:04:03 ===
GET /mahlzeiten/create [speiseplan] 200 34ms

=INFO REPORT==== 23-Aug-2012::12:04:09 ===
Loading routes from "/Users/ulfangermann/projects/erlang/speiseplan/priv/speiseplan.routes" ....

=INFO REPORT==== 23-Aug-2012::12:04:09 ===
GET /mahlzeiten/list [speiseplan] 200 32ms

=INFO REPORT==== 23-Aug-2012::12:05:16 ===
Loading routes from "/Users/ulfangermann/projects/erlang/speiseplan/priv/speiseplan.routes" ....

=INFO REPORT==== 23-Aug-2012::12:05:16 ===
GET /mahlzeiten/list [speiseplan] 200 40ms

=INFO REPORT==== 23-Aug-2012::12:05:22 ===
Loading routes from "/Users/ulfangermann/projects/erlang/speiseplan/priv/speiseplan.routes" ....

=INFO REPORT==== 23-Aug-2012::12:05:22 ===
GET /mahlzeiten/list [speiseplan] 200 31ms

=INFO REPORT==== 23-Aug-2012::12:05:34 ===
Loading routes from "/Users/ulfangermann/projects/erlang/speiseplan/priv/speiseplan.routes" ....

=INFO REPORT==== 23-Aug-2012::12:05:34 ===
GET /mahlzeiten/list [speiseplan] 200 43ms

=INFO REPORT==== 23-Aug-2012::12:07:19 ===
Loading routes from "/Users/ulfangermann/projects/erlang/speiseplan/priv/speiseplan.routes" ....

=INFO REPORT==== 23-Aug-2012::12:07:19 ===
GET /mahlzeiten/list [speiseplan] 200 43ms

=INFO REPORT==== 23-Aug-2012::12:07:38 ===
Loading routes from "/Users/ulfangermann/projects/erlang/speiseplan/priv/speiseplan.routes" ....

=INFO REPORT==== 23-Aug-2012::12:07:38 ===
GET /mahlzeiten/create [speiseplan] 200 43ms

=INFO REPORT==== 23-Aug-2012::12:07:55 ===
Loading routes from "/Users/ulfangermann/projects/erlang/speiseplan/priv/speiseplan.routes" ....

=INFO REPORT==== 23-Aug-2012::12:07:55 ===
POST /mahlzeiten/create [speiseplan] 302 30ms

=INFO REPORT==== 23-Aug-2012::12:07:55 ===
Loading routes from "/Users/ulfangermann/projects/erlang/speiseplan/priv/speiseplan.routes" ....

=INFO REPORT==== 23-Aug-2012::12:07:55 ===
GET /mahlzeiten/list [speiseplan] 200 32ms

=INFO REPORT==== 23-Aug-2012::12:10:17 ===
Loading routes from "/Users/ulfangermann/projects/erlang/speiseplan/priv/speiseplan.routes" ....

=INFO REPORT==== 23-Aug-2012::12:10:17 ===
GET /mahlzeiten/list [speiseplan] 200 45ms
