
=INFO REPORT==== 26-Aug-2012::18:52:44 ===
Starting Boss in development mode....

=INFO REPORT==== 26-Aug-2012::18:52:44 ===
Starting master services on speiseplan@noname

=INFO REPORT==== 26-Aug-2012::18:52:45 ===
SSL:[]

=INFO REPORT==== 26-Aug-2012::18:52:45 ===
Loading routes from "/Users/ulfangermann/projects/erlang/speiseplan/priv/speiseplan.routes" ....

=INFO REPORT==== 26-Aug-2012::18:53:04 ===
Loading routes from "/Users/ulfangermann/projects/erlang/speiseplan/priv/speiseplan.routes" ....

=INFO REPORT==== 26-Aug-2012::18:53:04 ===
POST /eater/create [speiseplan] 302 61ms

=INFO REPORT==== 26-Aug-2012::18:53:04 ===
Loading routes from "/Users/ulfangermann/projects/erlang/speiseplan/priv/speiseplan.routes" ....

=INFO REPORT==== 26-Aug-2012::18:53:04 ===
GET /eater/list [speiseplan] 200 66ms

=INFO REPORT==== 26-Aug-2012::18:53:13 ===
Loading routes from "/Users/ulfangermann/projects/erlang/speiseplan/priv/speiseplan.routes" ....

=INFO REPORT==== 26-Aug-2012::18:53:13 ===
POST /eater/login [speiseplan] 302 66ms

=INFO REPORT==== 26-Aug-2012::18:53:13 ===
Loading routes from "/Users/ulfangermann/projects/erlang/speiseplan/priv/speiseplan.routes" ....

=ERROR REPORT==== 26-Aug-2012::18:53:13 ===
GET /eater/mahlzeiten/index [speiseplan] 404 67ms

=INFO REPORT==== 27-Aug-2012::07:22:35 ===
Loading routes from "/Users/ulfangermann/projects/erlang/speiseplan/priv/speiseplan.routes" ....

=ERROR REPORT==== 27-Aug-2012::07:22:35 ===
GET /mahlzeiten/indec [speiseplan] 404 74ms

=INFO REPORT==== 27-Aug-2012::07:22:39 ===
Loading routes from "/Users/ulfangermann/projects/erlang/speiseplan/priv/speiseplan.routes" ....

=INFO REPORT==== 27-Aug-2012::07:22:40 ===
GET /mahlzeiten/index [speiseplan] 200 116ms

=INFO REPORT==== 27-Aug-2012::07:22:40 ===
Loading routes from "/Users/ulfangermann/projects/erlang/speiseplan/priv/speiseplan.routes" ....

=ERROR REPORT==== 27-Aug-2012::07:22:40 ===
GET /mahlzeiten/favicon.ico [speiseplan] 404 76ms

=INFO REPORT==== 27-Aug-2012::07:23:01 ===
Loading routes from "/Users/ulfangermann/projects/erlang/speiseplan/priv/speiseplan.routes" ....

=INFO REPORT==== 27-Aug-2012::07:23:01 ===
GET /mahlzeiten/index [speiseplan] 200 87ms

=INFO REPORT==== 27-Aug-2012::07:23:31 ===
Loading routes from "/Users/ulfangermann/projects/erlang/speiseplan/priv/speiseplan.routes" ....

=INFO REPORT==== 27-Aug-2012::07:23:31 ===
GET /mahlzeiten/index [speiseplan] 200 72ms

=INFO REPORT==== 27-Aug-2012::07:23:44 ===
Loading routes from "/Users/ulfangermann/projects/erlang/speiseplan/priv/speiseplan.routes" ....

=INFO REPORT==== 27-Aug-2012::07:23:45 ===
GET /mahlzeiten/index [speiseplan] 200 114ms

=INFO REPORT==== 27-Aug-2012::07:24:36 ===
Loading routes from "/Users/ulfangermann/projects/erlang/speiseplan/priv/speiseplan.routes" ....

=INFO REPORT==== 27-Aug-2012::07:24:36 ===
GET /mahlzeiten/index [speiseplan] 200 81ms

=INFO REPORT==== 27-Aug-2012::07:25:12 ===
Loading routes from "/Users/ulfangermann/projects/erlang/speiseplan/priv/speiseplan.routes" ....

=INFO REPORT==== 27-Aug-2012::07:25:12 ===
GET /mahlzeiten/index [speiseplan] 200 80ms

=INFO REPORT==== 27-Aug-2012::07:25:39 ===
Loading routes from "/Users/ulfangermann/projects/erlang/speiseplan/priv/speiseplan.routes" ....

=INFO REPORT==== 27-Aug-2012::07:25:39 ===
GET /mahlzeiten/index [speiseplan] 200 109ms

=INFO REPORT==== 27-Aug-2012::07:26:02 ===
Loading routes from "/Users/ulfangermann/projects/erlang/speiseplan/priv/speiseplan.routes" ....

=INFO REPORT==== 27-Aug-2012::07:26:02 ===
GET /mahlzeiten/index [speiseplan] 200 114ms

=INFO REPORT==== 27-Aug-2012::07:28:35 ===
Loading routes from "/Users/ulfangermann/projects/erlang/speiseplan/priv/speiseplan.routes" ....

=INFO REPORT==== 27-Aug-2012::07:28:35 ===
GET /eater/list [speiseplan] 200 95ms

=INFO REPORT==== 27-Aug-2012::07:28:35 ===
Loading routes from "/Users/ulfangermann/projects/erlang/speiseplan/priv/speiseplan.routes" ....

=ERROR REPORT==== 27-Aug-2012::07:28:35 ===
GET /eater/favicon.ico [speiseplan] 404 70ms

=INFO REPORT==== 27-Aug-2012::07:28:46 ===
Loading routes from "/Users/ulfangermann/projects/erlang/speiseplan/priv/speiseplan.routes" ....

=INFO REPORT==== 27-Aug-2012::07:28:46 ===
GET /eater/list [speiseplan] 200 97ms

=INFO REPORT==== 27-Aug-2012::07:29:23 ===
Loading routes from "/Users/ulfangermann/projects/erlang/speiseplan/priv/speiseplan.routes" ....

=INFO REPORT==== 27-Aug-2012::07:29:23 ===
GET /eater/list [speiseplan] 200 97ms

=INFO REPORT==== 27-Aug-2012::07:29:38 ===
Loading routes from "/Users/ulfangermann/projects/erlang/speiseplan/priv/speiseplan.routes" ....

=INFO REPORT==== 27-Aug-2012::07:29:38 ===
GET /eater/list [speiseplan] 200 77ms

=INFO REPORT==== 27-Aug-2012::07:30:07 ===
Loading routes from "/Users/ulfangermann/projects/erlang/speiseplan/priv/speiseplan.routes" ....

=INFO REPORT==== 27-Aug-2012::07:30:07 ===
GET /eater/list [speiseplan] 200 98ms

=INFO REPORT==== 27-Aug-2012::07:30:28 ===
Loading routes from "/Users/ulfangermann/projects/erlang/speiseplan/priv/speiseplan.routes" ....

=INFO REPORT==== 27-Aug-2012::07:30:28 ===
GET /eater/list [speiseplan] 200 98ms

=INFO REPORT==== 27-Aug-2012::07:30:44 ===
Loading routes from "/Users/ulfangermann/projects/erlang/speiseplan/priv/speiseplan.routes" ....

=INFO REPORT==== 27-Aug-2012::07:30:44 ===
POST /eater/create [speiseplan] 302 70ms

=INFO REPORT==== 27-Aug-2012::07:30:44 ===
Loading routes from "/Users/ulfangermann/projects/erlang/speiseplan/priv/speiseplan.routes" ....

=INFO REPORT==== 27-Aug-2012::07:30:44 ===
GET /eater/list [speiseplan] 200 72ms

=INFO REPORT==== 27-Aug-2012::07:31:10 ===
Loading routes from "/Users/ulfangermann/projects/erlang/speiseplan/priv/speiseplan.routes" ....

=INFO REPORT==== 27-Aug-2012::07:31:11 ===
GET /eater/login [speiseplan] 200 90ms

=INFO REPORT==== 27-Aug-2012::07:31:17 ===
Loading routes from "/Users/ulfangermann/projects/erlang/speiseplan/priv/speiseplan.routes" ....

=ERROR REPORT==== 27-Aug-2012::07:31:17 ===
{{case_clause,[{eater,"eater-1","ua","67da5858951309fd3b204a86b1176cb4","Ulf",
                      "Angermann",undefined,"0"},
               {eater,"eater-2","ua","67da5858951309fd3b204a86b1176cb4","Ulf",
                      "Angermann","on","0"}]},
 [{speiseplan_eater_controller,login,3,
                               [{file,"/Users/ulfangermann/projects/erlang/speiseplan/src/controller/speiseplan_eater_controller.erl"},
                                {line,9}]},
  {boss_web_controller,execute_action,5,
                       [{file,"src/boss/boss_web_controller.erl"},{line,711}]},
  {boss_web_controller,process_request,5,
                       [{file,"src/boss/boss_web_controller.erl"},{line,460}]},
  {timer,tc,3,[{file,"timer.erl"},{line,194}]},
  {boss_web_controller,handle_request,3,
                       [{file,"src/boss/boss_web_controller.erl"},{line,388}]},
  {mochiweb_http,headers,5,[{file,"src/mochiweb_http.erl"},{line,90}]},
  {proc_lib,init_p_do_apply,3,[{file,"proc_lib.erl"},{line,227}]}]}

=ERROR REPORT==== 27-Aug-2012::07:31:17 ===
POST /eater/login [speiseplan] 500 72ms
