
=INFO REPORT==== 27-Aug-2012::14:36:06 ===
Starting Boss in development mode....

=INFO REPORT==== 27-Aug-2012::14:36:06 ===
Starting master services on 'speiseplan@Ulf-Angermann-s-MacBook-Pro'

=INFO REPORT==== 27-Aug-2012::14:36:07 ===
SSL:[]

=INFO REPORT==== 27-Aug-2012::14:36:07 ===
Loading routes from "/Users/ulfangermann/projects/erlang/speiseplan/priv/speiseplan.routes" ....

=INFO REPORT==== 27-Aug-2012::14:36:28 ===
Loading routes from "/Users/ulfangermann/projects/erlang/speiseplan/priv/speiseplan.routes" ....

=INFO REPORT==== 27-Aug-2012::14:36:29 ===
GET /mahlzeiten/index [speiseplan] 302 65ms

=INFO REPORT==== 27-Aug-2012::14:36:29 ===
Loading routes from "/Users/ulfangermann/projects/erlang/speiseplan/priv/speiseplan.routes" ....

=INFO REPORT==== 27-Aug-2012::14:36:29 ===
GET /eater/login [speiseplan] 200 93ms

=INFO REPORT==== 27-Aug-2012::14:36:45 ===
Loading routes from "/Users/ulfangermann/projects/erlang/speiseplan/priv/speiseplan.routes" ....

=INFO REPORT==== 27-Aug-2012::14:36:45 ===
GET /eater/list [speiseplan] 200 101ms

=INFO REPORT==== 27-Aug-2012::14:37:18 ===
Loading routes from "/Users/ulfangermann/projects/erlang/speiseplan/priv/speiseplan.routes" ....

=INFO REPORT==== 27-Aug-2012::14:37:18 ===
GET /eater/index [speiseplan] 200 108ms

=INFO REPORT==== 27-Aug-2012::14:37:33 ===
Loading routes from "/Users/ulfangermann/projects/erlang/speiseplan/priv/speiseplan.routes" ....

=INFO REPORT==== 27-Aug-2012::14:37:33 ===
POST /eater/create [speiseplan] 302 114ms

=INFO REPORT==== 27-Aug-2012::14:37:33 ===
Loading routes from "/Users/ulfangermann/projects/erlang/speiseplan/priv/speiseplan.routes" ....

=ERROR REPORT==== 27-Aug-2012::14:37:33 ===
GET /eater/list [speiseplan] 404 81ms

=INFO REPORT==== 27-Aug-2012::14:38:03 ===
Loading routes from "/Users/ulfangermann/projects/erlang/speiseplan/priv/speiseplan.routes" ....

=INFO REPORT==== 27-Aug-2012::14:38:04 ===
GET /eater/index [speiseplan] 200 81ms

=INFO REPORT==== 27-Aug-2012::14:38:16 ===
Loading routes from "/Users/ulfangermann/projects/erlang/speiseplan/priv/speiseplan.routes" ....

=INFO REPORT==== 27-Aug-2012::14:38:16 ===
GET /admin/index [speiseplan] 200 80ms

=INFO REPORT==== 27-Aug-2012::14:38:40 ===
Loading routes from "/Users/ulfangermann/projects/erlang/speiseplan/priv/speiseplan.routes" ....

=INFO REPORT==== 27-Aug-2012::14:38:40 ===
POST /admin/create [speiseplan] 302 79ms

=INFO REPORT==== 27-Aug-2012::14:38:40 ===
Loading routes from "/Users/ulfangermann/projects/erlang/speiseplan/priv/speiseplan.routes" ....

=INFO REPORT==== 27-Aug-2012::14:38:41 ===
GET /admin/index [speiseplan] 200 77ms

=INFO REPORT==== 27-Aug-2012::14:38:49 ===
Loading routes from "/Users/ulfangermann/projects/erlang/speiseplan/priv/speiseplan.routes" ....

=INFO REPORT==== 27-Aug-2012::14:38:50 ===
GET /mahlzeiten/index [speiseplan] 200 119ms

=INFO REPORT==== 27-Aug-2012::14:38:50 ===
Loading routes from "/Users/ulfangermann/projects/erlang/speiseplan/priv/speiseplan.routes" ....

=ERROR REPORT==== 27-Aug-2012::14:38:50 ===
GET /mahlzeiten/favicon.ico [speiseplan] 404 80ms

=INFO REPORT==== 27-Aug-2012::14:44:09 ===
Loading routes from "/Users/ulfangermann/projects/erlang/speiseplan/priv/speiseplan.routes" ....

=ERROR REPORT==== 27-Aug-2012::14:44:09 ===
** Generic server boss_db_mock terminating 
** Last message in was {find,eater,
                             [{booking_id,equals,"booking-3"}],
                             all,0,id,ascending}
** When Server state == [{{dict,3,16,16,8,80,48,
                           {[],[],[],[],[],[],[],[],[],[],[],[],[],[],[],[]},
                           {{[["mahlzeit-2"|
                               {mahlzeit,"mahlzeit-2","Currywurst",
                                "Currywurst und Pommes",undefined}]],
                             [],[],[],[],[],[],[],[],[],
                             [["eater-1"|
                               {eater,"eater-1","ua",
                                "67da5858951309fd3b204a86b1176cb4","Ulf",
                                "Angermann","true","0.0","true"}]],
                             [],
                             [["booking-3"|
                               {booking,"booking-3","2012-08-01",
                                "mahlzeit-2",[],"2"}]],
                             [],[],[]}}},
                          4}]
** Reason for termination == 
** {'function not exported',
       [{eater,booking_id,
            [{eater,"eater-1","ua","67da5858951309fd3b204a86b1176cb4","Ulf",
                 "Angermann","true","0.0","true"}],
            []},
        {boss_db_mock_controller,match_cond,2,
            [{file,"src/boss_db_mock_controller.erl"},{line,116}]},
        {dict,filter_bucket,4,[{file,"dict.erl"},{line,481}]},
        {dict,filter_bkt_list,4,[{file,"dict.erl"},{line,475}]},
        {dict,filter_seg_list,4,[{file,"dict.erl"},{line,469}]},
        {dict,filter_dict,2,[{file,"dict.erl"},{line,464}]},
        {boss_db_mock_controller,do_find,7,
            [{file,"src/boss_db_mock_controller.erl"},{line,104}]},
        {boss_db_mock_controller,handle_call,3,
            [{file,"src/boss_db_mock_controller.erl"},{line,24}]}]}

=ERROR REPORT==== 27-Aug-2012::14:44:09 ===
** Generic server <0.67.0> terminating 
** Last message in was {find,eater,
                             [{booking_id,equals,"booking-3"}],
                             all,0,id,ascending}
** When Server state == {state,boss_db_adapter_mock,undefined,[],
                               {dict,0,16,16,8,80,48,
                                     {[],[],[],[],[],[],[],[],[],[],[],[],[],
                                      [],[],[]},
                                     {{[],[],[],[],[],[],[],[],[],[],[],[],[],
                                       [],[],[]}}},
                               false,60,db,0}
** Reason for termination == 
** {{undef,[{eater,booking_id,
                   [{eater,"eater-1","ua","67da5858951309fd3b204a86b1176cb4",
                           "Ulf","Angermann","true","0.0","true"}],
                   []},
            {boss_db_mock_controller,match_cond,2,
                                     [{file,"src/boss_db_mock_controller.erl"},
                                      {line,116}]},
            {dict,filter_bucket,4,[{file,"dict.erl"},{line,481}]},
            {dict,filter_bkt_list,4,[{file,"dict.erl"},{line,475}]},
            {dict,filter_seg_list,4,[{file,"dict.erl"},{line,469}]},
            {dict,filter_dict,2,[{file,"dict.erl"},{line,464}]},
            {boss_db_mock_controller,do_find,7,
                                     [{file,"src/boss_db_mock_controller.erl"},
                                      {line,104}]},
            {boss_db_mock_controller,handle_call,3,
                                     [{file,"src/boss_db_mock_controller.erl"},
                                      {line,24}]}]},
    {gen_server,call,
                [{global,boss_db_mock},
                 {find,eater,
                       [{booking_id,equals,"booking-3"}],
                       all,0,id,ascending}]}}

=ERROR REPORT==== 27-Aug-2012::14:44:09 ===
{{{undef,[{eater,booking_id,
                 [{eater,"eater-1","ua","67da5858951309fd3b204a86b1176cb4",
                         "Ulf","Angermann","true","0.0","true"}],
                 []},
          {boss_db_mock_controller,match_cond,2,
                                   [{file,"src/boss_db_mock_controller.erl"},
                                    {line,116}]},
          {dict,filter_bucket,4,[{file,"dict.erl"},{line,481}]},
          {dict,filter_bkt_list,4,[{file,"dict.erl"},{line,475}]},
          {dict,filter_seg_list,4,[{file,"dict.erl"},{line,469}]},
          {dict,filter_dict,2,[{file,"dict.erl"},{line,464}]},
          {boss_db_mock_controller,do_find,7,
                                   [{file,"src/boss_db_mock_controller.erl"},
                                    {line,104}]},
          {boss_db_mock_controller,handle_call,3,
                                   [{file,"src/boss_db_mock_controller.erl"},
                                    {line,24}]}]},
  {gen_server,call,
              [{global,boss_db_mock},
               {find,eater,
                     [{booking_id,equals,"booking-3"}],
                     all,0,id,ascending}]}},
 {gen_server,call,
             [<0.67.0>,
              {find,eater,
                    [{booking_id,equals,"booking-3"}],
                    all,0,id,ascending},
              30000]}}

=ERROR REPORT==== 27-Aug-2012::14:44:09 ===
GET /mahlzeiten/index [speiseplan] 500 125ms

=INFO REPORT==== 27-Aug-2012::14:44:17 ===
Loading routes from "/Users/ulfangermann/projects/erlang/speiseplan/priv/speiseplan.routes" ....

=INFO REPORT==== 27-Aug-2012::14:44:17 ===
GET /mahlzeiten/index [speiseplan] 302 77ms

=INFO REPORT==== 27-Aug-2012::14:44:17 ===
Loading routes from "/Users/ulfangermann/projects/erlang/speiseplan/priv/speiseplan.routes" ....

=INFO REPORT==== 27-Aug-2012::14:44:17 ===
GET /eater/login [speiseplan] 200 78ms

=INFO REPORT==== 27-Aug-2012::14:44:26 ===
Loading routes from "/Users/ulfangermann/projects/erlang/speiseplan/priv/speiseplan.routes" ....

=INFO REPORT==== 27-Aug-2012::14:44:26 ===
POST /eater/login [speiseplan] 200 88ms
