
=INFO REPORT==== 27-Aug-2012::14:55:21 ===
Starting Boss in development mode....

=INFO REPORT==== 27-Aug-2012::14:55:21 ===
Starting master services on 'speiseplan@Ulf-Angermann-s-MacBook-Pro'

=INFO REPORT==== 27-Aug-2012::14:55:21 ===
SSL:[]

=INFO REPORT==== 27-Aug-2012::14:55:21 ===
Loading routes from "/Users/ulfangermann/projects/erlang/speiseplan/priv/speiseplan.routes" ....

=INFO REPORT==== 27-Aug-2012::14:55:24 ===
Loading routes from "/Users/ulfangermann/projects/erlang/speiseplan/priv/speiseplan.routes" ....

=ERROR REPORT==== 27-Aug-2012::14:55:24 ===
{{badmatch,{redirect,"/eater/login"}},
 [{user_lib,require_login,2,
            [{file,"/Users/ulfangermann/projects/erlang/speiseplan/src/lib/user_lib.erl"},
             {line,26}]},
  {boss_web_controller,execute_action,5,
                       [{file,"src/boss/boss_web_controller.erl"},{line,693}]},
  {boss_web_controller,process_request,5,
                       [{file,"src/boss/boss_web_controller.erl"},{line,460}]},
  {timer,tc,3,[{file,"timer.erl"},{line,194}]},
  {boss_web_controller,handle_request,3,
                       [{file,"src/boss/boss_web_controller.erl"},{line,388}]},
  {mochiweb_http,headers,5,[{file,"src/mochiweb_http.erl"},{line,90}]},
  {proc_lib,init_p_do_apply,3,[{file,"proc_lib.erl"},{line,227}]}]}

=ERROR REPORT==== 27-Aug-2012::14:55:24 ===
GET /admin/index [speiseplan] 500 67ms

=INFO REPORT==== 27-Aug-2012::14:55:34 ===
Loading routes from "/Users/ulfangermann/projects/erlang/speiseplan/priv/speiseplan.routes" ....

=INFO REPORT==== 27-Aug-2012::14:55:34 ===
GET /eater/index [speiseplan] 200 84ms

=INFO REPORT==== 27-Aug-2012::14:55:45 ===
Loading routes from "/Users/ulfangermann/projects/erlang/speiseplan/priv/speiseplan.routes" ....

=INFO REPORT==== 27-Aug-2012::14:55:45 ===
POST /eater/create [speiseplan] 302 80ms

=INFO REPORT==== 27-Aug-2012::14:55:45 ===
Loading routes from "/Users/ulfangermann/projects/erlang/speiseplan/priv/speiseplan.routes" ....

=INFO REPORT==== 27-Aug-2012::14:55:45 ===
GET /eater/index [speiseplan] 200 78ms

=INFO REPORT==== 27-Aug-2012::14:55:46 ===
Loading routes from "/Users/ulfangermann/projects/erlang/speiseplan/priv/speiseplan.routes" ....

=INFO REPORT==== 27-Aug-2012::14:55:47 ===
GET /admin/index [speiseplan] 200 83ms

=INFO REPORT==== 27-Aug-2012::14:55:54 ===
Loading routes from "/Users/ulfangermann/projects/erlang/speiseplan/priv/speiseplan.routes" ....

=INFO REPORT==== 27-Aug-2012::14:55:54 ===
POST /admin/create [speiseplan] 302 84ms

=INFO REPORT==== 27-Aug-2012::14:55:54 ===
Loading routes from "/Users/ulfangermann/projects/erlang/speiseplan/priv/speiseplan.routes" ....

=INFO REPORT==== 27-Aug-2012::14:55:54 ===
GET /admin/index [speiseplan] 200 84ms

=INFO REPORT==== 27-Aug-2012::14:55:58 ===
Loading routes from "/Users/ulfangermann/projects/erlang/speiseplan/priv/speiseplan.routes" ....

=INFO REPORT==== 27-Aug-2012::14:55:59 ===
GET /mahlzeiten/index [speiseplan] 200 84ms

=INFO REPORT==== 27-Aug-2012::14:56:15 ===
Loading routes from "/Users/ulfangermann/projects/erlang/speiseplan/priv/speiseplan.routes" ....

=ERROR REPORT==== 27-Aug-2012::14:56:16 ===
** Generic server boss_db_mock terminating 
** Last message in was {find,eater,
                             [{booking_id,equals,"booking-3"}],
                             all,0,id,ascending}
** When Server state == [{{dict,3,16,16,8,80,48,
                           {[],[],[],[],[],[],[],[],[],[],[],[],[],[],[],[]},
                           {{[["mahlzeit-2"|
                               {mahlzeit,"mahlzeit-2","asda","asdasd",
                                undefined}]],
                             [],[],[],[],[],[],[],[],[],
                             [["eater-1"|
                               {eater,"eater-1","ua",
                                "598f04fd6e3586a93d27aa1ddcf5f2e6","asd",
                                "asd",undefined,"0.0","true"}]],
                             [],
                             [["booking-3"|
                               {booking,"booking-3","2012-08-03",
                                "mahlzeit-2",[],"1"}]],
                             [],[],[]}}},
                          4}]
** Reason for termination == 
** {'function not exported',
       [{eater,booking_id,
            [{eater,"eater-1","ua","598f04fd6e3586a93d27aa1ddcf5f2e6","asd",
                 "asd",undefined,"0.0","true"}],
            []},
        {boss_db_mock_controller,match_cond,2,
            [{file,"src/boss_db_mock_controller.erl"},{line,116}]},
        {dict,filter_bucket,4,[{file,"dict.erl"},{line,481}]},
        {dict,filter_bkt_list,4,[{file,"dict.erl"},{line,475}]},
        {dict,filter_seg_list,4,[{file,"dict.erl"},{line,469}]},
        {dict,filter_dict,2,[{file,"dict.erl"},{line,464}]},
        {boss_db_mock_controller,do_find,7,
            [{file,"src/boss_db_mock_controller.erl"},{line,104}]},
        {boss_db_mock_controller,handle_call,3,
            [{file,"src/boss_db_mock_controller.erl"},{line,24}]}]}

=ERROR REPORT==== 27-Aug-2012::14:56:16 ===
** Generic server <0.66.0> terminating 
** Last message in was {find,eater,
                             [{booking_id,equals,"booking-3"}],
                             all,0,id,ascending}
** When Server state == {state,boss_db_adapter_mock,undefined,[],
                               {dict,0,16,16,8,80,48,
                                     {[],[],[],[],[],[],[],[],[],[],[],[],[],
                                      [],[],[]},
                                     {{[],[],[],[],[],[],[],[],[],[],[],[],[],
                                       [],[],[]}}},
                               false,60,db,0}
** Reason for termination == 
** {{undef,[{eater,booking_id,
                   [{eater,"eater-1","ua","598f04fd6e3586a93d27aa1ddcf5f2e6",
                           "asd","asd",undefined,"0.0","true"}],
                   []},
            {boss_db_mock_controller,match_cond,2,
                                     [{file,"src/boss_db_mock_controller.erl"},
                                      {line,116}]},
            {dict,filter_bucket,4,[{file,"dict.erl"},{line,481}]},
            {dict,filter_bkt_list,4,[{file,"dict.erl"},{line,475}]},
            {dict,filter_seg_list,4,[{file,"dict.erl"},{line,469}]},
            {dict,filter_dict,2,[{file,"dict.erl"},{line,464}]},
            {boss_db_mock_controller,do_find,7,
                                     [{file,"src/boss_db_mock_controller.erl"},
                                      {line,104}]},
            {boss_db_mock_controller,handle_call,3,
                                     [{file,"src/boss_db_mock_controller.erl"},
                                      {line,24}]}]},
    {gen_server,call,
                [{global,boss_db_mock},
                 {find,eater,
                       [{booking_id,equals,"booking-3"}],
                       all,0,id,ascending}]}}

=ERROR REPORT==== 27-Aug-2012::14:56:16 ===
{{{undef,[{eater,booking_id,
                 [{eater,"eater-1","ua","598f04fd6e3586a93d27aa1ddcf5f2e6",
                         "asd","asd",undefined,"0.0","true"}],
                 []},
          {boss_db_mock_controller,match_cond,2,
                                   [{file,"src/boss_db_mock_controller.erl"},
                                    {line,116}]},
          {dict,filter_bucket,4,[{file,"dict.erl"},{line,481}]},
          {dict,filter_bkt_list,4,[{file,"dict.erl"},{line,475}]},
          {dict,filter_seg_list,4,[{file,"dict.erl"},{line,469}]},
          {dict,filter_dict,2,[{file,"dict.erl"},{line,464}]},
          {boss_db_mock_controller,do_find,7,
                                   [{file,"src/boss_db_mock_controller.erl"},
                                    {line,104}]},
          {boss_db_mock_controller,handle_call,3,
                                   [{file,"src/boss_db_mock_controller.erl"},
                                    {line,24}]}]},
  {gen_server,call,
              [{global,boss_db_mock},
               {find,eater,
                     [{booking_id,equals,"booking-3"}],
                     all,0,id,ascending}]}},
 {gen_server,call,
             [<0.66.0>,
              {find,eater,
                    [{booking_id,equals,"booking-3"}],
                    all,0,id,ascending},
              30000]}}

=ERROR REPORT==== 27-Aug-2012::14:56:16 ===
GET /mahlzeiten/index [speiseplan] 500 124ms

=INFO REPORT==== 27-Aug-2012::14:56:37 ===
Loading routes from "/Users/ulfangermann/projects/erlang/speiseplan/priv/speiseplan.routes" ....

=INFO REPORT==== 27-Aug-2012::14:56:37 ===
GET /mahlzeiten/index [speiseplan] 302 80ms

=INFO REPORT==== 27-Aug-2012::14:56:37 ===
Loading routes from "/Users/ulfangermann/projects/erlang/speiseplan/priv/speiseplan.routes" ....

=INFO REPORT==== 27-Aug-2012::14:56:37 ===
GET /eater/login [speiseplan] 200 81ms

=INFO REPORT==== 27-Aug-2012::14:56:43 ===
Loading routes from "/Users/ulfangermann/projects/erlang/speiseplan/priv/speiseplan.routes" ....

=INFO REPORT==== 27-Aug-2012::14:56:44 ===
POST /eater/login [speiseplan] 200 82ms

=INFO REPORT==== 27-Aug-2012::14:59:26 ===
Loading routes from "/Users/ulfangermann/projects/erlang/speiseplan/priv/speiseplan.routes" ....

=INFO REPORT==== 27-Aug-2012::14:59:26 ===
GET /eater/ [speiseplan] 200 81ms

=INFO REPORT==== 27-Aug-2012::14:59:34 ===
Loading routes from "/Users/ulfangermann/projects/erlang/speiseplan/priv/speiseplan.routes" ....

=INFO REPORT==== 27-Aug-2012::14:59:35 ===
POST /eater/create [speiseplan] 302 81ms

=INFO REPORT==== 27-Aug-2012::14:59:35 ===
Loading routes from "/Users/ulfangermann/projects/erlang/speiseplan/priv/speiseplan.routes" ....

=INFO REPORT==== 27-Aug-2012::14:59:35 ===
GET /eater/index [speiseplan] 200 80ms

=INFO REPORT==== 27-Aug-2012::14:59:36 ===
Loading routes from "/Users/ulfangermann/projects/erlang/speiseplan/priv/speiseplan.routes" ....

=INFO REPORT==== 27-Aug-2012::14:59:36 ===
GET /admin/index [speiseplan] 200 83ms

=INFO REPORT==== 27-Aug-2012::14:59:44 ===
Loading routes from "/Users/ulfangermann/projects/erlang/speiseplan/priv/speiseplan.routes" ....

=INFO REPORT==== 27-Aug-2012::14:59:44 ===
POST /admin/create [speiseplan] 302 77ms

=INFO REPORT==== 27-Aug-2012::14:59:44 ===
Loading routes from "/Users/ulfangermann/projects/erlang/speiseplan/priv/speiseplan.routes" ....

=INFO REPORT==== 27-Aug-2012::14:59:44 ===
GET /admin/index [speiseplan] 200 78ms

=INFO REPORT==== 27-Aug-2012::14:59:48 ===
Loading routes from "/Users/ulfangermann/projects/erlang/speiseplan/priv/speiseplan.routes" ....

=INFO REPORT==== 27-Aug-2012::14:59:48 ===
GET /mahlzeiten/index [speiseplan] 200 123ms

=INFO REPORT==== 27-Aug-2012::14:59:48 ===
Loading routes from "/Users/ulfangermann/projects/erlang/speiseplan/priv/speiseplan.routes" ....

=ERROR REPORT==== 27-Aug-2012::14:59:48 ===
GET /mahlzeiten/favicon.ico [speiseplan] 404 85ms

=INFO REPORT==== 27-Aug-2012::15:00:20 ===
Loading routes from "/Users/ulfangermann/projects/erlang/speiseplan/priv/speiseplan.routes" ....

=INFO REPORT==== 27-Aug-2012::15:00:20 ===
GET /mahlzeiten/index [speiseplan] 200 125ms

=INFO REPORT==== 27-Aug-2012::15:00:28 ===
Loading routes from "/Users/ulfangermann/projects/erlang/speiseplan/priv/speiseplan.routes" ....

=INFO REPORT==== 27-Aug-2012::15:00:28 ===
GET /mahlzeiten/index [speiseplan] 200 128ms

=INFO REPORT==== 27-Aug-2012::15:02:08 ===
Loading routes from "/Users/ulfangermann/projects/erlang/speiseplan/priv/speiseplan.routes" ....

=INFO REPORT==== 27-Aug-2012::15:02:09 ===
GET /mahlzeiten/index [speiseplan] 200 122ms

=INFO REPORT==== 27-Aug-2012::15:02:09 ===
Loading routes from "/Users/ulfangermann/projects/erlang/speiseplan/priv/speiseplan.routes" ....

=INFO REPORT==== 27-Aug-2012::15:02:09 ===
GET /mahlzeiten/index [speiseplan] 200 79ms

=INFO REPORT==== 27-Aug-2012::15:02:10 ===
Loading routes from "/Users/ulfangermann/projects/erlang/speiseplan/priv/speiseplan.routes" ....

=INFO REPORT==== 27-Aug-2012::15:02:10 ===
GET /mahlzeiten/index [speiseplan] 200 80ms

=INFO REPORT==== 27-Aug-2012::15:02:19 ===
Loading routes from "/Users/ulfangermann/projects/erlang/speiseplan/priv/speiseplan.routes" ....

=INFO REPORT==== 27-Aug-2012::15:02:19 ===
GET /mahlzeiten/index [speiseplan] 200 121ms

=INFO REPORT==== 27-Aug-2012::15:02:19 ===
Loading routes from "/Users/ulfangermann/projects/erlang/speiseplan/priv/speiseplan.routes" ....

=INFO REPORT==== 27-Aug-2012::15:02:19 ===
GET /mahlzeiten/index [speiseplan] 200 81ms

=INFO REPORT==== 27-Aug-2012::15:03:27 ===
Loading routes from "/Users/ulfangermann/projects/erlang/speiseplan/priv/speiseplan.routes" ....

=INFO REPORT==== 27-Aug-2012::15:03:28 ===
GET /mahlzeiten/index [speiseplan] 200 123ms

=INFO REPORT==== 27-Aug-2012::15:04:36 ===
GET /doc/booking [speiseplan] 200 246ms

=ERROR REPORT==== 27-Aug-2012::15:04:36 ===
GET /doc/stylesheet.css [speiseplan] 404 0ms

=ERROR REPORT==== 27-Aug-2012::15:04:36 ===
GET /doc/erlang.png [speiseplan] 404 0ms

=INFO REPORT==== 27-Aug-2012::15:11:12 ===
Loading routes from "/Users/ulfangermann/projects/erlang/speiseplan/priv/speiseplan.routes" ....

=INFO REPORT==== 27-Aug-2012::15:11:12 ===
GET /mahlzeiten/index [speiseplan] 200 164ms

=INFO REPORT==== 27-Aug-2012::15:11:13 ===
Loading routes from "/Users/ulfangermann/projects/erlang/speiseplan/priv/speiseplan.routes" ....

=INFO REPORT==== 27-Aug-2012::15:11:13 ===
GET /mahlzeiten/index [speiseplan] 200 80ms

=INFO REPORT==== 27-Aug-2012::15:11:13 ===
Loading routes from "/Users/ulfangermann/projects/erlang/speiseplan/priv/speiseplan.routes" ....

=INFO REPORT==== 27-Aug-2012::15:11:13 ===
GET /mahlzeiten/index [speiseplan] 200 81ms

=INFO REPORT==== 27-Aug-2012::15:11:13 ===
Loading routes from "/Users/ulfangermann/projects/erlang/speiseplan/priv/speiseplan.routes" ....

=INFO REPORT==== 27-Aug-2012::15:11:13 ===
GET /mahlzeiten/index [speiseplan] 200 78ms

=INFO REPORT==== 27-Aug-2012::15:11:14 ===
Loading routes from "/Users/ulfangermann/projects/erlang/speiseplan/priv/speiseplan.routes" ....

=INFO REPORT==== 27-Aug-2012::15:11:14 ===
GET /mahlzeiten/index [speiseplan] 200 84ms

=INFO REPORT==== 27-Aug-2012::15:13:15 ===
Loading routes from "/Users/ulfangermann/projects/erlang/speiseplan/priv/speiseplan.routes" ....

=ERROR REPORT==== 27-Aug-2012::15:13:15 ===
Call to tuple fun {unbound_var,'BookingId'}.

Tuple funs are deprecated and will be removed in R16. Use "fun M:F/A" instead, for example "fun unbound_var:'BookingId'/0".

(This warning will only be shown the first time a tuple fun is called.)


=ERROR REPORT==== 27-Aug-2012::15:13:15 ===
{undef,[{unbound_var,'BookingId',[],[]},
        {erlydtl_filters,format_number,1,
                         [{file,"src/erlydtl_filters.erl"},{line,335}]},
        {boss_html_error_template,'-render_internal/4-fun-0-',2,[]},
        {lists,mapfoldl,3,[{file,"lists.erl"},{line,1278}]},
        {erlydtl_runtime,forloop,3,
                         [{file,"src/erlydtl_runtime.erl"},{line,228}]},
        {boss_html_error_template,'-render_internal/4-fun-2-',2,[]},
        {lists,mapfoldl,3,[{file,"lists.erl"},{line,1278}]},
        {erlydtl_runtime,forloop,3,
                         [{file,"src/erlydtl_runtime.erl"},{line,228}]}]}

=ERROR REPORT==== 27-Aug-2012::15:13:15 ===
GET /mahlzeiten/index [speiseplan] 500 454ms

=INFO REPORT==== 27-Aug-2012::15:13:17 ===
Loading routes from "/Users/ulfangermann/projects/erlang/speiseplan/priv/speiseplan.routes" ....

=ERROR REPORT==== 27-Aug-2012::15:13:17 ===
{undef,[{unbound_var,'BookingId',[],[]},
        {erlydtl_filters,format_number,1,
                         [{file,"src/erlydtl_filters.erl"},{line,335}]},
        {boss_html_error_template,'-render_internal/4-fun-0-',2,[]},
        {lists,mapfoldl,3,[{file,"lists.erl"},{line,1278}]},
        {erlydtl_runtime,forloop,3,
                         [{file,"src/erlydtl_runtime.erl"},{line,228}]},
        {boss_html_error_template,'-render_internal/4-fun-2-',2,[]},
        {lists,mapfoldl,3,[{file,"lists.erl"},{line,1278}]},
        {erlydtl_runtime,forloop,3,
                         [{file,"src/erlydtl_runtime.erl"},{line,228}]}]}

=ERROR REPORT==== 27-Aug-2012::15:13:17 ===
GET /mahlzeiten/index [speiseplan] 500 68ms

=INFO REPORT==== 27-Aug-2012::15:13:53 ===
Loading routes from "/Users/ulfangermann/projects/erlang/speiseplan/priv/speiseplan.routes" ....

=ERROR REPORT==== 27-Aug-2012::15:13:53 ===
{function_clause,
    [{booking,id,[{booking,"booking-3","2012-08-17","mahlzeit-2",[],"2"}],[]},
     {speiseplan_view_mahlzeiten_index_html,'-render_internal/4-fun-0-',3,[]},
     {lists,mapfoldl,3,[{file,"lists.erl"},{line,1278}]},
     {erlydtl_runtime,forloop,3,[{file,"src/erlydtl_runtime.erl"},{line,228}]},
     {speiseplan_view_mahlzeiten_index_html,render_internal,4,[]},
     {speiseplan_view_mahlzeiten_index_html,render,2,[]},
     {boss_web_controller,render_view,6,
         [{file,"src/boss/boss_web_controller.erl"},{line,843}]},
     {boss_web_controller,execute_action,5,
         [{file,"src/boss/boss_web_controller.erl"},{line,734}]}]}

=ERROR REPORT==== 27-Aug-2012::15:13:53 ===
GET /mahlzeiten/index [speiseplan] 500 152ms

=INFO REPORT==== 27-Aug-2012::15:13:54 ===
Loading routes from "/Users/ulfangermann/projects/erlang/speiseplan/priv/speiseplan.routes" ....

=ERROR REPORT==== 27-Aug-2012::15:13:54 ===
{function_clause,
    [{booking,id,[{booking,"booking-3","2012-08-17","mahlzeit-2",[],"2"}],[]},
     {speiseplan_view_mahlzeiten_index_html,'-render_internal/4-fun-0-',3,[]},
     {lists,mapfoldl,3,[{file,"lists.erl"},{line,1278}]},
     {erlydtl_runtime,forloop,3,[{file,"src/erlydtl_runtime.erl"},{line,228}]},
     {speiseplan_view_mahlzeiten_index_html,render_internal,4,[]},
     {speiseplan_view_mahlzeiten_index_html,render,2,[]},
     {boss_web_controller,render_view,6,
         [{file,"src/boss/boss_web_controller.erl"},{line,843}]},
     {boss_web_controller,execute_action,5,
         [{file,"src/boss/boss_web_controller.erl"},{line,734}]}]}

=ERROR REPORT==== 27-Aug-2012::15:13:54 ===
GET /mahlzeiten/index [speiseplan] 500 81ms

=INFO REPORT==== 27-Aug-2012::15:13:54 ===
Loading routes from "/Users/ulfangermann/projects/erlang/speiseplan/priv/speiseplan.routes" ....

=ERROR REPORT==== 27-Aug-2012::15:13:54 ===
{function_clause,
    [{booking,id,[{booking,"booking-3","2012-08-17","mahlzeit-2",[],"2"}],[]},
     {speiseplan_view_mahlzeiten_index_html,'-render_internal/4-fun-0-',3,[]},
     {lists,mapfoldl,3,[{file,"lists.erl"},{line,1278}]},
     {erlydtl_runtime,forloop,3,[{file,"src/erlydtl_runtime.erl"},{line,228}]},
     {speiseplan_view_mahlzeiten_index_html,render_internal,4,[]},
     {speiseplan_view_mahlzeiten_index_html,render,2,[]},
     {boss_web_controller,render_view,6,
         [{file,"src/boss/boss_web_controller.erl"},{line,843}]},
     {boss_web_controller,execute_action,5,
         [{file,"src/boss/boss_web_controller.erl"},{line,734}]}]}

=ERROR REPORT==== 27-Aug-2012::15:13:54 ===
GET /mahlzeiten/index [speiseplan] 500 99ms

=INFO REPORT==== 27-Aug-2012::15:13:54 ===
Loading routes from "/Users/ulfangermann/projects/erlang/speiseplan/priv/speiseplan.routes" ....

=ERROR REPORT==== 27-Aug-2012::15:13:54 ===
{function_clause,
    [{booking,id,[{booking,"booking-3","2012-08-17","mahlzeit-2",[],"2"}],[]},
     {speiseplan_view_mahlzeiten_index_html,'-render_internal/4-fun-0-',3,[]},
     {lists,mapfoldl,3,[{file,"lists.erl"},{line,1278}]},
     {erlydtl_runtime,forloop,3,[{file,"src/erlydtl_runtime.erl"},{line,228}]},
     {speiseplan_view_mahlzeiten_index_html,render_internal,4,[]},
     {speiseplan_view_mahlzeiten_index_html,render,2,[]},
     {boss_web_controller,render_view,6,
         [{file,"src/boss/boss_web_controller.erl"},{line,843}]},
     {boss_web_controller,execute_action,5,
         [{file,"src/boss/boss_web_controller.erl"},{line,734}]}]}

=ERROR REPORT==== 27-Aug-2012::15:13:54 ===
GET /mahlzeiten/index [speiseplan] 500 76ms

=INFO REPORT==== 27-Aug-2012::15:13:55 ===
Loading routes from "/Users/ulfangermann/projects/erlang/speiseplan/priv/speiseplan.routes" ....

=ERROR REPORT==== 27-Aug-2012::15:13:55 ===
{function_clause,
    [{booking,id,[{booking,"booking-3","2012-08-17","mahlzeit-2",[],"2"}],[]},
     {speiseplan_view_mahlzeiten_index_html,'-render_internal/4-fun-0-',3,[]},
     {lists,mapfoldl,3,[{file,"lists.erl"},{line,1278}]},
     {erlydtl_runtime,forloop,3,[{file,"src/erlydtl_runtime.erl"},{line,228}]},
     {speiseplan_view_mahlzeiten_index_html,render_internal,4,[]},
     {speiseplan_view_mahlzeiten_index_html,render,2,[]},
     {boss_web_controller,render_view,6,
         [{file,"src/boss/boss_web_controller.erl"},{line,843}]},
     {boss_web_controller,execute_action,5,
         [{file,"src/boss/boss_web_controller.erl"},{line,734}]}]}

=ERROR REPORT==== 27-Aug-2012::15:13:55 ===
GET /mahlzeiten/index [speiseplan] 500 78ms

=INFO REPORT==== 27-Aug-2012::15:13:55 ===
Loading routes from "/Users/ulfangermann/projects/erlang/speiseplan/priv/speiseplan.routes" ....

=ERROR REPORT==== 27-Aug-2012::15:13:55 ===
{function_clause,
    [{booking,id,[{booking,"booking-3","2012-08-17","mahlzeit-2",[],"2"}],[]},
     {speiseplan_view_mahlzeiten_index_html,'-render_internal/4-fun-0-',3,[]},
     {lists,mapfoldl,3,[{file,"lists.erl"},{line,1278}]},
     {erlydtl_runtime,forloop,3,[{file,"src/erlydtl_runtime.erl"},{line,228}]},
     {speiseplan_view_mahlzeiten_index_html,render_internal,4,[]},
     {speiseplan_view_mahlzeiten_index_html,render,2,[]},
     {boss_web_controller,render_view,6,
         [{file,"src/boss/boss_web_controller.erl"},{line,843}]},
     {boss_web_controller,execute_action,5,
         [{file,"src/boss/boss_web_controller.erl"},{line,734}]}]}

=ERROR REPORT==== 27-Aug-2012::15:13:55 ===
GET /mahlzeiten/index [speiseplan] 500 77ms

=INFO REPORT==== 27-Aug-2012::15:13:55 ===
Loading routes from "/Users/ulfangermann/projects/erlang/speiseplan/priv/speiseplan.routes" ....

=ERROR REPORT==== 27-Aug-2012::15:13:55 ===
{function_clause,
    [{booking,id,[{booking,"booking-3","2012-08-17","mahlzeit-2",[],"2"}],[]},
     {speiseplan_view_mahlzeiten_index_html,'-render_internal/4-fun-0-',3,[]},
     {lists,mapfoldl,3,[{file,"lists.erl"},{line,1278}]},
     {erlydtl_runtime,forloop,3,[{file,"src/erlydtl_runtime.erl"},{line,228}]},
     {speiseplan_view_mahlzeiten_index_html,render_internal,4,[]},
     {speiseplan_view_mahlzeiten_index_html,render,2,[]},
     {boss_web_controller,render_view,6,
         [{file,"src/boss/boss_web_controller.erl"},{line,843}]},
     {boss_web_controller,execute_action,5,
         [{file,"src/boss/boss_web_controller.erl"},{line,734}]}]}

=ERROR REPORT==== 27-Aug-2012::15:13:55 ===
GET /mahlzeiten/index [speiseplan] 500 78ms

=INFO REPORT==== 27-Aug-2012::15:14:14 ===
Loading routes from "/Users/ulfangermann/projects/erlang/speiseplan/priv/speiseplan.routes" ....

=INFO REPORT==== 27-Aug-2012::15:14:14 ===
GET /mahlzeiten/index [speiseplan] 200 205ms

=INFO REPORT==== 27-Aug-2012::15:14:22 ===
Loading routes from "/Users/ulfangermann/projects/erlang/speiseplan/priv/speiseplan.routes" ....

=INFO REPORT==== 27-Aug-2012::15:14:22 ===
GET /mahlzeiten/index [speiseplan] 200 82ms

=INFO REPORT==== 27-Aug-2012::15:14:22 ===
Loading routes from "/Users/ulfangermann/projects/erlang/speiseplan/priv/speiseplan.routes" ....

=ERROR REPORT==== 27-Aug-2012::15:14:22 ===
GET /mahlzeiten/favicon.ico [speiseplan] 404 81ms

=INFO REPORT==== 27-Aug-2012::15:19:19 ===
Loading routes from "/Users/ulfangermann/projects/erlang/speiseplan/priv/speiseplan.routes" ....

=ERROR REPORT==== 27-Aug-2012::15:19:19 ===
** Generic server boss_db_mock terminating 
** Last message in was {find,eater,
                             [{booking_id,equals,"booking-3"}],
                             all,0,id,ascending}
** When Server state == [{{dict,3,16,16,8,80,48,
                           {[],[],[],[],[],[],[],[],[],[],[],[],[],[],[],[]},
                           {{[["mahlzeit-2"|
                               {mahlzeit,"mahlzeit-2","asasd","asd",
                                undefined}]],
                             [],[],[],[],[],[],[],[],[],
                             [["eater-1"|
                               {eater,"eater-1","ua",
                                "598f04fd6e3586a93d27aa1ddcf5f2e6","asd",
                                "asd",undefined,"0.0","true"}]],
                             [],
                             [["booking-3"|
                               {booking,"booking-3","2012-08-17",
                                "mahlzeit-2",[],"2"}]],
                             [],[],[]}}},
                          4}]
** Reason for termination == 
** {'function not exported',
       [{eater,booking_id,
            [{eater,"eater-1","ua","598f04fd6e3586a93d27aa1ddcf5f2e6","asd",
                 "asd",undefined,"0.0","true"}],
            []},
        {boss_db_mock_controller,match_cond,2,
            [{file,"src/boss_db_mock_controller.erl"},{line,116}]},
        {dict,filter_bucket,4,[{file,"dict.erl"},{line,481}]},
        {dict,filter_bkt_list,4,[{file,"dict.erl"},{line,475}]},
        {dict,filter_seg_list,4,[{file,"dict.erl"},{line,469}]},
        {dict,filter_dict,2,[{file,"dict.erl"},{line,464}]},
        {boss_db_mock_controller,do_find,7,
            [{file,"src/boss_db_mock_controller.erl"},{line,104}]},
        {boss_db_mock_controller,handle_call,3,
            [{file,"src/boss_db_mock_controller.erl"},{line,24}]}]}

=ERROR REPORT==== 27-Aug-2012::15:19:19 ===
** Generic server <0.70.0> terminating 
** Last message in was {find,eater,
                             [{booking_id,equals,"booking-3"}],
                             all,0,id,ascending}
** When Server state == {state,boss_db_adapter_mock,undefined,[],
                               {dict,0,16,16,8,80,48,
                                     {[],[],[],[],[],[],[],[],[],[],[],[],[],
                                      [],[],[]},
                                     {{[],[],[],[],[],[],[],[],[],[],[],[],[],
                                       [],[],[]}}},
                               false,60,db,0}
** Reason for termination == 
** {{undef,[{eater,booking_id,
                   [{eater,"eater-1","ua","598f04fd6e3586a93d27aa1ddcf5f2e6",
                           "asd","asd",undefined,"0.0","true"}],
                   []},
            {boss_db_mock_controller,match_cond,2,
                                     [{file,"src/boss_db_mock_controller.erl"},
                                      {line,116}]},
            {dict,filter_bucket,4,[{file,"dict.erl"},{line,481}]},
            {dict,filter_bkt_list,4,[{file,"dict.erl"},{line,475}]},
            {dict,filter_seg_list,4,[{file,"dict.erl"},{line,469}]},
            {dict,filter_dict,2,[{file,"dict.erl"},{line,464}]},
            {boss_db_mock_controller,do_find,7,
                                     [{file,"src/boss_db_mock_controller.erl"},
                                      {line,104}]},
            {boss_db_mock_controller,handle_call,3,
                                     [{file,"src/boss_db_mock_controller.erl"},
                                      {line,24}]}]},
    {gen_server,call,
                [{global,boss_db_mock},
                 {find,eater,
                       [{booking_id,equals,"booking-3"}],
                       all,0,id,ascending}]}}

=ERROR REPORT==== 27-Aug-2012::15:19:19 ===
{{{undef,[{eater,booking_id,
                 [{eater,"eater-1","ua","598f04fd6e3586a93d27aa1ddcf5f2e6",
                         "asd","asd",undefined,"0.0","true"}],
                 []},
          {boss_db_mock_controller,match_cond,2,
                                   [{file,"src/boss_db_mock_controller.erl"},
                                    {line,116}]},
          {dict,filter_bucket,4,[{file,"dict.erl"},{line,481}]},
          {dict,filter_bkt_list,4,[{file,"dict.erl"},{line,475}]},
          {dict,filter_seg_list,4,[{file,"dict.erl"},{line,469}]},
          {dict,filter_dict,2,[{file,"dict.erl"},{line,464}]},
          {boss_db_mock_controller,do_find,7,
                                   [{file,"src/boss_db_mock_controller.erl"},
                                    {line,104}]},
          {boss_db_mock_controller,handle_call,3,
                                   [{file,"src/boss_db_mock_controller.erl"},
                                    {line,24}]}]},
  {gen_server,call,
              [{global,boss_db_mock},
               {find,eater,
                     [{booking_id,equals,"booking-3"}],
                     all,0,id,ascending}]}},
 {gen_server,call,
             [<0.70.0>,
              {find,eater,
                    [{booking_id,equals,"booking-3"}],
                    all,0,id,ascending},
              30000]}}

=ERROR REPORT==== 27-Aug-2012::15:19:19 ===
GET /mahlzeiten/index [speiseplan] 500 316ms

=INFO REPORT==== 27-Aug-2012::15:20:34 ===
Loading routes from "/Users/ulfangermann/projects/erlang/speiseplan/priv/speiseplan.routes" ....

=INFO REPORT==== 27-Aug-2012::15:20:35 ===
GET /mahlzeiten/index [speiseplan] 302 267ms

=INFO REPORT==== 27-Aug-2012::15:20:35 ===
Loading routes from "/Users/ulfangermann/projects/erlang/speiseplan/priv/speiseplan.routes" ....

=INFO REPORT==== 27-Aug-2012::15:20:35 ===
GET /eater/login [speiseplan] 200 103ms

=INFO REPORT==== 27-Aug-2012::15:20:40 ===
Loading routes from "/Users/ulfangermann/projects/erlang/speiseplan/priv/speiseplan.routes" ....

=INFO REPORT==== 27-Aug-2012::15:20:41 ===
GET /eater/ [speiseplan] 200 133ms

=INFO REPORT==== 27-Aug-2012::15:20:51 ===
Loading routes from "/Users/ulfangermann/projects/erlang/speiseplan/priv/speiseplan.routes" ....

=INFO REPORT==== 27-Aug-2012::15:20:51 ===
POST /eater/create [speiseplan] 302 189ms

=INFO REPORT==== 27-Aug-2012::15:20:51 ===
Loading routes from "/Users/ulfangermann/projects/erlang/speiseplan/priv/speiseplan.routes" ....

=INFO REPORT==== 27-Aug-2012::15:20:51 ===
GET /eater/index [speiseplan] 200 113ms

=INFO REPORT==== 27-Aug-2012::15:20:52 ===
Loading routes from "/Users/ulfangermann/projects/erlang/speiseplan/priv/speiseplan.routes" ....

=INFO REPORT==== 27-Aug-2012::15:20:52 ===
GET /admin/index [speiseplan] 200 239ms

=INFO REPORT==== 27-Aug-2012::15:20:58 ===
Loading routes from "/Users/ulfangermann/projects/erlang/speiseplan/priv/speiseplan.routes" ....

=INFO REPORT==== 27-Aug-2012::15:20:58 ===
POST /admin/create [speiseplan] 302 84ms

=INFO REPORT==== 27-Aug-2012::15:20:58 ===
Loading routes from "/Users/ulfangermann/projects/erlang/speiseplan/priv/speiseplan.routes" ....

=INFO REPORT==== 27-Aug-2012::15:20:58 ===
GET /admin/index [speiseplan] 200 126ms

=INFO REPORT==== 27-Aug-2012::15:21:05 ===
Loading routes from "/Users/ulfangermann/projects/erlang/speiseplan/priv/speiseplan.routes" ....

=ERROR REPORT==== 27-Aug-2012::15:21:05 ===
** Generic server boss_db_mock terminating 
** Last message in was {find,eater,
                             [{booking_id,equals,"booking-3"}],
                             all,0,id,ascending}
** When Server state == [{{dict,3,16,16,8,80,48,
                           {[],[],[],[],[],[],[],[],[],[],[],[],[],[],[],[]},
                           {{[["mahlzeit-2"|
                               {mahlzeit,"mahlzeit-2","qwe","qwe",undefined}]],
                             [],[],[],[],[],[],[],[],[],
                             [["eater-1"|
                               {eater,"eater-1","ua",
                                "598f04fd6e3586a93d27aa1ddcf5f2e6","asd",
                                "asd",undefined,"0.0","true"}]],
                             [],
                             [["booking-3"|
                               {booking,"booking-3","2012-08-02",
                                "mahlzeit-2",undefined,[]}]],
                             [],[],[]}}},
                          4}]
** Reason for termination == 
** {'function not exported',
       [{eater,booking_id,
            [{eater,"eater-1","ua","598f04fd6e3586a93d27aa1ddcf5f2e6","asd",
                 "asd",undefined,"0.0","true"}],
            []},
        {boss_db_mock_controller,match_cond,2,
            [{file,"src/boss_db_mock_controller.erl"},{line,116}]},
        {dict,filter_bucket,4,[{file,"dict.erl"},{line,481}]},
        {dict,filter_bkt_list,4,[{file,"dict.erl"},{line,475}]},
        {dict,filter_seg_list,4,[{file,"dict.erl"},{line,469}]},
        {dict,filter_dict,2,[{file,"dict.erl"},{line,464}]},
        {boss_db_mock_controller,do_find,7,
            [{file,"src/boss_db_mock_controller.erl"},{line,104}]},
        {boss_db_mock_controller,handle_call,3,
            [{file,"src/boss_db_mock_controller.erl"},{line,24}]}]}

=ERROR REPORT==== 27-Aug-2012::15:21:05 ===
** Generic server <0.67.0> terminating 
** Last message in was {find,eater,
                             [{booking_id,equals,"booking-3"}],
                             all,0,id,ascending}
** When Server state == {state,boss_db_adapter_mock,undefined,[],
                               {dict,0,16,16,8,80,48,
                                     {[],[],[],[],[],[],[],[],[],[],[],[],[],
                                      [],[],[]},
                                     {{[],[],[],[],[],[],[],[],[],[],[],[],[],
                                       [],[],[]}}},
                               false,60,db,0}
** Reason for termination == 
** {{undef,[{eater,booking_id,
                   [{eater,"eater-1","ua","598f04fd6e3586a93d27aa1ddcf5f2e6",
                           "asd","asd",undefined,"0.0","true"}],
                   []},
            {boss_db_mock_controller,match_cond,2,
                                     [{file,"src/boss_db_mock_controller.erl"},
                                      {line,116}]},
            {dict,filter_bucket,4,[{file,"dict.erl"},{line,481}]},
            {dict,filter_bkt_list,4,[{file,"dict.erl"},{line,475}]},
            {dict,filter_seg_list,4,[{file,"dict.erl"},{line,469}]},
            {dict,filter_dict,2,[{file,"dict.erl"},{line,464}]},
            {boss_db_mock_controller,do_find,7,
                                     [{file,"src/boss_db_mock_controller.erl"},
                                      {line,104}]},
            {boss_db_mock_controller,handle_call,3,
                                     [{file,"src/boss_db_mock_controller.erl"},
                                      {line,24}]}]},
    {gen_server,call,
                [{global,boss_db_mock},
                 {find,eater,
                       [{booking_id,equals,"booking-3"}],
                       all,0,id,ascending}]}}

=ERROR REPORT==== 27-Aug-2012::15:21:05 ===
{{{undef,[{eater,booking_id,
                 [{eater,"eater-1","ua","598f04fd6e3586a93d27aa1ddcf5f2e6",
                         "asd","asd",undefined,"0.0","true"}],
                 []},
          {boss_db_mock_controller,match_cond,2,
                                   [{file,"src/boss_db_mock_controller.erl"},
                                    {line,116}]},
          {dict,filter_bucket,4,[{file,"dict.erl"},{line,481}]},
          {dict,filter_bkt_list,4,[{file,"dict.erl"},{line,475}]},
          {dict,filter_seg_list,4,[{file,"dict.erl"},{line,469}]},
          {dict,filter_dict,2,[{file,"dict.erl"},{line,464}]},
          {boss_db_mock_controller,do_find,7,
                                   [{file,"src/boss_db_mock_controller.erl"},
                                    {line,104}]},
          {boss_db_mock_controller,handle_call,3,
                                   [{file,"src/boss_db_mock_controller.erl"},
                                    {line,24}]}]},
  {gen_server,call,
              [{global,boss_db_mock},
               {find,eater,
                     [{booking_id,equals,"booking-3"}],
                     all,0,id,ascending}]}},
 {gen_server,call,
             [<0.67.0>,
              {find,eater,
                    [{booking_id,equals,"booking-3"}],
                    all,0,id,ascending},
              30000]}}

=ERROR REPORT==== 27-Aug-2012::15:21:05 ===
GET /mahlzeiten/index [speiseplan] 500 245ms

=INFO REPORT==== 27-Aug-2012::15:21:28 ===
GET /doc/booking [speiseplan] 200 178ms

=ERROR REPORT==== 27-Aug-2012::15:21:28 ===
GET /doc/erlang.png [speiseplan] 404 0ms

=ERROR REPORT==== 27-Aug-2012::15:21:28 ===
GET /doc/stylesheet.css [speiseplan] 404 0ms

=INFO REPORT==== 27-Aug-2012::15:27:33 ===
GET /doc/booking [speiseplan] 200 79ms

=ERROR REPORT==== 27-Aug-2012::15:27:33 ===
GET /doc/stylesheet.css [speiseplan] 404 0ms

=ERROR REPORT==== 27-Aug-2012::15:27:33 ===
GET /doc/erlang.png [speiseplan] 404 0ms

=ERROR REPORT==== 27-Aug-2012::15:27:43 ===
GET /doc/overview-summary.html [speiseplan] 404 0ms

=INFO REPORT==== 27-Aug-2012::15:27:47 ===
GET /doc/ [speiseplan] 200 208ms

=INFO REPORT==== 27-Aug-2012::15:27:52 ===
GET /doc/booking [speiseplan] 200 52ms

=ERROR REPORT==== 27-Aug-2012::15:27:52 ===
GET /doc/stylesheet.css [speiseplan] 404 0ms

=ERROR REPORT==== 27-Aug-2012::15:27:52 ===
GET /doc/erlang.png [speiseplan] 404 0ms

=INFO REPORT==== 27-Aug-2012::15:28:45 ===
GET /doc/booking [speiseplan] 200 55ms

=ERROR REPORT==== 27-Aug-2012::15:28:45 ===
GET /doc/stylesheet.css [speiseplan] 404 0ms

=ERROR REPORT==== 27-Aug-2012::15:28:45 ===
GET /doc/erlang.png [speiseplan] 404 0ms

=INFO REPORT==== 27-Aug-2012::15:28:48 ===
GET /doc/booking [speiseplan] 200 56ms

=ERROR REPORT==== 27-Aug-2012::15:28:48 ===
GET /doc/stylesheet.css [speiseplan] 404 0ms

=ERROR REPORT==== 27-Aug-2012::15:28:48 ===
GET /doc/erlang.png [speiseplan] 404 0ms

=INFO REPORT==== 27-Aug-2012::15:28:49 ===
GET /doc/booking [speiseplan] 200 54ms

=ERROR REPORT==== 27-Aug-2012::15:28:49 ===
GET /doc/stylesheet.css [speiseplan] 404 0ms

=ERROR REPORT==== 27-Aug-2012::15:28:49 ===
GET /doc/erlang.png [speiseplan] 404 0ms

=INFO REPORT==== 27-Aug-2012::15:29:34 ===
GET /doc/booking [speiseplan] 200 59ms

=ERROR REPORT==== 27-Aug-2012::15:29:34 ===
GET /doc/stylesheet.css [speiseplan] 404 0ms

=ERROR REPORT==== 27-Aug-2012::15:29:34 ===
GET /doc/erlang.png [speiseplan] 404 0ms

=INFO REPORT==== 27-Aug-2012::15:30:15 ===
Loading routes from "/Users/ulfangermann/projects/erlang/speiseplan/priv/speiseplan.routes" ....

=INFO REPORT==== 27-Aug-2012::15:30:15 ===
GET /eater/ [speiseplan] 200 257ms

=INFO REPORT==== 27-Aug-2012::15:30:23 ===
Loading routes from "/Users/ulfangermann/projects/erlang/speiseplan/priv/speiseplan.routes" ....

=INFO REPORT==== 27-Aug-2012::15:30:23 ===
POST /eater/create [speiseplan] 302 83ms

=INFO REPORT==== 27-Aug-2012::15:30:23 ===
Loading routes from "/Users/ulfangermann/projects/erlang/speiseplan/priv/speiseplan.routes" ....

=INFO REPORT==== 27-Aug-2012::15:30:24 ===
GET /eater/index [speiseplan] 200 85ms

=INFO REPORT==== 27-Aug-2012::15:30:25 ===
Loading routes from "/Users/ulfangermann/projects/erlang/speiseplan/priv/speiseplan.routes" ....

=INFO REPORT==== 27-Aug-2012::15:30:25 ===
GET /admin/index [speiseplan] 200 145ms

=INFO REPORT==== 27-Aug-2012::15:30:31 ===
Loading routes from "/Users/ulfangermann/projects/erlang/speiseplan/priv/speiseplan.routes" ....

=INFO REPORT==== 27-Aug-2012::15:30:31 ===
POST /admin/create [speiseplan] 302 82ms

=INFO REPORT==== 27-Aug-2012::15:30:31 ===
Loading routes from "/Users/ulfangermann/projects/erlang/speiseplan/priv/speiseplan.routes" ....

=INFO REPORT==== 27-Aug-2012::15:30:31 ===
GET /admin/index [speiseplan] 200 81ms

=INFO REPORT==== 27-Aug-2012::15:31:32 ===
Loading routes from "/Users/ulfangermann/projects/erlang/speiseplan/priv/speiseplan.routes" ....

=INFO REPORT==== 27-Aug-2012::15:31:32 ===
GET /admin/index [speiseplan] 200 114ms

=INFO REPORT==== 27-Aug-2012::15:31:42 ===
Loading routes from "/Users/ulfangermann/projects/erlang/speiseplan/priv/speiseplan.routes" ....

=INFO REPORT==== 27-Aug-2012::15:31:42 ===
GET /mahlzeiten/index [speiseplan] 200 265ms

=INFO REPORT==== 27-Aug-2012::15:31:42 ===
Loading routes from "/Users/ulfangermann/projects/erlang/speiseplan/priv/speiseplan.routes" ....

=ERROR REPORT==== 27-Aug-2012::15:31:42 ===
GET /mahlzeiten/favicon.ico [speiseplan] 404 92ms

=INFO REPORT==== 27-Aug-2012::15:31:57 ===
Loading routes from "/Users/ulfangermann/projects/erlang/speiseplan/priv/speiseplan.routes" ....

=INFO REPORT==== 27-Aug-2012::15:31:57 ===
GET /admin/index [speiseplan] 200 321ms

=INFO REPORT==== 27-Aug-2012::15:32:04 ===
Loading routes from "/Users/ulfangermann/projects/erlang/speiseplan/priv/speiseplan.routes" ....

=INFO REPORT==== 27-Aug-2012::15:32:05 ===
POST /admin/create [speiseplan] 302 282ms

=INFO REPORT==== 27-Aug-2012::15:32:05 ===
Loading routes from "/Users/ulfangermann/projects/erlang/speiseplan/priv/speiseplan.routes" ....

=INFO REPORT==== 27-Aug-2012::15:32:05 ===
GET /admin/index [speiseplan] 200 109ms

=INFO REPORT==== 27-Aug-2012::15:32:14 ===
Loading routes from "/Users/ulfangermann/projects/erlang/speiseplan/priv/speiseplan.routes" ....

=INFO REPORT==== 27-Aug-2012::15:32:14 ===
GET /mahlzeiten/index [speiseplan] 200 122ms

=INFO REPORT==== 27-Aug-2012::15:33:52 ===
Loading routes from "/Users/ulfangermann/projects/erlang/speiseplan/priv/speiseplan.routes" ....

=INFO REPORT==== 27-Aug-2012::15:33:52 ===
GET /mahlzeiten/index [speiseplan] 200 466ms

=INFO REPORT==== 27-Aug-2012::15:33:53 ===
Loading routes from "/Users/ulfangermann/projects/erlang/speiseplan/priv/speiseplan.routes" ....

=INFO REPORT==== 27-Aug-2012::15:33:53 ===
GET /mahlzeiten/index [speiseplan] 200 94ms

=INFO REPORT==== 27-Aug-2012::15:36:40 ===
GET /doc/booking [speiseplan] 200 209ms

=ERROR REPORT==== 27-Aug-2012::15:36:40 ===
GET /doc/stylesheet.css [speiseplan] 404 0ms

=ERROR REPORT==== 27-Aug-2012::15:36:40 ===
GET /doc/erlang.png [speiseplan] 404 0ms

=INFO REPORT==== 27-Aug-2012::15:36:53 ===
GET /doc/booking [speiseplan] 200 51ms

=ERROR REPORT==== 27-Aug-2012::15:36:53 ===
GET /doc/erlang.png [speiseplan] 404 0ms

=ERROR REPORT==== 27-Aug-2012::15:36:53 ===
GET /doc/stylesheet.css [speiseplan] 404 0ms
