
=INFO REPORT==== 24-Aug-2012::15:24:51 ===
Starting Boss in development mode....

=INFO REPORT==== 24-Aug-2012::15:24:51 ===
Starting master services on speiseplan@noname

=INFO REPORT==== 24-Aug-2012::15:24:51 ===
SSL:[]

=INFO REPORT==== 24-Aug-2012::15:24:51 ===
Loading routes from "/Users/ulfangermann/projects/erlang/speiseplan/priv/speiseplan.routes" ....

=INFO REPORT==== 24-Aug-2012::15:24:56 ===
Loading routes from "/Users/ulfangermann/projects/erlang/speiseplan/priv/speiseplan.routes" ....

=INFO REPORT==== 24-Aug-2012::15:24:56 ===
GET /mahlzeiten/index [speiseplan] 200 26ms

=INFO REPORT==== 24-Aug-2012::15:24:56 ===
Loading routes from "/Users/ulfangermann/projects/erlang/speiseplan/priv/speiseplan.routes" ....

=ERROR REPORT==== 24-Aug-2012::15:24:56 ===
GET /mahlzeiten/favicon.ico [speiseplan] 404 28ms

=INFO REPORT==== 24-Aug-2012::15:25:08 ===
Loading routes from "/Users/ulfangermann/projects/erlang/speiseplan/priv/speiseplan.routes" ....

=INFO REPORT==== 24-Aug-2012::15:25:08 ===
POST /mahlzeiten/create [speiseplan] 302 28ms

=INFO REPORT==== 24-Aug-2012::15:25:08 ===
Loading routes from "/Users/ulfangermann/projects/erlang/speiseplan/priv/speiseplan.routes" ....

=ERROR REPORT==== 24-Aug-2012::15:25:08 ===
{function_clause,
    [{erlydtl_filters,length,
         [undefined],
         [{file,"src/erlydtl_filters.erl"},{line,375}]},
     {speiseplan_view_mahlzeiten_index_html,'-render_internal/4-fun-0-',2,[]},
     {lists,mapfoldl,3,[{file,"lists.erl"},{line,1278}]},
     {erlydtl_runtime,forloop,3,[{file,"src/erlydtl_runtime.erl"},{line,228}]},
     {speiseplan_view_mahlzeiten_index_html,render_internal,4,[]},
     {speiseplan_view_mahlzeiten_index_html,render,2,[]},
     {boss_web_controller,render_view,6,
         [{file,"src/boss/boss_web_controller.erl"},{line,843}]},
     {boss_web_controller,execute_action,5,
         [{file,"src/boss/boss_web_controller.erl"},{line,734}]}]}

=ERROR REPORT==== 24-Aug-2012::15:25:08 ===
GET /mahlzeiten/index [speiseplan] 500 30ms

=INFO REPORT==== 24-Aug-2012::15:27:13 ===
Loading routes from "/Users/ulfangermann/projects/erlang/speiseplan/priv/speiseplan.routes" ....

=ERROR REPORT==== 24-Aug-2012::15:27:13 ===
{function_clause,
    [{erlydtl_filters,length,
         [undefined],
         [{file,"src/erlydtl_filters.erl"},{line,375}]},
     {speiseplan_view_mahlzeiten_index_html,'-render_internal/4-fun-0-',2,[]},
     {lists,mapfoldl,3,[{file,"lists.erl"},{line,1278}]},
     {erlydtl_runtime,forloop,3,[{file,"src/erlydtl_runtime.erl"},{line,228}]},
     {speiseplan_view_mahlzeiten_index_html,render_internal,4,[]},
     {speiseplan_view_mahlzeiten_index_html,render,2,[]},
     {boss_web_controller,render_view,6,
         [{file,"src/boss/boss_web_controller.erl"},{line,843}]},
     {boss_web_controller,execute_action,5,
         [{file,"src/boss/boss_web_controller.erl"},{line,734}]}]}

=ERROR REPORT==== 24-Aug-2012::15:27:13 ===
GET /mahlzeiten/index [speiseplan] 500 72ms

=INFO REPORT==== 24-Aug-2012::15:27:39 ===
Loading routes from "/Users/ulfangermann/projects/erlang/speiseplan/priv/speiseplan.routes" ....

=ERROR REPORT==== 24-Aug-2012::15:27:39 ===
{function_clause,
    [{erlydtl_filters,length,
         [undefined],
         [{file,"src/erlydtl_filters.erl"},{line,375}]},
     {speiseplan_view_mahlzeiten_index_html,'-render_internal/4-fun-0-',2,[]},
     {lists,mapfoldl,3,[{file,"lists.erl"},{line,1278}]},
     {erlydtl_runtime,forloop,3,[{file,"src/erlydtl_runtime.erl"},{line,228}]},
     {speiseplan_view_mahlzeiten_index_html,render_internal,4,[]},
     {speiseplan_view_mahlzeiten_index_html,render,2,[]},
     {boss_web_controller,render_view,6,
         [{file,"src/boss/boss_web_controller.erl"},{line,843}]},
     {boss_web_controller,execute_action,5,
         [{file,"src/boss/boss_web_controller.erl"},{line,734}]}]}

=ERROR REPORT==== 24-Aug-2012::15:27:39 ===
GET /mahlzeiten/ [speiseplan] 500 73ms

=INFO REPORT==== 24-Aug-2012::15:27:43 ===
Loading routes from "/Users/ulfangermann/projects/erlang/speiseplan/priv/speiseplan.routes" ....

=ERROR REPORT==== 24-Aug-2012::15:27:43 ===
{function_clause,
    [{erlydtl_filters,length,
         [undefined],
         [{file,"src/erlydtl_filters.erl"},{line,375}]},
     {speiseplan_view_mahlzeiten_index_html,'-render_internal/4-fun-0-',2,[]},
     {lists,mapfoldl,3,[{file,"lists.erl"},{line,1278}]},
     {erlydtl_runtime,forloop,3,[{file,"src/erlydtl_runtime.erl"},{line,228}]},
     {speiseplan_view_mahlzeiten_index_html,render_internal,4,[]},
     {speiseplan_view_mahlzeiten_index_html,render,2,[]},
     {boss_web_controller,render_view,6,
         [{file,"src/boss/boss_web_controller.erl"},{line,843}]},
     {boss_web_controller,execute_action,5,
         [{file,"src/boss/boss_web_controller.erl"},{line,734}]}]}

=ERROR REPORT==== 24-Aug-2012::15:27:43 ===
GET /mahlzeiten/index [speiseplan] 500 35ms

=INFO REPORT==== 24-Aug-2012::15:28:46 ===
Loading routes from "/Users/ulfangermann/projects/erlang/speiseplan/priv/speiseplan.routes" ....

=INFO REPORT==== 24-Aug-2012::15:28:46 ===
GET /mahlzeiten/index [speiseplan] 200 57ms

=INFO REPORT==== 24-Aug-2012::15:29:37 ===
Loading routes from "/Users/ulfangermann/projects/erlang/speiseplan/priv/speiseplan.routes" ....

=ERROR REPORT==== 24-Aug-2012::15:29:37 ===
{function_clause,
    [{erlydtl_filters,length,
         [undefined],
         [{file,"src/erlydtl_filters.erl"},{line,375}]},
     {speiseplan_view_mahlzeiten_index_html,'-render_internal/4-fun-0-',2,[]},
     {lists,mapfoldl,3,[{file,"lists.erl"},{line,1278}]},
     {erlydtl_runtime,forloop,3,[{file,"src/erlydtl_runtime.erl"},{line,228}]},
     {speiseplan_view_mahlzeiten_index_html,render_internal,4,[]},
     {speiseplan_view_mahlzeiten_index_html,render,2,[]},
     {boss_web_controller,render_view,6,
         [{file,"src/boss/boss_web_controller.erl"},{line,843}]},
     {boss_web_controller,execute_action,5,
         [{file,"src/boss/boss_web_controller.erl"},{line,734}]}]}

=ERROR REPORT==== 24-Aug-2012::15:29:37 ===
GET /mahlzeiten/index [speiseplan] 500 78ms

=INFO REPORT==== 24-Aug-2012::15:30:27 ===
Loading routes from "/Users/ulfangermann/projects/erlang/speiseplan/priv/speiseplan.routes" ....

=INFO REPORT==== 24-Aug-2012::15:30:27 ===
GET /mahlzeiten/index [speiseplan] 200 74ms

=INFO REPORT==== 24-Aug-2012::15:30:27 ===
Loading routes from "/Users/ulfangermann/projects/erlang/speiseplan/priv/speiseplan.routes" ....

=ERROR REPORT==== 24-Aug-2012::15:30:27 ===
GET /mahlzeiten/favicon.ico [speiseplan] 404 32ms

=INFO REPORT==== 24-Aug-2012::15:30:48 ===
Loading routes from "/Users/ulfangermann/projects/erlang/speiseplan/priv/speiseplan.routes" ....

=ERROR REPORT==== 24-Aug-2012::15:30:48 ===
POST /mahlzeiten/mahlzeit-1 [speiseplan] 404 30ms

=INFO REPORT==== 24-Aug-2012::15:30:50 ===
Loading routes from "/Users/ulfangermann/projects/erlang/speiseplan/priv/speiseplan.routes" ....

=ERROR REPORT==== 24-Aug-2012::15:30:50 ===
POST /mahlzeiten/mahlzeit-1 [speiseplan] 404 32ms

=INFO REPORT==== 24-Aug-2012::15:33:38 ===
Loading routes from "/Users/ulfangermann/projects/erlang/speiseplan/priv/speiseplan.routes" ....

=INFO REPORT==== 24-Aug-2012::15:33:38 ===
GET /mahlzeiten/index [speiseplan] 200 73ms

=INFO REPORT==== 24-Aug-2012::15:34:05 ===
Loading routes from "/Users/ulfangermann/projects/erlang/speiseplan/priv/speiseplan.routes" ....

=INFO REPORT==== 24-Aug-2012::15:34:05 ===
POST /mahlzeiten/create [speiseplan] 302 30ms

=INFO REPORT==== 24-Aug-2012::15:34:05 ===
Loading routes from "/Users/ulfangermann/projects/erlang/speiseplan/priv/speiseplan.routes" ....

=INFO REPORT==== 24-Aug-2012::15:34:05 ===
GET /mahlzeiten/index [speiseplan] 200 33ms

=INFO REPORT==== 24-Aug-2012::15:34:58 ===
Loading routes from "/Users/ulfangermann/projects/erlang/speiseplan/priv/speiseplan.routes" ....

=INFO REPORT==== 24-Aug-2012::15:34:58 ===
POST /mahlzeiten/create [speiseplan] 302 29ms

=INFO REPORT==== 24-Aug-2012::15:34:58 ===
Loading routes from "/Users/ulfangermann/projects/erlang/speiseplan/priv/speiseplan.routes" ....

=INFO REPORT==== 24-Aug-2012::15:34:58 ===
GET /mahlzeiten/index [speiseplan] 200 33ms

=INFO REPORT==== 24-Aug-2012::16:01:44 ===
Loading routes from "/Users/ulfangermann/projects/erlang/speiseplan/priv/speiseplan.routes" ....

=ERROR REPORT==== 24-Aug-2012::16:01:44 ===
{function_clause,
 [{erlydtl_compiler,filter_ast2,
   [format_date,
    {tree,application,
     {attr,0,[],none},
     {application,
      {tree,module_qualifier,
       {attr,0,[],none},
       {module_qualifier,
        {tree,atom,{attr,0,[],none},erlydtl_runtime},
        {tree,atom,{attr,0,[],none},find_value}}},
      [{tree,atom,{attr,0,[],none},date},
       {tree,variable,{attr,0,[],none},'Var_mahlzeit'}]}},
    [],[],
    {dtl_context,
     [[{forloop,{tree,variable,{attr,0,[],none},'Counters'}},
       {mahlzeit,{tree,variable,{attr,0,[],none},'Var_mahlzeit'}}]],
     {dict,1,16,16,8,80,48,
      {[],[],[],[],[],[],[],[],[],[],[],[],[],[],[],[]},
      {{[],[],[],[],[],[],[],[],[],
        [[body,
          {string,
           {3,17},
           "\n<div class=\"row\">\n  <div class=\"span8\">\n    <h2>Aktuelle Termine</h2>\n    <div class=\"well\">\n      <table class=\"table\">\n        <thead>\n          <tr>\n            <th>Speise</th>\n            <th>Datum</th>\n            <th>Anmeldungen\n            <th>davon vegetarisch</th>\n            <th>Status</th>\n          </tr>\n        </thead>\n        <tbody>\n          "},
          {'if',
           {variable,{identifier,{19,17},mahlzeiten}},
           [{string,{19,30},"\n          "},
            {for,
             {in,
              [{identifier,{20,18},mahlzeit}],
              {variable,{identifier,{20,30},mahlzeiten}}},
             [{string,{20,43},"\n          <tr id=\""},
              {attribute,
               {{identifier,{21,31},id},
                {variable,{identifier,{21,22},mahlzeit}}}},
              {string,
               {21,36},
               "\">\n            <td data-popover-title=\"Teilnehmer\" data-popover-content=\"0\">\n              <a href=\"#\">"},
              {attribute,
               {{identifier,{23,39},title},
                {variable,{identifier,{23,30},mahlzeit}}}},
              {string,{23,47},"</a>\n            </td>\n            <td>"},
              {apply_filter,
               {attribute,
                {{identifier,{25,29},date},
                 {variable,{identifier,{25,20},mahlzeit}}}},
               [{identifier,{25,34},format_date}]},
              {string,
               {25,48},
               "</td>\n            <td>0</td>\n            <td>0</td>\n            <td>\n                <form method=\"post\" action=\" "},
              {attribute,
               {{identifier,{29,58},id},
                {variable,{identifier,{29,49},mahlzeit}}}},
              {string,
               {29,63},
               "\">\n                <input type=\"hidden\" name=\"_method\" value=\"delete\">\n                <input type=\"submit\" class=\"btn btn-danger\" value=\"Stornieren\">\n              </form>\n              <form method=\"post\" action=\""},
              {attribute,
               {{identifier,{33,55},id},
                {variable,{identifier,{33,46},mahlzeit}}}},
              {string,
               {33,60},
               "\">\n                <input type=\"hidden\" name=\"_method\" value=\"put\">\n                <label>\n                  <input type=\"checkbox\" name=\"vegetarian\">\n                  vegetarisch\n                </label>\n                <input type=\"submit\" class=\"btn btn-success\" value=\"Buchen\">\n              </form>\n            </td>\n          </tr>\n          <tr class=\"details\">\n            <td colspan=\"4\">"},
              {attribute,
               {{identifier,{44,41},details},
                {variable,{identifier,{44,32},mahlzeit}}}},
              {string,{44,51},"</td>\n          </tr>\n          "}]},
            {string,{46,23},"\n          "}]},
          {string,
           {47,22},
           "\n        </tbody>\n      </table>\n    </div>\n  </div>\n  <div class=\"span4\">\n    "},
          {include,{string_literal,{53,16},"\"mahlzeiten/create.html\""},[]},
          {string,{53,43},"\n  </div>\n</div>\n"}]],
        [],[],[],[],[],[]}}},
     #Fun<boss_load.11.106345417>,[],did,"src/view",
     ["src/view/layout.html","src/view/mahlzeiten/index.html"],
     [],[],
     "/Users/ulfangermann/projects/erlang/ChicagoBoss/deps/erlydtl/priv/custom_tags",
     [speiseplan_custom_tags,boss_erlydtl_tags,speiseplan_view_lib_tags],
     {file,read_file},
     speiseplan_view_mahlzeiten_index_html,[],true,false,none,false}],
   [{file,"src/erlydtl_compiler.erl"},{line,923}]},
  {erlydtl_compiler,filter_ast_noescape,4,
   [{file,"src/erlydtl_compiler.erl"},{line,908}]},
  {erlydtl_compiler,filter_ast,4,
   [{file,"src/erlydtl_compiler.erl"},{line,887}]},
  {erlydtl_compiler,'-body_ast/3-fun-2-',3,
   [{file,"src/erlydtl_compiler.erl"},{line,613}]},
  {lists,mapfoldl,3,[{file,"lists.erl"},{line,1278}]},
  {lists,mapfoldl,3,[{file,"lists.erl"},{line,1279}]},
  {erlydtl_compiler,body_ast,3,[{file,"src/erlydtl_compiler.erl"},{line,509}]},
  {erlydtl_compiler,for_loop_ast,6,
   [{file,"src/erlydtl_compiler.erl"},{line,1070}]}]}

=ERROR REPORT==== 24-Aug-2012::16:01:44 ===
GET /mahlzeiten/index [speiseplan] 500 45ms

=INFO REPORT==== 24-Aug-2012::16:08:51 ===
Loading routes from "/Users/ulfangermann/projects/erlang/speiseplan/priv/speiseplan.routes" ....

=ERROR REPORT==== 24-Aug-2012::16:08:51 ===
GET / [speiseplan] 404 0ms

=INFO REPORT==== 24-Aug-2012::16:10:25 ===
Loading routes from "/Users/ulfangermann/projects/erlang/speiseplan/priv/speiseplan.routes" ....

=INFO REPORT==== 24-Aug-2012::16:10:25 ===
GET /mahlzeiten/index [speiseplan] 200 76ms

=ERROR REPORT==== 24-Aug-2012::16:27:20 ===
Can't load module that resides in sticky dir

=ERROR REPORT==== 24-Aug-2012::16:27:20 ===
GET /doc/booking [speiseplan] 500 36ms

=ERROR REPORT==== 24-Aug-2012::16:27:41 ===
Can't load module that resides in sticky dir

=ERROR REPORT==== 24-Aug-2012::16:27:41 ===
GET /doc [speiseplan] 500 31ms

=ERROR REPORT==== 24-Aug-2012::16:27:45 ===
Can't load module that resides in sticky dir

=ERROR REPORT==== 24-Aug-2012::16:27:45 ===
GET /doc/ [speiseplan] 500 32ms
