
=INFO REPORT==== 28-Aug-2012::08:42:25 ===
Starting Boss in development mode....

=INFO REPORT==== 28-Aug-2012::08:42:25 ===
Starting master services on 'speiseplan@Ulf-Angermann-s-MacBook-Pro'

=INFO REPORT==== 28-Aug-2012::08:42:25 ===
SSL:[]

=INFO REPORT==== 28-Aug-2012::08:42:25 ===
Loading routes from "/Users/ulfangermann/projects/erlang/speiseplan/priv/speiseplan.routes" ....

=INFO REPORT==== 28-Aug-2012::08:42:46 ===
Loading routes from "/Users/ulfangermann/projects/erlang/speiseplan/priv/speiseplan.routes" ....

=INFO REPORT==== 28-Aug-2012::08:42:46 ===
GET /eater/ [speiseplan] 200 359ms

=INFO REPORT==== 28-Aug-2012::08:42:52 ===
Loading routes from "/Users/ulfangermann/projects/erlang/speiseplan/priv/speiseplan.routes" ....

=INFO REPORT==== 28-Aug-2012::08:42:52 ===
POST /eater/create [speiseplan] 302 146ms

=INFO REPORT==== 28-Aug-2012::08:42:52 ===
Loading routes from "/Users/ulfangermann/projects/erlang/speiseplan/priv/speiseplan.routes" ....

=INFO REPORT==== 28-Aug-2012::08:42:52 ===
GET /eater/index [speiseplan] 200 82ms

=INFO REPORT==== 28-Aug-2012::08:42:54 ===
Loading routes from "/Users/ulfangermann/projects/erlang/speiseplan/priv/speiseplan.routes" ....

=INFO REPORT==== 28-Aug-2012::08:42:54 ===
GET /eater/login [speiseplan] 200 129ms

=INFO REPORT==== 28-Aug-2012::08:42:58 ===
Loading routes from "/Users/ulfangermann/projects/erlang/speiseplan/priv/speiseplan.routes" ....

=INFO REPORT==== 28-Aug-2012::08:42:59 ===
POST /eater/login [speiseplan] 302 82ms

=INFO REPORT==== 28-Aug-2012::08:42:59 ===
Loading routes from "/Users/ulfangermann/projects/erlang/speiseplan/priv/speiseplan.routes" ....

=INFO REPORT==== 28-Aug-2012::08:42:59 ===
GET /dish/index [speiseplan] 200 107ms

=INFO REPORT==== 28-Aug-2012::08:43:01 ===
Loading routes from "/Users/ulfangermann/projects/erlang/speiseplan/priv/speiseplan.routes" ....

=INFO REPORT==== 28-Aug-2012::08:43:01 ===
GET /admin/index [speiseplan] 200 98ms

=INFO REPORT==== 28-Aug-2012::08:43:09 ===
Loading routes from "/Users/ulfangermann/projects/erlang/speiseplan/priv/speiseplan.routes" ....

=ERROR REPORT==== 28-Aug-2012::08:43:09 ===
{undef,
    [{menu,new,[id,"2012-08-01","dish-2",[],"1"],[]},
     {speiseplan_admin_controller,create,4,
         [{file,
              "/Users/ulfangermann/projects/erlang/speiseplan/src/controller/speiseplan_admin_controller.erl"},
          {line,18}]},
     {boss_web_controller,execute_action,5,
         [{file,"src/boss/boss_web_controller.erl"},{line,714}]},
     {boss_web_controller,process_request,5,
         [{file,"src/boss/boss_web_controller.erl"},{line,460}]},
     {timer,tc,3,[{file,"timer.erl"},{line,194}]},
     {boss_web_controller,handle_request,3,
         [{file,"src/boss/boss_web_controller.erl"},{line,388}]},
     {mochiweb_http,headers,5,[{file,"src/mochiweb_http.erl"},{line,90}]},
     {proc_lib,init_p_do_apply,3,[{file,"proc_lib.erl"},{line,227}]}]}

=ERROR REPORT==== 28-Aug-2012::08:43:09 ===
POST /admin/create [speiseplan] 500 92ms

=INFO REPORT==== 28-Aug-2012::08:43:32 ===
Loading routes from "/Users/ulfangermann/projects/erlang/speiseplan/priv/speiseplan.routes" ....

=INFO REPORT==== 28-Aug-2012::08:43:32 ===
POST /admin/create [speiseplan] 302 173ms

=INFO REPORT==== 28-Aug-2012::08:43:33 ===
Loading routes from "/Users/ulfangermann/projects/erlang/speiseplan/priv/speiseplan.routes" ....

=INFO REPORT==== 28-Aug-2012::08:43:33 ===
GET /admin/index [speiseplan] 200 124ms

=INFO REPORT==== 28-Aug-2012::08:43:36 ===
Loading routes from "/Users/ulfangermann/projects/erlang/speiseplan/priv/speiseplan.routes" ....

=INFO REPORT==== 28-Aug-2012::08:43:36 ===
GET /admin/index [speiseplan] 200 83ms

=INFO REPORT==== 28-Aug-2012::08:43:44 ===
Loading routes from "/Users/ulfangermann/projects/erlang/speiseplan/priv/speiseplan.routes" ....

=INFO REPORT==== 28-Aug-2012::08:43:44 ===
POST /admin/create [speiseplan] 302 78ms

=INFO REPORT==== 28-Aug-2012::08:43:44 ===
Loading routes from "/Users/ulfangermann/projects/erlang/speiseplan/priv/speiseplan.routes" ....

=INFO REPORT==== 28-Aug-2012::08:43:45 ===
GET /admin/index [speiseplan] 200 79ms

=INFO REPORT==== 28-Aug-2012::08:44:48 ===
Loading routes from "/Users/ulfangermann/projects/erlang/speiseplan/priv/speiseplan.routes" ....

=INFO REPORT==== 28-Aug-2012::08:44:49 ===
GET /admin/index [speiseplan] 200 388ms

=INFO REPORT==== 28-Aug-2012::08:45:21 ===
Loading routes from "/Users/ulfangermann/projects/erlang/speiseplan/priv/speiseplan.routes" ....

=INFO REPORT==== 28-Aug-2012::08:45:21 ===
GET /admin/index [speiseplan] 200 280ms
