
=INFO REPORT==== 3-Sep-2012::16:42:07 ===
Starting Boss in development mode....

=INFO REPORT==== 3-Sep-2012::16:42:07 ===
Starting master services on 'speiseplan@Ulf-Angermann-s-MacBook-Pro'

=INFO REPORT==== 3-Sep-2012::16:42:07 ===
SSL:[]

=INFO REPORT==== 3-Sep-2012::16:42:07 ===
Loading routes from "/Users/ulfangermann/projects/erlang/speiseplan/priv/speiseplan.routes" ....

=INFO REPORT==== 3-Sep-2012::16:47:42 ===
Loading routes from "/Users/ulfangermann/projects/erlang/speiseplan/priv/speiseplan.routes" ....

=INFO REPORT==== 3-Sep-2012::16:47:42 ===
GET /eater [speiseplan] 200 106ms

=INFO REPORT==== 3-Sep-2012::16:47:55 ===
Loading routes from "/Users/ulfangermann/projects/erlang/speiseplan/priv/speiseplan.routes" ....

=INFO REPORT==== 3-Sep-2012::16:47:55 ===
GET /eater [speiseplan] 200 112ms

=INFO REPORT==== 3-Sep-2012::16:47:57 ===
Loading routes from "/Users/ulfangermann/projects/erlang/speiseplan/priv/speiseplan.routes" ....

=INFO REPORT==== 3-Sep-2012::16:47:57 ===
GET /eater [speiseplan] 200 111ms

=INFO REPORT==== 3-Sep-2012::16:48:09 ===
Loading routes from "/Users/ulfangermann/projects/erlang/speiseplan/priv/speiseplan.routes" ....

=INFO REPORT==== 3-Sep-2012::16:48:09 ===
GET /eater [speiseplan] 200 139ms

=INFO REPORT==== 3-Sep-2012::16:48:16 ===
Loading routes from "/Users/ulfangermann/projects/erlang/speiseplan/priv/speiseplan.routes" ....

=ERROR REPORT==== 3-Sep-2012::16:48:16 ===
{{badmatch,{error,["Please enter a forename","Please enter a Name",
                   "Please enter a valid mail adress"]}},
 [{speiseplan_eater_controller,create,3,
                               [{file,"/Users/ulfangermann/projects/erlang/speiseplan/src/controller/speiseplan_eater_controller.erl"},
                                {line,53}]},
  {boss_web_controller,execute_action,5,
                       [{file,"src/boss/boss_web_controller.erl"},{line,711}]},
  {boss_web_controller,process_request,5,
                       [{file,"src/boss/boss_web_controller.erl"},{line,460}]},
  {timer,tc,3,[{file,"timer.erl"},{line,194}]},
  {boss_web_controller,handle_request,3,
                       [{file,"src/boss/boss_web_controller.erl"},{line,388}]},
  {mochiweb_http,headers,5,[{file,"src/mochiweb_http.erl"},{line,90}]},
  {proc_lib,init_p_do_apply,3,[{file,"proc_lib.erl"},{line,227}]}]}

=ERROR REPORT==== 3-Sep-2012::16:48:16 ===
POST /eater/create [speiseplan] 500 137ms

=INFO REPORT==== 3-Sep-2012::16:48:29 ===
Loading routes from "/Users/ulfangermann/projects/erlang/speiseplan/priv/speiseplan.routes" ....

=INFO REPORT==== 3-Sep-2012::16:48:29 ===
POST /eater/create [speiseplan] 302 139ms

=INFO REPORT==== 3-Sep-2012::16:48:29 ===
Loading routes from "/Users/ulfangermann/projects/erlang/speiseplan/priv/speiseplan.routes" ....

=INFO REPORT==== 3-Sep-2012::16:48:29 ===
GET /eater/index [speiseplan] 200 141ms

=INFO REPORT==== 3-Sep-2012::16:48:29 ===
Loading routes from "/Users/ulfangermann/projects/erlang/speiseplan/priv/speiseplan.routes" ....

=ERROR REPORT==== 3-Sep-2012::16:48:29 ===
GET /eater/favicon.ico [speiseplan] 404 142ms

=INFO REPORT==== 3-Sep-2012::16:48:34 ===
Loading routes from "/Users/ulfangermann/projects/erlang/speiseplan/priv/speiseplan.routes" ....

=INFO REPORT==== 3-Sep-2012::16:48:35 ===
GET /eater/login [speiseplan] 200 142ms

=INFO REPORT==== 3-Sep-2012::16:48:41 ===
Loading routes from "/Users/ulfangermann/projects/erlang/speiseplan/priv/speiseplan.routes" ....

=INFO REPORT==== 3-Sep-2012::16:48:41 ===
POST /eater/login [speiseplan] 302 142ms

=INFO REPORT==== 3-Sep-2012::16:48:41 ===
Loading routes from "/Users/ulfangermann/projects/erlang/speiseplan/priv/speiseplan.routes" ....

=INFO REPORT==== 3-Sep-2012::16:48:41 ===
GET /booking/index [speiseplan] 200 144ms

=INFO REPORT==== 3-Sep-2012::16:48:42 ===
Loading routes from "/Users/ulfangermann/projects/erlang/speiseplan/priv/speiseplan.routes" ....

=ERROR REPORT==== 3-Sep-2012::16:48:42 ===
GET /booking/favicon.ico [speiseplan] 404 141ms

=INFO REPORT==== 3-Sep-2012::16:48:43 ===
Loading routes from "/Users/ulfangermann/projects/erlang/speiseplan/priv/speiseplan.routes" ....

=INFO REPORT==== 3-Sep-2012::16:48:43 ===
GET /admin/index [speiseplan] 200 147ms

=INFO REPORT==== 3-Sep-2012::16:48:44 ===
Loading routes from "/Users/ulfangermann/projects/erlang/speiseplan/priv/speiseplan.routes" ....

=ERROR REPORT==== 3-Sep-2012::16:48:44 ===
GET /admin/favicon.ico [speiseplan] 404 148ms

=INFO REPORT==== 3-Sep-2012::16:48:51 ===
Loading routes from "/Users/ulfangermann/projects/erlang/speiseplan/priv/speiseplan.routes" ....

=INFO REPORT==== 3-Sep-2012::16:48:51 ===
POST /admin/create [speiseplan] 302 141ms

=INFO REPORT==== 3-Sep-2012::16:48:51 ===
Loading routes from "/Users/ulfangermann/projects/erlang/speiseplan/priv/speiseplan.routes" ....

=INFO REPORT==== 3-Sep-2012::16:48:51 ===
GET /admin/index [speiseplan] 200 144ms

=INFO REPORT==== 3-Sep-2012::16:48:51 ===
Loading routes from "/Users/ulfangermann/projects/erlang/speiseplan/priv/speiseplan.routes" ....

=ERROR REPORT==== 3-Sep-2012::16:48:51 ===
GET /admin/favicon.ico [speiseplan] 404 146ms

=INFO REPORT==== 3-Sep-2012::16:48:59 ===
Loading routes from "/Users/ulfangermann/projects/erlang/speiseplan/priv/speiseplan.routes" ....

=INFO REPORT==== 3-Sep-2012::16:48:59 ===
POST /admin/create [speiseplan] 302 142ms

=INFO REPORT==== 3-Sep-2012::16:48:59 ===
Loading routes from "/Users/ulfangermann/projects/erlang/speiseplan/priv/speiseplan.routes" ....

=INFO REPORT==== 3-Sep-2012::16:48:59 ===
GET /admin/index [speiseplan] 200 142ms

=INFO REPORT==== 3-Sep-2012::16:48:59 ===
Loading routes from "/Users/ulfangermann/projects/erlang/speiseplan/priv/speiseplan.routes" ....

=ERROR REPORT==== 3-Sep-2012::16:49:00 ===
GET /admin/favicon.ico [speiseplan] 404 144ms

=INFO REPORT==== 3-Sep-2012::16:49:05 ===
Loading routes from "/Users/ulfangermann/projects/erlang/speiseplan/priv/speiseplan.routes" ....

=INFO REPORT==== 3-Sep-2012::16:49:05 ===
GET /booking [speiseplan] 200 152ms

=INFO REPORT==== 3-Sep-2012::16:49:07 ===
Loading routes from "/Users/ulfangermann/projects/erlang/speiseplan/priv/speiseplan.routes" ....

=INFO REPORT==== 3-Sep-2012::16:49:08 ===
POST /booking/book [speiseplan] 302 142ms

=INFO REPORT==== 3-Sep-2012::16:49:08 ===
Loading routes from "/Users/ulfangermann/projects/erlang/speiseplan/priv/speiseplan.routes" ....

=INFO REPORT==== 3-Sep-2012::16:49:08 ===
GET /booking/index [speiseplan] 200 146ms

=INFO REPORT==== 3-Sep-2012::16:49:09 ===
Loading routes from "/Users/ulfangermann/projects/erlang/speiseplan/priv/speiseplan.routes" ....

=INFO REPORT==== 3-Sep-2012::16:49:10 ===
POST /booking/book [speiseplan] 302 138ms

=INFO REPORT==== 3-Sep-2012::16:49:10 ===
Loading routes from "/Users/ulfangermann/projects/erlang/speiseplan/priv/speiseplan.routes" ....

=INFO REPORT==== 3-Sep-2012::16:49:10 ===
GET /booking/index [speiseplan] 200 148ms

=INFO REPORT==== 3-Sep-2012::16:49:16 ===
Loading routes from "/Users/ulfangermann/projects/erlang/speiseplan/priv/speiseplan.routes" ....

=INFO REPORT==== 3-Sep-2012::16:49:17 ===
GET /eater/login [speiseplan] 200 146ms

=INFO REPORT==== 3-Sep-2012::16:49:21 ===
Loading routes from "/Users/ulfangermann/projects/erlang/speiseplan/priv/speiseplan.routes" ....

=INFO REPORT==== 3-Sep-2012::16:49:21 ===
POST /eater/login [speiseplan] 302 141ms

=INFO REPORT==== 3-Sep-2012::16:49:21 ===
Loading routes from "/Users/ulfangermann/projects/erlang/speiseplan/priv/speiseplan.routes" ....

=INFO REPORT==== 3-Sep-2012::16:49:21 ===
GET /booking/index [speiseplan] 200 148ms

=INFO REPORT==== 3-Sep-2012::16:49:21 ===
Loading routes from "/Users/ulfangermann/projects/erlang/speiseplan/priv/speiseplan.routes" ....

=ERROR REPORT==== 3-Sep-2012::16:49:22 ===
GET /booking/favicon.ico [speiseplan] 404 146ms

=INFO REPORT==== 3-Sep-2012::16:49:25 ===
Loading routes from "/Users/ulfangermann/projects/erlang/speiseplan/priv/speiseplan.routes" ....

=INFO REPORT==== 3-Sep-2012::16:49:25 ===
GET /booking/index [speiseplan] 200 149ms

=INFO REPORT==== 3-Sep-2012::16:49:25 ===
Loading routes from "/Users/ulfangermann/projects/erlang/speiseplan/priv/speiseplan.routes" ....

=ERROR REPORT==== 3-Sep-2012::16:49:25 ===
GET /booking/favicon.ico [speiseplan] 404 146ms

=INFO REPORT==== 3-Sep-2012::16:53:27 ===
Loading routes from "/Users/ulfangermann/projects/erlang/speiseplan/priv/speiseplan.routes" ....

=INFO REPORT==== 3-Sep-2012::16:53:27 ===
GET /booking/index [speiseplan] 200 139ms

=INFO REPORT==== 3-Sep-2012::16:53:44 ===
Loading routes from "/Users/ulfangermann/projects/erlang/speiseplan/priv/speiseplan.routes" ....

=INFO REPORT==== 3-Sep-2012::16:53:44 ===
GET /booking/index [speiseplan] 200 205ms

=INFO REPORT==== 3-Sep-2012::16:53:44 ===
Loading routes from "/Users/ulfangermann/projects/erlang/speiseplan/priv/speiseplan.routes" ....

=ERROR REPORT==== 3-Sep-2012::16:53:44 ===
GET /booking/favicon.ico [speiseplan] 404 145ms

=INFO REPORT==== 3-Sep-2012::16:53:47 ===
Loading routes from "/Users/ulfangermann/projects/erlang/speiseplan/priv/speiseplan.routes" ....

=INFO REPORT==== 3-Sep-2012::16:53:47 ===
POST /booking/book [speiseplan] 302 144ms

=INFO REPORT==== 3-Sep-2012::16:53:47 ===
Loading routes from "/Users/ulfangermann/projects/erlang/speiseplan/priv/speiseplan.routes" ....

=INFO REPORT==== 3-Sep-2012::16:53:47 ===
GET /booking/index [speiseplan] 200 156ms

=INFO REPORT==== 3-Sep-2012::16:53:55 ===
Loading routes from "/Users/ulfangermann/projects/erlang/speiseplan/priv/speiseplan.routes" ....

=ERROR REPORT==== 3-Sep-2012::16:53:55 ===
{function_clause,
    [{speiseplan_booking_controller,delete,
         ['POST',[],
          {eater,"eater-1","ua","598f04fd6e3586a93d27aa1ddcf5f2e6","Ulf",
              "Angermann",undefined,5,false,"ua@innoq.com"},
          {speiseplan_booking_controller,
              {simple_bridge_request_wrapper,mochiweb_request_bridge,
                  {mochiweb_request,#Port<0.14479>,'POST',"/booking/delete",
                      {1,1},
                      {12,
                       {"host",
                        {'Host',"localhost:8001"},
                        {"connection",
                         {'Connection',"keep-alive"},
                         {"accept",
                          {'Accept',"*/*"},
                          nil,
                          {"accept-encoding",
                           {'Accept-Encoding',"gzip,deflate,sdch"},
                           {"accept-charset",
                            {'Accept-Charset',
                                "ISO-8859-1,utf-8;q=0.7,*;q=0.3"},
                            nil,nil},
                           {"accept-language",
                            {'Accept-Language',"en-US,en;q=0.8,de;q=0.6"},
                            nil,nil}}},
                         {"content-length",
                          {'Content-Length',"0"},
                          nil,
                          {"cookie",
                           {'Cookie',
                               "plushContainerWidth=100%25; plushNoTopMenu=0; user_id=eater-1; session_id=3e0b0dce7a329e269e6ec49f345c7621; _boss_session=4c9e645899d3c9d0085213c7c0b2b122ac64af1b"},
                           nil,nil}}},
                        {"origin",
                         {"Origin","http://localhost:8001"},
                         nil,
                         {"x-requested-with",
                          {"X-Requested-With","XMLHttpRequest"},
                          {"user-agent",
                           {'User-Agent',
                               "Mozilla/5.0 (Macintosh; Intel Mac OS X 10_7_3) AppleWebKit/537.1 (KHTML, like Gecko) Chrome/21.0.1180.89 Safari/537.1"},
                           {"referer",
                            {'Referer',"http://localhost:8001/booking/index"},
                            nil,nil},
                           nil},
                          nil}}}}},
                  false,[],[],none}}],
         [{file,
              "/Users/ulfangermann/projects/erlang/speiseplan/src/controller/speiseplan_booking_controller.erl"},
          {line,23}]},
     {boss_web_controller,execute_action,5,
         [{file,"src/boss/boss_web_controller.erl"},{line,714}]},
     {boss_web_controller,process_request,5,
         [{file,"src/boss/boss_web_controller.erl"},{line,460}]},
     {timer,tc,3,[{file,"timer.erl"},{line,194}]},
     {boss_web_controller,handle_request,3,
         [{file,"src/boss/boss_web_controller.erl"},{line,388}]},
     {mochiweb_http,headers,5,[{file,"src/mochiweb_http.erl"},{line,90}]},
     {proc_lib,init_p_do_apply,3,[{file,"proc_lib.erl"},{line,227}]}]}

=ERROR REPORT==== 3-Sep-2012::16:53:55 ===
POST /booking/delete [speiseplan] 500 144ms

=INFO REPORT==== 3-Sep-2012::16:53:57 ===
Loading routes from "/Users/ulfangermann/projects/erlang/speiseplan/priv/speiseplan.routes" ....

=INFO REPORT==== 3-Sep-2012::16:53:57 ===
GET /booking/index [speiseplan] 200 154ms

=INFO REPORT==== 3-Sep-2012::16:53:57 ===
Loading routes from "/Users/ulfangermann/projects/erlang/speiseplan/priv/speiseplan.routes" ....

=ERROR REPORT==== 3-Sep-2012::16:53:57 ===
GET /booking/favicon.ico [speiseplan] 404 140ms

=INFO REPORT==== 3-Sep-2012::16:53:57 ===
Loading routes from "/Users/ulfangermann/projects/erlang/speiseplan/priv/speiseplan.routes" ....

=INFO REPORT==== 3-Sep-2012::16:53:57 ===
GET /booking/index [speiseplan] 200 147ms

=INFO REPORT==== 3-Sep-2012::16:53:57 ===
Loading routes from "/Users/ulfangermann/projects/erlang/speiseplan/priv/speiseplan.routes" ....

=ERROR REPORT==== 3-Sep-2012::16:53:58 ===
GET /booking/favicon.ico [speiseplan] 404 138ms

=INFO REPORT==== 3-Sep-2012::16:54:00 ===
Loading routes from "/Users/ulfangermann/projects/erlang/speiseplan/priv/speiseplan.routes" ....

=ERROR REPORT==== 3-Sep-2012::16:54:00 ===
{function_clause,
    [{speiseplan_booking_controller,delete,
         ['POST',[],
          {eater,"eater-1","ua","598f04fd6e3586a93d27aa1ddcf5f2e6","Ulf",
              "Angermann",undefined,5,false,"ua@innoq.com"},
          {speiseplan_booking_controller,
              {simple_bridge_request_wrapper,mochiweb_request_bridge,
                  {mochiweb_request,#Port<0.14477>,'POST',"/booking/delete",
                      {1,1},
                      {12,
                       {"host",
                        {'Host',"localhost:8001"},
                        {"connection",
                         {'Connection',"keep-alive"},
                         {"accept",
                          {'Accept',"*/*"},
                          nil,
                          {"accept-encoding",
                           {'Accept-Encoding',"gzip,deflate,sdch"},
                           {"accept-charset",
                            {'Accept-Charset',
                                "ISO-8859-1,utf-8;q=0.7,*;q=0.3"},
                            nil,nil},
                           {"accept-language",
                            {'Accept-Language',"en-US,en;q=0.8,de;q=0.6"},
                            nil,nil}}},
                         {"content-length",
                          {'Content-Length',"0"},
                          nil,
                          {"cookie",
                           {'Cookie',
                               "plushContainerWidth=100%25; plushNoTopMenu=0; user_id=eater-1; session_id=3e0b0dce7a329e269e6ec49f345c7621; _boss_session=4c9e645899d3c9d0085213c7c0b2b122ac64af1b"},
                           nil,nil}}},
                        {"origin",
                         {"Origin","http://localhost:8001"},
                         nil,
                         {"x-requested-with",
                          {"X-Requested-With","XMLHttpRequest"},
                          {"user-agent",
                           {'User-Agent',
                               "Mozilla/5.0 (Macintosh; Intel Mac OS X 10_7_3) AppleWebKit/537.1 (KHTML, like Gecko) Chrome/21.0.1180.89 Safari/537.1"},
                           {"referer",
                            {'Referer',"http://localhost:8001/booking/index"},
                            nil,nil},
                           nil},
                          nil}}}}},
                  false,[],[],none}}],
         [{file,
              "/Users/ulfangermann/projects/erlang/speiseplan/src/controller/speiseplan_booking_controller.erl"},
          {line,23}]},
     {boss_web_controller,execute_action,5,
         [{file,"src/boss/boss_web_controller.erl"},{line,714}]},
     {boss_web_controller,process_request,5,
         [{file,"src/boss/boss_web_controller.erl"},{line,460}]},
     {timer,tc,3,[{file,"timer.erl"},{line,194}]},
     {boss_web_controller,handle_request,3,
         [{file,"src/boss/boss_web_controller.erl"},{line,388}]},
     {mochiweb_http,headers,5,[{file,"src/mochiweb_http.erl"},{line,90}]},
     {proc_lib,init_p_do_apply,3,[{file,"proc_lib.erl"},{line,227}]}]}

=ERROR REPORT==== 3-Sep-2012::16:54:00 ===
POST /booking/delete [speiseplan] 500 133ms

=INFO REPORT==== 3-Sep-2012::16:54:01 ===
Loading routes from "/Users/ulfangermann/projects/erlang/speiseplan/priv/speiseplan.routes" ....

=INFO REPORT==== 3-Sep-2012::16:54:01 ===
GET /booking/index [speiseplan] 200 144ms

=INFO REPORT==== 3-Sep-2012::16:54:02 ===
Loading routes from "/Users/ulfangermann/projects/erlang/speiseplan/priv/speiseplan.routes" ....

=ERROR REPORT==== 3-Sep-2012::16:54:02 ===
GET /booking/favicon.ico [speiseplan] 404 140ms

=INFO REPORT==== 3-Sep-2012::16:54:37 ===
Loading routes from "/Users/ulfangermann/projects/erlang/speiseplan/priv/speiseplan.routes" ....

=INFO REPORT==== 3-Sep-2012::16:54:38 ===
GET /booking/index [speiseplan] 200 210ms

=INFO REPORT==== 3-Sep-2012::16:54:38 ===
Loading routes from "/Users/ulfangermann/projects/erlang/speiseplan/priv/speiseplan.routes" ....

=ERROR REPORT==== 3-Sep-2012::16:54:38 ===
GET /booking/favicon.ico [speiseplan] 404 142ms

=INFO REPORT==== 3-Sep-2012::16:56:00 ===
Loading routes from "/Users/ulfangermann/projects/erlang/speiseplan/priv/speiseplan.routes" ....

=INFO REPORT==== 3-Sep-2012::16:56:00 ===
GET /booking/index [speiseplan] 200 219ms

=INFO REPORT==== 3-Sep-2012::16:56:00 ===
Loading routes from "/Users/ulfangermann/projects/erlang/speiseplan/priv/speiseplan.routes" ....

=ERROR REPORT==== 3-Sep-2012::16:56:00 ===
GET /booking/favicon.ico [speiseplan] 404 145ms

=INFO REPORT==== 3-Sep-2012::16:56:02 ===
Loading routes from "/Users/ulfangermann/projects/erlang/speiseplan/priv/speiseplan.routes" ....

=ERROR REPORT==== 3-Sep-2012::16:56:02 ===
{function_clause,
    [{speiseplan_booking_controller,delete,
         ['POST',[],
          {eater,"eater-1","ua","598f04fd6e3586a93d27aa1ddcf5f2e6","Ulf",
              "Angermann",undefined,5,false,"ua@innoq.com"},
          {speiseplan_booking_controller,
              {simple_bridge_request_wrapper,mochiweb_request_bridge,
                  {mochiweb_request,#Port<0.14478>,'POST',"/booking/delete",
                      {1,1},
                      {12,
                       {"host",
                        {'Host',"localhost:8001"},
                        {"connection",
                         {'Connection',"keep-alive"},
                         {"accept",
                          {'Accept',"*/*"},
                          nil,
                          {"accept-encoding",
                           {'Accept-Encoding',"gzip,deflate,sdch"},
                           {"accept-charset",
                            {'Accept-Charset',
                                "ISO-8859-1,utf-8;q=0.7,*;q=0.3"},
                            nil,nil},
                           {"accept-language",
                            {'Accept-Language',"en-US,en;q=0.8,de;q=0.6"},
                            nil,nil}}},
                         {"content-length",
                          {'Content-Length',"0"},
                          nil,
                          {"cookie",
                           {'Cookie',
                               "plushContainerWidth=100%25; plushNoTopMenu=0; user_id=eater-1; session_id=3e0b0dce7a329e269e6ec49f345c7621; _boss_session=4c9e645899d3c9d0085213c7c0b2b122ac64af1b"},
                           nil,nil}}},
                        {"origin",
                         {"Origin","http://localhost:8001"},
                         nil,
                         {"x-requested-with",
                          {"X-Requested-With","XMLHttpRequest"},
                          {"user-agent",
                           {'User-Agent',
                               "Mozilla/5.0 (Macintosh; Intel Mac OS X 10_7_3) AppleWebKit/537.1 (KHTML, like Gecko) Chrome/21.0.1180.89 Safari/537.1"},
                           {"referer",
                            {'Referer',"http://localhost:8001/booking/index"},
                            nil,nil},
                           nil},
                          nil}}}}},
                  false,[],[],none}}],
         [{file,
              "/Users/ulfangermann/projects/erlang/speiseplan/src/controller/speiseplan_booking_controller.erl"},
          {line,23}]},
     {boss_web_controller,execute_action,5,
         [{file,"src/boss/boss_web_controller.erl"},{line,714}]},
     {boss_web_controller,process_request,5,
         [{file,"src/boss/boss_web_controller.erl"},{line,460}]},
     {timer,tc,3,[{file,"timer.erl"},{line,194}]},
     {boss_web_controller,handle_request,3,
         [{file,"src/boss/boss_web_controller.erl"},{line,388}]},
     {mochiweb_http,headers,5,[{file,"src/mochiweb_http.erl"},{line,90}]},
     {proc_lib,init_p_do_apply,3,[{file,"proc_lib.erl"},{line,227}]}]}

=ERROR REPORT==== 3-Sep-2012::16:56:02 ===
POST /booking/delete [speiseplan] 500 146ms

=INFO REPORT==== 3-Sep-2012::16:56:07 ===
Loading routes from "/Users/ulfangermann/projects/erlang/speiseplan/priv/speiseplan.routes" ....

=INFO REPORT==== 3-Sep-2012::16:56:07 ===
POST /booking/book [speiseplan] 302 140ms

=INFO REPORT==== 3-Sep-2012::16:56:07 ===
Loading routes from "/Users/ulfangermann/projects/erlang/speiseplan/priv/speiseplan.routes" ....

=INFO REPORT==== 3-Sep-2012::16:56:07 ===
GET /booking/index [speiseplan] 200 147ms

=INFO REPORT==== 3-Sep-2012::16:57:25 ===
Loading routes from "/Users/ulfangermann/projects/erlang/speiseplan/priv/speiseplan.routes" ....

=ERROR REPORT==== 3-Sep-2012::16:57:25 ===
{function_clause,
    [{speiseplan_booking_controller,delete,
         ['POST',[],
          {eater,"eater-1","ua","598f04fd6e3586a93d27aa1ddcf5f2e6","Ulf",
              "Angermann",undefined,5,false,"ua@innoq.com"},
          {speiseplan_booking_controller,
              {simple_bridge_request_wrapper,mochiweb_request_bridge,
                  {mochiweb_request,#Port<0.14478>,'POST',"/booking/delete",
                      {1,1},
                      {12,
                       {"host",
                        {'Host',"localhost:8001"},
                        {"connection",
                         {'Connection',"keep-alive"},
                         {"accept",
                          {'Accept',"*/*"},
                          nil,
                          {"accept-encoding",
                           {'Accept-Encoding',"gzip,deflate,sdch"},
                           {"accept-charset",
                            {'Accept-Charset',
                                "ISO-8859-1,utf-8;q=0.7,*;q=0.3"},
                            nil,nil},
                           {"accept-language",
                            {'Accept-Language',"en-US,en;q=0.8,de;q=0.6"},
                            nil,nil}}},
                         {"content-length",
                          {'Content-Length',"0"},
                          nil,
                          {"cookie",
                           {'Cookie',
                               "plushContainerWidth=100%25; plushNoTopMenu=0; user_id=eater-1; session_id=3e0b0dce7a329e269e6ec49f345c7621; _boss_session=4c9e645899d3c9d0085213c7c0b2b122ac64af1b"},
                           nil,nil}}},
                        {"origin",
                         {"Origin","http://localhost:8001"},
                         nil,
                         {"x-requested-with",
                          {"X-Requested-With","XMLHttpRequest"},
                          {"user-agent",
                           {'User-Agent',
                               "Mozilla/5.0 (Macintosh; Intel Mac OS X 10_7_3) AppleWebKit/537.1 (KHTML, like Gecko) Chrome/21.0.1180.89 Safari/537.1"},
                           {"referer",
                            {'Referer',"http://localhost:8001/booking/index"},
                            nil,nil},
                           nil},
                          nil}}}}},
                  false,[],[],none}}],
         [{file,
              "/Users/ulfangermann/projects/erlang/speiseplan/src/controller/speiseplan_booking_controller.erl"},
          {line,23}]},
     {boss_web_controller,execute_action,5,
         [{file,"src/boss/boss_web_controller.erl"},{line,714}]},
     {boss_web_controller,process_request,5,
         [{file,"src/boss/boss_web_controller.erl"},{line,460}]},
     {timer,tc,3,[{file,"timer.erl"},{line,194}]},
     {boss_web_controller,handle_request,3,
         [{file,"src/boss/boss_web_controller.erl"},{line,388}]},
     {mochiweb_http,headers,5,[{file,"src/mochiweb_http.erl"},{line,90}]},
     {proc_lib,init_p_do_apply,3,[{file,"proc_lib.erl"},{line,227}]}]}

=ERROR REPORT==== 3-Sep-2012::16:57:25 ===
POST /booking/delete [speiseplan] 500 141ms

=INFO REPORT==== 3-Sep-2012::16:57:43 ===
Loading routes from "/Users/ulfangermann/projects/erlang/speiseplan/priv/speiseplan.routes" ....

=INFO REPORT==== 3-Sep-2012::16:57:43 ===
GET /booking/index [speiseplan] 200 217ms

=INFO REPORT==== 3-Sep-2012::16:57:43 ===
Loading routes from "/Users/ulfangermann/projects/erlang/speiseplan/priv/speiseplan.routes" ....

=ERROR REPORT==== 3-Sep-2012::16:57:43 ===
GET /booking/favicon.ico [speiseplan] 404 148ms

=INFO REPORT==== 3-Sep-2012::17:01:27 ===
Loading routes from "/Users/ulfangermann/projects/erlang/speiseplan/priv/speiseplan.routes" ....

=INFO REPORT==== 3-Sep-2012::17:01:27 ===
GET /booking/index [speiseplan] 200 143ms

=INFO REPORT==== 3-Sep-2012::17:01:39 ===
Loading routes from "/Users/ulfangermann/projects/erlang/speiseplan/priv/speiseplan.routes" ....

=INFO REPORT==== 3-Sep-2012::17:01:40 ===
GET /booking/index [speiseplan] 200 200ms

=INFO REPORT==== 3-Sep-2012::17:01:40 ===
Loading routes from "/Users/ulfangermann/projects/erlang/speiseplan/priv/speiseplan.routes" ....

=ERROR REPORT==== 3-Sep-2012::17:01:40 ===
GET /booking/favicon.ico [speiseplan] 404 141ms

=INFO REPORT==== 3-Sep-2012::17:02:10 ===
Loading routes from "/Users/ulfangermann/projects/erlang/speiseplan/priv/speiseplan.routes" ....

=INFO REPORT==== 3-Sep-2012::17:02:10 ===
GET /booking/index [speiseplan] 200 197ms

=INFO REPORT==== 3-Sep-2012::17:02:11 ===
Loading routes from "/Users/ulfangermann/projects/erlang/speiseplan/priv/speiseplan.routes" ....

=ERROR REPORT==== 3-Sep-2012::17:02:11 ===
GET /booking/favicon.ico [speiseplan] 404 145ms

=INFO REPORT==== 3-Sep-2012::17:04:44 ===
Loading routes from "/Users/ulfangermann/projects/erlang/speiseplan/priv/speiseplan.routes" ....

=INFO REPORT==== 3-Sep-2012::17:04:44 ===
GET /booking/index [speiseplan] 200 201ms

=INFO REPORT==== 3-Sep-2012::17:04:44 ===
Loading routes from "/Users/ulfangermann/projects/erlang/speiseplan/priv/speiseplan.routes" ....

=ERROR REPORT==== 3-Sep-2012::17:04:44 ===
GET /booking/favicon.ico [speiseplan] 404 150ms

=INFO REPORT==== 3-Sep-2012::17:05:06 ===
Loading routes from "/Users/ulfangermann/projects/erlang/speiseplan/priv/speiseplan.routes" ....

=INFO REPORT==== 3-Sep-2012::17:05:06 ===
GET /booking/index [speiseplan] 200 205ms

=INFO REPORT==== 3-Sep-2012::17:05:06 ===
Loading routes from "/Users/ulfangermann/projects/erlang/speiseplan/priv/speiseplan.routes" ....

=ERROR REPORT==== 3-Sep-2012::17:05:06 ===
GET /booking/favicon.ico [speiseplan] 404 153ms

=INFO REPORT==== 3-Sep-2012::17:05:49 ===
Loading routes from "/Users/ulfangermann/projects/erlang/speiseplan/priv/speiseplan.routes" ....

=INFO REPORT==== 3-Sep-2012::17:05:49 ===
GET /booking/index [speiseplan] 200 161ms

=INFO REPORT==== 3-Sep-2012::17:05:49 ===
Loading routes from "/Users/ulfangermann/projects/erlang/speiseplan/priv/speiseplan.routes" ....

=ERROR REPORT==== 3-Sep-2012::17:05:49 ===
GET /booking/favicon.ico [speiseplan] 404 162ms
