
=INFO REPORT==== 2-Sep-2012::13:16:42 ===
Starting Boss in development mode....

=INFO REPORT==== 2-Sep-2012::13:16:44 ===
Starting master services on speiseplan@noname

=INFO REPORT==== 2-Sep-2012::13:16:44 ===
SSL:[]

=INFO REPORT==== 2-Sep-2012::13:16:44 ===
Loading routes from "/Users/ulfangermann/projects/erlang/speiseplan/priv/speiseplan.routes" ....

=INFO REPORT==== 2-Sep-2012::13:16:45 ===
    application: mnesia
    exited: stopped
    type: temporary

=INFO REPORT==== 2-Sep-2012::13:16:46 ===
Loading routes from "/Users/ulfangermann/projects/erlang/speiseplan/priv/speiseplan.routes" ....

=INFO REPORT==== 2-Sep-2012::13:16:46 ===
GET /admin/index [speiseplan] 200 117ms

=INFO REPORT==== 2-Sep-2012::13:16:59 ===
Loading routes from "/Users/ulfangermann/projects/erlang/speiseplan/priv/speiseplan.routes" ....

=INFO REPORT==== 2-Sep-2012::13:17:00 ===
GET /booking [speiseplan] 200 911ms

=INFO REPORT==== 2-Sep-2012::13:17:01 ===
Loading routes from "/Users/ulfangermann/projects/erlang/speiseplan/priv/speiseplan.routes" ....

=INFO REPORT==== 2-Sep-2012::13:17:02 ===
POST /booking/book [speiseplan] 302 127ms

=INFO REPORT==== 2-Sep-2012::13:17:02 ===
Loading routes from "/Users/ulfangermann/projects/erlang/speiseplan/priv/speiseplan.routes" ....

=INFO REPORT==== 2-Sep-2012::13:17:02 ===
GET /booking/index [speiseplan] 200 129ms

=INFO REPORT==== 2-Sep-2012::13:17:14 ===
Loading routes from "/Users/ulfangermann/projects/erlang/speiseplan/priv/speiseplan.routes" ....

=INFO REPORT==== 2-Sep-2012::13:17:14 ===
GET /admin/index [speiseplan] 200 137ms

=INFO REPORT==== 2-Sep-2012::13:17:16 ===
Loading routes from "/Users/ulfangermann/projects/erlang/speiseplan/priv/speiseplan.routes" ....

=INFO REPORT==== 2-Sep-2012::13:17:16 ===
GET /admin/detail/menu-2 [speiseplan] 200 165ms

=INFO REPORT==== 2-Sep-2012::13:20:04 ===
Loading routes from "/Users/ulfangermann/projects/erlang/speiseplan/priv/speiseplan.routes" ....

=INFO REPORT==== 2-Sep-2012::13:20:05 ===
POST /booking/delete/booking-1 [speiseplan] 302 355ms

=INFO REPORT==== 2-Sep-2012::13:20:05 ===
Loading routes from "/Users/ulfangermann/projects/erlang/speiseplan/priv/speiseplan.routes" ....

=INFO REPORT==== 2-Sep-2012::13:20:05 ===
GET /booking/index [speiseplan] 200 208ms

=INFO REPORT==== 2-Sep-2012::13:20:08 ===
Loading routes from "/Users/ulfangermann/projects/erlang/speiseplan/priv/speiseplan.routes" ....

=INFO REPORT==== 2-Sep-2012::13:20:08 ===
POST /booking/book [speiseplan] 302 130ms

=INFO REPORT==== 2-Sep-2012::13:20:08 ===
Loading routes from "/Users/ulfangermann/projects/erlang/speiseplan/priv/speiseplan.routes" ....

=INFO REPORT==== 2-Sep-2012::13:20:08 ===
GET /booking/index [speiseplan] 200 131ms

=INFO REPORT==== 2-Sep-2012::13:20:18 ===
Loading routes from "/Users/ulfangermann/projects/erlang/speiseplan/priv/speiseplan.routes" ....

=INFO REPORT==== 2-Sep-2012::13:20:18 ===
GET /admin/index [speiseplan] 200 172ms

=INFO REPORT==== 2-Sep-2012::13:20:19 ===
Loading routes from "/Users/ulfangermann/projects/erlang/speiseplan/priv/speiseplan.routes" ....

=INFO REPORT==== 2-Sep-2012::13:20:20 ===
GET /admin/detail/menu-2 [speiseplan] 200 160ms

=INFO REPORT==== 2-Sep-2012::13:20:33 ===
Loading routes from "/Users/ulfangermann/projects/erlang/speiseplan/priv/speiseplan.routes" ....

=INFO REPORT==== 2-Sep-2012::13:20:33 ===
GET /booking [speiseplan] 200 169ms

=INFO REPORT==== 2-Sep-2012::13:20:34 ===
Loading routes from "/Users/ulfangermann/projects/erlang/speiseplan/priv/speiseplan.routes" ....

=INFO REPORT==== 2-Sep-2012::13:20:34 ===
POST /booking/delete/booking-2 [speiseplan] 302 135ms

=INFO REPORT==== 2-Sep-2012::13:20:34 ===
Loading routes from "/Users/ulfangermann/projects/erlang/speiseplan/priv/speiseplan.routes" ....

=INFO REPORT==== 2-Sep-2012::13:20:34 ===
GET /booking/index [speiseplan] 200 139ms

=INFO REPORT==== 2-Sep-2012::13:20:37 ===
Loading routes from "/Users/ulfangermann/projects/erlang/speiseplan/priv/speiseplan.routes" ....

=INFO REPORT==== 2-Sep-2012::13:20:37 ===
POST /booking/book [speiseplan] 302 134ms

=INFO REPORT==== 2-Sep-2012::13:20:37 ===
Loading routes from "/Users/ulfangermann/projects/erlang/speiseplan/priv/speiseplan.routes" ....

=INFO REPORT==== 2-Sep-2012::13:20:37 ===
GET /booking/index [speiseplan] 200 136ms

=INFO REPORT==== 2-Sep-2012::13:21:10 ===
Loading routes from "/Users/ulfangermann/projects/erlang/speiseplan/priv/speiseplan.routes" ....

=INFO REPORT==== 2-Sep-2012::13:21:10 ===
GET /booking [speiseplan] 200 140ms

=INFO REPORT==== 2-Sep-2012::13:21:11 ===
Loading routes from "/Users/ulfangermann/projects/erlang/speiseplan/priv/speiseplan.routes" ....

=INFO REPORT==== 2-Sep-2012::13:21:11 ===
GET /booking [speiseplan] 200 145ms

=INFO REPORT==== 2-Sep-2012::13:21:13 ===
Loading routes from "/Users/ulfangermann/projects/erlang/speiseplan/priv/speiseplan.routes" ....

=INFO REPORT==== 2-Sep-2012::13:21:14 ===
POST /booking/delete/booking-3 [speiseplan] 302 131ms

=INFO REPORT==== 2-Sep-2012::13:21:14 ===
Loading routes from "/Users/ulfangermann/projects/erlang/speiseplan/priv/speiseplan.routes" ....

=INFO REPORT==== 2-Sep-2012::13:21:14 ===
GET /booking/index [speiseplan] 200 134ms

=INFO REPORT==== 2-Sep-2012::13:21:16 ===
Loading routes from "/Users/ulfangermann/projects/erlang/speiseplan/priv/speiseplan.routes" ....

=INFO REPORT==== 2-Sep-2012::13:21:16 ===
POST /booking/book [speiseplan] 302 132ms

=INFO REPORT==== 2-Sep-2012::13:21:16 ===
Loading routes from "/Users/ulfangermann/projects/erlang/speiseplan/priv/speiseplan.routes" ....

=INFO REPORT==== 2-Sep-2012::13:21:16 ===
GET /booking/index [speiseplan] 200 134ms

=INFO REPORT==== 2-Sep-2012::13:21:38 ===
Loading routes from "/Users/ulfangermann/projects/erlang/speiseplan/priv/speiseplan.routes" ....

=INFO REPORT==== 2-Sep-2012::13:21:39 ===
GET /booking [speiseplan] 200 140ms

=INFO REPORT==== 2-Sep-2012::13:21:41 ===
Loading routes from "/Users/ulfangermann/projects/erlang/speiseplan/priv/speiseplan.routes" ....

=INFO REPORT==== 2-Sep-2012::13:21:41 ===
POST /booking/delete/booking-4 [speiseplan] 302 129ms

=INFO REPORT==== 2-Sep-2012::13:21:41 ===
Loading routes from "/Users/ulfangermann/projects/erlang/speiseplan/priv/speiseplan.routes" ....

=INFO REPORT==== 2-Sep-2012::13:21:41 ===
GET /booking/index [speiseplan] 200 137ms

=INFO REPORT==== 2-Sep-2012::13:21:44 ===
Loading routes from "/Users/ulfangermann/projects/erlang/speiseplan/priv/speiseplan.routes" ....

=INFO REPORT==== 2-Sep-2012::13:21:44 ===
POST /booking/book [speiseplan] 302 134ms

=INFO REPORT==== 2-Sep-2012::13:21:44 ===
Loading routes from "/Users/ulfangermann/projects/erlang/speiseplan/priv/speiseplan.routes" ....

=INFO REPORT==== 2-Sep-2012::13:21:45 ===
GET /booking/index [speiseplan] 200 135ms

=INFO REPORT==== 2-Sep-2012::13:21:47 ===
Loading routes from "/Users/ulfangermann/projects/erlang/speiseplan/priv/speiseplan.routes" ....

=INFO REPORT==== 2-Sep-2012::13:21:47 ===
POST /booking/delete/booking-5 [speiseplan] 302 130ms

=INFO REPORT==== 2-Sep-2012::13:21:47 ===
Loading routes from "/Users/ulfangermann/projects/erlang/speiseplan/priv/speiseplan.routes" ....

=INFO REPORT==== 2-Sep-2012::13:21:47 ===
GET /booking/index [speiseplan] 200 152ms

=INFO REPORT==== 2-Sep-2012::13:30:36 ===
Loading routes from "/Users/ulfangermann/projects/erlang/speiseplan/priv/speiseplan.routes" ....

=INFO REPORT==== 2-Sep-2012::13:30:36 ===
GET /admin/index [speiseplan] 200 364ms

=INFO REPORT==== 2-Sep-2012::13:30:38 ===
Loading routes from "/Users/ulfangermann/projects/erlang/speiseplan/priv/speiseplan.routes" ....

=INFO REPORT==== 2-Sep-2012::13:30:39 ===
POST /admin/delete/menu-2 [speiseplan] 302 142ms

=INFO REPORT==== 2-Sep-2012::13:30:39 ===
Loading routes from "/Users/ulfangermann/projects/erlang/speiseplan/priv/speiseplan.routes" ....

=INFO REPORT==== 2-Sep-2012::13:30:39 ===
GET /admin/index [speiseplan] 200 145ms

=INFO REPORT==== 2-Sep-2012::13:30:40 ===
Loading routes from "/Users/ulfangermann/projects/erlang/speiseplan/priv/speiseplan.routes" ....

=INFO REPORT==== 2-Sep-2012::13:30:40 ===
GET /admin/index [speiseplan] 200 149ms

=INFO REPORT==== 2-Sep-2012::13:30:49 ===
Loading routes from "/Users/ulfangermann/projects/erlang/speiseplan/priv/speiseplan.routes" ....

=INFO REPORT==== 2-Sep-2012::13:30:50 ===
POST /admin/create [speiseplan] 302 134ms

=INFO REPORT==== 2-Sep-2012::13:30:50 ===
Loading routes from "/Users/ulfangermann/projects/erlang/speiseplan/priv/speiseplan.routes" ....

=INFO REPORT==== 2-Sep-2012::13:30:50 ===
GET /admin/index [speiseplan] 200 134ms

=INFO REPORT==== 2-Sep-2012::13:31:13 ===
Loading routes from "/Users/ulfangermann/projects/erlang/speiseplan/priv/speiseplan.routes" ....

=INFO REPORT==== 2-Sep-2012::13:31:14 ===
POST /admin/delete/menu-3 [speiseplan] 302 131ms

=INFO REPORT==== 2-Sep-2012::13:31:14 ===
Loading routes from "/Users/ulfangermann/projects/erlang/speiseplan/priv/speiseplan.routes" ....

=INFO REPORT==== 2-Sep-2012::13:31:14 ===
GET /admin/index [speiseplan] 200 163ms

=INFO REPORT==== 2-Sep-2012::13:31:17 ===
Loading routes from "/Users/ulfangermann/projects/erlang/speiseplan/priv/speiseplan.routes" ....

=INFO REPORT==== 2-Sep-2012::13:31:17 ===
GET /admin/index [speiseplan] 200 138ms

=INFO REPORT==== 2-Sep-2012::13:33:20 ===
Loading routes from "/Users/ulfangermann/projects/erlang/speiseplan/priv/speiseplan.routes" ....

=INFO REPORT==== 2-Sep-2012::13:33:20 ===
POST /admin/create [speiseplan] 302 190ms

=INFO REPORT==== 2-Sep-2012::13:33:20 ===
Loading routes from "/Users/ulfangermann/projects/erlang/speiseplan/priv/speiseplan.routes" ....

=INFO REPORT==== 2-Sep-2012::13:33:20 ===
GET /admin/index [speiseplan] 200 136ms

=INFO REPORT==== 2-Sep-2012::13:33:39 ===
Loading routes from "/Users/ulfangermann/projects/erlang/speiseplan/priv/speiseplan.routes" ....

=INFO REPORT==== 2-Sep-2012::13:33:39 ===
POST /admin/create [speiseplan] 302 135ms

=INFO REPORT==== 2-Sep-2012::13:33:39 ===
Loading routes from "/Users/ulfangermann/projects/erlang/speiseplan/priv/speiseplan.routes" ....

=INFO REPORT==== 2-Sep-2012::13:33:39 ===
GET /admin/index [speiseplan] 200 174ms

=INFO REPORT==== 2-Sep-2012::13:34:51 ===
Loading routes from "/Users/ulfangermann/projects/erlang/speiseplan/priv/speiseplan.routes" ....

=ERROR REPORT==== 2-Sep-2012::13:34:51 ===
POST /admin/storno [speiseplan] 404 392ms

=INFO REPORT==== 2-Sep-2012::13:34:52 ===
Loading routes from "/Users/ulfangermann/projects/erlang/speiseplan/priv/speiseplan.routes" ....

=INFO REPORT==== 2-Sep-2012::13:34:53 ===
GET /admin/index [speiseplan] 200 216ms

=INFO REPORT==== 2-Sep-2012::13:34:57 ===
Loading routes from "/Users/ulfangermann/projects/erlang/speiseplan/priv/speiseplan.routes" ....

=INFO REPORT==== 2-Sep-2012::13:34:57 ===
POST /admin/delete/menu-5 [speiseplan] 302 131ms

=INFO REPORT==== 2-Sep-2012::13:34:57 ===
Loading routes from "/Users/ulfangermann/projects/erlang/speiseplan/priv/speiseplan.routes" ....

=INFO REPORT==== 2-Sep-2012::13:34:57 ===
GET /admin/index [speiseplan] 200 133ms

=INFO REPORT==== 2-Sep-2012::13:34:58 ===
Loading routes from "/Users/ulfangermann/projects/erlang/speiseplan/priv/speiseplan.routes" ....

=INFO REPORT==== 2-Sep-2012::13:34:58 ===
GET /admin/index [speiseplan] 200 141ms

=INFO REPORT==== 2-Sep-2012::13:35:08 ===
Loading routes from "/Users/ulfangermann/projects/erlang/speiseplan/priv/speiseplan.routes" ....

=INFO REPORT==== 2-Sep-2012::13:35:09 ===
POST /admin/create [speiseplan] 302 409ms

=INFO REPORT==== 2-Sep-2012::13:35:09 ===
Loading routes from "/Users/ulfangermann/projects/erlang/speiseplan/priv/speiseplan.routes" ....

=INFO REPORT==== 2-Sep-2012::13:35:09 ===
GET /admin/index [speiseplan] 200 158ms

=INFO REPORT==== 2-Sep-2012::13:37:53 ===
Loading routes from "/Users/ulfangermann/projects/erlang/speiseplan/priv/speiseplan.routes" ....

=INFO REPORT==== 2-Sep-2012::13:37:53 ===
GET /admin/index [speiseplan] 200 465ms

=INFO REPORT==== 2-Sep-2012::13:38:01 ===
Loading routes from "/Users/ulfangermann/projects/erlang/speiseplan/priv/speiseplan.routes" ....

=INFO REPORT==== 2-Sep-2012::13:38:01 ===
POST /admin/create [speiseplan] 302 138ms

=INFO REPORT==== 2-Sep-2012::13:38:01 ===
Loading routes from "/Users/ulfangermann/projects/erlang/speiseplan/priv/speiseplan.routes" ....

=INFO REPORT==== 2-Sep-2012::13:38:02 ===
GET /admin/index [speiseplan] 200 137ms

=INFO REPORT==== 2-Sep-2012::13:38:06 ===
Loading routes from "/Users/ulfangermann/projects/erlang/speiseplan/priv/speiseplan.routes" ....

=ERROR REPORT==== 2-Sep-2012::13:38:06 ===
{function_clause,
    [{speiseplan_admin_controller,delete,
         ['POST',[],
          {eater,"eater-22","cc","c05ae7f97800405f924ab55cc1ed738d","cc",
              "cc",undefined,5,true,"cc"},
          {speiseplan_admin_controller,
              {simple_bridge_request_wrapper,mochiweb_request_bridge,
                  {mochiweb_request,#Port<0.19364>,'POST',
                      "/admin/delete?id=menu-7",
                      {1,1},
                      {11,
                       {"host",
                        {'Host',"localhost:8001"},
                        {"content-length",
                         {'Content-Length',"0"},
                         {"accept",
                          {'Accept',"*/*"},
                          nil,
                          {"accept-language",
                           {'Accept-Language',"en-us"},
                           {"accept-encoding",
                            {'Accept-Encoding',"gzip, deflate"},
                            nil,nil},
                           {"connection",
                            {'Connection',"keep-alive"},
                            nil,nil}}},
                         {"cookie",
                          {'Cookie',
                              "_boss_session=9037f3782637edb3f693617b0ccf995bea6cb9b0; session_id=b10abe275150ff5b23952c0d6939669f; user_id=eater-22"},
                          nil,nil}},
                        {"user-agent",
                         {'User-Agent',
                             "Mozilla/5.0 (Macintosh; Intel Mac OS X 10_7_4) AppleWebKit/536.25 (KHTML, like Gecko) Version/6.0 Safari/536.25"},
                         {"origin",
                          {"Origin","http://localhost:8001"},
                          nil,
                          {"referer",
                           {'Referer',"http://localhost:8001/admin/index"},
                           nil,nil}},
                         {"x-requested-with",
                          {"X-Requested-With","XMLHttpRequest"},
                          nil,nil}}}}},
                  false,[],[],none}}],
         []},
     {boss_web_controller,execute_action,5,
         [{file,"src/boss/boss_web_controller.erl"},{line,714}]},
     {boss_web_controller,process_request,5,
         [{file,"src/boss/boss_web_controller.erl"},{line,460}]},
     {timer,tc,3,[{file,"timer.erl"},{line,194}]},
     {boss_web_controller,handle_request,3,
         [{file,"src/boss/boss_web_controller.erl"},{line,388}]},
     {mochiweb_http,headers,5,[{file,"src/mochiweb_http.erl"},{line,90}]},
     {proc_lib,init_p_do_apply,3,[{file,"proc_lib.erl"},{line,227}]}]}

=ERROR REPORT==== 2-Sep-2012::13:38:06 ===
POST /admin/delete [speiseplan] 500 137ms

=INFO REPORT==== 2-Sep-2012::13:38:08 ===
Loading routes from "/Users/ulfangermann/projects/erlang/speiseplan/priv/speiseplan.routes" ....

=INFO REPORT==== 2-Sep-2012::13:38:08 ===
GET /admin/index [speiseplan] 200 139ms

=INFO REPORT==== 2-Sep-2012::13:38:11 ===
Loading routes from "/Users/ulfangermann/projects/erlang/speiseplan/priv/speiseplan.routes" ....

=INFO REPORT==== 2-Sep-2012::13:38:11 ===
GET /admin/index [speiseplan] 200 139ms

=INFO REPORT==== 2-Sep-2012::13:38:35 ===
Loading routes from "/Users/ulfangermann/projects/erlang/speiseplan/priv/speiseplan.routes" ....

=ERROR REPORT==== 2-Sep-2012::13:38:35 ===
{function_clause,
    [{speiseplan_admin_controller,delete,
         ['POST',[],
          {eater,"eater-22","cc","c05ae7f97800405f924ab55cc1ed738d","cc",
              "cc",undefined,5,true,"cc"},
          {speiseplan_admin_controller,
              {simple_bridge_request_wrapper,mochiweb_request_bridge,
                  {mochiweb_request,#Port<0.19364>,'POST',
                      "/admin/delete?id=menu-7",
                      {1,1},
                      {11,
                       {"host",
                        {'Host',"localhost:8001"},
                        {"content-length",
                         {'Content-Length',"0"},
                         {"accept",
                          {'Accept',"*/*"},
                          nil,
                          {"accept-language",
                           {'Accept-Language',"en-us"},
                           {"accept-encoding",
                            {'Accept-Encoding',"gzip, deflate"},
                            nil,nil},
                           {"connection",
                            {'Connection',"keep-alive"},
                            nil,nil}}},
                         {"cookie",
                          {'Cookie',
                              "_boss_session=9037f3782637edb3f693617b0ccf995bea6cb9b0; session_id=b10abe275150ff5b23952c0d6939669f; user_id=eater-22"},
                          nil,nil}},
                        {"user-agent",
                         {'User-Agent',
                             "Mozilla/5.0 (Macintosh; Intel Mac OS X 10_7_4) AppleWebKit/536.25 (KHTML, like Gecko) Version/6.0 Safari/536.25"},
                         {"origin",
                          {"Origin","http://localhost:8001"},
                          nil,
                          {"referer",
                           {'Referer',"http://localhost:8001/admin/index"},
                           nil,nil}},
                         {"x-requested-with",
                          {"X-Requested-With","XMLHttpRequest"},
                          nil,nil}}}}},
                  false,[],[],none}}],
         []},
     {boss_web_controller,execute_action,5,
         [{file,"src/boss/boss_web_controller.erl"},{line,714}]},
     {boss_web_controller,process_request,5,
         [{file,"src/boss/boss_web_controller.erl"},{line,460}]},
     {timer,tc,3,[{file,"timer.erl"},{line,194}]},
     {boss_web_controller,handle_request,3,
         [{file,"src/boss/boss_web_controller.erl"},{line,388}]},
     {mochiweb_http,headers,5,[{file,"src/mochiweb_http.erl"},{line,90}]},
     {proc_lib,init_p_do_apply,3,[{file,"proc_lib.erl"},{line,227}]}]}

=ERROR REPORT==== 2-Sep-2012::13:38:35 ===
POST /admin/delete [speiseplan] 500 331ms

=INFO REPORT==== 2-Sep-2012::13:41:41 ===
Loading routes from "/Users/ulfangermann/projects/erlang/speiseplan/priv/speiseplan.routes" ....

=INFO REPORT==== 2-Sep-2012::13:41:42 ===
GET /admin/index [speiseplan] 200 433ms

=INFO REPORT==== 2-Sep-2012::13:41:44 ===
Loading routes from "/Users/ulfangermann/projects/erlang/speiseplan/priv/speiseplan.routes" ....

=ERROR REPORT==== 2-Sep-2012::13:41:44 ===
{function_clause,
    [{speiseplan_admin_controller,delete,
         ['POST',[],
          {eater,"eater-22","cc","c05ae7f97800405f924ab55cc1ed738d","cc",
              "cc",undefined,5,true,"cc"},
          {speiseplan_admin_controller,
              {simple_bridge_request_wrapper,mochiweb_request_bridge,
                  {mochiweb_request,#Port<0.19695>,'POST',
                      "/admin/delete?id=menu-7",
                      {1,1},
                      {11,
                       {"host",
                        {'Host',"localhost:8001"},
                        {"content-length",
                         {'Content-Length',"0"},
                         {"accept",
                          {'Accept',"*/*"},
                          nil,
                          {"accept-language",
                           {'Accept-Language',"en-us"},
                           {"accept-encoding",
                            {'Accept-Encoding',"gzip, deflate"},
                            nil,nil},
                           {"connection",
                            {'Connection',"keep-alive"},
                            nil,nil}}},
                         {"cookie",
                          {'Cookie',
                              "_boss_session=9037f3782637edb3f693617b0ccf995bea6cb9b0; session_id=b10abe275150ff5b23952c0d6939669f; user_id=eater-22"},
                          nil,nil}},
                        {"user-agent",
                         {'User-Agent',
                             "Mozilla/5.0 (Macintosh; Intel Mac OS X 10_7_4) AppleWebKit/536.25 (KHTML, like Gecko) Version/6.0 Safari/536.25"},
                         {"origin",
                          {"Origin","http://localhost:8001"},
                          nil,
                          {"referer",
                           {'Referer',"http://localhost:8001/admin/index"},
                           nil,nil}},
                         {"x-requested-with",
                          {"X-Requested-With","XMLHttpRequest"},
                          nil,nil}}}}},
                  false,[],[],none}}],
         []},
     {boss_web_controller,execute_action,5,
         [{file,"src/boss/boss_web_controller.erl"},{line,714}]},
     {boss_web_controller,process_request,5,
         [{file,"src/boss/boss_web_controller.erl"},{line,460}]},
     {timer,tc,3,[{file,"timer.erl"},{line,194}]},
     {boss_web_controller,handle_request,3,
         [{file,"src/boss/boss_web_controller.erl"},{line,388}]},
     {mochiweb_http,headers,5,[{file,"src/mochiweb_http.erl"},{line,90}]},
     {proc_lib,init_p_do_apply,3,[{file,"proc_lib.erl"},{line,227}]}]}

=ERROR REPORT==== 2-Sep-2012::13:41:44 ===
POST /admin/delete [speiseplan] 500 138ms

=INFO REPORT==== 2-Sep-2012::13:42:03 ===
Loading routes from "/Users/ulfangermann/projects/erlang/speiseplan/priv/speiseplan.routes" ....

=INFO REPORT==== 2-Sep-2012::13:42:03 ===
GET /admin/index [speiseplan] 200 337ms

=INFO REPORT==== 2-Sep-2012::13:45:51 ===
Loading routes from "/Users/ulfangermann/projects/erlang/speiseplan/priv/speiseplan.routes" ....

=INFO REPORT==== 2-Sep-2012::13:45:51 ===
GET /admin/index [speiseplan] 200 489ms

=INFO REPORT==== 2-Sep-2012::13:46:35 ===
Loading routes from "/Users/ulfangermann/projects/erlang/speiseplan/priv/speiseplan.routes" ....

=INFO REPORT==== 2-Sep-2012::13:46:35 ===
GET /admin/index [speiseplan] 200 199ms

=INFO REPORT==== 2-Sep-2012::13:47:27 ===
Loading routes from "/Users/ulfangermann/projects/erlang/speiseplan/priv/speiseplan.routes" ....

=ERROR REPORT==== 2-Sep-2012::13:47:27 ===
Call to tuple fun {unbound_var,'MenuId'}.

Tuple funs are deprecated and will be removed in R16. Use "fun M:F/A" instead, for example "fun unbound_var:'MenuId'/0".

(This warning will only be shown the first time a tuple fun is called.)


=ERROR REPORT==== 2-Sep-2012::13:47:27 ===
{undef,[{unbound_var,'MenuId',[],[]},
        {erlydtl_filters,format_number,1,
                         [{file,"src/erlydtl_filters.erl"},{line,335}]},
        {boss_html_error_template,'-render_internal/4-fun-0-',2,[]},
        {lists,mapfoldl,3,[{file,"lists.erl"},{line,1278}]},
        {erlydtl_runtime,forloop,3,
                         [{file,"src/erlydtl_runtime.erl"},{line,228}]},
        {boss_html_error_template,'-render_internal/4-fun-2-',2,[]},
        {lists,mapfoldl,3,[{file,"lists.erl"},{line,1278}]},
        {erlydtl_runtime,forloop,3,
                         [{file,"src/erlydtl_runtime.erl"},{line,228}]}]}

=ERROR REPORT==== 2-Sep-2012::13:47:27 ===
GET /admin/index [speiseplan] 500 468ms

=INFO REPORT==== 2-Sep-2012::13:47:44 ===
Loading routes from "/Users/ulfangermann/projects/erlang/speiseplan/priv/speiseplan.routes" ....

=INFO REPORT==== 2-Sep-2012::13:47:44 ===
GET /admin/index [speiseplan] 200 157ms

=INFO REPORT==== 2-Sep-2012::13:48:17 ===
Loading routes from "/Users/ulfangermann/projects/erlang/speiseplan/priv/speiseplan.routes" ....

=ERROR REPORT==== 2-Sep-2012::13:48:17 ===
{undef,
    [{error,dish,[{error,{no_exists,'menu.id'}}],[]},
     {speiseplan_admin_controller,delete,4,
         [{file,
              "/Users/ulfangermann/projects/erlang/speiseplan/src/controller/speiseplan_admin_controller.erl"},
          {line,20}]},
     {boss_web_controller,execute_action,5,
         [{file,"src/boss/boss_web_controller.erl"},{line,714}]},
     {boss_web_controller,process_request,5,
         [{file,"src/boss/boss_web_controller.erl"},{line,460}]},
     {timer,tc,3,[{file,"timer.erl"},{line,194}]},
     {boss_web_controller,handle_request,3,
         [{file,"src/boss/boss_web_controller.erl"},{line,388}]},
     {mochiweb_http,headers,5,[{file,"src/mochiweb_http.erl"},{line,90}]},
     {proc_lib,init_p_do_apply,3,[{file,"proc_lib.erl"},{line,227}]}]}

=ERROR REPORT==== 2-Sep-2012::13:48:17 ===
POST /admin/delete/menu.id [speiseplan] 500 599ms

=INFO REPORT==== 2-Sep-2012::13:48:18 ===
Loading routes from "/Users/ulfangermann/projects/erlang/speiseplan/priv/speiseplan.routes" ....

=INFO REPORT==== 2-Sep-2012::13:48:19 ===
GET /admin/index [speiseplan] 200 280ms

=INFO REPORT==== 2-Sep-2012::13:48:31 ===
Loading routes from "/Users/ulfangermann/projects/erlang/speiseplan/priv/speiseplan.routes" ....

=INFO REPORT==== 2-Sep-2012::13:48:32 ===
POST /admin/delete/menu-7 [speiseplan] 302 138ms

=INFO REPORT==== 2-Sep-2012::13:48:32 ===
Loading routes from "/Users/ulfangermann/projects/erlang/speiseplan/priv/speiseplan.routes" ....

=INFO REPORT==== 2-Sep-2012::13:48:32 ===
GET /admin/index [speiseplan] 200 138ms

=INFO REPORT==== 2-Sep-2012::13:49:00 ===
Loading routes from "/Users/ulfangermann/projects/erlang/speiseplan/priv/speiseplan.routes" ....

=INFO REPORT==== 2-Sep-2012::13:49:01 ===
GET /admin/index [speiseplan] 200 577ms

=INFO REPORT==== 2-Sep-2012::13:49:42 ===
Loading routes from "/Users/ulfangermann/projects/erlang/speiseplan/priv/speiseplan.routes" ....

=INFO REPORT==== 2-Sep-2012::13:49:42 ===
POST /admin/create [speiseplan] 302 409ms

=INFO REPORT==== 2-Sep-2012::13:49:42 ===
Loading routes from "/Users/ulfangermann/projects/erlang/speiseplan/priv/speiseplan.routes" ....

=INFO REPORT==== 2-Sep-2012::13:49:42 ===
GET /admin/index [speiseplan] 200 179ms

=INFO REPORT==== 2-Sep-2012::13:51:26 ===
Loading routes from "/Users/ulfangermann/projects/erlang/speiseplan/priv/speiseplan.routes" ....

=ERROR REPORT==== 2-Sep-2012::13:51:26 ===
{function_clause,
    [{speiseplan_admin_controller,edit,
         ['GET',
          ["menu-8"],
          {eater,"eater-22","cc","c05ae7f97800405f924ab55cc1ed738d","cc",
              "cc",undefined,5,true,"cc"},
          {speiseplan_admin_controller,
              {simple_bridge_request_wrapper,mochiweb_request_bridge,
                  {mochiweb_request,#Port<0.20596>,'GET',
                      "/admin/edit/menu-8",
                      {1,1},
                      {7,
                       {"host",
                        {'Host',"localhost:8001"},
                        {"accept",
                         {'Accept',
                             "text/html,application/xhtml+xml,application/xml;q=0.9,*/*;q=0.8"},
                         nil,
                         {"accept-language",
                          {'Accept-Language',"en-us"},
                          {"accept-encoding",
                           {'Accept-Encoding',"gzip, deflate"},
                           nil,nil},
                          {"cookie",
                           {'Cookie',
                               "_boss_session=9037f3782637edb3f693617b0ccf995bea6cb9b0; session_id=b10abe275150ff5b23952c0d6939669f; user_id=eater-22"},
                           {"connection",{'Connection',"keep-alive"},nil,nil},
                           nil}}},
                        {"user-agent",
                         {'User-Agent',
                             "Mozilla/5.0 (Macintosh; Intel Mac OS X 10_7_4) AppleWebKit/536.25 (KHTML, like Gecko) Version/6.0 Safari/536.25"},
                         nil,nil}}}},
                  false,[],[],none}}],
         [{file,
              "/Users/ulfangermann/projects/erlang/speiseplan/src/controller/speiseplan_admin_controller.erl"},
          {line,14}]},
     {boss_web_controller,execute_action,5,
         [{file,"src/boss/boss_web_controller.erl"},{line,714}]},
     {boss_web_controller,process_request,5,
         [{file,"src/boss/boss_web_controller.erl"},{line,460}]},
     {timer,tc,3,[{file,"timer.erl"},{line,194}]},
     {boss_web_controller,handle_request,3,
         [{file,"src/boss/boss_web_controller.erl"},{line,388}]},
     {mochiweb_http,headers,5,[{file,"src/mochiweb_http.erl"},{line,90}]},
     {proc_lib,init_p_do_apply,3,[{file,"proc_lib.erl"},{line,227}]}]}

=ERROR REPORT==== 2-Sep-2012::13:51:26 ===
GET /admin/edit/menu-8 [speiseplan] 500 371ms

=INFO REPORT==== 2-Sep-2012::13:51:55 ===
Loading routes from "/Users/ulfangermann/projects/erlang/speiseplan/priv/speiseplan.routes" ....

=INFO REPORT==== 2-Sep-2012::13:51:55 ===
GET /admin/detail/menu-8 [speiseplan] 200 197ms

=INFO REPORT==== 2-Sep-2012::13:52:03 ===
Loading routes from "/Users/ulfangermann/projects/erlang/speiseplan/priv/speiseplan.routes" ....

=INFO REPORT==== 2-Sep-2012::13:52:03 ===
GET /admin/detail/menu-8 [speiseplan] 200 145ms

=INFO REPORT==== 2-Sep-2012::13:52:43 ===
Loading routes from "/Users/ulfangermann/projects/erlang/speiseplan/priv/speiseplan.routes" ....

=INFO REPORT==== 2-Sep-2012::13:52:44 ===
GET /admin/detail/menu-8 [speiseplan] 200 531ms

=INFO REPORT==== 2-Sep-2012::13:53:14 ===
Loading routes from "/Users/ulfangermann/projects/erlang/speiseplan/priv/speiseplan.routes" ....

=INFO REPORT==== 2-Sep-2012::13:53:14 ===
GET /admin/index [speiseplan] 200 222ms

=INFO REPORT==== 2-Sep-2012::13:53:22 ===
Loading routes from "/Users/ulfangermann/projects/erlang/speiseplan/priv/speiseplan.routes" ....

=INFO REPORT==== 2-Sep-2012::13:53:22 ===
GET /booking [speiseplan] 200 173ms

=INFO REPORT==== 2-Sep-2012::13:53:27 ===
Loading routes from "/Users/ulfangermann/projects/erlang/speiseplan/priv/speiseplan.routes" ....

=INFO REPORT==== 2-Sep-2012::13:53:28 ===
POST /booking/book [speiseplan] 302 139ms

=INFO REPORT==== 2-Sep-2012::13:53:28 ===
Loading routes from "/Users/ulfangermann/projects/erlang/speiseplan/priv/speiseplan.routes" ....

=INFO REPORT==== 2-Sep-2012::13:53:28 ===
GET /booking/index [speiseplan] 200 141ms

=INFO REPORT==== 2-Sep-2012::13:55:42 ===
Loading routes from "/Users/ulfangermann/projects/erlang/speiseplan/priv/speiseplan.routes" ....

=INFO REPORT==== 2-Sep-2012::13:55:43 ===
GET /booking [speiseplan] 200 449ms

=INFO REPORT==== 2-Sep-2012::13:55:44 ===
Loading routes from "/Users/ulfangermann/projects/erlang/speiseplan/priv/speiseplan.routes" ....

=INFO REPORT==== 2-Sep-2012::13:55:44 ===
POST /booking/delete/booking-6 [speiseplan] 302 135ms

=INFO REPORT==== 2-Sep-2012::13:55:44 ===
Loading routes from "/Users/ulfangermann/projects/erlang/speiseplan/priv/speiseplan.routes" ....

=INFO REPORT==== 2-Sep-2012::13:55:45 ===
GET /booking/index [speiseplan] 200 141ms

=INFO REPORT==== 2-Sep-2012::13:55:47 ===
Loading routes from "/Users/ulfangermann/projects/erlang/speiseplan/priv/speiseplan.routes" ....

=INFO REPORT==== 2-Sep-2012::13:55:48 ===
POST /booking/book [speiseplan] 302 138ms

=INFO REPORT==== 2-Sep-2012::13:55:48 ===
Loading routes from "/Users/ulfangermann/projects/erlang/speiseplan/priv/speiseplan.routes" ....

=INFO REPORT==== 2-Sep-2012::13:55:48 ===
GET /booking/index [speiseplan] 200 142ms

=INFO REPORT==== 2-Sep-2012::13:55:51 ===
Loading routes from "/Users/ulfangermann/projects/erlang/speiseplan/priv/speiseplan.routes" ....

=INFO REPORT==== 2-Sep-2012::13:55:51 ===
POST /booking/delete/booking-7 [speiseplan] 302 140ms

=INFO REPORT==== 2-Sep-2012::13:55:51 ===
Loading routes from "/Users/ulfangermann/projects/erlang/speiseplan/priv/speiseplan.routes" ....

=INFO REPORT==== 2-Sep-2012::13:55:51 ===
GET /booking/index [speiseplan] 200 143ms

=INFO REPORT==== 2-Sep-2012::13:55:53 ===
Loading routes from "/Users/ulfangermann/projects/erlang/speiseplan/priv/speiseplan.routes" ....

=INFO REPORT==== 2-Sep-2012::13:55:53 ===
POST /booking/book [speiseplan] 302 141ms

=INFO REPORT==== 2-Sep-2012::13:55:53 ===
Loading routes from "/Users/ulfangermann/projects/erlang/speiseplan/priv/speiseplan.routes" ....

=INFO REPORT==== 2-Sep-2012::13:55:53 ===
GET /booking/index [speiseplan] 200 143ms

=INFO REPORT==== 2-Sep-2012::13:55:55 ===
Loading routes from "/Users/ulfangermann/projects/erlang/speiseplan/priv/speiseplan.routes" ....

=INFO REPORT==== 2-Sep-2012::13:55:55 ===
POST /booking/delete/booking-8 [speiseplan] 302 140ms

=INFO REPORT==== 2-Sep-2012::13:55:55 ===
Loading routes from "/Users/ulfangermann/projects/erlang/speiseplan/priv/speiseplan.routes" ....

=INFO REPORT==== 2-Sep-2012::13:55:55 ===
GET /booking/index [speiseplan] 200 144ms

=INFO REPORT==== 2-Sep-2012::13:55:57 ===
Loading routes from "/Users/ulfangermann/projects/erlang/speiseplan/priv/speiseplan.routes" ....

=INFO REPORT==== 2-Sep-2012::13:55:57 ===
POST /booking/book [speiseplan] 302 140ms

=INFO REPORT==== 2-Sep-2012::13:55:57 ===
Loading routes from "/Users/ulfangermann/projects/erlang/speiseplan/priv/speiseplan.routes" ....

=INFO REPORT==== 2-Sep-2012::13:55:57 ===
GET /booking/index [speiseplan] 200 144ms

=INFO REPORT==== 2-Sep-2012::13:57:34 ===
Loading routes from "/Users/ulfangermann/projects/erlang/speiseplan/priv/speiseplan.routes" ....

=INFO REPORT==== 2-Sep-2012::13:57:35 ===
GET /booking [speiseplan] 200 442ms

=INFO REPORT==== 2-Sep-2012::14:02:16 ===
Loading routes from "/Users/ulfangermann/projects/erlang/speiseplan/priv/speiseplan.routes" ....

=INFO REPORT==== 2-Sep-2012::14:02:17 ===
GET /booking [speiseplan] 200 417ms

=INFO REPORT==== 2-Sep-2012::14:02:19 ===
Loading routes from "/Users/ulfangermann/projects/erlang/speiseplan/priv/speiseplan.routes" ....

=INFO REPORT==== 2-Sep-2012::14:02:19 ===
GET /booking [speiseplan] 200 140ms

=INFO REPORT==== 2-Sep-2012::14:02:20 ===
Loading routes from "/Users/ulfangermann/projects/erlang/speiseplan/priv/speiseplan.routes" ....

=INFO REPORT==== 2-Sep-2012::14:02:20 ===
POST /booking/delete/booking-9 [speiseplan] 302 131ms

=INFO REPORT==== 2-Sep-2012::14:02:20 ===
Loading routes from "/Users/ulfangermann/projects/erlang/speiseplan/priv/speiseplan.routes" ....

=INFO REPORT==== 2-Sep-2012::14:02:21 ===
GET /booking/index [speiseplan] 200 133ms

=INFO REPORT==== 2-Sep-2012::14:02:24 ===
Loading routes from "/Users/ulfangermann/projects/erlang/speiseplan/priv/speiseplan.routes" ....

=INFO REPORT==== 2-Sep-2012::14:02:24 ===
POST /booking/book [speiseplan] 302 132ms

=INFO REPORT==== 2-Sep-2012::14:02:24 ===
Loading routes from "/Users/ulfangermann/projects/erlang/speiseplan/priv/speiseplan.routes" ....

=INFO REPORT==== 2-Sep-2012::14:02:24 ===
GET /booking/index [speiseplan] 200 138ms

=INFO REPORT==== 2-Sep-2012::14:06:32 ===
Loading routes from "/Users/ulfangermann/projects/erlang/speiseplan/priv/speiseplan.routes" ....

=INFO REPORT==== 2-Sep-2012::14:06:33 ===
GET /booking [speiseplan] 200 517ms

=INFO REPORT==== 2-Sep-2012::14:06:39 ===
Loading routes from "/Users/ulfangermann/projects/erlang/speiseplan/priv/speiseplan.routes" ....

=INFO REPORT==== 2-Sep-2012::14:06:39 ===
POST /booking/delete/booking-10 [speiseplan] 302 134ms

=INFO REPORT==== 2-Sep-2012::14:06:39 ===
Loading routes from "/Users/ulfangermann/projects/erlang/speiseplan/priv/speiseplan.routes" ....

=INFO REPORT==== 2-Sep-2012::14:06:39 ===
GET /booking/index [speiseplan] 200 139ms

=INFO REPORT==== 2-Sep-2012::14:06:56 ===
Loading routes from "/Users/ulfangermann/projects/erlang/speiseplan/priv/speiseplan.routes" ....

=INFO REPORT==== 2-Sep-2012::14:06:57 ===
POST /booking/book [speiseplan] 302 458ms

=INFO REPORT==== 2-Sep-2012::14:06:57 ===
Loading routes from "/Users/ulfangermann/projects/erlang/speiseplan/priv/speiseplan.routes" ....

=INFO REPORT==== 2-Sep-2012::14:06:57 ===
GET /booking/index [speiseplan] 200 170ms

=INFO REPORT==== 2-Sep-2012::14:07:21 ===
Loading routes from "/Users/ulfangermann/projects/erlang/speiseplan/priv/speiseplan.routes" ....

=INFO REPORT==== 2-Sep-2012::14:07:21 ===
POST /booking/delete/booking-11 [speiseplan] 302 292ms

=INFO REPORT==== 2-Sep-2012::14:07:21 ===
Loading routes from "/Users/ulfangermann/projects/erlang/speiseplan/priv/speiseplan.routes" ....

=INFO REPORT==== 2-Sep-2012::14:07:21 ===
GET /booking/index [speiseplan] 200 225ms

=INFO REPORT==== 2-Sep-2012::14:07:34 ===
Loading routes from "/Users/ulfangermann/projects/erlang/speiseplan/priv/speiseplan.routes" ....

=INFO REPORT==== 2-Sep-2012::14:07:34 ===
POST /booking/book [speiseplan] 302 133ms

=INFO REPORT==== 2-Sep-2012::14:07:34 ===
Loading routes from "/Users/ulfangermann/projects/erlang/speiseplan/priv/speiseplan.routes" ....

=INFO REPORT==== 2-Sep-2012::14:07:34 ===
GET /booking/index [speiseplan] 200 136ms

=INFO REPORT==== 2-Sep-2012::14:10:44 ===
Loading routes from "/Users/ulfangermann/projects/erlang/speiseplan/priv/speiseplan.routes" ....

=INFO REPORT==== 2-Sep-2012::14:10:44 ===
GET /booking [speiseplan] 200 507ms

=INFO REPORT==== 2-Sep-2012::14:10:45 ===
Loading routes from "/Users/ulfangermann/projects/erlang/speiseplan/priv/speiseplan.routes" ....

=INFO REPORT==== 2-Sep-2012::14:10:45 ===
GET /booking [speiseplan] 200 157ms

=INFO REPORT==== 2-Sep-2012::14:10:46 ===
Loading routes from "/Users/ulfangermann/projects/erlang/speiseplan/priv/speiseplan.routes" ....

=INFO REPORT==== 2-Sep-2012::14:10:47 ===
POST /booking/delete/booking-12 [speiseplan] 302 139ms

=INFO REPORT==== 2-Sep-2012::14:10:47 ===
Loading routes from "/Users/ulfangermann/projects/erlang/speiseplan/priv/speiseplan.routes" ....

=INFO REPORT==== 2-Sep-2012::14:10:47 ===
GET /booking/index [speiseplan] 200 143ms

=INFO REPORT==== 2-Sep-2012::14:10:49 ===
Loading routes from "/Users/ulfangermann/projects/erlang/speiseplan/priv/speiseplan.routes" ....

=INFO REPORT==== 2-Sep-2012::14:10:49 ===
POST /booking/book [speiseplan] 302 141ms

=INFO REPORT==== 2-Sep-2012::14:10:49 ===
Loading routes from "/Users/ulfangermann/projects/erlang/speiseplan/priv/speiseplan.routes" ....

=INFO REPORT==== 2-Sep-2012::14:10:49 ===
GET /booking/index [speiseplan] 200 144ms

=INFO REPORT==== 2-Sep-2012::14:10:52 ===
Loading routes from "/Users/ulfangermann/projects/erlang/speiseplan/priv/speiseplan.routes" ....

=INFO REPORT==== 2-Sep-2012::14:10:52 ===
POST /booking/delete/booking-13 [speiseplan] 302 142ms

=INFO REPORT==== 2-Sep-2012::14:10:52 ===
Loading routes from "/Users/ulfangermann/projects/erlang/speiseplan/priv/speiseplan.routes" ....

=INFO REPORT==== 2-Sep-2012::14:10:52 ===
GET /booking/index [speiseplan] 200 142ms

=INFO REPORT==== 2-Sep-2012::14:10:55 ===
Loading routes from "/Users/ulfangermann/projects/erlang/speiseplan/priv/speiseplan.routes" ....

=INFO REPORT==== 2-Sep-2012::14:10:56 ===
POST /booking/book [speiseplan] 302 146ms

=INFO REPORT==== 2-Sep-2012::14:10:56 ===
Loading routes from "/Users/ulfangermann/projects/erlang/speiseplan/priv/speiseplan.routes" ....

=INFO REPORT==== 2-Sep-2012::14:10:56 ===
GET /booking/index [speiseplan] 200 147ms

=INFO REPORT==== 2-Sep-2012::14:10:59 ===
Loading routes from "/Users/ulfangermann/projects/erlang/speiseplan/priv/speiseplan.routes" ....

=INFO REPORT==== 2-Sep-2012::14:10:59 ===
GET /booking [speiseplan] 200 150ms

=INFO REPORT==== 2-Sep-2012::14:14:52 ===
Loading routes from "/Users/ulfangermann/projects/erlang/speiseplan/priv/speiseplan.routes" ....

=INFO REPORT==== 2-Sep-2012::14:14:52 ===
GET /admin/index [speiseplan] 200 724ms

=INFO REPORT==== 2-Sep-2012::14:14:55 ===
Loading routes from "/Users/ulfangermann/projects/erlang/speiseplan/priv/speiseplan.routes" ....

=INFO REPORT==== 2-Sep-2012::14:14:55 ===
GET /admin/detail/menu-8 [speiseplan] 200 167ms

=INFO REPORT==== 2-Sep-2012::14:15:34 ===
Loading routes from "/Users/ulfangermann/projects/erlang/speiseplan/priv/speiseplan.routes" ....

=INFO REPORT==== 2-Sep-2012::14:15:35 ===
GET /admin/detail/menu-8 [speiseplan] 200 457ms

=INFO REPORT==== 2-Sep-2012::14:16:52 ===
Loading routes from "/Users/ulfangermann/projects/erlang/speiseplan/priv/speiseplan.routes" ....

=INFO REPORT==== 2-Sep-2012::14:16:53 ===
GET /admin/index [speiseplan] 200 816ms

=INFO REPORT==== 2-Sep-2012::14:21:18 ===
Loading routes from "/Users/ulfangermann/projects/erlang/speiseplan/priv/speiseplan.routes" ....

=INFO REPORT==== 2-Sep-2012::14:21:18 ===
GET /booking [speiseplan] 200 454ms

=INFO REPORT==== 2-Sep-2012::14:21:36 ===
Loading routes from "/Users/ulfangermann/projects/erlang/speiseplan/priv/speiseplan.routes" ....

=INFO REPORT==== 2-Sep-2012::14:21:36 ===
GET /admin/index [speiseplan] 200 460ms

=INFO REPORT==== 2-Sep-2012::14:22:04 ===
Loading routes from "/Users/ulfangermann/projects/erlang/speiseplan/priv/speiseplan.routes" ....

=INFO REPORT==== 2-Sep-2012::14:22:04 ===
GET /admin/index [speiseplan] 200 189ms

=INFO REPORT==== 2-Sep-2012::14:22:28 ===
Loading routes from "/Users/ulfangermann/projects/erlang/speiseplan/priv/speiseplan.routes" ....

=INFO REPORT==== 2-Sep-2012::14:22:28 ===
GET /admin/index [speiseplan] 200 420ms

=INFO REPORT==== 2-Sep-2012::14:22:31 ===
Loading routes from "/Users/ulfangermann/projects/erlang/speiseplan/priv/speiseplan.routes" ....

=ERROR REPORT==== 2-Sep-2012::14:22:31 ===
{function_clause,
    [{speiseplan_admin_controller,edit,
         ['GET',
          ["menu-8"],
          {eater,"eater-22","cc","c05ae7f97800405f924ab55cc1ed738d","cc",
              "cc",undefined,5,true,"cc"},
          {speiseplan_admin_controller,
              {simple_bridge_request_wrapper,mochiweb_request_bridge,
                  {mochiweb_request,#Port<0.22527>,'GET',
                      "/admin/edit/menu-8",
                      {1,1},
                      {8,
                       {"host",
                        {'Host',"localhost:8001"},
                        {"accept",
                         {'Accept',
                             "text/html,application/xhtml+xml,application/xml;q=0.9,*/*;q=0.8"},
                         nil,
                         {"accept-language",
                          {'Accept-Language',"en-us"},
                          {"accept-encoding",
                           {'Accept-Encoding',"gzip, deflate"},
                           nil,nil},
                          {"cookie",
                           {'Cookie',
                               "_boss_session=9037f3782637edb3f693617b0ccf995bea6cb9b0; session_id=b10abe275150ff5b23952c0d6939669f; user_id=eater-22"},
                           {"connection",{'Connection',"keep-alive"},nil,nil},
                           nil}}},
                        {"user-agent",
                         {'User-Agent',
                             "Mozilla/5.0 (Macintosh; Intel Mac OS X 10_7_4) AppleWebKit/536.25 (KHTML, like Gecko) Version/6.0 Safari/536.25"},
                         {"referer",
                          {'Referer',"http://localhost:8001/admin/index"},
                          nil,nil},
                         nil}}}},
                  false,[],[],none}}],
         [{file,
              "/Users/ulfangermann/projects/erlang/speiseplan/src/controller/speiseplan_admin_controller.erl"},
          {line,14}]},
     {boss_web_controller,execute_action,5,
         [{file,"src/boss/boss_web_controller.erl"},{line,714}]},
     {boss_web_controller,process_request,5,
         [{file,"src/boss/boss_web_controller.erl"},{line,460}]},
     {timer,tc,3,[{file,"timer.erl"},{line,194}]},
     {boss_web_controller,handle_request,3,
         [{file,"src/boss/boss_web_controller.erl"},{line,388}]},
     {mochiweb_http,headers,5,[{file,"src/mochiweb_http.erl"},{line,90}]},
     {proc_lib,init_p_do_apply,3,[{file,"proc_lib.erl"},{line,227}]}]}

=ERROR REPORT==== 2-Sep-2012::14:22:31 ===
GET /admin/edit/menu-8 [speiseplan] 500 144ms

=INFO REPORT==== 2-Sep-2012::14:22:55 ===
Loading routes from "/Users/ulfangermann/projects/erlang/speiseplan/priv/speiseplan.routes" ....

=INFO REPORT==== 2-Sep-2012::14:22:56 ===
GET /admin/index [speiseplan] 200 427ms

=INFO REPORT==== 2-Sep-2012::14:22:57 ===
Loading routes from "/Users/ulfangermann/projects/erlang/speiseplan/priv/speiseplan.routes" ....

=INFO REPORT==== 2-Sep-2012::14:22:57 ===
GET /admin/edit/menu-8 [speiseplan] 302 148ms

=INFO REPORT==== 2-Sep-2012::14:22:57 ===
Loading routes from "/Users/ulfangermann/projects/erlang/speiseplan/priv/speiseplan.routes" ....

=INFO REPORT==== 2-Sep-2012::14:22:57 ===
GET /eater/login [speiseplan] 200 182ms

=INFO REPORT==== 2-Sep-2012::14:24:28 ===
Loading routes from "/Users/ulfangermann/projects/erlang/speiseplan/priv/speiseplan.routes" ....

=INFO REPORT==== 2-Sep-2012::14:24:28 ===
GET /admin/index [speiseplan] 200 183ms

=INFO REPORT==== 2-Sep-2012::14:24:31 ===
Loading routes from "/Users/ulfangermann/projects/erlang/speiseplan/priv/speiseplan.routes" ....

=INFO REPORT==== 2-Sep-2012::14:24:31 ===
GET /admin/edit/menu-8 [speiseplan] 302 172ms

=INFO REPORT==== 2-Sep-2012::14:24:31 ===
Loading routes from "/Users/ulfangermann/projects/erlang/speiseplan/priv/speiseplan.routes" ....

=INFO REPORT==== 2-Sep-2012::14:24:31 ===
GET /eater/login [speiseplan] 200 166ms

=INFO REPORT==== 2-Sep-2012::14:26:15 ===
Loading routes from "/Users/ulfangermann/projects/erlang/speiseplan/priv/speiseplan.routes" ....

=INFO REPORT==== 2-Sep-2012::14:26:16 ===
GET /admin/index [speiseplan] 200 443ms

=INFO REPORT==== 2-Sep-2012::14:26:17 ===
Loading routes from "/Users/ulfangermann/projects/erlang/speiseplan/priv/speiseplan.routes" ....

=INFO REPORT==== 2-Sep-2012::14:26:17 ===
GET /admin/edit/menu-8 [speiseplan] 200 206ms

=INFO REPORT==== 2-Sep-2012::14:26:28 ===
Loading routes from "/Users/ulfangermann/projects/erlang/speiseplan/priv/speiseplan.routes" ....

=INFO REPORT==== 2-Sep-2012::14:26:28 ===
GET /admin/edit/menu-8 [speiseplan] 200 234ms

=INFO REPORT==== 2-Sep-2012::14:27:30 ===
Loading routes from "/Users/ulfangermann/projects/erlang/speiseplan/priv/speiseplan.routes" ....

=INFO REPORT==== 2-Sep-2012::14:27:31 ===
POST /admin/update/menu-8 [speiseplan] 302 795ms

=INFO REPORT==== 2-Sep-2012::14:27:31 ===
Loading routes from "/Users/ulfangermann/projects/erlang/speiseplan/priv/speiseplan.routes" ....

=INFO REPORT==== 2-Sep-2012::14:27:31 ===
GET /admin/index [speiseplan] 200 205ms

=INFO REPORT==== 2-Sep-2012::14:27:36 ===
Loading routes from "/Users/ulfangermann/projects/erlang/speiseplan/priv/speiseplan.routes" ....

=INFO REPORT==== 2-Sep-2012::14:27:36 ===
GET /admin/edit/menu-8 [speiseplan] 200 218ms

=INFO REPORT==== 2-Sep-2012::14:27:40 ===
Loading routes from "/Users/ulfangermann/projects/erlang/speiseplan/priv/speiseplan.routes" ....

=INFO REPORT==== 2-Sep-2012::14:27:41 ===
POST /admin/update/menu-8 [speiseplan] 302 146ms

=INFO REPORT==== 2-Sep-2012::14:27:41 ===
Loading routes from "/Users/ulfangermann/projects/erlang/speiseplan/priv/speiseplan.routes" ....

=INFO REPORT==== 2-Sep-2012::14:27:41 ===
GET /admin/index [speiseplan] 200 145ms

=INFO REPORT==== 2-Sep-2012::14:33:55 ===
Loading routes from "/Users/ulfangermann/projects/erlang/speiseplan/priv/speiseplan.routes" ....

=INFO REPORT==== 2-Sep-2012::14:33:56 ===
GET /admin/edit/menu-8 [speiseplan] 200 506ms

=INFO REPORT==== 2-Sep-2012::14:34:04 ===
Loading routes from "/Users/ulfangermann/projects/erlang/speiseplan/priv/speiseplan.routes" ....

=INFO REPORT==== 2-Sep-2012::14:34:04 ===
GET /admin/edit/menu-8 [speiseplan] 200 150ms

=INFO REPORT==== 2-Sep-2012::14:34:08 ===
Loading routes from "/Users/ulfangermann/projects/erlang/speiseplan/priv/speiseplan.routes" ....

=INFO REPORT==== 2-Sep-2012::14:34:08 ===
POST /admin/update/menu-8 [speiseplan] 302 142ms

=INFO REPORT==== 2-Sep-2012::14:34:08 ===
Loading routes from "/Users/ulfangermann/projects/erlang/speiseplan/priv/speiseplan.routes" ....

=INFO REPORT==== 2-Sep-2012::14:34:08 ===
GET /admin/index [speiseplan] 200 182ms

=INFO REPORT==== 2-Sep-2012::14:34:09 ===
Loading routes from "/Users/ulfangermann/projects/erlang/speiseplan/priv/speiseplan.routes" ....

=INFO REPORT==== 2-Sep-2012::14:34:10 ===
GET /admin/edit/menu-8 [speiseplan] 200 153ms

=INFO REPORT==== 2-Sep-2012::14:35:54 ===
Loading routes from "/Users/ulfangermann/projects/erlang/speiseplan/priv/speiseplan.routes" ....

=INFO REPORT==== 2-Sep-2012::14:35:54 ===
GET /admin/edit/menu-8 [speiseplan] 200 467ms

=INFO REPORT==== 2-Sep-2012::14:35:55 ===
Loading routes from "/Users/ulfangermann/projects/erlang/speiseplan/priv/speiseplan.routes" ....

=INFO REPORT==== 2-Sep-2012::14:35:55 ===
GET /admin/edit/menu-8 [speiseplan] 200 151ms

=INFO REPORT==== 2-Sep-2012::14:36:00 ===
Loading routes from "/Users/ulfangermann/projects/erlang/speiseplan/priv/speiseplan.routes" ....

=INFO REPORT==== 2-Sep-2012::14:36:00 ===
GET /admin/edit/menu-8 [speiseplan] 200 159ms

=INFO REPORT==== 2-Sep-2012::14:36:02 ===
Loading routes from "/Users/ulfangermann/projects/erlang/speiseplan/priv/speiseplan.routes" ....

=INFO REPORT==== 2-Sep-2012::14:36:02 ===
POST /admin/update/menu-8 [speiseplan] 302 154ms

=INFO REPORT==== 2-Sep-2012::14:36:02 ===
Loading routes from "/Users/ulfangermann/projects/erlang/speiseplan/priv/speiseplan.routes" ....

=INFO REPORT==== 2-Sep-2012::14:36:03 ===
GET /admin/index [speiseplan] 200 182ms

=INFO REPORT==== 2-Sep-2012::14:36:04 ===
Loading routes from "/Users/ulfangermann/projects/erlang/speiseplan/priv/speiseplan.routes" ....

=INFO REPORT==== 2-Sep-2012::14:36:04 ===
GET /admin/edit/menu-8 [speiseplan] 200 157ms

=INFO REPORT==== 2-Sep-2012::14:36:20 ===
Loading routes from "/Users/ulfangermann/projects/erlang/speiseplan/priv/speiseplan.routes" ....

=INFO REPORT==== 2-Sep-2012::14:36:21 ===
POST /admin/update/menu-8 [speiseplan] 302 144ms

=INFO REPORT==== 2-Sep-2012::14:36:21 ===
Loading routes from "/Users/ulfangermann/projects/erlang/speiseplan/priv/speiseplan.routes" ....

=INFO REPORT==== 2-Sep-2012::14:36:21 ===
GET /admin/index [speiseplan] 200 145ms

=INFO REPORT==== 2-Sep-2012::14:36:29 ===
Loading routes from "/Users/ulfangermann/projects/erlang/speiseplan/priv/speiseplan.routes" ....

=INFO REPORT==== 2-Sep-2012::14:36:29 ===
GET /admin/edit/menu-8 [speiseplan] 200 156ms

=INFO REPORT==== 2-Sep-2012::14:38:31 ===
Loading routes from "/Users/ulfangermann/projects/erlang/speiseplan/priv/speiseplan.routes" ....

=INFO REPORT==== 2-Sep-2012::14:38:32 ===
GET /admin/edit/menu-8 [speiseplan] 200 426ms

=INFO REPORT==== 2-Sep-2012::14:38:40 ===
Loading routes from "/Users/ulfangermann/projects/erlang/speiseplan/priv/speiseplan.routes" ....

=INFO REPORT==== 2-Sep-2012::14:38:40 ===
GET /admin/edit/menu-8 [speiseplan] 200 149ms

=INFO REPORT==== 2-Sep-2012::15:18:13 ===
Loading routes from "/Users/ulfangermann/projects/erlang/speiseplan/priv/speiseplan.routes" ....

=INFO REPORT==== 2-Sep-2012::15:18:13 ===
POST /admin/create [speiseplan] 302 428ms

=INFO REPORT==== 2-Sep-2012::15:18:13 ===
Loading routes from "/Users/ulfangermann/projects/erlang/speiseplan/priv/speiseplan.routes" ....

=INFO REPORT==== 2-Sep-2012::15:18:13 ===
GET /admin/index [speiseplan] 200 208ms

=INFO REPORT==== 2-Sep-2012::15:18:15 ===
Loading routes from "/Users/ulfangermann/projects/erlang/speiseplan/priv/speiseplan.routes" ....

=INFO REPORT==== 2-Sep-2012::15:18:16 ===
GET /admin/edit/menu-9 [speiseplan] 200 230ms

=INFO REPORT==== 2-Sep-2012::15:18:18 ===
Loading routes from "/Users/ulfangermann/projects/erlang/speiseplan/priv/speiseplan.routes" ....

=INFO REPORT==== 2-Sep-2012::15:18:18 ===
POST /admin/update/menu-9 [speiseplan] 302 145ms

=INFO REPORT==== 2-Sep-2012::15:18:18 ===
Loading routes from "/Users/ulfangermann/projects/erlang/speiseplan/priv/speiseplan.routes" ....

=INFO REPORT==== 2-Sep-2012::15:18:19 ===
GET /admin/index [speiseplan] 200 147ms

=INFO REPORT==== 2-Sep-2012::15:18:33 ===
Loading routes from "/Users/ulfangermann/projects/erlang/speiseplan/priv/speiseplan.routes" ....

=INFO REPORT==== 2-Sep-2012::15:18:33 ===
GET /booking [speiseplan] 200 182ms

=INFO REPORT==== 2-Sep-2012::15:18:36 ===
Loading routes from "/Users/ulfangermann/projects/erlang/speiseplan/priv/speiseplan.routes" ....

=INFO REPORT==== 2-Sep-2012::15:18:36 ===
POST /booking/book [speiseplan] 302 142ms

=INFO REPORT==== 2-Sep-2012::15:18:36 ===
Loading routes from "/Users/ulfangermann/projects/erlang/speiseplan/priv/speiseplan.routes" ....

=INFO REPORT==== 2-Sep-2012::15:18:36 ===
GET /booking/index [speiseplan] 200 152ms

=INFO REPORT==== 2-Sep-2012::15:24:37 ===
Loading routes from "/Users/ulfangermann/projects/erlang/speiseplan/priv/speiseplan.routes" ....

=INFO REPORT==== 2-Sep-2012::15:24:37 ===
GET /booking [speiseplan] 200 461ms

=INFO REPORT==== 2-Sep-2012::15:24:39 ===
Loading routes from "/Users/ulfangermann/projects/erlang/speiseplan/priv/speiseplan.routes" ....

=INFO REPORT==== 2-Sep-2012::15:24:40 ===
GET /booking [speiseplan] 200 156ms

=INFO REPORT==== 2-Sep-2012::15:24:42 ===
Loading routes from "/Users/ulfangermann/projects/erlang/speiseplan/priv/speiseplan.routes" ....

=INFO REPORT==== 2-Sep-2012::15:24:42 ===
GET /admin/index [speiseplan] 200 206ms

=INFO REPORT==== 2-Sep-2012::15:24:50 ===
Loading routes from "/Users/ulfangermann/projects/erlang/speiseplan/priv/speiseplan.routes" ....

=INFO REPORT==== 2-Sep-2012::15:24:50 ===
POST /admin/create [speiseplan] 302 144ms

=INFO REPORT==== 2-Sep-2012::15:24:50 ===
Loading routes from "/Users/ulfangermann/projects/erlang/speiseplan/priv/speiseplan.routes" ....

=INFO REPORT==== 2-Sep-2012::15:24:50 ===
GET /admin/index [speiseplan] 200 146ms

=INFO REPORT==== 2-Sep-2012::15:25:20 ===
Loading routes from "/Users/ulfangermann/projects/erlang/speiseplan/priv/speiseplan.routes" ....

=INFO REPORT==== 2-Sep-2012::15:25:20 ===
POST /admin/create [speiseplan] 302 144ms

=INFO REPORT==== 2-Sep-2012::15:25:20 ===
Loading routes from "/Users/ulfangermann/projects/erlang/speiseplan/priv/speiseplan.routes" ....

=INFO REPORT==== 2-Sep-2012::15:25:20 ===
GET /admin/index [speiseplan] 200 151ms

=INFO REPORT==== 2-Sep-2012::15:25:26 ===
Loading routes from "/Users/ulfangermann/projects/erlang/speiseplan/priv/speiseplan.routes" ....

=INFO REPORT==== 2-Sep-2012::15:25:27 ===
GET /admin/index [speiseplan] 200 158ms

=INFO REPORT==== 2-Sep-2012::15:27:46 ===
Loading routes from "/Users/ulfangermann/projects/erlang/speiseplan/priv/speiseplan.routes" ....

=ERROR REPORT==== 2-Sep-2012::15:27:46 ===
{function_clause,
    [{boss_db,normalize_conditions,
         [[descending],[{order_by,equals,date}]],
         [{file,"src/boss_db.erl"},{line,336}]},
     {boss_db,find,3,[{file,"src/boss_db.erl"},{line,95}]},
     {speiseplan_admin_controller,index,4,
         [{file,
              "/Users/ulfangermann/projects/erlang/speiseplan/src/controller/speiseplan_admin_controller.erl"},
          {line,7}]},
     {boss_web_controller,execute_action,5,
         [{file,"src/boss/boss_web_controller.erl"},{line,714}]},
     {boss_web_controller,process_request,5,
         [{file,"src/boss/boss_web_controller.erl"},{line,460}]},
     {timer,tc,3,[{file,"timer.erl"},{line,194}]},
     {boss_web_controller,handle_request,3,
         [{file,"src/boss/boss_web_controller.erl"},{line,388}]},
     {mochiweb_http,headers,5,[{file,"src/mochiweb_http.erl"},{line,90}]}]}

=ERROR REPORT==== 2-Sep-2012::15:27:46 ===
GET /admin/index [speiseplan] 500 390ms

=INFO REPORT==== 2-Sep-2012::15:28:32 ===
Loading routes from "/Users/ulfangermann/projects/erlang/speiseplan/priv/speiseplan.routes" ....

=ERROR REPORT==== 2-Sep-2012::15:28:32 ===
{function_clause,
    [{proplists,get_value,
         [limit,descending,all],
         [{file,"proplists.erl"},{line,222}]},
     {boss_db,find,3,[{file,"src/boss_db.erl"},{line,88}]},
     {speiseplan_admin_controller,index,4,
         [{file,
              "/Users/ulfangermann/projects/erlang/speiseplan/src/controller/speiseplan_admin_controller.erl"},
          {line,7}]},
     {boss_web_controller,execute_action,5,
         [{file,"src/boss/boss_web_controller.erl"},{line,714}]},
     {boss_web_controller,process_request,5,
         [{file,"src/boss/boss_web_controller.erl"},{line,460}]},
     {timer,tc,3,[{file,"timer.erl"},{line,194}]},
     {boss_web_controller,handle_request,3,
         [{file,"src/boss/boss_web_controller.erl"},{line,388}]},
     {mochiweb_http,headers,5,[{file,"src/mochiweb_http.erl"},{line,90}]}]}

=ERROR REPORT==== 2-Sep-2012::15:28:32 ===
GET /admin/index [speiseplan] 500 606ms

=INFO REPORT==== 2-Sep-2012::15:28:33 ===
Loading routes from "/Users/ulfangermann/projects/erlang/speiseplan/priv/speiseplan.routes" ....

=ERROR REPORT==== 2-Sep-2012::15:28:33 ===
{function_clause,
    [{proplists,get_value,
         [limit,descending,all],
         [{file,"proplists.erl"},{line,222}]},
     {boss_db,find,3,[{file,"src/boss_db.erl"},{line,88}]},
     {speiseplan_admin_controller,index,4,
         [{file,
              "/Users/ulfangermann/projects/erlang/speiseplan/src/controller/speiseplan_admin_controller.erl"},
          {line,7}]},
     {boss_web_controller,execute_action,5,
         [{file,"src/boss/boss_web_controller.erl"},{line,714}]},
     {boss_web_controller,process_request,5,
         [{file,"src/boss/boss_web_controller.erl"},{line,460}]},
     {timer,tc,3,[{file,"timer.erl"},{line,194}]},
     {boss_web_controller,handle_request,3,
         [{file,"src/boss/boss_web_controller.erl"},{line,388}]},
     {mochiweb_http,headers,5,[{file,"src/mochiweb_http.erl"},{line,90}]}]}

=ERROR REPORT==== 2-Sep-2012::15:28:33 ===
GET /admin/index [speiseplan] 500 159ms

=INFO REPORT==== 2-Sep-2012::15:28:43 ===
Loading routes from "/Users/ulfangermann/projects/erlang/speiseplan/priv/speiseplan.routes" ....

=INFO REPORT==== 2-Sep-2012::15:28:44 ===
GET /admin/index [speiseplan] 200 209ms

=INFO REPORT==== 2-Sep-2012::15:30:27 ===
Loading routes from "/Users/ulfangermann/projects/erlang/speiseplan/priv/speiseplan.routes" ....

=ERROR REPORT==== 2-Sep-2012::15:30:27 ===
{function_clause,
    [{boss_db,normalize_conditions,
         [descending,[]],
         [{file,"src/boss_db.erl"},{line,336}]},
     {boss_db,find,3,[{file,"src/boss_db.erl"},{line,95}]},
     {speiseplan_admin_controller,index,4,
         [{file,
              "/Users/ulfangermann/projects/erlang/speiseplan/src/controller/speiseplan_admin_controller.erl"},
          {line,7}]},
     {boss_web_controller,execute_action,5,
         [{file,"src/boss/boss_web_controller.erl"},{line,714}]},
     {boss_web_controller,process_request,5,
         [{file,"src/boss/boss_web_controller.erl"},{line,460}]},
     {timer,tc,3,[{file,"timer.erl"},{line,194}]},
     {boss_web_controller,handle_request,3,
         [{file,"src/boss/boss_web_controller.erl"},{line,388}]},
     {mochiweb_http,headers,5,[{file,"src/mochiweb_http.erl"},{line,90}]}]}

=ERROR REPORT==== 2-Sep-2012::15:30:27 ===
GET /admin/index [speiseplan] 500 177ms

=INFO REPORT==== 2-Sep-2012::15:30:40 ===
Loading routes from "/Users/ulfangermann/projects/erlang/speiseplan/priv/speiseplan.routes" ....

=INFO REPORT==== 2-Sep-2012::15:30:40 ===
GET /admin/index [speiseplan] 200 231ms

=INFO REPORT==== 2-Sep-2012::15:30:45 ===
Loading routes from "/Users/ulfangermann/projects/erlang/speiseplan/priv/speiseplan.routes" ....

=INFO REPORT==== 2-Sep-2012::15:30:45 ===
GET /admin/detail/menu-11 [speiseplan] 200 199ms

=INFO REPORT==== 2-Sep-2012::15:30:50 ===
Loading routes from "/Users/ulfangermann/projects/erlang/speiseplan/priv/speiseplan.routes" ....

=INFO REPORT==== 2-Sep-2012::15:30:50 ===
GET /admin/detail/menu-10 [speiseplan] 200 157ms

=INFO REPORT==== 2-Sep-2012::15:31:18 ===
Loading routes from "/Users/ulfangermann/projects/erlang/speiseplan/priv/speiseplan.routes" ....

=INFO REPORT==== 2-Sep-2012::15:31:18 ===
GET /admin/detail/menu-10 [speiseplan] 200 443ms

=INFO REPORT==== 2-Sep-2012::15:34:10 ===
Loading routes from "/Users/ulfangermann/projects/erlang/speiseplan/priv/speiseplan.routes" ....

=INFO REPORT==== 2-Sep-2012::15:34:11 ===
GET /admin/detail/menu-10 [speiseplan] 200 463ms

=INFO REPORT==== 2-Sep-2012::15:34:17 ===
Loading routes from "/Users/ulfangermann/projects/erlang/speiseplan/priv/speiseplan.routes" ....

=INFO REPORT==== 2-Sep-2012::15:34:17 ===
GET /admin/edit/menu-10 [speiseplan] 200 219ms

=INFO REPORT==== 2-Sep-2012::16:03:06 ===
Loading routes from "/Users/ulfangermann/projects/erlang/speiseplan/priv/speiseplan.routes" ....

=INFO REPORT==== 2-Sep-2012::16:03:07 ===
GET /admin/edit/menu-10 [speiseplan] 200 521ms

=INFO REPORT==== 2-Sep-2012::16:03:13 ===
Loading routes from "/Users/ulfangermann/projects/erlang/speiseplan/priv/speiseplan.routes" ....

=INFO REPORT==== 2-Sep-2012::16:03:13 ===
GET /admin/detail/menu-10 [speiseplan] 200 175ms

=INFO REPORT==== 2-Sep-2012::16:03:24 ===
Loading routes from "/Users/ulfangermann/projects/erlang/speiseplan/priv/speiseplan.routes" ....

=ERROR REPORT==== 2-Sep-2012::16:03:24 ===
GET /login [speiseplan] 404 0ms

=INFO REPORT==== 2-Sep-2012::16:03:28 ===
Loading routes from "/Users/ulfangermann/projects/erlang/speiseplan/priv/speiseplan.routes" ....

=INFO REPORT==== 2-Sep-2012::16:03:28 ===
GET /booking [speiseplan] 200 195ms

=INFO REPORT==== 2-Sep-2012::16:03:31 ===
Loading routes from "/Users/ulfangermann/projects/erlang/speiseplan/priv/speiseplan.routes" ....

=INFO REPORT==== 2-Sep-2012::16:03:31 ===
POST /booking/book [speiseplan] 302 152ms

=INFO REPORT==== 2-Sep-2012::16:03:31 ===
Loading routes from "/Users/ulfangermann/projects/erlang/speiseplan/priv/speiseplan.routes" ....

=INFO REPORT==== 2-Sep-2012::16:03:31 ===
GET /booking/index [speiseplan] 200 168ms

=INFO REPORT==== 2-Sep-2012::16:03:32 ===
Loading routes from "/Users/ulfangermann/projects/erlang/speiseplan/priv/speiseplan.routes" ....

=INFO REPORT==== 2-Sep-2012::16:03:32 ===
POST /booking/book [speiseplan] 302 149ms

=INFO REPORT==== 2-Sep-2012::16:03:32 ===
Loading routes from "/Users/ulfangermann/projects/erlang/speiseplan/priv/speiseplan.routes" ....

=INFO REPORT==== 2-Sep-2012::16:03:32 ===
GET /booking/index [speiseplan] 200 164ms

=INFO REPORT==== 2-Sep-2012::16:03:38 ===
Loading routes from "/Users/ulfangermann/projects/erlang/speiseplan/priv/speiseplan.routes" ....

=INFO REPORT==== 2-Sep-2012::16:03:38 ===
GET /admin/index [speiseplan] 200 182ms

=INFO REPORT==== 2-Sep-2012::16:03:40 ===
Loading routes from "/Users/ulfangermann/projects/erlang/speiseplan/priv/speiseplan.routes" ....

=INFO REPORT==== 2-Sep-2012::16:03:41 ===
GET /admin/detail/menu-9 [speiseplan] 200 157ms

=INFO REPORT==== 2-Sep-2012::16:10:28 ===
Loading routes from "/Users/ulfangermann/projects/erlang/speiseplan/priv/speiseplan.routes" ....

=INFO REPORT==== 2-Sep-2012::16:10:28 ===
GET /admin/detail/menu-9 [speiseplan] 200 103ms

=INFO REPORT==== 2-Sep-2012::16:10:42 ===
Loading routes from "/Users/ulfangermann/projects/erlang/speiseplan/priv/speiseplan.routes" ....

=INFO REPORT==== 2-Sep-2012::16:10:42 ===
GET /admin/detail/menu-9 [speiseplan] 200 71ms

=INFO REPORT==== 2-Sep-2012::16:12:05 ===
Loading routes from "/Users/ulfangermann/projects/erlang/speiseplan/priv/speiseplan.routes" ....

=INFO REPORT==== 2-Sep-2012::16:12:05 ===
GET /admin/detail/menu-9 [speiseplan] 200 302ms

=INFO REPORT==== 2-Sep-2012::16:12:51 ===
Loading routes from "/Users/ulfangermann/projects/erlang/speiseplan/priv/speiseplan.routes" ....

=INFO REPORT==== 2-Sep-2012::16:12:51 ===
GET /admin/detail/menu-9 [speiseplan] 200 189ms

=INFO REPORT==== 2-Sep-2012::16:13:02 ===
Loading routes from "/Users/ulfangermann/projects/erlang/speiseplan/priv/speiseplan.routes" ....

=INFO REPORT==== 2-Sep-2012::16:13:03 ===
GET /admin/detail/menu-9 [speiseplan] 200 194ms

=INFO REPORT==== 2-Sep-2012::16:14:08 ===
Loading routes from "/Users/ulfangermann/projects/erlang/speiseplan/priv/speiseplan.routes" ....

=INFO REPORT==== 2-Sep-2012::16:14:08 ===
GET /admin/detail/menu-9 [speiseplan] 200 185ms

=INFO REPORT==== 2-Sep-2012::16:21:15 ===
Loading routes from "/Users/ulfangermann/projects/erlang/speiseplan/priv/speiseplan.routes" ....

=INFO REPORT==== 2-Sep-2012::16:21:16 ===
GET /admin/detail/menu-9 [speiseplan] 200 192ms

=INFO REPORT==== 2-Sep-2012::16:21:26 ===
Loading routes from "/Users/ulfangermann/projects/erlang/speiseplan/priv/speiseplan.routes" ....

=INFO REPORT==== 2-Sep-2012::16:21:26 ===
GET /admin/detail/menu-9 [speiseplan] 200 190ms

=INFO REPORT==== 2-Sep-2012::16:22:03 ===
Loading routes from "/Users/ulfangermann/projects/erlang/speiseplan/priv/speiseplan.routes" ....

=INFO REPORT==== 2-Sep-2012::16:22:03 ===
GET /admin/detail/menu-9 [speiseplan] 200 183ms

=INFO REPORT==== 2-Sep-2012::16:22:22 ===
Loading routes from "/Users/ulfangermann/projects/erlang/speiseplan/priv/speiseplan.routes" ....

=INFO REPORT==== 2-Sep-2012::16:22:22 ===
GET /admin/detail/menu-9 [speiseplan] 200 182ms

=INFO REPORT==== 2-Sep-2012::16:22:27 ===
Loading routes from "/Users/ulfangermann/projects/erlang/speiseplan/priv/speiseplan.routes" ....

=INFO REPORT==== 2-Sep-2012::16:22:28 ===
GET /admin/detail/menu-9 [speiseplan] 200 188ms

=INFO REPORT==== 2-Sep-2012::16:23:04 ===
Loading routes from "/Users/ulfangermann/projects/erlang/speiseplan/priv/speiseplan.routes" ....

=INFO REPORT==== 2-Sep-2012::16:23:04 ===
GET /admin/detail/menu-9 [speiseplan] 200 189ms

=INFO REPORT==== 2-Sep-2012::16:23:59 ===
Loading routes from "/Users/ulfangermann/projects/erlang/speiseplan/priv/speiseplan.routes" ....

=INFO REPORT==== 2-Sep-2012::16:23:59 ===
GET /admin/detail/menu-9 [speiseplan] 200 179ms

=INFO REPORT==== 2-Sep-2012::16:24:26 ===
Loading routes from "/Users/ulfangermann/projects/erlang/speiseplan/priv/speiseplan.routes" ....

=INFO REPORT==== 2-Sep-2012::16:24:26 ===
GET /admin/detail/menu-9 [speiseplan] 200 182ms

=INFO REPORT==== 2-Sep-2012::16:25:00 ===
Loading routes from "/Users/ulfangermann/projects/erlang/speiseplan/priv/speiseplan.routes" ....

=INFO REPORT==== 2-Sep-2012::16:25:00 ===
GET /admin/detail/menu-9 [speiseplan] 200 185ms

=INFO REPORT==== 2-Sep-2012::16:27:23 ===
Loading routes from "/Users/ulfangermann/projects/erlang/speiseplan/priv/speiseplan.routes" ....

=INFO REPORT==== 2-Sep-2012::16:27:24 ===
GET /admin/detail/menu-9 [speiseplan] 200 187ms

=INFO REPORT==== 2-Sep-2012::16:28:16 ===
Loading routes from "/Users/ulfangermann/projects/erlang/speiseplan/priv/speiseplan.routes" ....

=INFO REPORT==== 2-Sep-2012::16:28:16 ===
GET /admin/detail/menu-9 [speiseplan] 200 153ms

=INFO REPORT==== 2-Sep-2012::16:29:12 ===
Loading routes from "/Users/ulfangermann/projects/erlang/speiseplan/priv/speiseplan.routes" ....

=INFO REPORT==== 2-Sep-2012::16:29:12 ===
GET /admin/detail/menu-9 [speiseplan] 200 157ms

=INFO REPORT==== 2-Sep-2012::16:29:29 ===
Loading routes from "/Users/ulfangermann/projects/erlang/speiseplan/priv/speiseplan.routes" ....

=INFO REPORT==== 2-Sep-2012::16:29:29 ===
GET /admin/detail/menu-9 [speiseplan] 200 155ms

=INFO REPORT==== 2-Sep-2012::16:30:44 ===
Loading routes from "/Users/ulfangermann/projects/erlang/speiseplan/priv/speiseplan.routes" ....

=INFO REPORT==== 2-Sep-2012::16:30:44 ===
GET /admin/index [speiseplan] 200 174ms

=INFO REPORT==== 2-Sep-2012::16:30:50 ===
Loading routes from "/Users/ulfangermann/projects/erlang/speiseplan/priv/speiseplan.routes" ....

=INFO REPORT==== 2-Sep-2012::16:30:50 ===
GET /admin/edit/menu-10 [speiseplan] 200 157ms

=INFO REPORT==== 2-Sep-2012::16:30:53 ===
Loading routes from "/Users/ulfangermann/projects/erlang/speiseplan/priv/speiseplan.routes" ....

=INFO REPORT==== 2-Sep-2012::16:30:53 ===
POST /admin/update/menu-10 [speiseplan] 302 153ms

=INFO REPORT==== 2-Sep-2012::16:30:53 ===
Loading routes from "/Users/ulfangermann/projects/erlang/speiseplan/priv/speiseplan.routes" ....

=INFO REPORT==== 2-Sep-2012::16:30:54 ===
GET /admin/index [speiseplan] 200 152ms

=INFO REPORT==== 2-Sep-2012::16:30:58 ===
Loading routes from "/Users/ulfangermann/projects/erlang/speiseplan/priv/speiseplan.routes" ....

=INFO REPORT==== 2-Sep-2012::16:30:58 ===
GET /admin/detail/menu-10 [speiseplan] 200 159ms

=INFO REPORT==== 2-Sep-2012::16:31:11 ===
Loading routes from "/Users/ulfangermann/projects/erlang/speiseplan/priv/speiseplan.routes" ....

=INFO REPORT==== 2-Sep-2012::16:31:11 ===
GET /admin/edit/menu-10 [speiseplan] 200 162ms

=INFO REPORT==== 2-Sep-2012::16:31:18 ===
Loading routes from "/Users/ulfangermann/projects/erlang/speiseplan/priv/speiseplan.routes" ....

=INFO REPORT==== 2-Sep-2012::16:31:18 ===
POST /admin/update/menu-10 [speiseplan] 302 150ms

=INFO REPORT==== 2-Sep-2012::16:31:18 ===
Loading routes from "/Users/ulfangermann/projects/erlang/speiseplan/priv/speiseplan.routes" ....

=INFO REPORT==== 2-Sep-2012::16:31:18 ===
GET /admin/index [speiseplan] 200 153ms

=INFO REPORT==== 2-Sep-2012::16:31:23 ===
Loading routes from "/Users/ulfangermann/projects/erlang/speiseplan/priv/speiseplan.routes" ....

=INFO REPORT==== 2-Sep-2012::16:31:23 ===
GET /admin/edit/menu-11 [speiseplan] 200 164ms

=INFO REPORT==== 2-Sep-2012::16:31:28 ===
Loading routes from "/Users/ulfangermann/projects/erlang/speiseplan/priv/speiseplan.routes" ....

=INFO REPORT==== 2-Sep-2012::16:31:29 ===
POST /admin/update/menu-11 [speiseplan] 302 151ms

=INFO REPORT==== 2-Sep-2012::16:31:29 ===
Loading routes from "/Users/ulfangermann/projects/erlang/speiseplan/priv/speiseplan.routes" ....

=INFO REPORT==== 2-Sep-2012::16:31:29 ===
GET /admin/index [speiseplan] 200 152ms

=INFO REPORT==== 2-Sep-2012::16:31:31 ===
Loading routes from "/Users/ulfangermann/projects/erlang/speiseplan/priv/speiseplan.routes" ....

=INFO REPORT==== 2-Sep-2012::16:31:31 ===
GET /admin/edit/menu-8 [speiseplan] 200 156ms

=INFO REPORT==== 2-Sep-2012::16:31:42 ===
Loading routes from "/Users/ulfangermann/projects/erlang/speiseplan/priv/speiseplan.routes" ....

=INFO REPORT==== 2-Sep-2012::16:31:42 ===
POST /admin/update/menu-8 [speiseplan] 302 150ms

=INFO REPORT==== 2-Sep-2012::16:31:42 ===
Loading routes from "/Users/ulfangermann/projects/erlang/speiseplan/priv/speiseplan.routes" ....

=INFO REPORT==== 2-Sep-2012::16:31:42 ===
GET /admin/index [speiseplan] 200 153ms

=INFO REPORT==== 2-Sep-2012::16:31:45 ===
Loading routes from "/Users/ulfangermann/projects/erlang/speiseplan/priv/speiseplan.routes" ....

=INFO REPORT==== 2-Sep-2012::16:31:45 ===
GET /admin/edit/menu-9 [speiseplan] 200 158ms

=INFO REPORT==== 2-Sep-2012::16:31:49 ===
Loading routes from "/Users/ulfangermann/projects/erlang/speiseplan/priv/speiseplan.routes" ....

=INFO REPORT==== 2-Sep-2012::16:31:49 ===
POST /admin/update/menu-9 [speiseplan] 302 155ms

=INFO REPORT==== 2-Sep-2012::16:31:49 ===
Loading routes from "/Users/ulfangermann/projects/erlang/speiseplan/priv/speiseplan.routes" ....

=INFO REPORT==== 2-Sep-2012::16:31:49 ===
GET /admin/index [speiseplan] 200 158ms

=INFO REPORT==== 2-Sep-2012::16:31:56 ===
Loading routes from "/Users/ulfangermann/projects/erlang/speiseplan/priv/speiseplan.routes" ....

=INFO REPORT==== 2-Sep-2012::16:31:56 ===
GET /admin/detail/menu-10 [speiseplan] 200 153ms

=INFO REPORT==== 2-Sep-2012::16:33:56 ===
Loading routes from "/Users/ulfangermann/projects/erlang/speiseplan/priv/speiseplan.routes" ....

=ERROR REPORT==== 2-Sep-2012::16:33:57 ===
{function_clause,
    [{speiseplan_admin_controller,add,
         ['POST',[],
          {eater,"eater-22","cc","c05ae7f97800405f924ab55cc1ed738d","cc",
              "cc",undefined,5,true,"cc"},
          {speiseplan_admin_controller,
              {simple_bridge_request_wrapper,mochiweb_request_bridge,
                  {mochiweb_request,#Port<0.29071>,'POST',"/admin/add",
                      {1,1},
                      {11,
                       {"host",
                        {'Host',"localhost:8001"},
                        {"content-length",
                         {'Content-Length',"14"},
                         {"accept",
                          {'Accept',
                              "text/html,application/xhtml+xml,application/xml;q=0.9,*/*;q=0.8"},
                          nil,
                          {"accept-language",
                           {'Accept-Language',"en-us"},
                           {"accept-encoding",
                            {'Accept-Encoding',"gzip, deflate"},
                            nil,nil},
                           {"connection",
                            {'Connection',"keep-alive"},
                            nil,nil}}},
                         {"content-type",
                          {'Content-Type',"application/x-www-form-urlencoded"},
                          nil,
                          {"cookie",
                           {'Cookie',
                               "_boss_session=9037f3782637edb3f693617b0ccf995bea6cb9b0; session_id=b10abe275150ff5b23952c0d6939669f; user_id=eater-22"},
                           nil,nil}}},
                        {"user-agent",
                         {'User-Agent',
                             "Mozilla/5.0 (Macintosh; Intel Mac OS X 10_7_4) AppleWebKit/536.25 (KHTML, like Gecko) Version/6.0 Safari/536.25"},
                         {"origin",
                          {"Origin","http://localhost:8001"},
                          nil,
                          {"referer",
                           {'Referer',
                               "http://localhost:8001/admin/detail/menu-10"},
                           nil,nil}},
                         nil}}}},
                  false,[],[],none}}],
         [{file,
              "/Users/ulfangermann/projects/erlang/speiseplan/src/controller/speiseplan_admin_controller.erl"},
          {line,29}]},
     {boss_web_controller,execute_action,5,
         [{file,"src/boss/boss_web_controller.erl"},{line,714}]},
     {boss_web_controller,process_request,5,
         [{file,"src/boss/boss_web_controller.erl"},{line,460}]},
     {timer,tc,3,[{file,"timer.erl"},{line,194}]},
     {boss_web_controller,handle_request,3,
         [{file,"src/boss/boss_web_controller.erl"},{line,388}]},
     {mochiweb_http,headers,5,[{file,"src/mochiweb_http.erl"},{line,90}]},
     {proc_lib,init_p_do_apply,3,[{file,"proc_lib.erl"},{line,227}]}]}

=ERROR REPORT==== 2-Sep-2012::16:33:57 ===
POST /admin/add [speiseplan] 500 215ms

=INFO REPORT==== 2-Sep-2012::16:34:42 ===
Loading routes from "/Users/ulfangermann/projects/erlang/speiseplan/priv/speiseplan.routes" ....

=INFO REPORT==== 2-Sep-2012::16:34:43 ===
GET /admin/detail/menu-10 [speiseplan] 200 250ms

=INFO REPORT==== 2-Sep-2012::16:34:44 ===
Loading routes from "/Users/ulfangermann/projects/erlang/speiseplan/priv/speiseplan.routes" ....

=ERROR REPORT==== 2-Sep-2012::16:34:45 ===
{function_clause,
    [{speiseplan_admin_controller,add,
         ['POST',[],
          {eater,"eater-22","cc","c05ae7f97800405f924ab55cc1ed738d","cc",
              "cc",undefined,5,true,"cc"},
          {speiseplan_admin_controller,
              {simple_bridge_request_wrapper,mochiweb_request_bridge,
                  {mochiweb_request,#Port<0.29207>,'POST',"/admin/add",
                      {1,1},
                      {11,
                       {"host",
                        {'Host',"localhost:8001"},
                        {"content-length",
                         {'Content-Length',"14"},
                         {"accept",
                          {'Accept',
                              "text/html,application/xhtml+xml,application/xml;q=0.9,*/*;q=0.8"},
                          nil,
                          {"accept-language",
                           {'Accept-Language',"en-us"},
                           {"accept-encoding",
                            {'Accept-Encoding',"gzip, deflate"},
                            nil,nil},
                           {"connection",
                            {'Connection',"keep-alive"},
                            nil,nil}}},
                         {"content-type",
                          {'Content-Type',"application/x-www-form-urlencoded"},
                          nil,
                          {"cookie",
                           {'Cookie',
                               "_boss_session=9037f3782637edb3f693617b0ccf995bea6cb9b0; session_id=b10abe275150ff5b23952c0d6939669f; user_id=eater-22"},
                           nil,nil}}},
                        {"user-agent",
                         {'User-Agent',
                             "Mozilla/5.0 (Macintosh; Intel Mac OS X 10_7_4) AppleWebKit/536.25 (KHTML, like Gecko) Version/6.0 Safari/536.25"},
                         {"origin",
                          {"Origin","http://localhost:8001"},
                          nil,
                          {"referer",
                           {'Referer',
                               "http://localhost:8001/admin/detail/menu-10"},
                           nil,nil}},
                         nil}}}},
                  false,[],[],none}}],
         [{file,
              "/Users/ulfangermann/projects/erlang/speiseplan/src/controller/speiseplan_admin_controller.erl"},
          {line,27}]},
     {boss_web_controller,execute_action,5,
         [{file,"src/boss/boss_web_controller.erl"},{line,714}]},
     {boss_web_controller,process_request,5,
         [{file,"src/boss/boss_web_controller.erl"},{line,460}]},
     {timer,tc,3,[{file,"timer.erl"},{line,194}]},
     {boss_web_controller,handle_request,3,
         [{file,"src/boss/boss_web_controller.erl"},{line,388}]},
     {mochiweb_http,headers,5,[{file,"src/mochiweb_http.erl"},{line,90}]},
     {proc_lib,init_p_do_apply,3,[{file,"proc_lib.erl"},{line,227}]}]}

=ERROR REPORT==== 2-Sep-2012::16:34:45 ===
POST /admin/add [speiseplan] 500 150ms

=INFO REPORT==== 2-Sep-2012::16:35:53 ===
Loading routes from "/Users/ulfangermann/projects/erlang/speiseplan/priv/speiseplan.routes" ....

=INFO REPORT==== 2-Sep-2012::16:35:53 ===
GET /admin/detail/menu-10 [speiseplan] 200 230ms

=INFO REPORT==== 2-Sep-2012::16:36:13 ===
Loading routes from "/Users/ulfangermann/projects/erlang/speiseplan/priv/speiseplan.routes" ....

=ERROR REPORT==== 2-Sep-2012::16:36:13 ===
{function_clause,
    [{speiseplan_admin_controller,add,
         ['POST',[],
          {eater,"eater-22","cc","c05ae7f97800405f924ab55cc1ed738d","cc",
              "cc",undefined,5,true,"cc"},
          {speiseplan_admin_controller,
              {simple_bridge_request_wrapper,mochiweb_request_bridge,
                  {mochiweb_request,#Port<0.29278>,'POST',"/admin/add",
                      {1,1},
                      {11,
                       {"host",
                        {'Host',"localhost:8001"},
                        {"content-length",
                         {'Content-Length',"14"},
                         {"accept",
                          {'Accept',
                              "text/html,application/xhtml+xml,application/xml;q=0.9,*/*;q=0.8"},
                          nil,
                          {"accept-language",
                           {'Accept-Language',"en-us"},
                           {"accept-encoding",
                            {'Accept-Encoding',"gzip, deflate"},
                            nil,nil},
                           {"connection",
                            {'Connection',"keep-alive"},
                            nil,nil}}},
                         {"content-type",
                          {'Content-Type',"application/x-www-form-urlencoded"},
                          nil,
                          {"cookie",
                           {'Cookie',
                               "_boss_session=9037f3782637edb3f693617b0ccf995bea6cb9b0; session_id=b10abe275150ff5b23952c0d6939669f; user_id=eater-22"},
                           nil,nil}}},
                        {"user-agent",
                         {'User-Agent',
                             "Mozilla/5.0 (Macintosh; Intel Mac OS X 10_7_4) AppleWebKit/536.25 (KHTML, like Gecko) Version/6.0 Safari/536.25"},
                         {"origin",
                          {"Origin","http://localhost:8001"},
                          nil,
                          {"referer",
                           {'Referer',
                               "http://localhost:8001/admin/detail/menu-10"},
                           nil,nil}},
                         nil}}}},
                  false,[],[],none}}],
         [{file,
              "/Users/ulfangermann/projects/erlang/speiseplan/src/controller/speiseplan_admin_controller.erl"},
          {line,27}]},
     {boss_web_controller,execute_action,5,
         [{file,"src/boss/boss_web_controller.erl"},{line,714}]},
     {boss_web_controller,process_request,5,
         [{file,"src/boss/boss_web_controller.erl"},{line,460}]},
     {timer,tc,3,[{file,"timer.erl"},{line,194}]},
     {boss_web_controller,handle_request,3,
         [{file,"src/boss/boss_web_controller.erl"},{line,388}]},
     {mochiweb_http,headers,5,[{file,"src/mochiweb_http.erl"},{line,90}]},
     {proc_lib,init_p_do_apply,3,[{file,"proc_lib.erl"},{line,227}]}]}

=ERROR REPORT==== 2-Sep-2012::16:36:13 ===
POST /admin/add [speiseplan] 500 157ms

=INFO REPORT==== 2-Sep-2012::16:38:13 ===
Loading routes from "/Users/ulfangermann/projects/erlang/speiseplan/priv/speiseplan.routes" ....

=INFO REPORT==== 2-Sep-2012::16:38:14 ===
GET /admin/detail/menu-10 [speiseplan] 200 262ms

=INFO REPORT==== 2-Sep-2012::16:38:15 ===
Loading routes from "/Users/ulfangermann/projects/erlang/speiseplan/priv/speiseplan.routes" ....

=INFO REPORT==== 2-Sep-2012::16:38:15 ===
POST /admin/add/menu-10 [speiseplan] 302 154ms

=INFO REPORT==== 2-Sep-2012::16:38:15 ===
Loading routes from "/Users/ulfangermann/projects/erlang/speiseplan/priv/speiseplan.routes" ....

=INFO REPORT==== 2-Sep-2012::16:38:15 ===
GET /admin/detail/menu-10 [speiseplan] 200 186ms

=INFO REPORT==== 2-Sep-2012::16:43:18 ===
Loading routes from "/Users/ulfangermann/projects/erlang/speiseplan/priv/speiseplan.routes" ....

=INFO REPORT==== 2-Sep-2012::16:43:19 ===
GET /admin/detail/menu-10 [speiseplan] 200 319ms

=INFO REPORT==== 2-Sep-2012::16:43:20 ===
Loading routes from "/Users/ulfangermann/projects/erlang/speiseplan/priv/speiseplan.routes" ....

=ERROR REPORT==== 2-Sep-2012::16:43:20 ===
{function_clause,
    [{speiseplan_admin_controller,add,
         ['POST',[],
          {eater,"eater-22","cc","c05ae7f97800405f924ab55cc1ed738d","cc",
              "cc",undefined,5,true,"cc"},
          {speiseplan_admin_controller,
              {simple_bridge_request_wrapper,mochiweb_request_bridge,
                  {mochiweb_request,#Port<0.29537>,'POST',
                      "/admin/add?id=menu-10",
                      {1,1},
                      {11,
                       {"host",
                        {'Host',"localhost:8001"},
                        {"content-length",
                         {'Content-Length',"14"},
                         {"accept",
                          {'Accept',
                              "text/html,application/xhtml+xml,application/xml;q=0.9,*/*;q=0.8"},
                          nil,
                          {"accept-language",
                           {'Accept-Language',"en-us"},
                           {"accept-encoding",
                            {'Accept-Encoding',"gzip, deflate"},
                            nil,nil},
                           {"connection",
                            {'Connection',"keep-alive"},
                            nil,nil}}},
                         {"content-type",
                          {'Content-Type',"application/x-www-form-urlencoded"},
                          nil,
                          {"cookie",
                           {'Cookie',
                               "_boss_session=9037f3782637edb3f693617b0ccf995bea6cb9b0; session_id=b10abe275150ff5b23952c0d6939669f; user_id=eater-22"},
                           nil,nil}}},
                        {"user-agent",
                         {'User-Agent',
                             "Mozilla/5.0 (Macintosh; Intel Mac OS X 10_7_4) AppleWebKit/536.25 (KHTML, like Gecko) Version/6.0 Safari/536.25"},
                         {"origin",
                          {"Origin","http://localhost:8001"},
                          nil,
                          {"referer",
                           {'Referer',
                               "http://localhost:8001/admin/detail/menu-10"},
                           nil,nil}},
                         nil}}}},
                  false,[],[],none}}],
         [{file,
              "/Users/ulfangermann/projects/erlang/speiseplan/src/controller/speiseplan_admin_controller.erl"},
          {line,27}]},
     {boss_web_controller,execute_action,5,
         [{file,"src/boss/boss_web_controller.erl"},{line,714}]},
     {boss_web_controller,process_request,5,
         [{file,"src/boss/boss_web_controller.erl"},{line,460}]},
     {timer,tc,3,[{file,"timer.erl"},{line,194}]},
     {boss_web_controller,handle_request,3,
         [{file,"src/boss/boss_web_controller.erl"},{line,388}]},
     {mochiweb_http,headers,5,[{file,"src/mochiweb_http.erl"},{line,90}]},
     {proc_lib,init_p_do_apply,3,[{file,"proc_lib.erl"},{line,227}]}]}

=ERROR REPORT==== 2-Sep-2012::16:43:20 ===
POST /admin/add [speiseplan] 500 154ms

=INFO REPORT==== 2-Sep-2012::16:43:32 ===
Loading routes from "/Users/ulfangermann/projects/erlang/speiseplan/priv/speiseplan.routes" ....

=ERROR REPORT==== 2-Sep-2012::16:43:32 ===
{function_clause,
    [{speiseplan_admin_controller,add,
         ['GET',[],
          {eater,"eater-22","cc","c05ae7f97800405f924ab55cc1ed738d","cc",
              "cc",undefined,5,true,"cc"},
          {speiseplan_admin_controller,
              {simple_bridge_request_wrapper,mochiweb_request_bridge,
                  {mochiweb_request,#Port<0.29568>,'GET',
                      "/admin/add?id=menu-10",
                      {1,1},
                      {7,
                       {"host",
                        {'Host',"localhost:8001"},
                        {"accept",
                         {'Accept',
                             "text/html,application/xhtml+xml,application/xml;q=0.9,*/*;q=0.8"},
                         nil,
                         {"accept-language",
                          {'Accept-Language',"en-us"},
                          {"accept-encoding",
                           {'Accept-Encoding',"gzip, deflate"},
                           nil,nil},
                          {"cookie",
                           {'Cookie',
                               "_boss_session=9037f3782637edb3f693617b0ccf995bea6cb9b0; session_id=b10abe275150ff5b23952c0d6939669f; user_id=eater-22"},
                           {"connection",{'Connection',"keep-alive"},nil,nil},
                           nil}}},
                        {"user-agent",
                         {'User-Agent',
                             "Mozilla/5.0 (Macintosh; Intel Mac OS X 10_7_4) AppleWebKit/536.25 (KHTML, like Gecko) Version/6.0 Safari/536.25"},
                         nil,nil}}}},
                  false,[],[],none}}],
         [{file,
              "/Users/ulfangermann/projects/erlang/speiseplan/src/controller/speiseplan_admin_controller.erl"},
          {line,27}]},
     {boss_web_controller,execute_action,5,
         [{file,"src/boss/boss_web_controller.erl"},{line,714}]},
     {boss_web_controller,process_request,5,
         [{file,"src/boss/boss_web_controller.erl"},{line,460}]},
     {timer,tc,3,[{file,"timer.erl"},{line,194}]},
     {boss_web_controller,handle_request,3,
         [{file,"src/boss/boss_web_controller.erl"},{line,388}]},
     {mochiweb_http,headers,5,[{file,"src/mochiweb_http.erl"},{line,90}]},
     {proc_lib,init_p_do_apply,3,[{file,"proc_lib.erl"},{line,227}]}]}

=ERROR REPORT==== 2-Sep-2012::16:43:32 ===
GET /admin/add [speiseplan] 500 147ms

=INFO REPORT==== 2-Sep-2012::16:44:19 ===
Loading routes from "/Users/ulfangermann/projects/erlang/speiseplan/priv/speiseplan.routes" ....

=ERROR REPORT==== 2-Sep-2012::16:44:19 ===
{function_clause,
    [{speiseplan_admin_controller,add,
         ['GET',[],
          {eater,"eater-22","cc","c05ae7f97800405f924ab55cc1ed738d","cc",
              "cc",undefined,5,true,"cc"},
          {speiseplan_admin_controller,
              {simple_bridge_request_wrapper,mochiweb_request_bridge,
                  {mochiweb_request,#Port<0.29847>,'GET',
                      "/admin/add?id=menu-10",
                      {1,1},
                      {8,
                       {"host",
                        {'Host',"localhost:8001"},
                        {"accept",
                         {'Accept',
                             "text/html,application/xhtml+xml,application/xml;q=0.9,*/*;q=0.8"},
                         nil,
                         {"cache-control",
                          {'Cache-Control',"max-age=0"},
                          {"accept-language",
                           {'Accept-Language',"en-us"},
                           {"accept-encoding",
                            {'Accept-Encoding',"gzip, deflate"},
                            nil,nil},
                           nil},
                          {"cookie",
                           {'Cookie',
                               "_boss_session=9037f3782637edb3f693617b0ccf995bea6cb9b0; session_id=b10abe275150ff5b23952c0d6939669f; user_id=eater-22"},
                           {"connection",{'Connection',"keep-alive"},nil,nil},
                           nil}}},
                        {"user-agent",
                         {'User-Agent',
                             "Mozilla/5.0 (Macintosh; Intel Mac OS X 10_7_4) AppleWebKit/536.25 (KHTML, like Gecko) Version/6.0 Safari/536.25"},
                         nil,nil}}}},
                  false,[],[],none}}],
         [{file,
              "/Users/ulfangermann/projects/erlang/speiseplan/src/controller/speiseplan_admin_controller.erl"},
          {line,27}]},
     {boss_web_controller,execute_action,5,
         [{file,"src/boss/boss_web_controller.erl"},{line,714}]},
     {boss_web_controller,process_request,5,
         [{file,"src/boss/boss_web_controller.erl"},{line,460}]},
     {timer,tc,3,[{file,"timer.erl"},{line,194}]},
     {boss_web_controller,handle_request,3,
         [{file,"src/boss/boss_web_controller.erl"},{line,388}]},
     {mochiweb_http,headers,5,[{file,"src/mochiweb_http.erl"},{line,90}]},
     {proc_lib,init_p_do_apply,3,[{file,"proc_lib.erl"},{line,227}]}]}

=ERROR REPORT==== 2-Sep-2012::16:44:19 ===
GET /admin/add [speiseplan] 500 148ms

=INFO REPORT==== 2-Sep-2012::16:44:30 ===
Loading routes from "/Users/ulfangermann/projects/erlang/speiseplan/priv/speiseplan.routes" ....

=INFO REPORT==== 2-Sep-2012::16:44:30 ===
GET /admin/detail/menu-10 [speiseplan] 200 176ms

=INFO REPORT==== 2-Sep-2012::16:44:32 ===
Loading routes from "/Users/ulfangermann/projects/erlang/speiseplan/priv/speiseplan.routes" ....

=INFO REPORT==== 2-Sep-2012::16:44:32 ===
POST /admin/add/menu-10 [speiseplan] 302 153ms

=INFO REPORT==== 2-Sep-2012::16:44:32 ===
Loading routes from "/Users/ulfangermann/projects/erlang/speiseplan/priv/speiseplan.routes" ....

=INFO REPORT==== 2-Sep-2012::16:44:32 ===
GET /admin/detail/menu-10 [speiseplan] 200 157ms

=INFO REPORT==== 2-Sep-2012::16:44:43 ===
Loading routes from "/Users/ulfangermann/projects/erlang/speiseplan/priv/speiseplan.routes" ....

=INFO REPORT==== 2-Sep-2012::16:44:43 ===
POST /admin/add/menu-10 [speiseplan] 302 153ms

=INFO REPORT==== 2-Sep-2012::16:44:43 ===
Loading routes from "/Users/ulfangermann/projects/erlang/speiseplan/priv/speiseplan.routes" ....

=INFO REPORT==== 2-Sep-2012::16:44:43 ===
GET /admin/detail/menu-10 [speiseplan] 200 157ms

=INFO REPORT==== 2-Sep-2012::16:56:16 ===
Loading routes from "/Users/ulfangermann/projects/erlang/speiseplan/priv/speiseplan.routes" ....

=INFO REPORT==== 2-Sep-2012::16:56:16 ===
GET /admin/detail/menu-10 [speiseplan] 200 244ms

=INFO REPORT==== 2-Sep-2012::16:56:27 ===
Loading routes from "/Users/ulfangermann/projects/erlang/speiseplan/priv/speiseplan.routes" ....

=INFO REPORT==== 2-Sep-2012::16:56:27 ===
GET /admin/detail/menu-10 [speiseplan] 200 284ms

=INFO REPORT==== 2-Sep-2012::16:56:29 ===
Loading routes from "/Users/ulfangermann/projects/erlang/speiseplan/priv/speiseplan.routes" ....

=ERROR REPORT==== 2-Sep-2012::16:56:29 ===
{undef,
    [{speiseplan_booking_controller,construct_date,[{2012,9,2}],[]},
     {speiseplan_admin_controller,add,4,
         [{file,
              "/Users/ulfangermann/projects/erlang/speiseplan/src/controller/speiseplan_admin_controller.erl"},
          {line,29}]},
     {boss_web_controller,execute_action,5,
         [{file,"src/boss/boss_web_controller.erl"},{line,714}]},
     {boss_web_controller,process_request,5,
         [{file,"src/boss/boss_web_controller.erl"},{line,460}]},
     {timer,tc,3,[{file,"timer.erl"},{line,194}]},
     {boss_web_controller,handle_request,3,
         [{file,"src/boss/boss_web_controller.erl"},{line,388}]},
     {mochiweb_http,headers,5,[{file,"src/mochiweb_http.erl"},{line,90}]},
     {proc_lib,init_p_do_apply,3,[{file,"proc_lib.erl"},{line,227}]}]}

=ERROR REPORT==== 2-Sep-2012::16:56:29 ===
POST /admin/add/menu-10 [speiseplan] 500 147ms

=INFO REPORT==== 2-Sep-2012::16:57:57 ===
Loading routes from "/Users/ulfangermann/projects/erlang/speiseplan/priv/speiseplan.routes" ....

=INFO REPORT==== 2-Sep-2012::16:57:57 ===
GET /admin/detail/menu-10 [speiseplan] 200 482ms

=INFO REPORT==== 2-Sep-2012::16:57:59 ===
Loading routes from "/Users/ulfangermann/projects/erlang/speiseplan/priv/speiseplan.routes" ....

=INFO REPORT==== 2-Sep-2012::16:57:59 ===
POST /admin/add/menu-10 [speiseplan] 302 149ms

=INFO REPORT==== 2-Sep-2012::16:57:59 ===
Loading routes from "/Users/ulfangermann/projects/erlang/speiseplan/priv/speiseplan.routes" ....

=INFO REPORT==== 2-Sep-2012::16:57:59 ===
GET /admin/detail/menu-10 [speiseplan] 200 176ms

=INFO REPORT==== 2-Sep-2012::16:58:02 ===
Loading routes from "/Users/ulfangermann/projects/erlang/speiseplan/priv/speiseplan.routes" ....

=INFO REPORT==== 2-Sep-2012::16:58:02 ===
POST /admin/add/menu-10 [speiseplan] 302 163ms

=INFO REPORT==== 2-Sep-2012::16:58:02 ===
Loading routes from "/Users/ulfangermann/projects/erlang/speiseplan/priv/speiseplan.routes" ....

=INFO REPORT==== 2-Sep-2012::16:58:02 ===
GET /admin/detail/menu-10 [speiseplan] 200 154ms

=INFO REPORT==== 2-Sep-2012::16:58:05 ===
Loading routes from "/Users/ulfangermann/projects/erlang/speiseplan/priv/speiseplan.routes" ....

=INFO REPORT==== 2-Sep-2012::16:58:05 ===
POST /admin/add/menu-10 [speiseplan] 302 155ms

=INFO REPORT==== 2-Sep-2012::16:58:05 ===
Loading routes from "/Users/ulfangermann/projects/erlang/speiseplan/priv/speiseplan.routes" ....

=INFO REPORT==== 2-Sep-2012::16:58:06 ===
GET /admin/detail/menu-10 [speiseplan] 200 157ms

=INFO REPORT==== 2-Sep-2012::16:58:44 ===
Loading routes from "/Users/ulfangermann/projects/erlang/speiseplan/priv/speiseplan.routes" ....

=INFO REPORT==== 2-Sep-2012::16:58:44 ===
POST /admin/add/menu-10 [speiseplan] 302 144ms

=INFO REPORT==== 2-Sep-2012::16:58:44 ===
Loading routes from "/Users/ulfangermann/projects/erlang/speiseplan/priv/speiseplan.routes" ....

=INFO REPORT==== 2-Sep-2012::16:58:44 ===
GET /admin/detail/menu-10 [speiseplan] 200 151ms

=INFO REPORT==== 2-Sep-2012::16:58:56 ===
Loading routes from "/Users/ulfangermann/projects/erlang/speiseplan/priv/speiseplan.routes" ....

=INFO REPORT==== 2-Sep-2012::16:58:56 ===
POST /admin/add/menu-10 [speiseplan] 302 386ms

=INFO REPORT==== 2-Sep-2012::16:58:56 ===
Loading routes from "/Users/ulfangermann/projects/erlang/speiseplan/priv/speiseplan.routes" ....

=INFO REPORT==== 2-Sep-2012::16:58:56 ===
GET /admin/detail/menu-10 [speiseplan] 200 182ms

=INFO REPORT==== 2-Sep-2012::17:00:19 ===
Loading routes from "/Users/ulfangermann/projects/erlang/speiseplan/priv/speiseplan.routes" ....

=INFO REPORT==== 2-Sep-2012::17:00:19 ===
POST /admin/add/menu-10 [speiseplan] 302 825ms

=INFO REPORT==== 2-Sep-2012::17:00:19 ===
Loading routes from "/Users/ulfangermann/projects/erlang/speiseplan/priv/speiseplan.routes" ....

=INFO REPORT==== 2-Sep-2012::17:00:20 ===
GET /admin/detail/menu-10 [speiseplan] 200 196ms

=INFO REPORT==== 2-Sep-2012::17:01:06 ===
Loading routes from "/Users/ulfangermann/projects/erlang/speiseplan/priv/speiseplan.routes" ....

=INFO REPORT==== 2-Sep-2012::17:01:07 ===
GET /admin [speiseplan] 200 571ms

=INFO REPORT==== 2-Sep-2012::17:01:10 ===
Loading routes from "/Users/ulfangermann/projects/erlang/speiseplan/priv/speiseplan.routes" ....

=INFO REPORT==== 2-Sep-2012::17:01:10 ===
GET /admin/edit/menu-10 [speiseplan] 200 185ms

=INFO REPORT==== 2-Sep-2012::17:01:17 ===
Loading routes from "/Users/ulfangermann/projects/erlang/speiseplan/priv/speiseplan.routes" ....

=INFO REPORT==== 2-Sep-2012::17:01:17 ===
GET /admin/detail/menu-10 [speiseplan] 200 194ms

=INFO REPORT==== 2-Sep-2012::17:01:21 ===
Loading routes from "/Users/ulfangermann/projects/erlang/speiseplan/priv/speiseplan.routes" ....

=INFO REPORT==== 2-Sep-2012::17:01:21 ===
GET /admin/detail/menu-11 [speiseplan] 200 158ms

=INFO REPORT==== 2-Sep-2012::17:01:23 ===
Loading routes from "/Users/ulfangermann/projects/erlang/speiseplan/priv/speiseplan.routes" ....

=INFO REPORT==== 2-Sep-2012::17:01:23 ===
POST /admin/add/menu-11 [speiseplan] 302 145ms

=INFO REPORT==== 2-Sep-2012::17:01:24 ===
Loading routes from "/Users/ulfangermann/projects/erlang/speiseplan/priv/speiseplan.routes" ....

=INFO REPORT==== 2-Sep-2012::17:01:24 ===
GET /admin/detail/menu-11 [speiseplan] 200 180ms

=INFO REPORT==== 2-Sep-2012::17:01:35 ===
Loading routes from "/Users/ulfangermann/projects/erlang/speiseplan/priv/speiseplan.routes" ....

=INFO REPORT==== 2-Sep-2012::17:01:35 ===
GET /admin/detail/menu-9 [speiseplan] 200 160ms

=INFO REPORT==== 2-Sep-2012::17:01:39 ===
Loading routes from "/Users/ulfangermann/projects/erlang/speiseplan/priv/speiseplan.routes" ....

=INFO REPORT==== 2-Sep-2012::17:01:39 ===
POST /admin/add/menu-9 [speiseplan] 302 925ms

=INFO REPORT==== 2-Sep-2012::17:01:39 ===
Loading routes from "/Users/ulfangermann/projects/erlang/speiseplan/priv/speiseplan.routes" ....

=INFO REPORT==== 2-Sep-2012::17:01:40 ===
GET /admin/detail/menu-9 [speiseplan] 200 148ms
