
=INFO REPORT==== 30-Aug-2012::20:04:56 ===
Starting Boss in development mode....

=INFO REPORT==== 30-Aug-2012::20:04:56 ===
Starting master services on 'speiseplan@Ulf-Angermann-s-MacBook-Pro'

=INFO REPORT==== 30-Aug-2012::20:04:56 ===
SSL:[]

=INFO REPORT==== 30-Aug-2012::20:04:56 ===
Loading routes from "/Users/ulfangermann/projects/erlang/speiseplan/priv/speiseplan.routes" ....

=INFO REPORT==== 30-Aug-2012::20:05:01 ===
Loading routes from "/Users/ulfangermann/projects/erlang/speiseplan/priv/speiseplan.routes" ....

=INFO REPORT==== 30-Aug-2012::20:05:01 ===
GET /eater/login [speiseplan] 200 103ms

=INFO REPORT==== 30-Aug-2012::20:05:08 ===
Loading routes from "/Users/ulfangermann/projects/erlang/speiseplan/priv/speiseplan.routes" ....

=INFO REPORT==== 30-Aug-2012::20:05:08 ===
GET /eater [speiseplan] 200 121ms

=INFO REPORT==== 30-Aug-2012::20:05:20 ===
Loading routes from "/Users/ulfangermann/projects/erlang/speiseplan/priv/speiseplan.routes" ....

=INFO REPORT==== 30-Aug-2012::20:05:20 ===
POST /eater/create [speiseplan] 302 118ms

=INFO REPORT==== 30-Aug-2012::20:05:20 ===
Loading routes from "/Users/ulfangermann/projects/erlang/speiseplan/priv/speiseplan.routes" ....

=INFO REPORT==== 30-Aug-2012::20:05:20 ===
GET /eater/index [speiseplan] 200 114ms

=INFO REPORT==== 30-Aug-2012::20:05:28 ===
Loading routes from "/Users/ulfangermann/projects/erlang/speiseplan/priv/speiseplan.routes" ....

=INFO REPORT==== 30-Aug-2012::20:05:28 ===
GET /eater/login [speiseplan] 200 122ms

=INFO REPORT==== 30-Aug-2012::20:05:32 ===
Loading routes from "/Users/ulfangermann/projects/erlang/speiseplan/priv/speiseplan.routes" ....

=INFO REPORT==== 30-Aug-2012::20:05:33 ===
POST /eater/login [speiseplan] 302 118ms

=INFO REPORT==== 30-Aug-2012::20:05:33 ===
Loading routes from "/Users/ulfangermann/projects/erlang/speiseplan/priv/speiseplan.routes" ....

=INFO REPORT==== 30-Aug-2012::20:05:33 ===
GET /booking/index [speiseplan] 200 118ms

=INFO REPORT==== 30-Aug-2012::20:05:41 ===
Loading routes from "/Users/ulfangermann/projects/erlang/speiseplan/priv/speiseplan.routes" ....

=INFO REPORT==== 30-Aug-2012::20:05:41 ===
GET /admin/index [speiseplan] 200 124ms

=INFO REPORT==== 30-Aug-2012::20:05:50 ===
Loading routes from "/Users/ulfangermann/projects/erlang/speiseplan/priv/speiseplan.routes" ....

=INFO REPORT==== 30-Aug-2012::20:05:50 ===
POST /admin/create [speiseplan] 302 119ms

=INFO REPORT==== 30-Aug-2012::20:05:50 ===
Loading routes from "/Users/ulfangermann/projects/erlang/speiseplan/priv/speiseplan.routes" ....

=INFO REPORT==== 30-Aug-2012::20:05:50 ===
GET /admin/index [speiseplan] 200 118ms

=INFO REPORT==== 30-Aug-2012::20:06:38 ===
Loading routes from "/Users/ulfangermann/projects/erlang/speiseplan/priv/speiseplan.routes" ....

=INFO REPORT==== 30-Aug-2012::20:06:39 ===
GET /admin/index [speiseplan] 200 151ms

=INFO REPORT==== 30-Aug-2012::20:07:50 ===
Loading routes from "/Users/ulfangermann/projects/erlang/speiseplan/priv/speiseplan.routes" ....

=ERROR REPORT==== 30-Aug-2012::20:07:51 ===
{function_clause,
    [{speiseplan_eater_controller,create,
         ['GET',[],
          {speiseplan_eater_controller,
              {simple_bridge_request_wrapper,mochiweb_request_bridge,
                  {mochiweb_request,#Port<0.11881>,'GET',"/eater/create",
                      {1,1},
                      {7,
                       {"host",
                        {'Host',"localhost:8001"},
                        {"accept",
                         {'Accept',
                             "text/html,application/xhtml+xml,application/xml;q=0.9,*/*;q=0.8"},
                         nil,
                         {"accept-language",
                          {'Accept-Language',"en-us"},
                          {"accept-encoding",
                           {'Accept-Encoding',"gzip, deflate"},
                           nil,nil},
                          {"cookie",
                           {'Cookie',
                               "_boss_session=3dc2ad27ec25933f1670a35276d6bc04be56ceea; session_id=3e0b0dce7a329e269e6ec49f345c7621; user_id=eater-1"},
                           {"connection",{'Connection',"keep-alive"},nil,nil},
                           nil}}},
                        {"user-agent",
                         {'User-Agent',
                             "Mozilla/5.0 (Macintosh; Intel Mac OS X 10_7_4) AppleWebKit/536.25 (KHTML, like Gecko) Version/6.0 Safari/536.25"},
                         nil,nil}}}},
                  false,[],[],none}}],
         [{file,
              "/Users/ulfangermann/projects/erlang/speiseplan/src/controller/speiseplan_eater_controller.erl"},
          {line,43}]},
     {boss_web_controller,execute_action,5,
         [{file,"src/boss/boss_web_controller.erl"},{line,711}]},
     {boss_web_controller,process_request,5,
         [{file,"src/boss/boss_web_controller.erl"},{line,460}]},
     {timer,tc,3,[{file,"timer.erl"},{line,194}]},
     {boss_web_controller,handle_request,3,
         [{file,"src/boss/boss_web_controller.erl"},{line,388}]},
     {mochiweb_http,headers,5,[{file,"src/mochiweb_http.erl"},{line,90}]},
     {proc_lib,init_p_do_apply,3,[{file,"proc_lib.erl"},{line,227}]}]}

=ERROR REPORT==== 30-Aug-2012::20:07:51 ===
GET /eater/create [speiseplan] 500 121ms

=INFO REPORT==== 30-Aug-2012::20:07:55 ===
Loading routes from "/Users/ulfangermann/projects/erlang/speiseplan/priv/speiseplan.routes" ....

=INFO REPORT==== 30-Aug-2012::20:07:55 ===
GET /eater [speiseplan] 200 117ms

=INFO REPORT==== 30-Aug-2012::20:08:22 ===
Loading routes from "/Users/ulfangermann/projects/erlang/speiseplan/priv/speiseplan.routes" ....

=INFO REPORT==== 30-Aug-2012::20:08:22 ===
GET /booking [speiseplan] 200 117ms

=INFO REPORT==== 30-Aug-2012::20:09:12 ===
Loading routes from "/Users/ulfangermann/projects/erlang/speiseplan/priv/speiseplan.routes" ....

=INFO REPORT==== 30-Aug-2012::20:09:12 ===
POST /booking/book [speiseplan] 302 111ms

=INFO REPORT==== 30-Aug-2012::20:09:12 ===
Loading routes from "/Users/ulfangermann/projects/erlang/speiseplan/priv/speiseplan.routes" ....

=INFO REPORT==== 30-Aug-2012::20:09:12 ===
GET /booking/index [speiseplan] 200 117ms

=INFO REPORT==== 30-Aug-2012::20:09:13 ===
Loading routes from "/Users/ulfangermann/projects/erlang/speiseplan/priv/speiseplan.routes" ....

=INFO REPORT==== 30-Aug-2012::20:09:13 ===
POST /booking/delete/booking-4 [speiseplan] 302 113ms

=INFO REPORT==== 30-Aug-2012::20:09:13 ===
Loading routes from "/Users/ulfangermann/projects/erlang/speiseplan/priv/speiseplan.routes" ....

=INFO REPORT==== 30-Aug-2012::20:09:13 ===
GET /booking/index [speiseplan] 200 113ms

=INFO REPORT==== 30-Aug-2012::20:09:17 ===
Loading routes from "/Users/ulfangermann/projects/erlang/speiseplan/priv/speiseplan.routes" ....

=INFO REPORT==== 30-Aug-2012::20:09:17 ===
GET /admin/index [speiseplan] 200 122ms

=INFO REPORT==== 30-Aug-2012::20:09:52 ===
Loading routes from "/Users/ulfangermann/projects/erlang/speiseplan/priv/speiseplan.routes" ....

=INFO REPORT==== 30-Aug-2012::20:09:52 ===
GET /admin/index [speiseplan] 200 144ms

=INFO REPORT==== 30-Aug-2012::20:10:10 ===
Loading routes from "/Users/ulfangermann/projects/erlang/speiseplan/priv/speiseplan.routes" ....

=INFO REPORT==== 30-Aug-2012::20:10:10 ===
GET /admin/index [speiseplan] 200 120ms

=INFO REPORT==== 30-Aug-2012::20:10:11 ===
Loading routes from "/Users/ulfangermann/projects/erlang/speiseplan/priv/speiseplan.routes" ....

=INFO REPORT==== 30-Aug-2012::20:10:11 ===
GET /admin/index [speiseplan] 200 127ms

=INFO REPORT==== 30-Aug-2012::20:10:45 ===
Loading routes from "/Users/ulfangermann/projects/erlang/speiseplan/priv/speiseplan.routes" ....

=INFO REPORT==== 30-Aug-2012::20:10:45 ===
GET /admin/index [speiseplan] 200 155ms

=INFO REPORT==== 30-Aug-2012::20:11:05 ===
Loading routes from "/Users/ulfangermann/projects/erlang/speiseplan/priv/speiseplan.routes" ....

=INFO REPORT==== 30-Aug-2012::20:11:05 ===
GET /admin/index [speiseplan] 200 153ms

=INFO REPORT==== 31-Aug-2012::07:42:38 ===
Loading routes from "/Users/ulfangermann/projects/erlang/speiseplan/priv/speiseplan.routes" ....

=INFO REPORT==== 31-Aug-2012::07:42:38 ===
GET /admin/ [speiseplan] 200 135ms
