
=INFO REPORT==== 27-Aug-2012::14:44:58 ===
Starting Boss in development mode....

=INFO REPORT==== 27-Aug-2012::14:44:58 ===
Starting master services on 'speiseplan@Ulf-Angermann-s-MacBook-Pro'

=INFO REPORT==== 27-Aug-2012::14:44:58 ===
SSL:[]

=INFO REPORT==== 27-Aug-2012::14:44:58 ===
Loading routes from "/Users/ulfangermann/projects/erlang/speiseplan/priv/speiseplan.routes" ....

=INFO REPORT==== 27-Aug-2012::14:45:04 ===
Loading routes from "/Users/ulfangermann/projects/erlang/speiseplan/priv/speiseplan.routes" ....

=INFO REPORT==== 27-Aug-2012::14:45:04 ===
GET /eater/index [speiseplan] 200 70ms

=INFO REPORT==== 27-Aug-2012::14:45:16 ===
Loading routes from "/Users/ulfangermann/projects/erlang/speiseplan/priv/speiseplan.routes" ....

=INFO REPORT==== 27-Aug-2012::14:45:16 ===
POST /eater/create [speiseplan] 302 79ms

=INFO REPORT==== 27-Aug-2012::14:45:16 ===
Loading routes from "/Users/ulfangermann/projects/erlang/speiseplan/priv/speiseplan.routes" ....

=INFO REPORT==== 27-Aug-2012::14:45:16 ===
GET /eater/index [speiseplan] 200 78ms

=INFO REPORT==== 27-Aug-2012::14:45:19 ===
Loading routes from "/Users/ulfangermann/projects/erlang/speiseplan/priv/speiseplan.routes" ....

=INFO REPORT==== 27-Aug-2012::14:45:19 ===
GET /eater/login [speiseplan] 200 80ms

=INFO REPORT==== 27-Aug-2012::14:45:24 ===
Loading routes from "/Users/ulfangermann/projects/erlang/speiseplan/priv/speiseplan.routes" ....

=INFO REPORT==== 27-Aug-2012::14:45:24 ===
POST /eater/login [speiseplan] 302 80ms

=INFO REPORT==== 27-Aug-2012::14:45:24 ===
Loading routes from "/Users/ulfangermann/projects/erlang/speiseplan/priv/speiseplan.routes" ....

=INFO REPORT==== 27-Aug-2012::14:45:24 ===
GET /mahlzeiten/index [speiseplan] 200 85ms

=INFO REPORT==== 27-Aug-2012::14:45:24 ===
Loading routes from "/Users/ulfangermann/projects/erlang/speiseplan/priv/speiseplan.routes" ....

=ERROR REPORT==== 27-Aug-2012::14:45:24 ===
GET /mahlzeiten/favicon.ico [speiseplan] 404 84ms

=INFO REPORT==== 27-Aug-2012::14:45:27 ===
Loading routes from "/Users/ulfangermann/projects/erlang/speiseplan/priv/speiseplan.routes" ....

=INFO REPORT==== 27-Aug-2012::14:45:27 ===
GET /admin/index [speiseplan] 200 83ms

=INFO REPORT==== 27-Aug-2012::14:45:34 ===
Loading routes from "/Users/ulfangermann/projects/erlang/speiseplan/priv/speiseplan.routes" ....

=INFO REPORT==== 27-Aug-2012::14:45:34 ===
POST /admin/create [speiseplan] 302 81ms

=INFO REPORT==== 27-Aug-2012::14:45:34 ===
Loading routes from "/Users/ulfangermann/projects/erlang/speiseplan/priv/speiseplan.routes" ....

=INFO REPORT==== 27-Aug-2012::14:45:34 ===
GET /admin/index [speiseplan] 200 81ms

=INFO REPORT==== 27-Aug-2012::14:45:44 ===
Loading routes from "/Users/ulfangermann/projects/erlang/speiseplan/priv/speiseplan.routes" ....

=ERROR REPORT==== 27-Aug-2012::14:45:44 ===
** Generic server boss_db_mock terminating 
** Last message in was {find,eater,
                             [{booking_id,equals,"booking-3"}],
                             all,0,id,ascending}
** When Server state == [{{dict,3,16,16,8,80,48,
                           {[],[],[],[],[],[],[],[],[],[],[],[],[],[],[],[]},
                           {{[["mahlzeit-2"|
                               {mahlzeit,"mahlzeit-2","asd","asd",undefined}]],
                             [],[],[],[],[],[],[],[],[],
                             [["eater-1"|
                               {eater,"eater-1","ua",
                                "598f04fd6e3586a93d27aa1ddcf5f2e6","aa","aa",
                                "true","0.0","true"}]],
                             [],
                             [["booking-3"|
                               {booking,"booking-3","2012-08-01",
                                "mahlzeit-2",[],"1"}]],
                             [],[],[]}}},
                          4}]
** Reason for termination == 
** {'function not exported',
       [{eater,booking_id,
            [{eater,"eater-1","ua","598f04fd6e3586a93d27aa1ddcf5f2e6","aa",
                 "aa","true","0.0","true"}],
            []},
        {boss_db_mock_controller,match_cond,2,
            [{file,"src/boss_db_mock_controller.erl"},{line,116}]},
        {dict,filter_bucket,4,[{file,"dict.erl"},{line,481}]},
        {dict,filter_bkt_list,4,[{file,"dict.erl"},{line,475}]},
        {dict,filter_seg_list,4,[{file,"dict.erl"},{line,469}]},
        {dict,filter_dict,2,[{file,"dict.erl"},{line,464}]},
        {boss_db_mock_controller,do_find,7,
            [{file,"src/boss_db_mock_controller.erl"},{line,104}]},
        {boss_db_mock_controller,handle_call,3,
            [{file,"src/boss_db_mock_controller.erl"},{line,24}]}]}

=ERROR REPORT==== 27-Aug-2012::14:45:44 ===
** Generic server <0.70.0> terminating 
** Last message in was {find,eater,
                             [{booking_id,equals,"booking-3"}],
                             all,0,id,ascending}
** When Server state == {state,boss_db_adapter_mock,undefined,[],
                               {dict,0,16,16,8,80,48,
                                     {[],[],[],[],[],[],[],[],[],[],[],[],[],
                                      [],[],[]},
                                     {{[],[],[],[],[],[],[],[],[],[],[],[],[],
                                       [],[],[]}}},
                               false,60,db,0}
** Reason for termination == 
** {{undef,[{eater,booking_id,
                   [{eater,"eater-1","ua","598f04fd6e3586a93d27aa1ddcf5f2e6",
                           "aa","aa","true","0.0","true"}],
                   []},
            {boss_db_mock_controller,match_cond,2,
                                     [{file,"src/boss_db_mock_controller.erl"},
                                      {line,116}]},
            {dict,filter_bucket,4,[{file,"dict.erl"},{line,481}]},
            {dict,filter_bkt_list,4,[{file,"dict.erl"},{line,475}]},
            {dict,filter_seg_list,4,[{file,"dict.erl"},{line,469}]},
            {dict,filter_dict,2,[{file,"dict.erl"},{line,464}]},
            {boss_db_mock_controller,do_find,7,
                                     [{file,"src/boss_db_mock_controller.erl"},
                                      {line,104}]},
            {boss_db_mock_controller,handle_call,3,
                                     [{file,"src/boss_db_mock_controller.erl"},
                                      {line,24}]}]},
    {gen_server,call,
                [{global,boss_db_mock},
                 {find,eater,
                       [{booking_id,equals,"booking-3"}],
                       all,0,id,ascending}]}}

=ERROR REPORT==== 27-Aug-2012::14:45:44 ===
{{{undef,[{eater,booking_id,
                 [{eater,"eater-1","ua","598f04fd6e3586a93d27aa1ddcf5f2e6",
                         "aa","aa","true","0.0","true"}],
                 []},
          {boss_db_mock_controller,match_cond,2,
                                   [{file,"src/boss_db_mock_controller.erl"},
                                    {line,116}]},
          {dict,filter_bucket,4,[{file,"dict.erl"},{line,481}]},
          {dict,filter_bkt_list,4,[{file,"dict.erl"},{line,475}]},
          {dict,filter_seg_list,4,[{file,"dict.erl"},{line,469}]},
          {dict,filter_dict,2,[{file,"dict.erl"},{line,464}]},
          {boss_db_mock_controller,do_find,7,
                                   [{file,"src/boss_db_mock_controller.erl"},
                                    {line,104}]},
          {boss_db_mock_controller,handle_call,3,
                                   [{file,"src/boss_db_mock_controller.erl"},
                                    {line,24}]}]},
  {gen_server,call,
              [{global,boss_db_mock},
               {find,eater,
                     [{booking_id,equals,"booking-3"}],
                     all,0,id,ascending}]}},
 {gen_server,call,
             [<0.70.0>,
              {find,eater,
                    [{booking_id,equals,"booking-3"}],
                    all,0,id,ascending},
              30000]}}

=ERROR REPORT==== 27-Aug-2012::14:45:44 ===
GET /mahlzeiten/index [speiseplan] 500 84ms

=INFO REPORT==== 27-Aug-2012::14:45:51 ===
Loading routes from "/Users/ulfangermann/projects/erlang/speiseplan/priv/speiseplan.routes" ....

=INFO REPORT==== 27-Aug-2012::14:45:51 ===
GET /mahlzeiten/index [speiseplan] 302 79ms

=INFO REPORT==== 27-Aug-2012::14:45:51 ===
Loading routes from "/Users/ulfangermann/projects/erlang/speiseplan/priv/speiseplan.routes" ....

=INFO REPORT==== 27-Aug-2012::14:45:51 ===
GET /eater/login [speiseplan] 200 81ms

=INFO REPORT==== 27-Aug-2012::14:45:56 ===
Loading routes from "/Users/ulfangermann/projects/erlang/speiseplan/priv/speiseplan.routes" ....

=INFO REPORT==== 27-Aug-2012::14:45:56 ===
POST /eater/login [speiseplan] 200 84ms

=INFO REPORT==== 27-Aug-2012::14:46:06 ===
Loading routes from "/Users/ulfangermann/projects/erlang/speiseplan/priv/speiseplan.routes" ....

=INFO REPORT==== 27-Aug-2012::14:46:06 ===
GET /mahlzeiten/index [speiseplan] 302 77ms

=INFO REPORT==== 27-Aug-2012::14:46:06 ===
Loading routes from "/Users/ulfangermann/projects/erlang/speiseplan/priv/speiseplan.routes" ....

=INFO REPORT==== 27-Aug-2012::14:46:06 ===
GET /eater/login [speiseplan] 200 74ms

=INFO REPORT==== 27-Aug-2012::14:46:14 ===
Loading routes from "/Users/ulfangermann/projects/erlang/speiseplan/priv/speiseplan.routes" ....

=INFO REPORT==== 27-Aug-2012::14:46:14 ===
POST /eater/login [speiseplan] 200 91ms

=INFO REPORT==== 27-Aug-2012::14:46:41 ===
Loading routes from "/Users/ulfangermann/projects/erlang/speiseplan/priv/speiseplan.routes" ....

=INFO REPORT==== 27-Aug-2012::14:46:41 ===
POST /eater/login [speiseplan] 200 80ms

=INFO REPORT==== 27-Aug-2012::14:46:45 ===
Loading routes from "/Users/ulfangermann/projects/erlang/speiseplan/priv/speiseplan.routes" ....

=INFO REPORT==== 27-Aug-2012::14:46:45 ===
POST /eater/login [speiseplan] 200 81ms

=INFO REPORT==== 27-Aug-2012::14:46:51 ===
Loading routes from "/Users/ulfangermann/projects/erlang/speiseplan/priv/speiseplan.routes" ....

=INFO REPORT==== 27-Aug-2012::14:46:51 ===
GET /mahlzeiten/index [speiseplan] 302 83ms

=INFO REPORT==== 27-Aug-2012::14:46:51 ===
Loading routes from "/Users/ulfangermann/projects/erlang/speiseplan/priv/speiseplan.routes" ....

=INFO REPORT==== 27-Aug-2012::14:46:51 ===
GET /eater/login [speiseplan] 200 80ms

=INFO REPORT==== 27-Aug-2012::14:46:56 ===
Loading routes from "/Users/ulfangermann/projects/erlang/speiseplan/priv/speiseplan.routes" ....

=INFO REPORT==== 27-Aug-2012::14:46:56 ===
POST /eater/login [speiseplan] 200 82ms

=INFO REPORT==== 27-Aug-2012::14:47:03 ===
Loading routes from "/Users/ulfangermann/projects/erlang/speiseplan/priv/speiseplan.routes" ....

=INFO REPORT==== 27-Aug-2012::14:47:03 ===
GET /eater/index [speiseplan] 200 85ms

=INFO REPORT==== 27-Aug-2012::14:47:05 ===
Loading routes from "/Users/ulfangermann/projects/erlang/speiseplan/priv/speiseplan.routes" ....

=INFO REPORT==== 27-Aug-2012::14:47:05 ===
GET /eater/login [speiseplan] 200 82ms

=INFO REPORT==== 27-Aug-2012::14:47:09 ===
Loading routes from "/Users/ulfangermann/projects/erlang/speiseplan/priv/speiseplan.routes" ....

=INFO REPORT==== 27-Aug-2012::14:47:09 ===
POST /eater/login [speiseplan] 200 82ms

=INFO REPORT==== 27-Aug-2012::14:47:13 ===
Loading routes from "/Users/ulfangermann/projects/erlang/speiseplan/priv/speiseplan.routes" ....

=INFO REPORT==== 27-Aug-2012::14:47:13 ===
GET /eater/index [speiseplan] 200 86ms

=INFO REPORT==== 27-Aug-2012::14:47:42 ===
Loading routes from "/Users/ulfangermann/projects/erlang/speiseplan/priv/speiseplan.routes" ....

=INFO REPORT==== 27-Aug-2012::14:47:42 ===
POST /eater/create [speiseplan] 302 77ms

=INFO REPORT==== 27-Aug-2012::14:47:42 ===
Loading routes from "/Users/ulfangermann/projects/erlang/speiseplan/priv/speiseplan.routes" ....

=INFO REPORT==== 27-Aug-2012::14:47:42 ===
GET /eater/index [speiseplan] 200 75ms

=INFO REPORT==== 27-Aug-2012::14:47:49 ===
Loading routes from "/Users/ulfangermann/projects/erlang/speiseplan/priv/speiseplan.routes" ....

=INFO REPORT==== 27-Aug-2012::14:47:49 ===
GET /admin/index [speiseplan] 200 79ms

=INFO REPORT==== 27-Aug-2012::14:47:57 ===
Loading routes from "/Users/ulfangermann/projects/erlang/speiseplan/priv/speiseplan.routes" ....

=INFO REPORT==== 27-Aug-2012::14:47:57 ===
POST /admin/create [speiseplan] 302 75ms

=INFO REPORT==== 27-Aug-2012::14:47:57 ===
Loading routes from "/Users/ulfangermann/projects/erlang/speiseplan/priv/speiseplan.routes" ....

=INFO REPORT==== 27-Aug-2012::14:47:57 ===
GET /admin/index [speiseplan] 200 76ms

=INFO REPORT==== 27-Aug-2012::14:48:03 ===
Loading routes from "/Users/ulfangermann/projects/erlang/speiseplan/priv/speiseplan.routes" ....

=INFO REPORT==== 27-Aug-2012::14:48:04 ===
GET /mahlzeiten/index [speiseplan] 200 125ms

=INFO REPORT==== 27-Aug-2012::14:48:04 ===
Loading routes from "/Users/ulfangermann/projects/erlang/speiseplan/priv/speiseplan.routes" ....

=ERROR REPORT==== 27-Aug-2012::14:48:04 ===
GET /mahlzeiten/favicon.ico [speiseplan] 404 81ms

=INFO REPORT==== 27-Aug-2012::14:48:16 ===
Loading routes from "/Users/ulfangermann/projects/erlang/speiseplan/priv/speiseplan.routes" ....

=ERROR REPORT==== 27-Aug-2012::14:48:16 ===
** Generic server boss_db_mock terminating 
** Last message in was {find,eater,
                             [{booking_id,equals,"booking-3"}],
                             all,0,id,ascending}
** When Server state == [{{dict,3,16,16,8,80,48,
                           {[],[],[],[],[],[],[],[],[],[],[],[],[],[],[],[]},
                           {{[["mahlzeit-2"|
                               {mahlzeit,"mahlzeit-2","asd","asd",undefined}]],
                             [],[],[],[],[],[],[],[],[],
                             [["eater-1"|
                               {eater,"eater-1","ua",
                                "67da5858951309fd3b204a86b1176cb4","Ulf",
                                "Angemann",undefined,"0.0","true"}]],
                             [],
                             [["booking-3"|
                               {booking,"booking-3","2012-08-01",
                                "mahlzeit-2",[],"2"}]],
                             [],[],[]}}},
                          4}]
** Reason for termination == 
** {'function not exported',
       [{eater,booking_id,
            [{eater,"eater-1","ua","67da5858951309fd3b204a86b1176cb4","Ulf",
                 "Angemann",undefined,"0.0","true"}],
            []},
        {boss_db_mock_controller,match_cond,2,
            [{file,"src/boss_db_mock_controller.erl"},{line,116}]},
        {dict,filter_bucket,4,[{file,"dict.erl"},{line,481}]},
        {dict,filter_bkt_list,4,[{file,"dict.erl"},{line,475}]},
        {dict,filter_seg_list,4,[{file,"dict.erl"},{line,469}]},
        {dict,filter_dict,2,[{file,"dict.erl"},{line,464}]},
        {boss_db_mock_controller,do_find,7,
            [{file,"src/boss_db_mock_controller.erl"},{line,104}]},
        {boss_db_mock_controller,handle_call,3,
            [{file,"src/boss_db_mock_controller.erl"},{line,24}]}]}

=ERROR REPORT==== 27-Aug-2012::14:48:16 ===
** Generic server <0.67.0> terminating 
** Last message in was {find,eater,
                             [{booking_id,equals,"booking-3"}],
                             all,0,id,ascending}
** When Server state == {state,boss_db_adapter_mock,undefined,[],
                               {dict,0,16,16,8,80,48,
                                     {[],[],[],[],[],[],[],[],[],[],[],[],[],
                                      [],[],[]},
                                     {{[],[],[],[],[],[],[],[],[],[],[],[],[],
                                       [],[],[]}}},
                               false,60,db,0}
** Reason for termination == 
** {{undef,[{eater,booking_id,
                   [{eater,"eater-1","ua","67da5858951309fd3b204a86b1176cb4",
                           "Ulf","Angemann",undefined,"0.0","true"}],
                   []},
            {boss_db_mock_controller,match_cond,2,
                                     [{file,"src/boss_db_mock_controller.erl"},
                                      {line,116}]},
            {dict,filter_bucket,4,[{file,"dict.erl"},{line,481}]},
            {dict,filter_bkt_list,4,[{file,"dict.erl"},{line,475}]},
            {dict,filter_seg_list,4,[{file,"dict.erl"},{line,469}]},
            {dict,filter_dict,2,[{file,"dict.erl"},{line,464}]},
            {boss_db_mock_controller,do_find,7,
                                     [{file,"src/boss_db_mock_controller.erl"},
                                      {line,104}]},
            {boss_db_mock_controller,handle_call,3,
                                     [{file,"src/boss_db_mock_controller.erl"},
                                      {line,24}]}]},
    {gen_server,call,
                [{global,boss_db_mock},
                 {find,eater,
                       [{booking_id,equals,"booking-3"}],
                       all,0,id,ascending}]}}

=ERROR REPORT==== 27-Aug-2012::14:48:16 ===
{{{undef,[{eater,booking_id,
                 [{eater,"eater-1","ua","67da5858951309fd3b204a86b1176cb4",
                         "Ulf","Angemann",undefined,"0.0","true"}],
                 []},
          {boss_db_mock_controller,match_cond,2,
                                   [{file,"src/boss_db_mock_controller.erl"},
                                    {line,116}]},
          {dict,filter_bucket,4,[{file,"dict.erl"},{line,481}]},
          {dict,filter_bkt_list,4,[{file,"dict.erl"},{line,475}]},
          {dict,filter_seg_list,4,[{file,"dict.erl"},{line,469}]},
          {dict,filter_dict,2,[{file,"dict.erl"},{line,464}]},
          {boss_db_mock_controller,do_find,7,
                                   [{file,"src/boss_db_mock_controller.erl"},
                                    {line,104}]},
          {boss_db_mock_controller,handle_call,3,
                                   [{file,"src/boss_db_mock_controller.erl"},
                                    {line,24}]}]},
  {gen_server,call,
              [{global,boss_db_mock},
               {find,eater,
                     [{booking_id,equals,"booking-3"}],
                     all,0,id,ascending}]}},
 {gen_server,call,
             [<0.67.0>,
              {find,eater,
                    [{booking_id,equals,"booking-3"}],
                    all,0,id,ascending},
              30000]}}

=ERROR REPORT==== 27-Aug-2012::14:48:16 ===
GET /mahlzeiten/index [speiseplan] 500 126ms

=INFO REPORT==== 27-Aug-2012::14:49:27 ===
Loading routes from "/Users/ulfangermann/projects/erlang/speiseplan/priv/speiseplan.routes" ....

=ERROR REPORT==== 27-Aug-2012::14:49:28 ===
{{badmatch,{redirect,"/eater/login"}},
 [{user_lib,require_login,2,
            [{file,"/Users/ulfangermann/projects/erlang/speiseplan/src/lib/user_lib.erl"},
             {line,26}]},
  {boss_web_controller,execute_action,5,
                       [{file,"src/boss/boss_web_controller.erl"},{line,693}]},
  {boss_web_controller,process_request,5,
                       [{file,"src/boss/boss_web_controller.erl"},{line,460}]},
  {timer,tc,3,[{file,"timer.erl"},{line,194}]},
  {boss_web_controller,handle_request,3,
                       [{file,"src/boss/boss_web_controller.erl"},{line,388}]},
  {mochiweb_http,headers,5,[{file,"src/mochiweb_http.erl"},{line,90}]},
  {proc_lib,init_p_do_apply,3,[{file,"proc_lib.erl"},{line,227}]}]}

=ERROR REPORT==== 27-Aug-2012::14:49:28 ===
POST /admin/create [speiseplan] 500 78ms

=INFO REPORT==== 27-Aug-2012::14:49:33 ===
Loading routes from "/Users/ulfangermann/projects/erlang/speiseplan/priv/speiseplan.routes" ....

=ERROR REPORT==== 27-Aug-2012::14:49:33 ===
{{badmatch,{redirect,"/eater/login"}},
 [{user_lib,require_login,2,
            [{file,"/Users/ulfangermann/projects/erlang/speiseplan/src/lib/user_lib.erl"},
             {line,26}]},
  {boss_web_controller,execute_action,5,
                       [{file,"src/boss/boss_web_controller.erl"},{line,693}]},
  {boss_web_controller,process_request,5,
                       [{file,"src/boss/boss_web_controller.erl"},{line,460}]},
  {timer,tc,3,[{file,"timer.erl"},{line,194}]},
  {boss_web_controller,handle_request,3,
                       [{file,"src/boss/boss_web_controller.erl"},{line,388}]},
  {mochiweb_http,headers,5,[{file,"src/mochiweb_http.erl"},{line,90}]},
  {proc_lib,init_p_do_apply,3,[{file,"proc_lib.erl"},{line,227}]}]}

=ERROR REPORT==== 27-Aug-2012::14:49:33 ===
GET /admin/index [speiseplan] 500 79ms

=INFO REPORT==== 27-Aug-2012::14:49:41 ===
Loading routes from "/Users/ulfangermann/projects/erlang/speiseplan/priv/speiseplan.routes" ....

=INFO REPORT==== 27-Aug-2012::14:49:41 ===
GET /eater/index [speiseplan] 200 83ms

=INFO REPORT==== 27-Aug-2012::14:49:52 ===
Loading routes from "/Users/ulfangermann/projects/erlang/speiseplan/priv/speiseplan.routes" ....

=INFO REPORT==== 27-Aug-2012::14:49:52 ===
POST /eater/create [speiseplan] 302 82ms

=INFO REPORT==== 27-Aug-2012::14:49:52 ===
Loading routes from "/Users/ulfangermann/projects/erlang/speiseplan/priv/speiseplan.routes" ....

=INFO REPORT==== 27-Aug-2012::14:49:52 ===
GET /eater/index [speiseplan] 200 80ms

=INFO REPORT==== 27-Aug-2012::14:49:56 ===
Loading routes from "/Users/ulfangermann/projects/erlang/speiseplan/priv/speiseplan.routes" ....

=INFO REPORT==== 27-Aug-2012::14:49:56 ===
GET /admin/index [speiseplan] 200 86ms

=INFO REPORT==== 27-Aug-2012::14:49:56 ===
Loading routes from "/Users/ulfangermann/projects/erlang/speiseplan/priv/speiseplan.routes" ....

=ERROR REPORT==== 27-Aug-2012::14:49:56 ===
GET /admin/favicon.ico [speiseplan] 404 83ms

=INFO REPORT==== 27-Aug-2012::14:50:06 ===
Loading routes from "/Users/ulfangermann/projects/erlang/speiseplan/priv/speiseplan.routes" ....

=INFO REPORT==== 27-Aug-2012::14:50:06 ===
POST /admin/create [speiseplan] 302 82ms

=INFO REPORT==== 27-Aug-2012::14:50:06 ===
Loading routes from "/Users/ulfangermann/projects/erlang/speiseplan/priv/speiseplan.routes" ....

=INFO REPORT==== 27-Aug-2012::14:50:06 ===
GET /admin/index [speiseplan] 200 80ms

=INFO REPORT==== 27-Aug-2012::14:50:09 ===
Loading routes from "/Users/ulfangermann/projects/erlang/speiseplan/priv/speiseplan.routes" ....

=INFO REPORT==== 27-Aug-2012::14:50:09 ===
GET /admin/index [speiseplan] 200 86ms

=INFO REPORT==== 27-Aug-2012::14:50:16 ===
Loading routes from "/Users/ulfangermann/projects/erlang/speiseplan/priv/speiseplan.routes" ....

=INFO REPORT==== 27-Aug-2012::14:50:16 ===
GET /mahlzeiten/index [speiseplan] 200 129ms

=INFO REPORT==== 27-Aug-2012::14:50:16 ===
Loading routes from "/Users/ulfangermann/projects/erlang/speiseplan/priv/speiseplan.routes" ....

=ERROR REPORT==== 27-Aug-2012::14:50:16 ===
GET /mahlzeiten/favicon.ico [speiseplan] 404 88ms

=INFO REPORT==== 27-Aug-2012::14:55:15 ===
Loading routes from "/Users/ulfangermann/projects/erlang/speiseplan/priv/speiseplan.routes" ....

=INFO REPORT==== 27-Aug-2012::14:55:15 ===
GET /admin/index [speiseplan] 200 81ms
