
=INFO REPORT==== 27-Aug-2012::10:27:34 ===
Starting Boss in development mode....

=INFO REPORT==== 27-Aug-2012::10:27:34 ===
Starting master services on 'speiseplan@Ulf-Angermann-s-MacBook-Pro'

=INFO REPORT==== 27-Aug-2012::10:27:34 ===
SSL:[]

=INFO REPORT==== 27-Aug-2012::10:27:34 ===
Loading routes from "/Users/ulfangermann/projects/erlang/speiseplan/priv/speiseplan.routes" ....

=INFO REPORT==== 27-Aug-2012::10:27:44 ===
Loading routes from "/Users/ulfangermann/projects/erlang/speiseplan/priv/speiseplan.routes" ....

=ERROR REPORT==== 27-Aug-2012::10:27:44 ===
GET /eater/index [speiseplan] 404 69ms

=INFO REPORT==== 27-Aug-2012::10:27:48 ===
Loading routes from "/Users/ulfangermann/projects/erlang/speiseplan/priv/speiseplan.routes" ....

=INFO REPORT==== 27-Aug-2012::10:27:48 ===
GET /eater/list [speiseplan] 200 88ms

=INFO REPORT==== 27-Aug-2012::10:27:57 ===
Loading routes from "/Users/ulfangermann/projects/erlang/speiseplan/priv/speiseplan.routes" ....

=INFO REPORT==== 27-Aug-2012::10:27:57 ===
POST /eater/create [speiseplan] 302 82ms

=INFO REPORT==== 27-Aug-2012::10:27:57 ===
Loading routes from "/Users/ulfangermann/projects/erlang/speiseplan/priv/speiseplan.routes" ....

=INFO REPORT==== 27-Aug-2012::10:27:57 ===
GET /eater/list [speiseplan] 200 80ms

=INFO REPORT==== 27-Aug-2012::10:27:59 ===
Loading routes from "/Users/ulfangermann/projects/erlang/speiseplan/priv/speiseplan.routes" ....

=ERROR REPORT==== 27-Aug-2012::10:27:59 ===
{{badmatch,{redirect,"/eater/login"}},
 [{user_lib,require_login,2,
            [{file,"/Users/ulfangermann/projects/erlang/speiseplan/src/lib/user_lib.erl"},
             {line,26}]},
  {boss_web_controller,execute_action,5,
                       [{file,"src/boss/boss_web_controller.erl"},{line,693}]},
  {boss_web_controller,process_request,5,
                       [{file,"src/boss/boss_web_controller.erl"},{line,460}]},
  {timer,tc,3,[{file,"timer.erl"},{line,194}]},
  {boss_web_controller,handle_request,3,
                       [{file,"src/boss/boss_web_controller.erl"},{line,388}]},
  {mochiweb_http,headers,5,[{file,"src/mochiweb_http.erl"},{line,90}]},
  {proc_lib,init_p_do_apply,3,[{file,"proc_lib.erl"},{line,227}]}]}

=ERROR REPORT==== 27-Aug-2012::10:27:59 ===
GET /admin/index [speiseplan] 500 86ms

=INFO REPORT==== 27-Aug-2012::10:29:08 ===
Loading routes from "/Users/ulfangermann/projects/erlang/speiseplan/priv/speiseplan.routes" ....

=INFO REPORT==== 27-Aug-2012::10:29:08 ===
GET /eater/login [speiseplan] 200 84ms

=INFO REPORT==== 27-Aug-2012::10:29:15 ===
Loading routes from "/Users/ulfangermann/projects/erlang/speiseplan/priv/speiseplan.routes" ....

=INFO REPORT==== 27-Aug-2012::10:29:15 ===
POST /eater/login [speiseplan] 302 82ms

=INFO REPORT==== 27-Aug-2012::10:29:15 ===
Loading routes from "/Users/ulfangermann/projects/erlang/speiseplan/priv/speiseplan.routes" ....

=INFO REPORT==== 27-Aug-2012::10:29:15 ===
GET /mahlzeiten/index [speiseplan] 200 81ms

=INFO REPORT==== 27-Aug-2012::10:29:20 ===
Loading routes from "/Users/ulfangermann/projects/erlang/speiseplan/priv/speiseplan.routes" ....

=INFO REPORT==== 27-Aug-2012::10:29:20 ===
GET /admin/index [speiseplan] 200 88ms

=INFO REPORT==== 27-Aug-2012::10:29:20 ===
Loading routes from "/Users/ulfangermann/projects/erlang/speiseplan/priv/speiseplan.routes" ....

=ERROR REPORT==== 27-Aug-2012::10:29:20 ===
GET /admin/favicon.ico [speiseplan] 404 86ms

=INFO REPORT==== 27-Aug-2012::10:29:31 ===
Loading routes from "/Users/ulfangermann/projects/erlang/speiseplan/priv/speiseplan.routes" ....

=INFO REPORT==== 27-Aug-2012::10:29:31 ===
POST /admin/create [speiseplan] 302 83ms

=INFO REPORT==== 27-Aug-2012::10:29:31 ===
Loading routes from "/Users/ulfangermann/projects/erlang/speiseplan/priv/speiseplan.routes" ....

=INFO REPORT==== 27-Aug-2012::10:29:31 ===
GET /admin/index [speiseplan] 200 84ms

=INFO REPORT==== 27-Aug-2012::10:40:07 ===
GET /doc [speiseplan] 200 63ms

=INFO REPORT==== 27-Aug-2012::10:40:10 ===
GET /doc/booking [speiseplan] 200 271ms

=ERROR REPORT==== 27-Aug-2012::10:40:10 ===
GET /doc/stylesheet.css [speiseplan] 404 0ms

=ERROR REPORT==== 27-Aug-2012::10:40:10 ===
GET /doc/erlang.png [speiseplan] 404 0ms
