
=INFO REPORT==== 4-Sep-2012::18:38:27 ===
Starting Boss in development mode....

=INFO REPORT==== 4-Sep-2012::18:38:27 ===
Starting master services on 'speiseplan@Ulf-Angermann-s-MacBook-Pro'

=INFO REPORT==== 4-Sep-2012::18:38:27 ===
SSL:[]

=INFO REPORT==== 4-Sep-2012::18:38:27 ===
Loading routes from "/Users/ulfangermann/projects/erlang/speiseplan/priv/speiseplan.routes" ....

=INFO REPORT==== 4-Sep-2012::18:38:33 ===
Loading routes from "/Users/ulfangermann/projects/erlang/speiseplan/priv/speiseplan.routes" ....

=INFO REPORT==== 4-Sep-2012::18:38:33 ===
GET /eater/login [speiseplan] 302 135ms

=INFO REPORT==== 4-Sep-2012::18:38:33 ===
Loading routes from "/Users/ulfangermann/projects/erlang/speiseplan/priv/speiseplan.routes" ....

=INFO REPORT==== 4-Sep-2012::18:38:33 ===
GET /eater/login [speiseplan] 302 142ms

=INFO REPORT==== 4-Sep-2012::18:38:33 ===
Loading routes from "/Users/ulfangermann/projects/erlang/speiseplan/priv/speiseplan.routes" ....

=INFO REPORT==== 4-Sep-2012::18:38:34 ===
GET /eater/login [speiseplan] 302 143ms

=INFO REPORT==== 4-Sep-2012::18:38:34 ===
Loading routes from "/Users/ulfangermann/projects/erlang/speiseplan/priv/speiseplan.routes" ....

=INFO REPORT==== 4-Sep-2012::18:38:34 ===
GET /eater/login [speiseplan] 302 144ms

=INFO REPORT==== 4-Sep-2012::18:38:34 ===
Loading routes from "/Users/ulfangermann/projects/erlang/speiseplan/priv/speiseplan.routes" ....

=INFO REPORT==== 4-Sep-2012::18:38:34 ===
GET /eater/login [speiseplan] 302 143ms

=INFO REPORT==== 4-Sep-2012::18:38:34 ===
Loading routes from "/Users/ulfangermann/projects/erlang/speiseplan/priv/speiseplan.routes" ....

=INFO REPORT==== 4-Sep-2012::18:38:34 ===
GET /eater/login [speiseplan] 302 143ms

=INFO REPORT==== 4-Sep-2012::18:38:34 ===
Loading routes from "/Users/ulfangermann/projects/erlang/speiseplan/priv/speiseplan.routes" ....

=INFO REPORT==== 4-Sep-2012::18:38:34 ===
GET /eater/login [speiseplan] 302 147ms

=INFO REPORT==== 4-Sep-2012::18:38:34 ===
Loading routes from "/Users/ulfangermann/projects/erlang/speiseplan/priv/speiseplan.routes" ....

=INFO REPORT==== 4-Sep-2012::18:38:34 ===
GET /eater/login [speiseplan] 302 145ms

=INFO REPORT==== 4-Sep-2012::18:38:34 ===
Loading routes from "/Users/ulfangermann/projects/erlang/speiseplan/priv/speiseplan.routes" ....

=INFO REPORT==== 4-Sep-2012::18:38:34 ===
GET /eater/login [speiseplan] 302 145ms

=INFO REPORT==== 4-Sep-2012::18:38:34 ===
Loading routes from "/Users/ulfangermann/projects/erlang/speiseplan/priv/speiseplan.routes" ....

=INFO REPORT==== 4-Sep-2012::18:38:35 ===
GET /eater/login [speiseplan] 302 147ms

=INFO REPORT==== 4-Sep-2012::18:38:35 ===
Loading routes from "/Users/ulfangermann/projects/erlang/speiseplan/priv/speiseplan.routes" ....

=INFO REPORT==== 4-Sep-2012::18:38:35 ===
GET /eater/login [speiseplan] 302 149ms

=INFO REPORT==== 4-Sep-2012::18:38:35 ===
Loading routes from "/Users/ulfangermann/projects/erlang/speiseplan/priv/speiseplan.routes" ....

=INFO REPORT==== 4-Sep-2012::18:38:35 ===
GET /eater/login [speiseplan] 302 149ms

=INFO REPORT==== 4-Sep-2012::18:38:35 ===
Loading routes from "/Users/ulfangermann/projects/erlang/speiseplan/priv/speiseplan.routes" ....

=INFO REPORT==== 4-Sep-2012::18:38:35 ===
GET /eater/login [speiseplan] 302 149ms

=INFO REPORT==== 4-Sep-2012::18:38:35 ===
Loading routes from "/Users/ulfangermann/projects/erlang/speiseplan/priv/speiseplan.routes" ....

=INFO REPORT==== 4-Sep-2012::18:38:35 ===
GET /eater/login [speiseplan] 302 151ms

=INFO REPORT==== 4-Sep-2012::18:38:35 ===
Loading routes from "/Users/ulfangermann/projects/erlang/speiseplan/priv/speiseplan.routes" ....

=INFO REPORT==== 4-Sep-2012::18:38:35 ===
GET /eater/login [speiseplan] 302 148ms

=INFO REPORT==== 4-Sep-2012::18:38:35 ===
Loading routes from "/Users/ulfangermann/projects/erlang/speiseplan/priv/speiseplan.routes" ....

=INFO REPORT==== 4-Sep-2012::18:38:36 ===
GET /eater/login [speiseplan] 302 144ms

=INFO REPORT==== 4-Sep-2012::18:38:36 ===
Loading routes from "/Users/ulfangermann/projects/erlang/speiseplan/priv/speiseplan.routes" ....

=INFO REPORT==== 4-Sep-2012::18:38:36 ===
GET /eater/login [speiseplan] 302 144ms

=INFO REPORT==== 4-Sep-2012::18:38:36 ===
Loading routes from "/Users/ulfangermann/projects/erlang/speiseplan/priv/speiseplan.routes" ....

=INFO REPORT==== 4-Sep-2012::18:38:36 ===
GET /eater/login [speiseplan] 302 147ms

=INFO REPORT==== 4-Sep-2012::18:38:36 ===
Loading routes from "/Users/ulfangermann/projects/erlang/speiseplan/priv/speiseplan.routes" ....

=INFO REPORT==== 4-Sep-2012::18:38:36 ===
GET /eater/login [speiseplan] 302 149ms

=INFO REPORT==== 4-Sep-2012::18:38:36 ===
Loading routes from "/Users/ulfangermann/projects/erlang/speiseplan/priv/speiseplan.routes" ....

=INFO REPORT==== 4-Sep-2012::18:38:36 ===
GET /eater/login [speiseplan] 302 148ms

=INFO REPORT==== 4-Sep-2012::18:38:36 ===
Loading routes from "/Users/ulfangermann/projects/erlang/speiseplan/priv/speiseplan.routes" ....

=INFO REPORT==== 4-Sep-2012::18:38:36 ===
GET /eater/login [speiseplan] 302 145ms

=INFO REPORT==== 4-Sep-2012::18:38:55 ===
Loading routes from "/Users/ulfangermann/projects/erlang/speiseplan/priv/speiseplan.routes" ....

=ERROR REPORT==== 4-Sep-2012::18:38:55 ===
{{badmatch,{redirect,"/eater/login"}},
 [{user_lib,require_login,2,
            [{file,"/Users/ulfangermann/projects/erlang/speiseplan/src/lib/user_lib.erl"},
             {line,26}]},
  {boss_web_controller,execute_action,5,
                       [{file,"src/boss/boss_web_controller.erl"},{line,693}]},
  {boss_web_controller,process_request,5,
                       [{file,"src/boss/boss_web_controller.erl"},{line,460}]},
  {timer,tc,3,[{file,"timer.erl"},{line,194}]},
  {boss_web_controller,handle_request,3,
                       [{file,"src/boss/boss_web_controller.erl"},{line,388}]},
  {mochiweb_http,headers,5,[{file,"src/mochiweb_http.erl"},{line,90}]},
  {proc_lib,init_p_do_apply,3,[{file,"proc_lib.erl"},{line,227}]}]}

=ERROR REPORT==== 4-Sep-2012::18:38:55 ===
GET /admin/ [speiseplan] 500 148ms

=INFO REPORT==== 4-Sep-2012::18:43:38 ===
Loading routes from "/Users/ulfangermann/projects/erlang/speiseplan/priv/speiseplan.routes" ....

=ERROR REPORT==== 4-Sep-2012::18:43:38 ===
{{badmatch,{redirect,"/eater/login"}},
 [{user_lib,require_login,2,
            [{file,"/Users/ulfangermann/projects/erlang/speiseplan/src/lib/user_lib.erl"},
             {line,26}]},
  {boss_web_controller,execute_action,5,
                       [{file,"src/boss/boss_web_controller.erl"},{line,693}]},
  {boss_web_controller,process_request,5,
                       [{file,"src/boss/boss_web_controller.erl"},{line,460}]},
  {timer,tc,3,[{file,"timer.erl"},{line,194}]},
  {boss_web_controller,handle_request,3,
                       [{file,"src/boss/boss_web_controller.erl"},{line,388}]},
  {mochiweb_http,headers,5,[{file,"src/mochiweb_http.erl"},{line,90}]},
  {proc_lib,init_p_do_apply,3,[{file,"proc_lib.erl"},{line,227}]}]}

=ERROR REPORT==== 4-Sep-2012::18:43:38 ===
GET /admin/login [speiseplan] 500 151ms

=INFO REPORT==== 4-Sep-2012::18:44:41 ===
Loading routes from "/Users/ulfangermann/projects/erlang/speiseplan/priv/speiseplan.routes" ....

=INFO REPORT==== 4-Sep-2012::18:44:41 ===
GET /booking [speiseplan] 302 147ms

=INFO REPORT==== 4-Sep-2012::18:44:41 ===
Loading routes from "/Users/ulfangermann/projects/erlang/speiseplan/priv/speiseplan.routes" ....

=ERROR REPORT==== 4-Sep-2012::18:44:41 ===
{{badmatch,{redirect,"/eater/login"}},
 [{user_lib,require_login,2,
            [{file,"/Users/ulfangermann/projects/erlang/speiseplan/src/lib/user_lib.erl"},
             {line,26}]},
  {boss_web_controller,execute_action,5,
                       [{file,"src/boss/boss_web_controller.erl"},{line,693}]},
  {boss_web_controller,process_request,5,
                       [{file,"src/boss/boss_web_controller.erl"},{line,460}]},
  {timer,tc,3,[{file,"timer.erl"},{line,194}]},
  {boss_web_controller,handle_request,3,
                       [{file,"src/boss/boss_web_controller.erl"},{line,388}]},
  {mochiweb_http,headers,5,[{file,"src/mochiweb_http.erl"},{line,90}]},
  {proc_lib,init_p_do_apply,3,[{file,"proc_lib.erl"},{line,227}]}]}

=ERROR REPORT==== 4-Sep-2012::18:44:41 ===
GET /eater/login [speiseplan] 500 145ms
