
=INFO REPORT==== 1-Sep-2012::17:43:19 ===
Starting Boss in development mode....

=INFO REPORT==== 1-Sep-2012::17:43:19 ===
Starting master services on speiseplan@noname

=INFO REPORT==== 1-Sep-2012::17:43:19 ===
SSL:[]

=INFO REPORT==== 1-Sep-2012::17:43:19 ===
Loading routes from "/Users/ulfangermann/projects/erlang/speiseplan/priv/speiseplan.routes" ....

=INFO REPORT==== 1-Sep-2012::17:43:20 ===
    application: mnesia
    exited: stopped
    type: temporary

=INFO REPORT==== 1-Sep-2012::17:47:23 ===
Loading routes from "/Users/ulfangermann/projects/erlang/speiseplan/priv/speiseplan.routes" ....

=INFO REPORT==== 1-Sep-2012::17:47:23 ===
GET /eater/login [speiseplan] 200 111ms

=INFO REPORT==== 1-Sep-2012::17:47:25 ===
Loading routes from "/Users/ulfangermann/projects/erlang/speiseplan/priv/speiseplan.routes" ....

=INFO REPORT==== 1-Sep-2012::17:47:25 ===
GET /registration [speiseplan] 200 124ms

=INFO REPORT==== 1-Sep-2012::17:47:31 ===
Loading routes from "/Users/ulfangermann/projects/erlang/speiseplan/priv/speiseplan.routes" ....

=ERROR REPORT==== 1-Sep-2012::17:47:31 ===
{undef,
    [{eater,new,
         [id,"aa","ce9ba51802f7f6daa5d81d1a58d4a911",[],[],"true","0.0",false],
         []},
     {speiseplan_registration_controller,create,3,
         [{file,
              "/Users/ulfangermann/projects/erlang/speiseplan/src/controller/speiseplan_registration_controller.erl"},
          {line,13}]},
     {boss_web_controller,execute_action,5,
         [{file,"src/boss/boss_web_controller.erl"},{line,711}]},
     {boss_web_controller,process_request,5,
         [{file,"src/boss/boss_web_controller.erl"},{line,460}]},
     {timer,tc,3,[{file,"timer.erl"},{line,194}]},
     {boss_web_controller,handle_request,3,
         [{file,"src/boss/boss_web_controller.erl"},{line,388}]},
     {mochiweb_http,headers,5,[{file,"src/mochiweb_http.erl"},{line,90}]},
     {proc_lib,init_p_do_apply,3,[{file,"proc_lib.erl"},{line,227}]}]}

=ERROR REPORT==== 1-Sep-2012::17:47:31 ===
POST /registration/create [speiseplan] 500 121ms

=INFO REPORT==== 1-Sep-2012::17:49:02 ===
Loading routes from "/Users/ulfangermann/projects/erlang/speiseplan/priv/speiseplan.routes" ....

=INFO REPORT==== 1-Sep-2012::17:49:02 ===
GET /registration [speiseplan] 200 138ms

=INFO REPORT==== 1-Sep-2012::17:49:19 ===
Loading routes from "/Users/ulfangermann/projects/erlang/speiseplan/priv/speiseplan.routes" ....

=INFO REPORT==== 1-Sep-2012::17:49:19 ===
POST /registration/create [speiseplan] 302 126ms

=INFO REPORT==== 1-Sep-2012::17:49:19 ===
Loading routes from "/Users/ulfangermann/projects/erlang/speiseplan/priv/speiseplan.routes" ....

=INFO REPORT==== 1-Sep-2012::17:49:19 ===
GET /registration/index [speiseplan] 200 121ms

=INFO REPORT==== 1-Sep-2012::17:49:35 ===
Loading routes from "/Users/ulfangermann/projects/erlang/speiseplan/priv/speiseplan.routes" ....

=INFO REPORT==== 1-Sep-2012::17:49:36 ===
GET /eater/login [speiseplan] 200 124ms

=INFO REPORT==== 1-Sep-2012::17:49:39 ===
Loading routes from "/Users/ulfangermann/projects/erlang/speiseplan/priv/speiseplan.routes" ....

=INFO REPORT==== 1-Sep-2012::17:49:40 ===
POST /eater/login [speiseplan] 302 126ms

=INFO REPORT==== 1-Sep-2012::17:49:40 ===
Loading routes from "/Users/ulfangermann/projects/erlang/speiseplan/priv/speiseplan.routes" ....

=INFO REPORT==== 1-Sep-2012::17:49:40 ===
GET /booking/index [speiseplan] 200 123ms

=INFO REPORT==== 1-Sep-2012::17:51:14 ===
Loading routes from "/Users/ulfangermann/projects/erlang/speiseplan/priv/speiseplan.routes" ....

=INFO REPORT==== 1-Sep-2012::17:51:14 ===
GET /eater/login [speiseplan] 200 122ms

=INFO REPORT==== 1-Sep-2012::17:51:16 ===
Loading routes from "/Users/ulfangermann/projects/erlang/speiseplan/priv/speiseplan.routes" ....

=INFO REPORT==== 1-Sep-2012::17:51:16 ===
GET /registration [speiseplan] 200 123ms

=INFO REPORT==== 1-Sep-2012::17:51:17 ===
Loading routes from "/Users/ulfangermann/projects/erlang/speiseplan/priv/speiseplan.routes" ....

=INFO REPORT==== 1-Sep-2012::17:51:17 ===
POST /registration/create [speiseplan] 302 117ms

=INFO REPORT==== 1-Sep-2012::17:51:17 ===
Loading routes from "/Users/ulfangermann/projects/erlang/speiseplan/priv/speiseplan.routes" ....

=INFO REPORT==== 1-Sep-2012::17:51:17 ===
GET /eater/login [speiseplan] 200 122ms

=INFO REPORT==== 1-Sep-2012::17:51:20 ===
Loading routes from "/Users/ulfangermann/projects/erlang/speiseplan/priv/speiseplan.routes" ....

=INFO REPORT==== 1-Sep-2012::17:51:20 ===
GET /registration [speiseplan] 200 124ms

=INFO REPORT==== 1-Sep-2012::18:00:02 ===
GET /doc/eater [speiseplan] 200 231ms

=ERROR REPORT==== 1-Sep-2012::18:00:02 ===
GET /doc/stylesheet.css [speiseplan] 404 0ms

=ERROR REPORT==== 1-Sep-2012::18:00:02 ===
GET /doc/erlang.png [speiseplan] 404 0ms

=INFO REPORT==== 1-Sep-2012::18:03:40 ===
Loading routes from "/Users/ulfangermann/projects/erlang/speiseplan/priv/speiseplan.routes" ....

=INFO REPORT==== 1-Sep-2012::18:03:40 ===
GET /registration [speiseplan] 200 144ms

=INFO REPORT==== 1-Sep-2012::18:03:59 ===
Loading routes from "/Users/ulfangermann/projects/erlang/speiseplan/priv/speiseplan.routes" ....

=INFO REPORT==== 1-Sep-2012::18:03:59 ===
POST /registration/create [speiseplan] 302 131ms

=INFO REPORT==== 1-Sep-2012::18:03:59 ===
Loading routes from "/Users/ulfangermann/projects/erlang/speiseplan/priv/speiseplan.routes" ....

=INFO REPORT==== 1-Sep-2012::18:03:59 ===
GET /eater/login [speiseplan] 200 124ms

=INFO REPORT==== 1-Sep-2012::18:20:41 ===
Loading routes from "/Users/ulfangermann/projects/erlang/speiseplan/priv/speiseplan.routes" ....

=ERROR REPORT==== 1-Sep-2012::18:20:41 ===
Call to tuple fun {unbound_var,'Voter'}.

Tuple funs are deprecated and will be removed in R16. Use "fun M:F/A" instead, for example "fun unbound_var:'Voter'/0".

(This warning will only be shown the first time a tuple fun is called.)


=ERROR REPORT==== 1-Sep-2012::18:20:41 ===
{undef,[{unbound_var,'Voter',[],[]},
        {erlydtl_filters,format_number,1,
                         [{file,"src/erlydtl_filters.erl"},{line,335}]},
        {boss_html_error_template,'-render_internal/4-fun-0-',2,[]},
        {lists,mapfoldl,3,[{file,"lists.erl"},{line,1278}]},
        {erlydtl_runtime,forloop,3,
                         [{file,"src/erlydtl_runtime.erl"},{line,228}]},
        {boss_html_error_template,'-render_internal/4-fun-2-',2,[]},
        {lists,mapfoldl,3,[{file,"lists.erl"},{line,1278}]},
        {erlydtl_runtime,forloop,3,
                         [{file,"src/erlydtl_runtime.erl"},{line,228}]}]}

=ERROR REPORT==== 1-Sep-2012::18:20:41 ===
GET /registration [speiseplan] 500 63ms

=INFO REPORT==== 1-Sep-2012::18:21:16 ===
Loading routes from "/Users/ulfangermann/projects/erlang/speiseplan/priv/speiseplan.routes" ....

=INFO REPORT==== 1-Sep-2012::18:21:17 ===
GET /registration [speiseplan] 200 128ms

=INFO REPORT==== 1-Sep-2012::18:21:19 ===
Loading routes from "/Users/ulfangermann/projects/erlang/speiseplan/priv/speiseplan.routes" ....

=INFO REPORT==== 1-Sep-2012::18:21:19 ===
POST /registration/create [speiseplan] 302 129ms

=INFO REPORT==== 1-Sep-2012::18:21:19 ===
Loading routes from "/Users/ulfangermann/projects/erlang/speiseplan/priv/speiseplan.routes" ....

=INFO REPORT==== 1-Sep-2012::18:21:20 ===
GET /eater/login [speiseplan] 200 127ms

=INFO REPORT==== 1-Sep-2012::18:26:39 ===
Loading routes from "/Users/ulfangermann/projects/erlang/speiseplan/priv/speiseplan.routes" ....

=INFO REPORT==== 1-Sep-2012::18:26:39 ===
POST /registration/create [speiseplan] 200 60ms

=INFO REPORT==== 1-Sep-2012::18:27:56 ===
Loading routes from "/Users/ulfangermann/projects/erlang/speiseplan/priv/speiseplan.routes" ....

=INFO REPORT==== 1-Sep-2012::18:27:56 ===
POST /registration/create [speiseplan] 302 127ms

=INFO REPORT==== 1-Sep-2012::18:27:56 ===
Loading routes from "/Users/ulfangermann/projects/erlang/speiseplan/priv/speiseplan.routes" ....

=INFO REPORT==== 1-Sep-2012::18:27:56 ===
GET /eater/login [speiseplan] 200 132ms

=INFO REPORT==== 1-Sep-2012::18:28:00 ===
Loading routes from "/Users/ulfangermann/projects/erlang/speiseplan/priv/speiseplan.routes" ....

=INFO REPORT==== 1-Sep-2012::18:28:00 ===
GET /registration [speiseplan] 200 132ms

=INFO REPORT==== 1-Sep-2012::18:28:02 ===
Loading routes from "/Users/ulfangermann/projects/erlang/speiseplan/priv/speiseplan.routes" ....

=INFO REPORT==== 1-Sep-2012::18:28:03 ===
POST /registration/create [speiseplan] 302 130ms

=INFO REPORT==== 1-Sep-2012::18:28:03 ===
Loading routes from "/Users/ulfangermann/projects/erlang/speiseplan/priv/speiseplan.routes" ....

=INFO REPORT==== 1-Sep-2012::18:28:03 ===
GET /eater/login [speiseplan] 200 129ms

=INFO REPORT==== 1-Sep-2012::18:29:35 ===
Loading routes from "/Users/ulfangermann/projects/erlang/speiseplan/priv/speiseplan.routes" ....

=INFO REPORT==== 1-Sep-2012::18:29:35 ===
GET /eater/login [speiseplan] 200 128ms

=INFO REPORT==== 1-Sep-2012::18:29:36 ===
Loading routes from "/Users/ulfangermann/projects/erlang/speiseplan/priv/speiseplan.routes" ....

=INFO REPORT==== 1-Sep-2012::18:29:36 ===
GET /registration [speiseplan] 200 134ms

=INFO REPORT==== 1-Sep-2012::18:29:38 ===
Loading routes from "/Users/ulfangermann/projects/erlang/speiseplan/priv/speiseplan.routes" ....

=INFO REPORT==== 1-Sep-2012::18:29:38 ===
POST /registration/create [speiseplan] 302 127ms

=INFO REPORT==== 1-Sep-2012::18:29:38 ===
Loading routes from "/Users/ulfangermann/projects/erlang/speiseplan/priv/speiseplan.routes" ....

=INFO REPORT==== 1-Sep-2012::18:29:38 ===
GET /eater/login [speiseplan] 200 125ms

=INFO REPORT==== 1-Sep-2012::18:30:53 ===
Loading routes from "/Users/ulfangermann/projects/erlang/speiseplan/priv/speiseplan.routes" ....

=INFO REPORT==== 1-Sep-2012::18:30:53 ===
GET /eater/login [speiseplan] 200 130ms

=INFO REPORT==== 1-Sep-2012::18:30:54 ===
Loading routes from "/Users/ulfangermann/projects/erlang/speiseplan/priv/speiseplan.routes" ....

=INFO REPORT==== 1-Sep-2012::18:30:54 ===
GET /registration [speiseplan] 200 134ms

=INFO REPORT==== 1-Sep-2012::18:30:56 ===
Loading routes from "/Users/ulfangermann/projects/erlang/speiseplan/priv/speiseplan.routes" ....

=ERROR REPORT==== 1-Sep-2012::18:30:56 ===
POST /registration/create [speiseplan] 404 130ms

=INFO REPORT==== 1-Sep-2012::18:34:19 ===
Loading routes from "/Users/ulfangermann/projects/erlang/speiseplan/priv/speiseplan.routes" ....

=INFO REPORT==== 1-Sep-2012::18:34:19 ===
GET /registration [speiseplan] 200 128ms

=INFO REPORT==== 1-Sep-2012::18:34:51 ===
Loading routes from "/Users/ulfangermann/projects/erlang/speiseplan/priv/speiseplan.routes" ....

=INFO REPORT==== 1-Sep-2012::18:34:51 ===
GET /registration [speiseplan] 200 144ms

=INFO REPORT==== 1-Sep-2012::18:34:53 ===
Loading routes from "/Users/ulfangermann/projects/erlang/speiseplan/priv/speiseplan.routes" ....

=INFO REPORT==== 1-Sep-2012::18:34:53 ===
POST /registration/create [speiseplan] 200 150ms

=INFO REPORT==== 1-Sep-2012::18:35:11 ===
Loading routes from "/Users/ulfangermann/projects/erlang/speiseplan/priv/speiseplan.routes" ....

=INFO REPORT==== 1-Sep-2012::18:35:11 ===
POST /registration/create [speiseplan] 302 135ms

=INFO REPORT==== 1-Sep-2012::18:35:11 ===
Loading routes from "/Users/ulfangermann/projects/erlang/speiseplan/priv/speiseplan.routes" ....

=INFO REPORT==== 1-Sep-2012::18:35:11 ===
GET /eater/login [speiseplan] 200 133ms

=INFO REPORT==== 1-Sep-2012::18:35:20 ===
Loading routes from "/Users/ulfangermann/projects/erlang/speiseplan/priv/speiseplan.routes" ....

=INFO REPORT==== 1-Sep-2012::18:35:21 ===
GET /registration [speiseplan] 200 132ms

=INFO REPORT==== 1-Sep-2012::18:35:23 ===
Loading routes from "/Users/ulfangermann/projects/erlang/speiseplan/priv/speiseplan.routes" ....

=INFO REPORT==== 1-Sep-2012::18:35:23 ===
POST /registration/create [speiseplan] 200 126ms

=ERROR REPORT==== 1-Sep-2012::18:40:24 ===
Mnesia(speiseplan@noname): ** WARNING ** Mnesia is overloaded: {dump_log,
                                                                time_threshold}

=INFO REPORT==== 1-Sep-2012::18:40:33 ===
Loading routes from "/Users/ulfangermann/projects/erlang/speiseplan/priv/speiseplan.routes" ....

=INFO REPORT==== 1-Sep-2012::18:40:33 ===
GET /eater/login [speiseplan] 200 128ms

=INFO REPORT==== 1-Sep-2012::18:40:35 ===
Loading routes from "/Users/ulfangermann/projects/erlang/speiseplan/priv/speiseplan.routes" ....

=ERROR REPORT==== 1-Sep-2012::18:40:35 ===
{{case_clause,[{eater,"eater-2",[],"74be16979710d4c4e7c6647856088456",[],[],
                      undefined,5,"true",[]},
               {eater,"eater-3",[],"74be16979710d4c4e7c6647856088456",[],[],
                      undefined,5,"true",[]},
               {eater,"eater-4",[],"74be16979710d4c4e7c6647856088456",[],[],
                      undefined,5,"true",[]},
               {eater,"eater-5",[],"74be16979710d4c4e7c6647856088456",[],[],
                      undefined,5,"true",[]},
               {eater,"eater-6",[],"74be16979710d4c4e7c6647856088456",[],[],
                      undefined,5,"true",[]},
               {eater,"eater-7",[],"74be16979710d4c4e7c6647856088456",[],[],
                      undefined,5,"true",[]}]},
 [{speiseplan_eater_controller,login,3,
                               [{file,"/Users/ulfangermann/projects/erlang/speiseplan/src/controller/speiseplan_eater_controller.erl"},
                                {line,9}]},
  {boss_web_controller,execute_action,5,
                       [{file,"src/boss/boss_web_controller.erl"},{line,711}]},
  {boss_web_controller,process_request,5,
                       [{file,"src/boss/boss_web_controller.erl"},{line,460}]},
  {timer,tc,3,[{file,"timer.erl"},{line,194}]},
  {boss_web_controller,handle_request,3,
                       [{file,"src/boss/boss_web_controller.erl"},{line,388}]},
  {mochiweb_http,headers,5,[{file,"src/mochiweb_http.erl"},{line,90}]},
  {proc_lib,init_p_do_apply,3,[{file,"proc_lib.erl"},{line,227}]}]}

=ERROR REPORT==== 1-Sep-2012::18:40:35 ===
POST /eater/login [speiseplan] 500 125ms

=INFO REPORT==== 1-Sep-2012::18:40:41 ===
Loading routes from "/Users/ulfangermann/projects/erlang/speiseplan/priv/speiseplan.routes" ....

=INFO REPORT==== 1-Sep-2012::18:40:41 ===
GET /registration [speiseplan] 200 134ms

=INFO REPORT==== 1-Sep-2012::18:40:43 ===
Loading routes from "/Users/ulfangermann/projects/erlang/speiseplan/priv/speiseplan.routes" ....

=INFO REPORT==== 1-Sep-2012::18:40:43 ===
POST /registration/create [speiseplan] 200 130ms

=INFO REPORT==== 1-Sep-2012::18:41:03 ===
Loading routes from "/Users/ulfangermann/projects/erlang/speiseplan/priv/speiseplan.routes" ....

=INFO REPORT==== 1-Sep-2012::18:41:03 ===
POST /registration/create [speiseplan] 200 131ms

=INFO REPORT==== 1-Sep-2012::19:16:08 ===
Loading routes from "/Users/ulfangermann/projects/erlang/speiseplan/priv/speiseplan.routes" ....

=INFO REPORT==== 1-Sep-2012::19:16:09 ===
POST /registration/create [speiseplan] 200 143ms

=INFO REPORT==== 1-Sep-2012::19:16:16 ===
Loading routes from "/Users/ulfangermann/projects/erlang/speiseplan/priv/speiseplan.routes" ....

=INFO REPORT==== 1-Sep-2012::19:16:16 ===
POST /registration/create [speiseplan] 200 127ms

=INFO REPORT==== 1-Sep-2012::19:16:42 ===
Loading routes from "/Users/ulfangermann/projects/erlang/speiseplan/priv/speiseplan.routes" ....

=INFO REPORT==== 1-Sep-2012::19:16:42 ===
POST /registration/create [speiseplan] 200 142ms

=INFO REPORT==== 1-Sep-2012::19:19:18 ===
Loading routes from "/Users/ulfangermann/projects/erlang/speiseplan/priv/speiseplan.routes" ....

=ERROR REPORT==== 1-Sep-2012::19:19:18 ===
GET /l [speiseplan] 404 26ms

=INFO REPORT==== 1-Sep-2012::19:19:23 ===
Loading routes from "/Users/ulfangermann/projects/erlang/speiseplan/priv/speiseplan.routes" ....

=ERROR REPORT==== 1-Sep-2012::19:19:23 ===
GET /login [speiseplan] 404 1ms

=INFO REPORT==== 1-Sep-2012::19:19:31 ===
Loading routes from "/Users/ulfangermann/projects/erlang/speiseplan/priv/speiseplan.routes" ....

=ERROR REPORT==== 1-Sep-2012::19:19:31 ===
GET /login/index [speiseplan] 404 0ms

=INFO REPORT==== 1-Sep-2012::19:19:44 ===
Loading routes from "/Users/ulfangermann/projects/erlang/speiseplan/priv/speiseplan.routes" ....

=ERROR REPORT==== 1-Sep-2012::19:19:44 ===
{function_clause,
    [{speiseplan_registration_controller,create,
         ['GET',[],
          {speiseplan_registration_controller,
              {simple_bridge_request_wrapper,mochiweb_request_bridge,
                  {mochiweb_request,#Port<0.20575>,'GET',
                      "/registration/create",
                      {1,1},
                      {7,
                       {"host",
                        {'Host',"localhost:8001"},
                        {"accept",
                         {'Accept',
                             "text/html,application/xhtml+xml,application/xml;q=0.9,*/*;q=0.8"},
                         nil,
                         {"accept-language",
                          {'Accept-Language',"en-us"},
                          {"accept-encoding",
                           {'Accept-Encoding',"gzip, deflate"},
                           nil,nil},
                          {"cookie",
                           {'Cookie',
                               "_boss_session=9de32b2d756442f9fc99a9a4c22e4b15464c5d62; session_id=3e0b0dce7a329e269e6ec49f345c7621; user_id=eater-1"},
                           {"connection",{'Connection',"keep-alive"},nil,nil},
                           nil}}},
                        {"user-agent",
                         {'User-Agent',
                             "Mozilla/5.0 (Macintosh; Intel Mac OS X 10_7_4) AppleWebKit/536.25 (KHTML, like Gecko) Version/6.0 Safari/536.25"},
                         nil,nil}}}},
                  false,[],[],none}}],
         [{file,
              "/Users/ulfangermann/projects/erlang/speiseplan/src/controller/speiseplan_registration_controller.erl"},
          {line,7}]},
     {boss_web_controller,execute_action,5,
         [{file,"src/boss/boss_web_controller.erl"},{line,711}]},
     {boss_web_controller,process_request,5,
         [{file,"src/boss/boss_web_controller.erl"},{line,460}]},
     {timer,tc,3,[{file,"timer.erl"},{line,194}]},
     {boss_web_controller,handle_request,3,
         [{file,"src/boss/boss_web_controller.erl"},{line,388}]},
     {mochiweb_http,headers,5,[{file,"src/mochiweb_http.erl"},{line,90}]},
     {proc_lib,init_p_do_apply,3,[{file,"proc_lib.erl"},{line,227}]}]}

=ERROR REPORT==== 1-Sep-2012::19:19:44 ===
GET /registration/create [speiseplan] 500 138ms

=INFO REPORT==== 1-Sep-2012::19:19:47 ===
Loading routes from "/Users/ulfangermann/projects/erlang/speiseplan/priv/speiseplan.routes" ....

=INFO REPORT==== 1-Sep-2012::19:19:47 ===
GET /registration/ [speiseplan] 200 141ms

=INFO REPORT==== 1-Sep-2012::19:19:50 ===
Loading routes from "/Users/ulfangermann/projects/erlang/speiseplan/priv/speiseplan.routes" ....

=INFO REPORT==== 1-Sep-2012::19:19:50 ===
GET /eater/login [speiseplan] 200 149ms

=INFO REPORT==== 1-Sep-2012::19:19:54 ===
Loading routes from "/Users/ulfangermann/projects/erlang/speiseplan/priv/speiseplan.routes" ....

=INFO REPORT==== 1-Sep-2012::19:19:54 ===
POST /eater/login [speiseplan] 302 130ms

=INFO REPORT==== 1-Sep-2012::19:19:54 ===
Loading routes from "/Users/ulfangermann/projects/erlang/speiseplan/priv/speiseplan.routes" ....

=INFO REPORT==== 1-Sep-2012::19:19:55 ===
GET /booking/index [speiseplan] 200 142ms

=INFO REPORT==== 1-Sep-2012::19:19:57 ===
Loading routes from "/Users/ulfangermann/projects/erlang/speiseplan/priv/speiseplan.routes" ....

=INFO REPORT==== 1-Sep-2012::19:19:57 ===
GET /admin/index [speiseplan] 200 161ms

=INFO REPORT==== 1-Sep-2012::19:21:02 ===
Loading routes from "/Users/ulfangermann/projects/erlang/speiseplan/priv/speiseplan.routes" ....

=INFO REPORT==== 1-Sep-2012::19:21:02 ===
GET /admin/index [speiseplan] 200 135ms

=INFO REPORT==== 1-Sep-2012::19:21:20 ===
Loading routes from "/Users/ulfangermann/projects/erlang/speiseplan/priv/speiseplan.routes" ....

=INFO REPORT==== 1-Sep-2012::19:21:20 ===
GET /eater/login [speiseplan] 200 132ms

=INFO REPORT==== 1-Sep-2012::19:21:32 ===
Loading routes from "/Users/ulfangermann/projects/erlang/speiseplan/priv/speiseplan.routes" ....

=INFO REPORT==== 1-Sep-2012::19:21:32 ===
GET /admin/ [speiseplan] 200 133ms

=INFO REPORT==== 1-Sep-2012::19:21:42 ===
Loading routes from "/Users/ulfangermann/projects/erlang/speiseplan/priv/speiseplan.routes" ....

=INFO REPORT==== 1-Sep-2012::19:21:42 ===
GET /eater/index [speiseplan] 200 133ms

=INFO REPORT==== 1-Sep-2012::19:21:47 ===
Loading routes from "/Users/ulfangermann/projects/erlang/speiseplan/priv/speiseplan.routes" ....

=INFO REPORT==== 1-Sep-2012::19:21:47 ===
POST /eater/delete/eater-7 [speiseplan] 302 131ms

=INFO REPORT==== 1-Sep-2012::19:21:47 ===
Loading routes from "/Users/ulfangermann/projects/erlang/speiseplan/priv/speiseplan.routes" ....

=INFO REPORT==== 1-Sep-2012::19:21:47 ===
GET /eater/index [speiseplan] 200 137ms

=INFO REPORT==== 1-Sep-2012::19:21:49 ===
Loading routes from "/Users/ulfangermann/projects/erlang/speiseplan/priv/speiseplan.routes" ....

=INFO REPORT==== 1-Sep-2012::19:21:49 ===
POST /eater/delete/eater-2 [speiseplan] 302 129ms

=INFO REPORT==== 1-Sep-2012::19:21:49 ===
Loading routes from "/Users/ulfangermann/projects/erlang/speiseplan/priv/speiseplan.routes" ....

=INFO REPORT==== 1-Sep-2012::19:21:49 ===
GET /eater/index [speiseplan] 200 131ms

=INFO REPORT==== 1-Sep-2012::19:21:49 ===
Loading routes from "/Users/ulfangermann/projects/erlang/speiseplan/priv/speiseplan.routes" ....

=INFO REPORT==== 1-Sep-2012::19:21:50 ===
POST /eater/delete/eater-3 [speiseplan] 302 129ms

=INFO REPORT==== 1-Sep-2012::19:21:50 ===
Loading routes from "/Users/ulfangermann/projects/erlang/speiseplan/priv/speiseplan.routes" ....

=INFO REPORT==== 1-Sep-2012::19:21:50 ===
GET /eater/index [speiseplan] 200 133ms

=INFO REPORT==== 1-Sep-2012::19:21:50 ===
Loading routes from "/Users/ulfangermann/projects/erlang/speiseplan/priv/speiseplan.routes" ....

=INFO REPORT==== 1-Sep-2012::19:21:50 ===
POST /eater/delete/eater-4 [speiseplan] 302 132ms

=INFO REPORT==== 1-Sep-2012::19:21:50 ===
Loading routes from "/Users/ulfangermann/projects/erlang/speiseplan/priv/speiseplan.routes" ....

=INFO REPORT==== 1-Sep-2012::19:21:50 ===
GET /eater/index [speiseplan] 200 134ms

=INFO REPORT==== 1-Sep-2012::19:21:51 ===
Loading routes from "/Users/ulfangermann/projects/erlang/speiseplan/priv/speiseplan.routes" ....

=INFO REPORT==== 1-Sep-2012::19:21:51 ===
POST /eater/delete/eater-5 [speiseplan] 302 132ms

=INFO REPORT==== 1-Sep-2012::19:21:51 ===
Loading routes from "/Users/ulfangermann/projects/erlang/speiseplan/priv/speiseplan.routes" ....

=INFO REPORT==== 1-Sep-2012::19:21:51 ===
GET /eater/index [speiseplan] 200 131ms

=INFO REPORT==== 1-Sep-2012::19:21:51 ===
Loading routes from "/Users/ulfangermann/projects/erlang/speiseplan/priv/speiseplan.routes" ....

=INFO REPORT==== 1-Sep-2012::19:21:52 ===
POST /eater/delete/eater-6 [speiseplan] 302 128ms

=INFO REPORT==== 1-Sep-2012::19:21:52 ===
Loading routes from "/Users/ulfangermann/projects/erlang/speiseplan/priv/speiseplan.routes" ....

=INFO REPORT==== 1-Sep-2012::19:21:52 ===
GET /eater/index [speiseplan] 200 131ms

=INFO REPORT==== 1-Sep-2012::19:21:53 ===
Loading routes from "/Users/ulfangermann/projects/erlang/speiseplan/priv/speiseplan.routes" ....

=INFO REPORT==== 1-Sep-2012::19:21:53 ===
POST /eater/delete/eater-8 [speiseplan] 302 137ms

=INFO REPORT==== 1-Sep-2012::19:21:53 ===
Loading routes from "/Users/ulfangermann/projects/erlang/speiseplan/priv/speiseplan.routes" ....

=INFO REPORT==== 1-Sep-2012::19:21:53 ===
GET /eater/index [speiseplan] 200 133ms

=ERROR REPORT==== 1-Sep-2012::19:29:52 ===
Mnesia(speiseplan@noname): ** WARNING ** Mnesia is overloaded: {dump_log,
                                                                time_threshold}

=ERROR REPORT==== 1-Sep-2012::19:29:52 ===
Mnesia(speiseplan@noname): ** WARNING ** Mnesia is overloaded: {dump_log,
                                                                time_threshold}

=INFO REPORT==== 1-Sep-2012::19:45:10 ===
Loading routes from "/Users/ulfangermann/projects/erlang/speiseplan/priv/speiseplan.routes" ....

=INFO REPORT==== 1-Sep-2012::19:45:10 ===
GET /eater/login [speiseplan] 200 370ms

=INFO REPORT==== 1-Sep-2012::19:45:15 ===
Loading routes from "/Users/ulfangermann/projects/erlang/speiseplan/priv/speiseplan.routes" ....

=INFO REPORT==== 1-Sep-2012::19:45:15 ===
POST /eater/login [speiseplan] 302 141ms

=INFO REPORT==== 1-Sep-2012::19:45:15 ===
Loading routes from "/Users/ulfangermann/projects/erlang/speiseplan/priv/speiseplan.routes" ....

=INFO REPORT==== 1-Sep-2012::19:45:15 ===
GET /booking/index [speiseplan] 200 187ms

=INFO REPORT==== 1-Sep-2012::19:45:50 ===
Loading routes from "/Users/ulfangermann/projects/erlang/speiseplan/priv/speiseplan.routes" ....

=INFO REPORT==== 1-Sep-2012::19:45:50 ===
GET /admin/index [speiseplan] 200 189ms

=INFO REPORT==== 1-Sep-2012::19:46:05 ===
Loading routes from "/Users/ulfangermann/projects/erlang/speiseplan/priv/speiseplan.routes" ....

=INFO REPORT==== 1-Sep-2012::19:46:05 ===
POST /eater/login [speiseplan] 200 140ms

=INFO REPORT==== 1-Sep-2012::19:46:45 ===
Loading routes from "/Users/ulfangermann/projects/erlang/speiseplan/priv/speiseplan.routes" ....

=INFO REPORT==== 1-Sep-2012::19:46:45 ===
GET /registration [speiseplan] 200 161ms

=INFO REPORT==== 1-Sep-2012::19:46:50 ===
Loading routes from "/Users/ulfangermann/projects/erlang/speiseplan/priv/speiseplan.routes" ....

=INFO REPORT==== 1-Sep-2012::19:46:51 ===
POST /registration/create [speiseplan] 200 155ms

=INFO REPORT==== 1-Sep-2012::19:46:58 ===
Loading routes from "/Users/ulfangermann/projects/erlang/speiseplan/priv/speiseplan.routes" ....

=INFO REPORT==== 1-Sep-2012::19:46:58 ===
POST /registration/create [speiseplan] 302 153ms

=INFO REPORT==== 1-Sep-2012::19:46:58 ===
Loading routes from "/Users/ulfangermann/projects/erlang/speiseplan/priv/speiseplan.routes" ....

=INFO REPORT==== 1-Sep-2012::19:46:58 ===
GET /eater/login [speiseplan] 200 136ms

=INFO REPORT==== 1-Sep-2012::19:47:04 ===
Loading routes from "/Users/ulfangermann/projects/erlang/speiseplan/priv/speiseplan.routes" ....

=INFO REPORT==== 1-Sep-2012::19:47:04 ===
POST /eater/login [speiseplan] 302 136ms

=INFO REPORT==== 1-Sep-2012::19:47:04 ===
Loading routes from "/Users/ulfangermann/projects/erlang/speiseplan/priv/speiseplan.routes" ....

=INFO REPORT==== 1-Sep-2012::19:47:04 ===
GET /booking/index [speiseplan] 200 133ms

=ERROR REPORT==== 2-Sep-2012::06:54:00 ===
Mnesia(speiseplan@noname): ** WARNING ** Mnesia is overloaded: {dump_log,
                                                                time_threshold}

=ERROR REPORT==== 2-Sep-2012::06:54:00 ===
Mnesia(speiseplan@noname): ** WARNING ** Mnesia is overloaded: {dump_log,
                                                                time_threshold}

=ERROR REPORT==== 2-Sep-2012::06:54:00 ===
Mnesia(speiseplan@noname): ** WARNING ** Mnesia is overloaded: {dump_log,
                                                                time_threshold}

=ERROR REPORT==== 2-Sep-2012::06:54:00 ===
Mnesia(speiseplan@noname): ** WARNING ** Mnesia is overloaded: {dump_log,
                                                                time_threshold}

=ERROR REPORT==== 2-Sep-2012::06:54:00 ===
Mnesia(speiseplan@noname): ** WARNING ** Mnesia is overloaded: {dump_log,
                                                                time_threshold}

=ERROR REPORT==== 2-Sep-2012::06:54:00 ===
Mnesia(speiseplan@noname): ** WARNING ** Mnesia is overloaded: {dump_log,
                                                                time_threshold}

=ERROR REPORT==== 2-Sep-2012::06:54:00 ===
Mnesia(speiseplan@noname): ** WARNING ** Mnesia is overloaded: {dump_log,
                                                                time_threshold}

=ERROR REPORT==== 2-Sep-2012::06:54:00 ===
Mnesia(speiseplan@noname): ** WARNING ** Mnesia is overloaded: {dump_log,
                                                                time_threshold}

=ERROR REPORT==== 2-Sep-2012::06:54:00 ===
Mnesia(speiseplan@noname): ** WARNING ** Mnesia is overloaded: {dump_log,
                                                                time_threshold}

=ERROR REPORT==== 2-Sep-2012::06:54:00 ===
Mnesia(speiseplan@noname): ** WARNING ** Mnesia is overloaded: {dump_log,
                                                                time_threshold}

=ERROR REPORT==== 2-Sep-2012::06:54:00 ===
Mnesia(speiseplan@noname): ** WARNING ** Mnesia is overloaded: {dump_log,
                                                                time_threshold}

=ERROR REPORT==== 2-Sep-2012::06:54:00 ===
Mnesia(speiseplan@noname): ** WARNING ** Mnesia is overloaded: {dump_log,
                                                                time_threshold}

=ERROR REPORT==== 2-Sep-2012::06:54:00 ===
Mnesia(speiseplan@noname): ** WARNING ** Mnesia is overloaded: {dump_log,
                                                                time_threshold}

=ERROR REPORT==== 2-Sep-2012::06:54:00 ===
Mnesia(speiseplan@noname): ** WARNING ** Mnesia is overloaded: {dump_log,
                                                                time_threshold}

=ERROR REPORT==== 2-Sep-2012::06:54:00 ===
Mnesia(speiseplan@noname): ** WARNING ** Mnesia is overloaded: {dump_log,
                                                                time_threshold}

=ERROR REPORT==== 2-Sep-2012::06:54:00 ===
Mnesia(speiseplan@noname): ** WARNING ** Mnesia is overloaded: {dump_log,
                                                                time_threshold}

=ERROR REPORT==== 2-Sep-2012::06:54:00 ===
Mnesia(speiseplan@noname): ** WARNING ** Mnesia is overloaded: {dump_log,
                                                                time_threshold}

=ERROR REPORT==== 2-Sep-2012::06:54:00 ===
Mnesia(speiseplan@noname): ** WARNING ** Mnesia is overloaded: {dump_log,
                                                                time_threshold}

=ERROR REPORT==== 2-Sep-2012::06:54:00 ===
Mnesia(speiseplan@noname): ** WARNING ** Mnesia is overloaded: {dump_log,
                                                                time_threshold}

=ERROR REPORT==== 2-Sep-2012::06:54:00 ===
Mnesia(speiseplan@noname): ** WARNING ** Mnesia is overloaded: {dump_log,
                                                                time_threshold}

=ERROR REPORT==== 2-Sep-2012::06:54:00 ===
Mnesia(speiseplan@noname): ** WARNING ** Mnesia is overloaded: {dump_log,
                                                                time_threshold}

=ERROR REPORT==== 2-Sep-2012::06:54:00 ===
Mnesia(speiseplan@noname): ** WARNING ** Mnesia is overloaded: {dump_log,
                                                                time_threshold}

=ERROR REPORT==== 2-Sep-2012::06:54:00 ===
Mnesia(speiseplan@noname): ** WARNING ** Mnesia is overloaded: {dump_log,
                                                                time_threshold}

=ERROR REPORT==== 2-Sep-2012::06:54:00 ===
Mnesia(speiseplan@noname): ** WARNING ** Mnesia is overloaded: {dump_log,
                                                                time_threshold}

=ERROR REPORT==== 2-Sep-2012::06:54:00 ===
Mnesia(speiseplan@noname): ** WARNING ** Mnesia is overloaded: {dump_log,
                                                                time_threshold}

=ERROR REPORT==== 2-Sep-2012::06:54:00 ===
Mnesia(speiseplan@noname): ** WARNING ** Mnesia is overloaded: {dump_log,
                                                                time_threshold}

=ERROR REPORT==== 2-Sep-2012::06:54:00 ===
Mnesia(speiseplan@noname): ** WARNING ** Mnesia is overloaded: {dump_log,
                                                                time_threshold}

=ERROR REPORT==== 2-Sep-2012::06:54:00 ===
Mnesia(speiseplan@noname): ** WARNING ** Mnesia is overloaded: {dump_log,
                                                                time_threshold}

=ERROR REPORT==== 2-Sep-2012::06:54:00 ===
Mnesia(speiseplan@noname): ** WARNING ** Mnesia is overloaded: {dump_log,
                                                                time_threshold}

=ERROR REPORT==== 2-Sep-2012::06:54:00 ===
Mnesia(speiseplan@noname): ** WARNING ** Mnesia is overloaded: {dump_log,
                                                                time_threshold}

=ERROR REPORT==== 2-Sep-2012::06:54:00 ===
Mnesia(speiseplan@noname): ** WARNING ** Mnesia is overloaded: {dump_log,
                                                                time_threshold}

=ERROR REPORT==== 2-Sep-2012::06:54:01 ===
Mnesia(speiseplan@noname): ** WARNING ** Mnesia is overloaded: {dump_log,
                                                                time_threshold}

=ERROR REPORT==== 2-Sep-2012::06:54:01 ===
Mnesia(speiseplan@noname): ** WARNING ** Mnesia is overloaded: {dump_log,
                                                                time_threshold}

=ERROR REPORT==== 2-Sep-2012::06:54:01 ===
Mnesia(speiseplan@noname): ** WARNING ** Mnesia is overloaded: {dump_log,
                                                                time_threshold}

=ERROR REPORT==== 2-Sep-2012::06:54:01 ===
Mnesia(speiseplan@noname): ** WARNING ** Mnesia is overloaded: {dump_log,
                                                                time_threshold}

=ERROR REPORT==== 2-Sep-2012::06:54:01 ===
Mnesia(speiseplan@noname): ** WARNING ** Mnesia is overloaded: {dump_log,
                                                                time_threshold}

=ERROR REPORT==== 2-Sep-2012::06:54:01 ===
Mnesia(speiseplan@noname): ** WARNING ** Mnesia is overloaded: {dump_log,
                                                                time_threshold}

=ERROR REPORT==== 2-Sep-2012::06:54:01 ===
Mnesia(speiseplan@noname): ** WARNING ** Mnesia is overloaded: {dump_log,
                                                                time_threshold}

=ERROR REPORT==== 2-Sep-2012::06:54:01 ===
Mnesia(speiseplan@noname): ** WARNING ** Mnesia is overloaded: {dump_log,
                                                                time_threshold}

=ERROR REPORT==== 2-Sep-2012::06:54:01 ===
Mnesia(speiseplan@noname): ** WARNING ** Mnesia is overloaded: {dump_log,
                                                                time_threshold}

=ERROR REPORT==== 2-Sep-2012::06:54:01 ===
Mnesia(speiseplan@noname): ** WARNING ** Mnesia is overloaded: {dump_log,
                                                                time_threshold}

=ERROR REPORT==== 2-Sep-2012::06:54:01 ===
Mnesia(speiseplan@noname): ** WARNING ** Mnesia is overloaded: {dump_log,
                                                                time_threshold}

=ERROR REPORT==== 2-Sep-2012::06:54:01 ===
Mnesia(speiseplan@noname): ** WARNING ** Mnesia is overloaded: {dump_log,
                                                                time_threshold}

=ERROR REPORT==== 2-Sep-2012::06:54:01 ===
Mnesia(speiseplan@noname): ** WARNING ** Mnesia is overloaded: {dump_log,
                                                                time_threshold}

=ERROR REPORT==== 2-Sep-2012::06:54:01 ===
Mnesia(speiseplan@noname): ** WARNING ** Mnesia is overloaded: {dump_log,
                                                                time_threshold}

=ERROR REPORT==== 2-Sep-2012::06:54:01 ===
Mnesia(speiseplan@noname): ** WARNING ** Mnesia is overloaded: {dump_log,
                                                                time_threshold}

=ERROR REPORT==== 2-Sep-2012::06:54:01 ===
Mnesia(speiseplan@noname): ** WARNING ** Mnesia is overloaded: {dump_log,
                                                                time_threshold}

=ERROR REPORT==== 2-Sep-2012::06:54:01 ===
Mnesia(speiseplan@noname): ** WARNING ** Mnesia is overloaded: {dump_log,
                                                                time_threshold}

=ERROR REPORT==== 2-Sep-2012::06:54:01 ===
Mnesia(speiseplan@noname): ** WARNING ** Mnesia is overloaded: {dump_log,
                                                                time_threshold}

=ERROR REPORT==== 2-Sep-2012::06:54:01 ===
Mnesia(speiseplan@noname): ** WARNING ** Mnesia is overloaded: {dump_log,
                                                                time_threshold}

=ERROR REPORT==== 2-Sep-2012::06:54:01 ===
Mnesia(speiseplan@noname): ** WARNING ** Mnesia is overloaded: {dump_log,
                                                                time_threshold}

=ERROR REPORT==== 2-Sep-2012::06:54:01 ===
Mnesia(speiseplan@noname): ** WARNING ** Mnesia is overloaded: {dump_log,
                                                                time_threshold}

=ERROR REPORT==== 2-Sep-2012::06:54:01 ===
Mnesia(speiseplan@noname): ** WARNING ** Mnesia is overloaded: {dump_log,
                                                                time_threshold}

=ERROR REPORT==== 2-Sep-2012::06:54:01 ===
Mnesia(speiseplan@noname): ** WARNING ** Mnesia is overloaded: {dump_log,
                                                                time_threshold}

=ERROR REPORT==== 2-Sep-2012::06:54:01 ===
Mnesia(speiseplan@noname): ** WARNING ** Mnesia is overloaded: {dump_log,
                                                                time_threshold}

=ERROR REPORT==== 2-Sep-2012::06:54:01 ===
Mnesia(speiseplan@noname): ** WARNING ** Mnesia is overloaded: {dump_log,
                                                                time_threshold}

=ERROR REPORT==== 2-Sep-2012::06:54:01 ===
Mnesia(speiseplan@noname): ** WARNING ** Mnesia is overloaded: {dump_log,
                                                                time_threshold}

=ERROR REPORT==== 2-Sep-2012::06:54:01 ===
Mnesia(speiseplan@noname): ** WARNING ** Mnesia is overloaded: {dump_log,
                                                                time_threshold}

=ERROR REPORT==== 2-Sep-2012::06:54:01 ===
Mnesia(speiseplan@noname): ** WARNING ** Mnesia is overloaded: {dump_log,
                                                                time_threshold}

=ERROR REPORT==== 2-Sep-2012::06:54:01 ===
Mnesia(speiseplan@noname): ** WARNING ** Mnesia is overloaded: {dump_log,
                                                                time_threshold}

=ERROR REPORT==== 2-Sep-2012::06:54:01 ===
Mnesia(speiseplan@noname): ** WARNING ** Mnesia is overloaded: {dump_log,
                                                                time_threshold}

=ERROR REPORT==== 2-Sep-2012::06:54:01 ===
Mnesia(speiseplan@noname): ** WARNING ** Mnesia is overloaded: {dump_log,
                                                                time_threshold}

=ERROR REPORT==== 2-Sep-2012::06:54:01 ===
Mnesia(speiseplan@noname): ** WARNING ** Mnesia is overloaded: {dump_log,
                                                                time_threshold}

=ERROR REPORT==== 2-Sep-2012::06:54:01 ===
Mnesia(speiseplan@noname): ** WARNING ** Mnesia is overloaded: {dump_log,
                                                                time_threshold}

=ERROR REPORT==== 2-Sep-2012::06:54:01 ===
Mnesia(speiseplan@noname): ** WARNING ** Mnesia is overloaded: {dump_log,
                                                                time_threshold}

=ERROR REPORT==== 2-Sep-2012::06:54:01 ===
Mnesia(speiseplan@noname): ** WARNING ** Mnesia is overloaded: {dump_log,
                                                                time_threshold}

=ERROR REPORT==== 2-Sep-2012::06:54:01 ===
Mnesia(speiseplan@noname): ** WARNING ** Mnesia is overloaded: {dump_log,
                                                                time_threshold}

=ERROR REPORT==== 2-Sep-2012::06:54:01 ===
Mnesia(speiseplan@noname): ** WARNING ** Mnesia is overloaded: {dump_log,
                                                                time_threshold}

=ERROR REPORT==== 2-Sep-2012::06:54:01 ===
Mnesia(speiseplan@noname): ** WARNING ** Mnesia is overloaded: {dump_log,
                                                                time_threshold}

=ERROR REPORT==== 2-Sep-2012::06:54:01 ===
Mnesia(speiseplan@noname): ** WARNING ** Mnesia is overloaded: {dump_log,
                                                                time_threshold}

=ERROR REPORT==== 2-Sep-2012::06:54:01 ===
Mnesia(speiseplan@noname): ** WARNING ** Mnesia is overloaded: {dump_log,
                                                                time_threshold}

=ERROR REPORT==== 2-Sep-2012::06:54:01 ===
Mnesia(speiseplan@noname): ** WARNING ** Mnesia is overloaded: {dump_log,
                                                                time_threshold}

=ERROR REPORT==== 2-Sep-2012::06:54:01 ===
Mnesia(speiseplan@noname): ** WARNING ** Mnesia is overloaded: {dump_log,
                                                                time_threshold}

=ERROR REPORT==== 2-Sep-2012::06:54:01 ===
Mnesia(speiseplan@noname): ** WARNING ** Mnesia is overloaded: {dump_log,
                                                                time_threshold}

=ERROR REPORT==== 2-Sep-2012::06:54:01 ===
Mnesia(speiseplan@noname): ** WARNING ** Mnesia is overloaded: {dump_log,
                                                                time_threshold}

=ERROR REPORT==== 2-Sep-2012::06:54:01 ===
Mnesia(speiseplan@noname): ** WARNING ** Mnesia is overloaded: {dump_log,
                                                                time_threshold}

=ERROR REPORT==== 2-Sep-2012::06:54:01 ===
Mnesia(speiseplan@noname): ** WARNING ** Mnesia is overloaded: {dump_log,
                                                                time_threshold}

=ERROR REPORT==== 2-Sep-2012::06:54:01 ===
Mnesia(speiseplan@noname): ** WARNING ** Mnesia is overloaded: {dump_log,
                                                                time_threshold}

=ERROR REPORT==== 2-Sep-2012::06:54:01 ===
Mnesia(speiseplan@noname): ** WARNING ** Mnesia is overloaded: {dump_log,
                                                                time_threshold}

=ERROR REPORT==== 2-Sep-2012::06:54:01 ===
Mnesia(speiseplan@noname): ** WARNING ** Mnesia is overloaded: {dump_log,
                                                                time_threshold}

=ERROR REPORT==== 2-Sep-2012::06:54:01 ===
Mnesia(speiseplan@noname): ** WARNING ** Mnesia is overloaded: {dump_log,
                                                                time_threshold}

=ERROR REPORT==== 2-Sep-2012::06:54:01 ===
Mnesia(speiseplan@noname): ** WARNING ** Mnesia is overloaded: {dump_log,
                                                                time_threshold}

=ERROR REPORT==== 2-Sep-2012::06:54:01 ===
Mnesia(speiseplan@noname): ** WARNING ** Mnesia is overloaded: {dump_log,
                                                                time_threshold}

=ERROR REPORT==== 2-Sep-2012::06:54:01 ===
Mnesia(speiseplan@noname): ** WARNING ** Mnesia is overloaded: {dump_log,
                                                                time_threshold}

=ERROR REPORT==== 2-Sep-2012::06:54:01 ===
Mnesia(speiseplan@noname): ** WARNING ** Mnesia is overloaded: {dump_log,
                                                                time_threshold}

=ERROR REPORT==== 2-Sep-2012::06:54:01 ===
Mnesia(speiseplan@noname): ** WARNING ** Mnesia is overloaded: {dump_log,
                                                                time_threshold}

=ERROR REPORT==== 2-Sep-2012::06:54:01 ===
Mnesia(speiseplan@noname): ** WARNING ** Mnesia is overloaded: {dump_log,
                                                                time_threshold}

=ERROR REPORT==== 2-Sep-2012::06:54:01 ===
Mnesia(speiseplan@noname): ** WARNING ** Mnesia is overloaded: {dump_log,
                                                                time_threshold}

=ERROR REPORT==== 2-Sep-2012::06:54:01 ===
Mnesia(speiseplan@noname): ** WARNING ** Mnesia is overloaded: {dump_log,
                                                                time_threshold}

=ERROR REPORT==== 2-Sep-2012::06:54:01 ===
Mnesia(speiseplan@noname): ** WARNING ** Mnesia is overloaded: {dump_log,
                                                                time_threshold}

=ERROR REPORT==== 2-Sep-2012::06:54:01 ===
Mnesia(speiseplan@noname): ** WARNING ** Mnesia is overloaded: {dump_log,
                                                                time_threshold}

=ERROR REPORT==== 2-Sep-2012::06:54:01 ===
Mnesia(speiseplan@noname): ** WARNING ** Mnesia is overloaded: {dump_log,
                                                                time_threshold}

=ERROR REPORT==== 2-Sep-2012::06:54:01 ===
Mnesia(speiseplan@noname): ** WARNING ** Mnesia is overloaded: {dump_log,
                                                                time_threshold}

=ERROR REPORT==== 2-Sep-2012::06:54:01 ===
Mnesia(speiseplan@noname): ** WARNING ** Mnesia is overloaded: {dump_log,
                                                                time_threshold}

=ERROR REPORT==== 2-Sep-2012::06:54:01 ===
Mnesia(speiseplan@noname): ** WARNING ** Mnesia is overloaded: {dump_log,
                                                                time_threshold}

=ERROR REPORT==== 2-Sep-2012::06:54:01 ===
Mnesia(speiseplan@noname): ** WARNING ** Mnesia is overloaded: {dump_log,
                                                                time_threshold}

=ERROR REPORT==== 2-Sep-2012::06:54:01 ===
Mnesia(speiseplan@noname): ** WARNING ** Mnesia is overloaded: {dump_log,
                                                                time_threshold}

=ERROR REPORT==== 2-Sep-2012::06:54:01 ===
Mnesia(speiseplan@noname): ** WARNING ** Mnesia is overloaded: {dump_log,
                                                                time_threshold}

=ERROR REPORT==== 2-Sep-2012::06:54:01 ===
Mnesia(speiseplan@noname): ** WARNING ** Mnesia is overloaded: {dump_log,
                                                                time_threshold}

=ERROR REPORT==== 2-Sep-2012::06:54:01 ===
Mnesia(speiseplan@noname): ** WARNING ** Mnesia is overloaded: {dump_log,
                                                                time_threshold}

=ERROR REPORT==== 2-Sep-2012::06:54:01 ===
Mnesia(speiseplan@noname): ** WARNING ** Mnesia is overloaded: {dump_log,
                                                                time_threshold}

=ERROR REPORT==== 2-Sep-2012::06:54:01 ===
Mnesia(speiseplan@noname): ** WARNING ** Mnesia is overloaded: {dump_log,
                                                                time_threshold}

=ERROR REPORT==== 2-Sep-2012::06:54:01 ===
Mnesia(speiseplan@noname): ** WARNING ** Mnesia is overloaded: {dump_log,
                                                                time_threshold}

=ERROR REPORT==== 2-Sep-2012::06:54:01 ===
Mnesia(speiseplan@noname): ** WARNING ** Mnesia is overloaded: {dump_log,
                                                                time_threshold}

=ERROR REPORT==== 2-Sep-2012::06:54:01 ===
Mnesia(speiseplan@noname): ** WARNING ** Mnesia is overloaded: {dump_log,
                                                                time_threshold}

=ERROR REPORT==== 2-Sep-2012::06:54:01 ===
Mnesia(speiseplan@noname): ** WARNING ** Mnesia is overloaded: {dump_log,
                                                                time_threshold}

=ERROR REPORT==== 2-Sep-2012::06:54:01 ===
Mnesia(speiseplan@noname): ** WARNING ** Mnesia is overloaded: {dump_log,
                                                                time_threshold}

=ERROR REPORT==== 2-Sep-2012::06:54:01 ===
Mnesia(speiseplan@noname): ** WARNING ** Mnesia is overloaded: {dump_log,
                                                                time_threshold}

=ERROR REPORT==== 2-Sep-2012::06:54:01 ===
Mnesia(speiseplan@noname): ** WARNING ** Mnesia is overloaded: {dump_log,
                                                                time_threshold}

=ERROR REPORT==== 2-Sep-2012::06:54:01 ===
Mnesia(speiseplan@noname): ** WARNING ** Mnesia is overloaded: {dump_log,
                                                                time_threshold}

=ERROR REPORT==== 2-Sep-2012::06:54:01 ===
Mnesia(speiseplan@noname): ** WARNING ** Mnesia is overloaded: {dump_log,
                                                                time_threshold}

=ERROR REPORT==== 2-Sep-2012::06:54:01 ===
Mnesia(speiseplan@noname): ** WARNING ** Mnesia is overloaded: {dump_log,
                                                                time_threshold}

=ERROR REPORT==== 2-Sep-2012::06:54:01 ===
Mnesia(speiseplan@noname): ** WARNING ** Mnesia is overloaded: {dump_log,
                                                                time_threshold}

=ERROR REPORT==== 2-Sep-2012::06:54:01 ===
Mnesia(speiseplan@noname): ** WARNING ** Mnesia is overloaded: {dump_log,
                                                                time_threshold}

=ERROR REPORT==== 2-Sep-2012::06:54:01 ===
Mnesia(speiseplan@noname): ** WARNING ** Mnesia is overloaded: {dump_log,
                                                                time_threshold}

=ERROR REPORT==== 2-Sep-2012::06:54:01 ===
Mnesia(speiseplan@noname): ** WARNING ** Mnesia is overloaded: {dump_log,
                                                                time_threshold}

=ERROR REPORT==== 2-Sep-2012::06:54:01 ===
Mnesia(speiseplan@noname): ** WARNING ** Mnesia is overloaded: {dump_log,
                                                                time_threshold}

=ERROR REPORT==== 2-Sep-2012::06:54:01 ===
Mnesia(speiseplan@noname): ** WARNING ** Mnesia is overloaded: {dump_log,
                                                                time_threshold}

=ERROR REPORT==== 2-Sep-2012::06:54:01 ===
Mnesia(speiseplan@noname): ** WARNING ** Mnesia is overloaded: {dump_log,
                                                                time_threshold}

=ERROR REPORT==== 2-Sep-2012::06:54:01 ===
Mnesia(speiseplan@noname): ** WARNING ** Mnesia is overloaded: {dump_log,
                                                                time_threshold}

=ERROR REPORT==== 2-Sep-2012::06:54:01 ===
Mnesia(speiseplan@noname): ** WARNING ** Mnesia is overloaded: {dump_log,
                                                                time_threshold}

=ERROR REPORT==== 2-Sep-2012::06:54:01 ===
Mnesia(speiseplan@noname): ** WARNING ** Mnesia is overloaded: {dump_log,
                                                                time_threshold}

=ERROR REPORT==== 2-Sep-2012::06:54:01 ===
Mnesia(speiseplan@noname): ** WARNING ** Mnesia is overloaded: {dump_log,
                                                                time_threshold}

=ERROR REPORT==== 2-Sep-2012::06:54:01 ===
Mnesia(speiseplan@noname): ** WARNING ** Mnesia is overloaded: {dump_log,
                                                                time_threshold}

=ERROR REPORT==== 2-Sep-2012::06:54:01 ===
Mnesia(speiseplan@noname): ** WARNING ** Mnesia is overloaded: {dump_log,
                                                                time_threshold}

=ERROR REPORT==== 2-Sep-2012::06:54:01 ===
Mnesia(speiseplan@noname): ** WARNING ** Mnesia is overloaded: {dump_log,
                                                                time_threshold}

=ERROR REPORT==== 2-Sep-2012::06:54:01 ===
Mnesia(speiseplan@noname): ** WARNING ** Mnesia is overloaded: {dump_log,
                                                                time_threshold}

=ERROR REPORT==== 2-Sep-2012::06:54:01 ===
Mnesia(speiseplan@noname): ** WARNING ** Mnesia is overloaded: {dump_log,
                                                                time_threshold}

=ERROR REPORT==== 2-Sep-2012::06:54:01 ===
Mnesia(speiseplan@noname): ** WARNING ** Mnesia is overloaded: {dump_log,
                                                                time_threshold}

=ERROR REPORT==== 2-Sep-2012::06:54:01 ===
Mnesia(speiseplan@noname): ** WARNING ** Mnesia is overloaded: {dump_log,
                                                                time_threshold}

=ERROR REPORT==== 2-Sep-2012::06:54:01 ===
Mnesia(speiseplan@noname): ** WARNING ** Mnesia is overloaded: {dump_log,
                                                                time_threshold}

=ERROR REPORT==== 2-Sep-2012::06:54:01 ===
Mnesia(speiseplan@noname): ** WARNING ** Mnesia is overloaded: {dump_log,
                                                                time_threshold}

=ERROR REPORT==== 2-Sep-2012::06:54:01 ===
Mnesia(speiseplan@noname): ** WARNING ** Mnesia is overloaded: {dump_log,
                                                                time_threshold}

=ERROR REPORT==== 2-Sep-2012::06:54:01 ===
Mnesia(speiseplan@noname): ** WARNING ** Mnesia is overloaded: {dump_log,
                                                                time_threshold}

=ERROR REPORT==== 2-Sep-2012::06:54:01 ===
Mnesia(speiseplan@noname): ** WARNING ** Mnesia is overloaded: {dump_log,
                                                                time_threshold}

=ERROR REPORT==== 2-Sep-2012::06:54:01 ===
Mnesia(speiseplan@noname): ** WARNING ** Mnesia is overloaded: {dump_log,
                                                                time_threshold}

=ERROR REPORT==== 2-Sep-2012::06:54:01 ===
Mnesia(speiseplan@noname): ** WARNING ** Mnesia is overloaded: {dump_log,
                                                                time_threshold}

=ERROR REPORT==== 2-Sep-2012::06:54:01 ===
Mnesia(speiseplan@noname): ** WARNING ** Mnesia is overloaded: {dump_log,
                                                                time_threshold}

=ERROR REPORT==== 2-Sep-2012::06:54:01 ===
Mnesia(speiseplan@noname): ** WARNING ** Mnesia is overloaded: {dump_log,
                                                                time_threshold}

=ERROR REPORT==== 2-Sep-2012::06:54:01 ===
Mnesia(speiseplan@noname): ** WARNING ** Mnesia is overloaded: {dump_log,
                                                                time_threshold}

=ERROR REPORT==== 2-Sep-2012::06:54:01 ===
Mnesia(speiseplan@noname): ** WARNING ** Mnesia is overloaded: {dump_log,
                                                                time_threshold}

=ERROR REPORT==== 2-Sep-2012::06:54:01 ===
Mnesia(speiseplan@noname): ** WARNING ** Mnesia is overloaded: {dump_log,
                                                                time_threshold}

=ERROR REPORT==== 2-Sep-2012::06:54:01 ===
Mnesia(speiseplan@noname): ** WARNING ** Mnesia is overloaded: {dump_log,
                                                                time_threshold}

=ERROR REPORT==== 2-Sep-2012::06:54:01 ===
Mnesia(speiseplan@noname): ** WARNING ** Mnesia is overloaded: {dump_log,
                                                                time_threshold}

=ERROR REPORT==== 2-Sep-2012::06:54:01 ===
Mnesia(speiseplan@noname): ** WARNING ** Mnesia is overloaded: {dump_log,
                                                                time_threshold}

=ERROR REPORT==== 2-Sep-2012::06:54:01 ===
Mnesia(speiseplan@noname): ** WARNING ** Mnesia is overloaded: {dump_log,
                                                                time_threshold}

=ERROR REPORT==== 2-Sep-2012::06:54:01 ===
Mnesia(speiseplan@noname): ** WARNING ** Mnesia is overloaded: {dump_log,
                                                                time_threshold}

=ERROR REPORT==== 2-Sep-2012::06:54:01 ===
Mnesia(speiseplan@noname): ** WARNING ** Mnesia is overloaded: {dump_log,
                                                                time_threshold}

=ERROR REPORT==== 2-Sep-2012::06:54:01 ===
Mnesia(speiseplan@noname): ** WARNING ** Mnesia is overloaded: {dump_log,
                                                                time_threshold}

=ERROR REPORT==== 2-Sep-2012::06:54:01 ===
Mnesia(speiseplan@noname): ** WARNING ** Mnesia is overloaded: {dump_log,
                                                                time_threshold}

=ERROR REPORT==== 2-Sep-2012::06:54:01 ===
Mnesia(speiseplan@noname): ** WARNING ** Mnesia is overloaded: {dump_log,
                                                                time_threshold}

=ERROR REPORT==== 2-Sep-2012::06:54:01 ===
Mnesia(speiseplan@noname): ** WARNING ** Mnesia is overloaded: {dump_log,
                                                                time_threshold}

=ERROR REPORT==== 2-Sep-2012::06:54:01 ===
Mnesia(speiseplan@noname): ** WARNING ** Mnesia is overloaded: {dump_log,
                                                                time_threshold}

=ERROR REPORT==== 2-Sep-2012::06:54:01 ===
Mnesia(speiseplan@noname): ** WARNING ** Mnesia is overloaded: {dump_log,
                                                                time_threshold}

=ERROR REPORT==== 2-Sep-2012::06:54:01 ===
Mnesia(speiseplan@noname): ** WARNING ** Mnesia is overloaded: {dump_log,
                                                                time_threshold}

=ERROR REPORT==== 2-Sep-2012::06:54:01 ===
Mnesia(speiseplan@noname): ** WARNING ** Mnesia is overloaded: {dump_log,
                                                                time_threshold}

=ERROR REPORT==== 2-Sep-2012::06:54:01 ===
Mnesia(speiseplan@noname): ** WARNING ** Mnesia is overloaded: {dump_log,
                                                                time_threshold}

=ERROR REPORT==== 2-Sep-2012::06:54:01 ===
Mnesia(speiseplan@noname): ** WARNING ** Mnesia is overloaded: {dump_log,
                                                                time_threshold}

=ERROR REPORT==== 2-Sep-2012::06:54:01 ===
Mnesia(speiseplan@noname): ** WARNING ** Mnesia is overloaded: {dump_log,
                                                                time_threshold}

=ERROR REPORT==== 2-Sep-2012::06:54:01 ===
Mnesia(speiseplan@noname): ** WARNING ** Mnesia is overloaded: {dump_log,
                                                                time_threshold}

=ERROR REPORT==== 2-Sep-2012::06:54:01 ===
Mnesia(speiseplan@noname): ** WARNING ** Mnesia is overloaded: {dump_log,
                                                                time_threshold}

=ERROR REPORT==== 2-Sep-2012::06:54:01 ===
Mnesia(speiseplan@noname): ** WARNING ** Mnesia is overloaded: {dump_log,
                                                                time_threshold}

=ERROR REPORT==== 2-Sep-2012::06:54:01 ===
Mnesia(speiseplan@noname): ** WARNING ** Mnesia is overloaded: {dump_log,
                                                                time_threshold}

=ERROR REPORT==== 2-Sep-2012::06:54:01 ===
Mnesia(speiseplan@noname): ** WARNING ** Mnesia is overloaded: {dump_log,
                                                                time_threshold}

=ERROR REPORT==== 2-Sep-2012::06:54:01 ===
Mnesia(speiseplan@noname): ** WARNING ** Mnesia is overloaded: {dump_log,
                                                                time_threshold}

=ERROR REPORT==== 2-Sep-2012::06:54:01 ===
Mnesia(speiseplan@noname): ** WARNING ** Mnesia is overloaded: {dump_log,
                                                                time_threshold}

=ERROR REPORT==== 2-Sep-2012::06:54:01 ===
Mnesia(speiseplan@noname): ** WARNING ** Mnesia is overloaded: {dump_log,
                                                                time_threshold}

=ERROR REPORT==== 2-Sep-2012::06:54:01 ===
Mnesia(speiseplan@noname): ** WARNING ** Mnesia is overloaded: {dump_log,
                                                                time_threshold}

=ERROR REPORT==== 2-Sep-2012::06:54:01 ===
Mnesia(speiseplan@noname): ** WARNING ** Mnesia is overloaded: {dump_log,
                                                                time_threshold}

=ERROR REPORT==== 2-Sep-2012::06:54:01 ===
Mnesia(speiseplan@noname): ** WARNING ** Mnesia is overloaded: {dump_log,
                                                                time_threshold}

=ERROR REPORT==== 2-Sep-2012::06:54:01 ===
Mnesia(speiseplan@noname): ** WARNING ** Mnesia is overloaded: {dump_log,
                                                                time_threshold}

=ERROR REPORT==== 2-Sep-2012::06:54:01 ===
Mnesia(speiseplan@noname): ** WARNING ** Mnesia is overloaded: {dump_log,
                                                                time_threshold}

=ERROR REPORT==== 2-Sep-2012::06:54:01 ===
Mnesia(speiseplan@noname): ** WARNING ** Mnesia is overloaded: {dump_log,
                                                                time_threshold}

=ERROR REPORT==== 2-Sep-2012::06:54:01 ===
Mnesia(speiseplan@noname): ** WARNING ** Mnesia is overloaded: {dump_log,
                                                                time_threshold}

=ERROR REPORT==== 2-Sep-2012::06:54:01 ===
Mnesia(speiseplan@noname): ** WARNING ** Mnesia is overloaded: {dump_log,
                                                                time_threshold}

=ERROR REPORT==== 2-Sep-2012::06:54:01 ===
Mnesia(speiseplan@noname): ** WARNING ** Mnesia is overloaded: {dump_log,
                                                                time_threshold}

=ERROR REPORT==== 2-Sep-2012::06:54:02 ===
Mnesia(speiseplan@noname): ** WARNING ** Mnesia is overloaded: {dump_log,
                                                                time_threshold}

=ERROR REPORT==== 2-Sep-2012::06:54:02 ===
Mnesia(speiseplan@noname): ** WARNING ** Mnesia is overloaded: {dump_log,
                                                                time_threshold}

=ERROR REPORT==== 2-Sep-2012::06:54:02 ===
Mnesia(speiseplan@noname): ** WARNING ** Mnesia is overloaded: {dump_log,
                                                                time_threshold}

=ERROR REPORT==== 2-Sep-2012::06:54:02 ===
Mnesia(speiseplan@noname): ** WARNING ** Mnesia is overloaded: {dump_log,
                                                                time_threshold}

=ERROR REPORT==== 2-Sep-2012::06:54:02 ===
Mnesia(speiseplan@noname): ** WARNING ** Mnesia is overloaded: {dump_log,
                                                                time_threshold}

=ERROR REPORT==== 2-Sep-2012::06:54:02 ===
Mnesia(speiseplan@noname): ** WARNING ** Mnesia is overloaded: {dump_log,
                                                                time_threshold}

=ERROR REPORT==== 2-Sep-2012::06:54:02 ===
Mnesia(speiseplan@noname): ** WARNING ** Mnesia is overloaded: {dump_log,
                                                                time_threshold}

=ERROR REPORT==== 2-Sep-2012::06:54:02 ===
Mnesia(speiseplan@noname): ** WARNING ** Mnesia is overloaded: {dump_log,
                                                                time_threshold}

=ERROR REPORT==== 2-Sep-2012::06:54:02 ===
Mnesia(speiseplan@noname): ** WARNING ** Mnesia is overloaded: {dump_log,
                                                                time_threshold}

=ERROR REPORT==== 2-Sep-2012::06:54:02 ===
Mnesia(speiseplan@noname): ** WARNING ** Mnesia is overloaded: {dump_log,
                                                                time_threshold}

=ERROR REPORT==== 2-Sep-2012::06:54:02 ===
Mnesia(speiseplan@noname): ** WARNING ** Mnesia is overloaded: {dump_log,
                                                                time_threshold}

=ERROR REPORT==== 2-Sep-2012::06:54:02 ===
Mnesia(speiseplan@noname): ** WARNING ** Mnesia is overloaded: {dump_log,
                                                                time_threshold}

=ERROR REPORT==== 2-Sep-2012::06:54:02 ===
Mnesia(speiseplan@noname): ** WARNING ** Mnesia is overloaded: {dump_log,
                                                                time_threshold}

=ERROR REPORT==== 2-Sep-2012::06:54:02 ===
Mnesia(speiseplan@noname): ** WARNING ** Mnesia is overloaded: {dump_log,
                                                                time_threshold}

=ERROR REPORT==== 2-Sep-2012::06:54:02 ===
Mnesia(speiseplan@noname): ** WARNING ** Mnesia is overloaded: {dump_log,
                                                                time_threshold}

=ERROR REPORT==== 2-Sep-2012::06:54:02 ===
Mnesia(speiseplan@noname): ** WARNING ** Mnesia is overloaded: {dump_log,
                                                                time_threshold}

=ERROR REPORT==== 2-Sep-2012::06:54:02 ===
Mnesia(speiseplan@noname): ** WARNING ** Mnesia is overloaded: {dump_log,
                                                                time_threshold}

=ERROR REPORT==== 2-Sep-2012::06:54:02 ===
Mnesia(speiseplan@noname): ** WARNING ** Mnesia is overloaded: {dump_log,
                                                                time_threshold}

=ERROR REPORT==== 2-Sep-2012::06:54:02 ===
Mnesia(speiseplan@noname): ** WARNING ** Mnesia is overloaded: {dump_log,
                                                                time_threshold}

=ERROR REPORT==== 2-Sep-2012::06:54:02 ===
Mnesia(speiseplan@noname): ** WARNING ** Mnesia is overloaded: {dump_log,
                                                                time_threshold}

=ERROR REPORT==== 2-Sep-2012::06:54:02 ===
Mnesia(speiseplan@noname): ** WARNING ** Mnesia is overloaded: {dump_log,
                                                                time_threshold}

=ERROR REPORT==== 2-Sep-2012::06:54:02 ===
Mnesia(speiseplan@noname): ** WARNING ** Mnesia is overloaded: {dump_log,
                                                                time_threshold}

=ERROR REPORT==== 2-Sep-2012::06:54:02 ===
Mnesia(speiseplan@noname): ** WARNING ** Mnesia is overloaded: {dump_log,
                                                                time_threshold}

=ERROR REPORT==== 2-Sep-2012::06:54:02 ===
Mnesia(speiseplan@noname): ** WARNING ** Mnesia is overloaded: {dump_log,
                                                                time_threshold}

=ERROR REPORT==== 2-Sep-2012::06:54:02 ===
Mnesia(speiseplan@noname): ** WARNING ** Mnesia is overloaded: {dump_log,
                                                                time_threshold}

=ERROR REPORT==== 2-Sep-2012::06:54:02 ===
Mnesia(speiseplan@noname): ** WARNING ** Mnesia is overloaded: {dump_log,
                                                                time_threshold}

=ERROR REPORT==== 2-Sep-2012::06:54:02 ===
Mnesia(speiseplan@noname): ** WARNING ** Mnesia is overloaded: {dump_log,
                                                                time_threshold}

=ERROR REPORT==== 2-Sep-2012::06:54:02 ===
Mnesia(speiseplan@noname): ** WARNING ** Mnesia is overloaded: {dump_log,
                                                                time_threshold}

=ERROR REPORT==== 2-Sep-2012::06:54:02 ===
Mnesia(speiseplan@noname): ** WARNING ** Mnesia is overloaded: {dump_log,
                                                                time_threshold}

=ERROR REPORT==== 2-Sep-2012::06:54:02 ===
Mnesia(speiseplan@noname): ** WARNING ** Mnesia is overloaded: {dump_log,
                                                                time_threshold}

=ERROR REPORT==== 2-Sep-2012::06:54:02 ===
Mnesia(speiseplan@noname): ** WARNING ** Mnesia is overloaded: {dump_log,
                                                                time_threshold}

=ERROR REPORT==== 2-Sep-2012::06:54:02 ===
Mnesia(speiseplan@noname): ** WARNING ** Mnesia is overloaded: {dump_log,
                                                                time_threshold}

=ERROR REPORT==== 2-Sep-2012::06:54:02 ===
Mnesia(speiseplan@noname): ** WARNING ** Mnesia is overloaded: {dump_log,
                                                                time_threshold}

=ERROR REPORT==== 2-Sep-2012::06:54:02 ===
Mnesia(speiseplan@noname): ** WARNING ** Mnesia is overloaded: {dump_log,
                                                                time_threshold}

=ERROR REPORT==== 2-Sep-2012::06:54:02 ===
Mnesia(speiseplan@noname): ** WARNING ** Mnesia is overloaded: {dump_log,
                                                                time_threshold}

=ERROR REPORT==== 2-Sep-2012::06:54:02 ===
Mnesia(speiseplan@noname): ** WARNING ** Mnesia is overloaded: {dump_log,
                                                                time_threshold}

=ERROR REPORT==== 2-Sep-2012::06:54:02 ===
Mnesia(speiseplan@noname): ** WARNING ** Mnesia is overloaded: {dump_log,
                                                                time_threshold}

=ERROR REPORT==== 2-Sep-2012::06:54:02 ===
Mnesia(speiseplan@noname): ** WARNING ** Mnesia is overloaded: {dump_log,
                                                                time_threshold}

=ERROR REPORT==== 2-Sep-2012::06:54:02 ===
Mnesia(speiseplan@noname): ** WARNING ** Mnesia is overloaded: {dump_log,
                                                                time_threshold}

=ERROR REPORT==== 2-Sep-2012::06:54:02 ===
Mnesia(speiseplan@noname): ** WARNING ** Mnesia is overloaded: {dump_log,
                                                                time_threshold}

=ERROR REPORT==== 2-Sep-2012::06:54:02 ===
Mnesia(speiseplan@noname): ** WARNING ** Mnesia is overloaded: {dump_log,
                                                                time_threshold}

=ERROR REPORT==== 2-Sep-2012::06:54:02 ===
Mnesia(speiseplan@noname): ** WARNING ** Mnesia is overloaded: {dump_log,
                                                                time_threshold}

=ERROR REPORT==== 2-Sep-2012::06:54:02 ===
Mnesia(speiseplan@noname): ** WARNING ** Mnesia is overloaded: {dump_log,
                                                                time_threshold}

=ERROR REPORT==== 2-Sep-2012::06:54:02 ===
Mnesia(speiseplan@noname): ** WARNING ** Mnesia is overloaded: {dump_log,
                                                                time_threshold}

=ERROR REPORT==== 2-Sep-2012::06:54:02 ===
Mnesia(speiseplan@noname): ** WARNING ** Mnesia is overloaded: {dump_log,
                                                                time_threshold}

=INFO REPORT==== 2-Sep-2012::06:54:11 ===
Loading routes from "/Users/ulfangermann/projects/erlang/speiseplan/priv/speiseplan.routes" ....

=ERROR REPORT==== 2-Sep-2012::06:54:11 ===
GET / [speiseplan] 404 42ms

=INFO REPORT==== 2-Sep-2012::06:54:19 ===
Loading routes from "/Users/ulfangermann/projects/erlang/speiseplan/priv/speiseplan.routes" ....

=INFO REPORT==== 2-Sep-2012::06:54:20 ===
GET /eater/login [speiseplan] 200 968ms

=INFO REPORT==== 2-Sep-2012::06:54:33 ===
Loading routes from "/Users/ulfangermann/projects/erlang/speiseplan/priv/speiseplan.routes" ....

=INFO REPORT==== 2-Sep-2012::06:54:33 ===
POST /eater/login [speiseplan] 302 421ms

=INFO REPORT==== 2-Sep-2012::06:54:33 ===
Loading routes from "/Users/ulfangermann/projects/erlang/speiseplan/priv/speiseplan.routes" ....

=INFO REPORT==== 2-Sep-2012::06:54:33 ===
GET /booking/index [speiseplan] 200 198ms

=INFO REPORT==== 2-Sep-2012::06:54:46 ===
Loading routes from "/Users/ulfangermann/projects/erlang/speiseplan/priv/speiseplan.routes" ....

=INFO REPORT==== 2-Sep-2012::06:54:46 ===
GET /admin/index [speiseplan] 200 429ms
