
=INFO REPORT==== 23-Aug-2012::09:39:47 ===
Starting Boss in development mode....

=INFO REPORT==== 23-Aug-2012::09:39:47 ===
Starting master services on 'speiseplan@Ulf-Angermann-s-MacBook-Pro'

=INFO REPORT==== 23-Aug-2012::09:39:47 ===
SSL:[]

=INFO REPORT==== 23-Aug-2012::09:39:47 ===
Loading routes from "/Users/ulfangermann/projects/erlang/speiseplan/priv/speiseplan.routes" ....

=INFO REPORT==== 23-Aug-2012::09:39:50 ===
Loading routes from "/Users/ulfangermann/projects/erlang/speiseplan/priv/speiseplan.routes" ....

=ERROR REPORT==== 23-Aug-2012::09:39:50 ===
GET /mahlzeit/hello [speiseplan] 404 0ms

=INFO REPORT==== 23-Aug-2012::09:40:55 ===
Loading routes from "/Users/ulfangermann/projects/erlang/speiseplan/priv/speiseplan.routes" ....

=ERROR REPORT==== 23-Aug-2012::09:40:55 ===
GET /mahlzeit/hello [speiseplan] 404 0ms

=INFO REPORT==== 23-Aug-2012::09:40:56 ===
Loading routes from "/Users/ulfangermann/projects/erlang/speiseplan/priv/speiseplan.routes" ....

=ERROR REPORT==== 23-Aug-2012::09:40:56 ===
GET /mahlzeit/hello [speiseplan] 404 0ms
