
=INFO REPORT==== 24-Aug-2012::15:12:10 ===
Starting Boss in development mode....

=INFO REPORT==== 24-Aug-2012::15:12:10 ===
Starting master services on speiseplan@noname

=INFO REPORT==== 24-Aug-2012::15:12:10 ===
SSL:[]

=INFO REPORT==== 24-Aug-2012::15:12:10 ===
Loading routes from "/Users/ulfangermann/projects/erlang/speiseplan/priv/speiseplan.routes" ....

=INFO REPORT==== 24-Aug-2012::15:12:39 ===
Loading routes from "/Users/ulfangermann/projects/erlang/speiseplan/priv/speiseplan.routes" ....

=INFO REPORT==== 24-Aug-2012::15:12:39 ===
GET /mahlzeiten/index [speiseplan] 200 26ms

=INFO REPORT==== 24-Aug-2012::15:12:39 ===
Loading routes from "/Users/ulfangermann/projects/erlang/speiseplan/priv/speiseplan.routes" ....

=ERROR REPORT==== 24-Aug-2012::15:12:39 ===
GET /mahlzeiten/favicon.ico [speiseplan] 404 32ms

=INFO REPORT==== 24-Aug-2012::15:13:37 ===
Loading routes from "/Users/ulfangermann/projects/erlang/speiseplan/priv/speiseplan.routes" ....

=INFO REPORT==== 24-Aug-2012::15:13:37 ===
GET /mahlzeiten/index [speiseplan] 200 70ms

=INFO REPORT==== 24-Aug-2012::15:15:01 ===
Loading routes from "/Users/ulfangermann/projects/erlang/speiseplan/priv/speiseplan.routes" ....

=INFO REPORT==== 24-Aug-2012::15:15:01 ===
GET /mahlzeiten/index [speiseplan] 200 71ms

=INFO REPORT==== 24-Aug-2012::15:18:41 ===
Loading routes from "/Users/ulfangermann/projects/erlang/speiseplan/priv/speiseplan.routes" ....

=INFO REPORT==== 24-Aug-2012::15:18:41 ===
GET /mahlzeiten/index [speiseplan] 200 76ms

=INFO REPORT==== 24-Aug-2012::15:19:35 ===
Loading routes from "/Users/ulfangermann/projects/erlang/speiseplan/priv/speiseplan.routes" ....

=INFO REPORT==== 24-Aug-2012::15:19:35 ===
GET /mahlzeiten/index [speiseplan] 200 83ms

=INFO REPORT==== 24-Aug-2012::15:22:27 ===
Loading routes from "/Users/ulfangermann/projects/erlang/speiseplan/priv/speiseplan.routes" ....

=INFO REPORT==== 24-Aug-2012::15:22:27 ===
GET /mahlzeiten/index [speiseplan] 200 78ms

=INFO REPORT==== 24-Aug-2012::15:23:24 ===
Loading routes from "/Users/ulfangermann/projects/erlang/speiseplan/priv/speiseplan.routes" ....

=INFO REPORT==== 24-Aug-2012::15:23:24 ===
GET /mahlzeiten/index [speiseplan] 200 80ms

=INFO REPORT==== 24-Aug-2012::15:23:37 ===
Loading routes from "/Users/ulfangermann/projects/erlang/speiseplan/priv/speiseplan.routes" ....

=INFO REPORT==== 24-Aug-2012::15:23:37 ===
POST /mahlzeiten/create [speiseplan] 302 53ms

=INFO REPORT==== 24-Aug-2012::15:23:37 ===
Loading routes from "/Users/ulfangermann/projects/erlang/speiseplan/priv/speiseplan.routes" ....

=INFO REPORT==== 24-Aug-2012::15:23:37 ===
GET /mahlzeiten/list [speiseplan] 200 32ms

=INFO REPORT==== 24-Aug-2012::15:24:30 ===
Loading routes from "/Users/ulfangermann/projects/erlang/speiseplan/priv/speiseplan.routes" ....

=ERROR REPORT==== 24-Aug-2012::15:24:30 ===
{function_clause,
    [{erlydtl_filters,length,
         [undefined],
         [{file,"src/erlydtl_filters.erl"},{line,375}]},
     {speiseplan_view_mahlzeiten_index_html,'-render_internal/4-fun-0-',2,[]},
     {lists,mapfoldl,3,[{file,"lists.erl"},{line,1278}]},
     {erlydtl_runtime,forloop,3,[{file,"src/erlydtl_runtime.erl"},{line,228}]},
     {speiseplan_view_mahlzeiten_index_html,render_internal,4,[]},
     {speiseplan_view_mahlzeiten_index_html,render,2,[]},
     {boss_web_controller,render_view,6,
         [{file,"src/boss/boss_web_controller.erl"},{line,843}]},
     {boss_web_controller,execute_action,5,
         [{file,"src/boss/boss_web_controller.erl"},{line,734}]}]}

=ERROR REPORT==== 24-Aug-2012::15:24:30 ===
GET /mahlzeiten/index [speiseplan] 500 32ms

=INFO REPORT==== 24-Aug-2012::15:24:35 ===
Loading routes from "/Users/ulfangermann/projects/erlang/speiseplan/priv/speiseplan.routes" ....

=ERROR REPORT==== 24-Aug-2012::15:24:35 ===
{function_clause,
    [{erlydtl_filters,length,
         [undefined],
         [{file,"src/erlydtl_filters.erl"},{line,375}]},
     {speiseplan_view_mahlzeiten_index_html,'-render_internal/4-fun-0-',2,[]},
     {lists,mapfoldl,3,[{file,"lists.erl"},{line,1278}]},
     {erlydtl_runtime,forloop,3,[{file,"src/erlydtl_runtime.erl"},{line,228}]},
     {speiseplan_view_mahlzeiten_index_html,render_internal,4,[]},
     {speiseplan_view_mahlzeiten_index_html,render,2,[]},
     {boss_web_controller,render_view,6,
         [{file,"src/boss/boss_web_controller.erl"},{line,843}]},
     {boss_web_controller,execute_action,5,
         [{file,"src/boss/boss_web_controller.erl"},{line,734}]}]}

=ERROR REPORT==== 24-Aug-2012::15:24:35 ===
GET /mahlzeiten/ [speiseplan] 500 35ms
